[2022-07-05 10:09:48,720] {processor.py:163} INFO - Started process (PID=418) to work on /home/airflow/.local/lib/python3.7/site-packages/airflow/example_dags/example_kubernetes_executor.py
[2022-07-05 10:09:48,725] {processor.py:642} INFO - Processing file /home/airflow/.local/lib/python3.7/site-packages/airflow/example_dags/example_kubernetes_executor.py for tasks to queue
[2022-07-05 10:09:48,729] {logging_mixin.py:109} INFO - [2022-07-05 10:09:48,728] {dagbag.py:500} INFO - Filling up the DagBag from /home/airflow/.local/lib/python3.7/site-packages/airflow/example_dags/example_kubernetes_executor.py
[2022-07-05 10:09:48,836] {processor.py:652} INFO - DAG(s) dict_keys(['example_kubernetes_executor']) retrieved from /home/airflow/.local/lib/python3.7/site-packages/airflow/example_dags/example_kubernetes_executor.py
[2022-07-05 10:09:57,876] {logging_mixin.py:109} INFO - [2022-07-05 10:09:57,876] {manager.py:496} INFO - Created Permission View: can edit on DAG:example_kubernetes_executor
[2022-07-05 10:09:57,903] {logging_mixin.py:109} INFO - [2022-07-05 10:09:57,902] {manager.py:496} INFO - Created Permission View: can read on DAG:example_kubernetes_executor
[2022-07-05 10:09:57,905] {logging_mixin.py:109} INFO - [2022-07-05 10:09:57,904] {dag.py:2398} INFO - Sync 1 DAGs
[2022-07-05 10:09:57,933] {logging_mixin.py:109} INFO - [2022-07-05 10:09:57,932] {dag.py:2417} INFO - Creating ORM DAG for example_kubernetes_executor
[2022-07-05 10:09:57,958] {logging_mixin.py:109} INFO - [2022-07-05 10:09:57,957] {dag.py:2937} INFO - Setting next_dagrun for example_kubernetes_executor to None
[2022-07-05 10:09:57,996] {processor.py:171} INFO - Processing /home/airflow/.local/lib/python3.7/site-packages/airflow/example_dags/example_kubernetes_executor.py took 9.290 seconds
[2022-07-05 10:26:52,479] {processor.py:163} INFO - Started process (PID=224) to work on /home/airflow/.local/lib/python3.7/site-packages/airflow/example_dags/example_kubernetes_executor.py
[2022-07-05 10:26:52,487] {processor.py:642} INFO - Processing file /home/airflow/.local/lib/python3.7/site-packages/airflow/example_dags/example_kubernetes_executor.py for tasks to queue
[2022-07-05 10:26:52,492] {logging_mixin.py:109} INFO - [2022-07-05 10:26:52,491] {dagbag.py:500} INFO - Filling up the DagBag from /home/airflow/.local/lib/python3.7/site-packages/airflow/example_dags/example_kubernetes_executor.py
[2022-07-05 10:26:52,688] {processor.py:652} INFO - DAG(s) dict_keys(['example_kubernetes_executor']) retrieved from /home/airflow/.local/lib/python3.7/site-packages/airflow/example_dags/example_kubernetes_executor.py
[2022-07-05 10:26:52,940] {logging_mixin.py:109} INFO - [2022-07-05 10:26:52,939] {dag.py:2398} INFO - Sync 1 DAGs
[2022-07-05 10:26:53,197] {logging_mixin.py:109} INFO - [2022-07-05 10:26:53,196] {dag.py:2937} INFO - Setting next_dagrun for example_kubernetes_executor to None
[2022-07-05 10:26:53,326] {processor.py:171} INFO - Processing /home/airflow/.local/lib/python3.7/site-packages/airflow/example_dags/example_kubernetes_executor.py took 0.871 seconds
[2022-07-05 10:28:03,551] {processor.py:163} INFO - Started process (PID=353) to work on /home/airflow/.local/lib/python3.7/site-packages/airflow/example_dags/example_kubernetes_executor.py
[2022-07-05 10:28:03,557] {processor.py:642} INFO - Processing file /home/airflow/.local/lib/python3.7/site-packages/airflow/example_dags/example_kubernetes_executor.py for tasks to queue
[2022-07-05 10:28:03,561] {logging_mixin.py:109} INFO - [2022-07-05 10:28:03,560] {dagbag.py:500} INFO - Filling up the DagBag from /home/airflow/.local/lib/python3.7/site-packages/airflow/example_dags/example_kubernetes_executor.py
[2022-07-05 10:28:03,657] {processor.py:652} INFO - DAG(s) dict_keys(['example_kubernetes_executor']) retrieved from /home/airflow/.local/lib/python3.7/site-packages/airflow/example_dags/example_kubernetes_executor.py
[2022-07-05 10:28:03,770] {logging_mixin.py:109} INFO - [2022-07-05 10:28:03,769] {dag.py:2398} INFO - Sync 1 DAGs
[2022-07-05 10:28:03,835] {logging_mixin.py:109} INFO - [2022-07-05 10:28:03,834] {dag.py:2937} INFO - Setting next_dagrun for example_kubernetes_executor to None
[2022-07-05 10:28:03,874] {processor.py:171} INFO - Processing /home/airflow/.local/lib/python3.7/site-packages/airflow/example_dags/example_kubernetes_executor.py took 0.335 seconds
[2022-07-05 10:28:35,819] {processor.py:163} INFO - Started process (PID=456) to work on /home/airflow/.local/lib/python3.7/site-packages/airflow/example_dags/example_kubernetes_executor.py
[2022-07-05 10:28:35,824] {processor.py:642} INFO - Processing file /home/airflow/.local/lib/python3.7/site-packages/airflow/example_dags/example_kubernetes_executor.py for tasks to queue
[2022-07-05 10:28:35,828] {logging_mixin.py:109} INFO - [2022-07-05 10:28:35,827] {dagbag.py:500} INFO - Filling up the DagBag from /home/airflow/.local/lib/python3.7/site-packages/airflow/example_dags/example_kubernetes_executor.py
[2022-07-05 10:28:35,921] {processor.py:652} INFO - DAG(s) dict_keys(['example_kubernetes_executor']) retrieved from /home/airflow/.local/lib/python3.7/site-packages/airflow/example_dags/example_kubernetes_executor.py
[2022-07-05 10:28:35,992] {logging_mixin.py:109} INFO - [2022-07-05 10:28:35,992] {dag.py:2398} INFO - Sync 1 DAGs
[2022-07-05 10:28:36,069] {logging_mixin.py:109} INFO - [2022-07-05 10:28:36,069] {dag.py:2937} INFO - Setting next_dagrun for example_kubernetes_executor to None
[2022-07-05 10:28:36,104] {processor.py:171} INFO - Processing /home/airflow/.local/lib/python3.7/site-packages/airflow/example_dags/example_kubernetes_executor.py took 0.292 seconds
[2022-07-05 10:29:06,718] {processor.py:163} INFO - Started process (PID=535) to work on /home/airflow/.local/lib/python3.7/site-packages/airflow/example_dags/example_kubernetes_executor.py
[2022-07-05 10:29:06,723] {processor.py:642} INFO - Processing file /home/airflow/.local/lib/python3.7/site-packages/airflow/example_dags/example_kubernetes_executor.py for tasks to queue
[2022-07-05 10:29:06,725] {logging_mixin.py:109} INFO - [2022-07-05 10:29:06,725] {dagbag.py:500} INFO - Filling up the DagBag from /home/airflow/.local/lib/python3.7/site-packages/airflow/example_dags/example_kubernetes_executor.py
[2022-07-05 10:29:06,815] {processor.py:652} INFO - DAG(s) dict_keys(['example_kubernetes_executor']) retrieved from /home/airflow/.local/lib/python3.7/site-packages/airflow/example_dags/example_kubernetes_executor.py
[2022-07-05 10:29:06,890] {logging_mixin.py:109} INFO - [2022-07-05 10:29:06,889] {dag.py:2398} INFO - Sync 1 DAGs
[2022-07-05 10:29:06,942] {logging_mixin.py:109} INFO - [2022-07-05 10:29:06,942] {dag.py:2937} INFO - Setting next_dagrun for example_kubernetes_executor to None
[2022-07-05 10:29:06,969] {processor.py:171} INFO - Processing /home/airflow/.local/lib/python3.7/site-packages/airflow/example_dags/example_kubernetes_executor.py took 0.257 seconds
[2022-07-05 10:29:39,614] {processor.py:163} INFO - Started process (PID=635) to work on /home/airflow/.local/lib/python3.7/site-packages/airflow/example_dags/example_kubernetes_executor.py
[2022-07-05 10:29:39,620] {processor.py:642} INFO - Processing file /home/airflow/.local/lib/python3.7/site-packages/airflow/example_dags/example_kubernetes_executor.py for tasks to queue
[2022-07-05 10:29:39,644] {logging_mixin.py:109} INFO - [2022-07-05 10:29:39,643] {dagbag.py:500} INFO - Filling up the DagBag from /home/airflow/.local/lib/python3.7/site-packages/airflow/example_dags/example_kubernetes_executor.py
[2022-07-05 10:29:39,836] {processor.py:652} INFO - DAG(s) dict_keys(['example_kubernetes_executor']) retrieved from /home/airflow/.local/lib/python3.7/site-packages/airflow/example_dags/example_kubernetes_executor.py
[2022-07-05 10:29:39,940] {logging_mixin.py:109} INFO - [2022-07-05 10:29:39,939] {dag.py:2398} INFO - Sync 1 DAGs
[2022-07-05 10:29:40,014] {logging_mixin.py:109} INFO - [2022-07-05 10:29:40,014] {dag.py:2937} INFO - Setting next_dagrun for example_kubernetes_executor to None
[2022-07-05 10:29:40,069] {processor.py:171} INFO - Processing /home/airflow/.local/lib/python3.7/site-packages/airflow/example_dags/example_kubernetes_executor.py took 0.463 seconds
[2022-07-05 10:30:10,558] {processor.py:163} INFO - Started process (PID=725) to work on /home/airflow/.local/lib/python3.7/site-packages/airflow/example_dags/example_kubernetes_executor.py
[2022-07-05 10:30:10,563] {processor.py:642} INFO - Processing file /home/airflow/.local/lib/python3.7/site-packages/airflow/example_dags/example_kubernetes_executor.py for tasks to queue
[2022-07-05 10:30:10,566] {logging_mixin.py:109} INFO - [2022-07-05 10:30:10,565] {dagbag.py:500} INFO - Filling up the DagBag from /home/airflow/.local/lib/python3.7/site-packages/airflow/example_dags/example_kubernetes_executor.py
[2022-07-05 10:30:10,723] {processor.py:652} INFO - DAG(s) dict_keys(['example_kubernetes_executor']) retrieved from /home/airflow/.local/lib/python3.7/site-packages/airflow/example_dags/example_kubernetes_executor.py
[2022-07-05 10:30:10,793] {logging_mixin.py:109} INFO - [2022-07-05 10:30:10,792] {dag.py:2398} INFO - Sync 1 DAGs
[2022-07-05 10:30:10,864] {logging_mixin.py:109} INFO - [2022-07-05 10:30:10,864] {dag.py:2937} INFO - Setting next_dagrun for example_kubernetes_executor to None
[2022-07-05 10:30:10,905] {processor.py:171} INFO - Processing /home/airflow/.local/lib/python3.7/site-packages/airflow/example_dags/example_kubernetes_executor.py took 0.354 seconds
[2022-07-05 10:30:42,092] {processor.py:163} INFO - Started process (PID=812) to work on /home/airflow/.local/lib/python3.7/site-packages/airflow/example_dags/example_kubernetes_executor.py
[2022-07-05 10:30:42,096] {processor.py:642} INFO - Processing file /home/airflow/.local/lib/python3.7/site-packages/airflow/example_dags/example_kubernetes_executor.py for tasks to queue
[2022-07-05 10:30:42,099] {logging_mixin.py:109} INFO - [2022-07-05 10:30:42,099] {dagbag.py:500} INFO - Filling up the DagBag from /home/airflow/.local/lib/python3.7/site-packages/airflow/example_dags/example_kubernetes_executor.py
[2022-07-05 10:30:42,184] {processor.py:652} INFO - DAG(s) dict_keys(['example_kubernetes_executor']) retrieved from /home/airflow/.local/lib/python3.7/site-packages/airflow/example_dags/example_kubernetes_executor.py
[2022-07-05 10:30:42,251] {logging_mixin.py:109} INFO - [2022-07-05 10:30:42,251] {dag.py:2398} INFO - Sync 1 DAGs
[2022-07-05 10:30:42,311] {logging_mixin.py:109} INFO - [2022-07-05 10:30:42,311] {dag.py:2937} INFO - Setting next_dagrun for example_kubernetes_executor to None
[2022-07-05 10:30:42,340] {processor.py:171} INFO - Processing /home/airflow/.local/lib/python3.7/site-packages/airflow/example_dags/example_kubernetes_executor.py took 0.256 seconds
[2022-07-05 10:31:14,232] {processor.py:163} INFO - Started process (PID=912) to work on /home/airflow/.local/lib/python3.7/site-packages/airflow/example_dags/example_kubernetes_executor.py
[2022-07-05 10:31:14,240] {processor.py:642} INFO - Processing file /home/airflow/.local/lib/python3.7/site-packages/airflow/example_dags/example_kubernetes_executor.py for tasks to queue
[2022-07-05 10:31:14,243] {logging_mixin.py:109} INFO - [2022-07-05 10:31:14,242] {dagbag.py:500} INFO - Filling up the DagBag from /home/airflow/.local/lib/python3.7/site-packages/airflow/example_dags/example_kubernetes_executor.py
[2022-07-05 10:31:14,335] {processor.py:652} INFO - DAG(s) dict_keys(['example_kubernetes_executor']) retrieved from /home/airflow/.local/lib/python3.7/site-packages/airflow/example_dags/example_kubernetes_executor.py
[2022-07-05 10:31:14,432] {logging_mixin.py:109} INFO - [2022-07-05 10:31:14,431] {dag.py:2398} INFO - Sync 1 DAGs
[2022-07-05 10:31:14,492] {logging_mixin.py:109} INFO - [2022-07-05 10:31:14,491] {dag.py:2937} INFO - Setting next_dagrun for example_kubernetes_executor to None
[2022-07-05 10:31:14,527] {processor.py:171} INFO - Processing /home/airflow/.local/lib/python3.7/site-packages/airflow/example_dags/example_kubernetes_executor.py took 0.322 seconds
