[2022-07-05 10:08:54,325] {processor.py:163} INFO - Started process (PID=298) to work on /home/airflow/.local/lib/python3.7/site-packages/airflow/example_dags/example_nested_branch_dag.py
[2022-07-05 10:08:54,332] {processor.py:642} INFO - Processing file /home/airflow/.local/lib/python3.7/site-packages/airflow/example_dags/example_nested_branch_dag.py for tasks to queue
[2022-07-05 10:08:54,336] {logging_mixin.py:109} INFO - [2022-07-05 10:08:54,336] {dagbag.py:500} INFO - Filling up the DagBag from /home/airflow/.local/lib/python3.7/site-packages/airflow/example_dags/example_nested_branch_dag.py
[2022-07-05 10:08:54,411] {processor.py:652} INFO - DAG(s) dict_keys(['example_nested_branch_dag']) retrieved from /home/airflow/.local/lib/python3.7/site-packages/airflow/example_dags/example_nested_branch_dag.py
[2022-07-05 10:09:03,714] {logging_mixin.py:109} INFO - [2022-07-05 10:09:03,713] {manager.py:496} INFO - Created Permission View: can edit on DAG:example_nested_branch_dag
[2022-07-05 10:09:03,755] {logging_mixin.py:109} INFO - [2022-07-05 10:09:03,754] {manager.py:496} INFO - Created Permission View: can read on DAG:example_nested_branch_dag
[2022-07-05 10:09:03,758] {logging_mixin.py:109} INFO - [2022-07-05 10:09:03,757] {dag.py:2398} INFO - Sync 1 DAGs
[2022-07-05 10:09:03,794] {logging_mixin.py:109} INFO - [2022-07-05 10:09:03,792] {dag.py:2417} INFO - Creating ORM DAG for example_nested_branch_dag
[2022-07-05 10:09:03,890] {logging_mixin.py:109} INFO - [2022-07-05 10:09:03,889] {dag.py:2937} INFO - Setting next_dagrun for example_nested_branch_dag to 2022-07-04 00:00:00+00:00
[2022-07-05 10:09:03,945] {processor.py:171} INFO - Processing /home/airflow/.local/lib/python3.7/site-packages/airflow/example_dags/example_nested_branch_dag.py took 9.628 seconds
[2022-07-05 10:26:46,875] {processor.py:163} INFO - Started process (PID=192) to work on /home/airflow/.local/lib/python3.7/site-packages/airflow/example_dags/example_nested_branch_dag.py
[2022-07-05 10:26:46,898] {processor.py:642} INFO - Processing file /home/airflow/.local/lib/python3.7/site-packages/airflow/example_dags/example_nested_branch_dag.py for tasks to queue
[2022-07-05 10:26:46,921] {logging_mixin.py:109} INFO - [2022-07-05 10:26:46,919] {dagbag.py:500} INFO - Filling up the DagBag from /home/airflow/.local/lib/python3.7/site-packages/airflow/example_dags/example_nested_branch_dag.py
[2022-07-05 10:26:47,198] {processor.py:652} INFO - DAG(s) dict_keys(['example_nested_branch_dag']) retrieved from /home/airflow/.local/lib/python3.7/site-packages/airflow/example_dags/example_nested_branch_dag.py
[2022-07-05 10:26:47,379] {logging_mixin.py:109} INFO - [2022-07-05 10:26:47,378] {dag.py:2398} INFO - Sync 1 DAGs
[2022-07-05 10:26:47,539] {logging_mixin.py:109} INFO - [2022-07-05 10:26:47,539] {dag.py:2937} INFO - Setting next_dagrun for example_nested_branch_dag to 2022-07-04 00:00:00+00:00
[2022-07-05 10:26:47,591] {processor.py:171} INFO - Processing /home/airflow/.local/lib/python3.7/site-packages/airflow/example_dags/example_nested_branch_dag.py took 0.734 seconds
[2022-07-05 10:28:01,577] {processor.py:163} INFO - Started process (PID=331) to work on /home/airflow/.local/lib/python3.7/site-packages/airflow/example_dags/example_nested_branch_dag.py
[2022-07-05 10:28:01,582] {processor.py:642} INFO - Processing file /home/airflow/.local/lib/python3.7/site-packages/airflow/example_dags/example_nested_branch_dag.py for tasks to queue
[2022-07-05 10:28:01,586] {logging_mixin.py:109} INFO - [2022-07-05 10:28:01,585] {dagbag.py:500} INFO - Filling up the DagBag from /home/airflow/.local/lib/python3.7/site-packages/airflow/example_dags/example_nested_branch_dag.py
[2022-07-05 10:28:01,682] {processor.py:652} INFO - DAG(s) dict_keys(['example_nested_branch_dag']) retrieved from /home/airflow/.local/lib/python3.7/site-packages/airflow/example_dags/example_nested_branch_dag.py
[2022-07-05 10:28:01,780] {logging_mixin.py:109} INFO - [2022-07-05 10:28:01,779] {dag.py:2398} INFO - Sync 1 DAGs
[2022-07-05 10:28:01,885] {logging_mixin.py:109} INFO - [2022-07-05 10:28:01,884] {dag.py:2937} INFO - Setting next_dagrun for example_nested_branch_dag to 2022-07-04 00:00:00+00:00
[2022-07-05 10:28:01,923] {processor.py:171} INFO - Processing /home/airflow/.local/lib/python3.7/site-packages/airflow/example_dags/example_nested_branch_dag.py took 0.353 seconds
[2022-07-05 10:28:33,711] {processor.py:163} INFO - Started process (PID=434) to work on /home/airflow/.local/lib/python3.7/site-packages/airflow/example_dags/example_nested_branch_dag.py
[2022-07-05 10:28:33,716] {processor.py:642} INFO - Processing file /home/airflow/.local/lib/python3.7/site-packages/airflow/example_dags/example_nested_branch_dag.py for tasks to queue
[2022-07-05 10:28:33,720] {logging_mixin.py:109} INFO - [2022-07-05 10:28:33,719] {dagbag.py:500} INFO - Filling up the DagBag from /home/airflow/.local/lib/python3.7/site-packages/airflow/example_dags/example_nested_branch_dag.py
[2022-07-05 10:28:33,811] {processor.py:652} INFO - DAG(s) dict_keys(['example_nested_branch_dag']) retrieved from /home/airflow/.local/lib/python3.7/site-packages/airflow/example_dags/example_nested_branch_dag.py
[2022-07-05 10:28:33,887] {logging_mixin.py:109} INFO - [2022-07-05 10:28:33,887] {dag.py:2398} INFO - Sync 1 DAGs
[2022-07-05 10:28:33,968] {logging_mixin.py:109} INFO - [2022-07-05 10:28:33,968] {dag.py:2937} INFO - Setting next_dagrun for example_nested_branch_dag to 2022-07-04 00:00:00+00:00
[2022-07-05 10:28:34,000] {processor.py:171} INFO - Processing /home/airflow/.local/lib/python3.7/site-packages/airflow/example_dags/example_nested_branch_dag.py took 0.297 seconds
[2022-07-05 10:29:05,331] {processor.py:163} INFO - Started process (PID=515) to work on /home/airflow/.local/lib/python3.7/site-packages/airflow/example_dags/example_nested_branch_dag.py
[2022-07-05 10:29:05,336] {processor.py:642} INFO - Processing file /home/airflow/.local/lib/python3.7/site-packages/airflow/example_dags/example_nested_branch_dag.py for tasks to queue
[2022-07-05 10:29:05,341] {logging_mixin.py:109} INFO - [2022-07-05 10:29:05,340] {dagbag.py:500} INFO - Filling up the DagBag from /home/airflow/.local/lib/python3.7/site-packages/airflow/example_dags/example_nested_branch_dag.py
[2022-07-05 10:29:05,414] {processor.py:652} INFO - DAG(s) dict_keys(['example_nested_branch_dag']) retrieved from /home/airflow/.local/lib/python3.7/site-packages/airflow/example_dags/example_nested_branch_dag.py
[2022-07-05 10:29:05,478] {logging_mixin.py:109} INFO - [2022-07-05 10:29:05,478] {dag.py:2398} INFO - Sync 1 DAGs
[2022-07-05 10:29:05,553] {logging_mixin.py:109} INFO - [2022-07-05 10:29:05,552] {dag.py:2937} INFO - Setting next_dagrun for example_nested_branch_dag to 2022-07-04 00:00:00+00:00
[2022-07-05 10:29:05,582] {processor.py:171} INFO - Processing /home/airflow/.local/lib/python3.7/site-packages/airflow/example_dags/example_nested_branch_dag.py took 0.259 seconds
[2022-07-05 10:29:37,585] {processor.py:163} INFO - Started process (PID=615) to work on /home/airflow/.local/lib/python3.7/site-packages/airflow/example_dags/example_nested_branch_dag.py
[2022-07-05 10:29:37,591] {processor.py:642} INFO - Processing file /home/airflow/.local/lib/python3.7/site-packages/airflow/example_dags/example_nested_branch_dag.py for tasks to queue
[2022-07-05 10:29:37,594] {logging_mixin.py:109} INFO - [2022-07-05 10:29:37,594] {dagbag.py:500} INFO - Filling up the DagBag from /home/airflow/.local/lib/python3.7/site-packages/airflow/example_dags/example_nested_branch_dag.py
[2022-07-05 10:29:37,704] {processor.py:652} INFO - DAG(s) dict_keys(['example_nested_branch_dag']) retrieved from /home/airflow/.local/lib/python3.7/site-packages/airflow/example_dags/example_nested_branch_dag.py
[2022-07-05 10:29:37,776] {logging_mixin.py:109} INFO - [2022-07-05 10:29:37,775] {dag.py:2398} INFO - Sync 1 DAGs
[2022-07-05 10:29:37,861] {logging_mixin.py:109} INFO - [2022-07-05 10:29:37,860] {dag.py:2937} INFO - Setting next_dagrun for example_nested_branch_dag to 2022-07-04 00:00:00+00:00
[2022-07-05 10:29:37,893] {processor.py:171} INFO - Processing /home/airflow/.local/lib/python3.7/site-packages/airflow/example_dags/example_nested_branch_dag.py took 0.316 seconds
[2022-07-05 10:30:08,723] {processor.py:163} INFO - Started process (PID=696) to work on /home/airflow/.local/lib/python3.7/site-packages/airflow/example_dags/example_nested_branch_dag.py
[2022-07-05 10:30:08,728] {processor.py:642} INFO - Processing file /home/airflow/.local/lib/python3.7/site-packages/airflow/example_dags/example_nested_branch_dag.py for tasks to queue
[2022-07-05 10:30:08,730] {logging_mixin.py:109} INFO - [2022-07-05 10:30:08,730] {dagbag.py:500} INFO - Filling up the DagBag from /home/airflow/.local/lib/python3.7/site-packages/airflow/example_dags/example_nested_branch_dag.py
[2022-07-05 10:30:08,792] {processor.py:652} INFO - DAG(s) dict_keys(['example_nested_branch_dag']) retrieved from /home/airflow/.local/lib/python3.7/site-packages/airflow/example_dags/example_nested_branch_dag.py
[2022-07-05 10:30:08,853] {logging_mixin.py:109} INFO - [2022-07-05 10:30:08,852] {dag.py:2398} INFO - Sync 1 DAGs
[2022-07-05 10:30:08,911] {logging_mixin.py:109} INFO - [2022-07-05 10:30:08,910] {dag.py:2937} INFO - Setting next_dagrun for example_nested_branch_dag to 2022-07-04 00:00:00+00:00
[2022-07-05 10:30:08,937] {processor.py:171} INFO - Processing /home/airflow/.local/lib/python3.7/site-packages/airflow/example_dags/example_nested_branch_dag.py took 0.220 seconds
[2022-07-05 10:30:40,607] {processor.py:163} INFO - Started process (PID=792) to work on /home/airflow/.local/lib/python3.7/site-packages/airflow/example_dags/example_nested_branch_dag.py
[2022-07-05 10:30:40,611] {processor.py:642} INFO - Processing file /home/airflow/.local/lib/python3.7/site-packages/airflow/example_dags/example_nested_branch_dag.py for tasks to queue
[2022-07-05 10:30:40,614] {logging_mixin.py:109} INFO - [2022-07-05 10:30:40,613] {dagbag.py:500} INFO - Filling up the DagBag from /home/airflow/.local/lib/python3.7/site-packages/airflow/example_dags/example_nested_branch_dag.py
[2022-07-05 10:30:40,681] {processor.py:652} INFO - DAG(s) dict_keys(['example_nested_branch_dag']) retrieved from /home/airflow/.local/lib/python3.7/site-packages/airflow/example_dags/example_nested_branch_dag.py
[2022-07-05 10:30:40,746] {logging_mixin.py:109} INFO - [2022-07-05 10:30:40,746] {dag.py:2398} INFO - Sync 1 DAGs
[2022-07-05 10:30:40,816] {logging_mixin.py:109} INFO - [2022-07-05 10:30:40,816] {dag.py:2937} INFO - Setting next_dagrun for example_nested_branch_dag to 2022-07-04 00:00:00+00:00
[2022-07-05 10:30:40,847] {processor.py:171} INFO - Processing /home/airflow/.local/lib/python3.7/site-packages/airflow/example_dags/example_nested_branch_dag.py took 0.248 seconds
[2022-07-05 10:31:12,465] {processor.py:163} INFO - Started process (PID=892) to work on /home/airflow/.local/lib/python3.7/site-packages/airflow/example_dags/example_nested_branch_dag.py
[2022-07-05 10:31:12,470] {processor.py:642} INFO - Processing file /home/airflow/.local/lib/python3.7/site-packages/airflow/example_dags/example_nested_branch_dag.py for tasks to queue
[2022-07-05 10:31:12,474] {logging_mixin.py:109} INFO - [2022-07-05 10:31:12,473] {dagbag.py:500} INFO - Filling up the DagBag from /home/airflow/.local/lib/python3.7/site-packages/airflow/example_dags/example_nested_branch_dag.py
[2022-07-05 10:31:12,552] {processor.py:652} INFO - DAG(s) dict_keys(['example_nested_branch_dag']) retrieved from /home/airflow/.local/lib/python3.7/site-packages/airflow/example_dags/example_nested_branch_dag.py
[2022-07-05 10:31:12,631] {logging_mixin.py:109} INFO - [2022-07-05 10:31:12,630] {dag.py:2398} INFO - Sync 1 DAGs
[2022-07-05 10:31:12,713] {logging_mixin.py:109} INFO - [2022-07-05 10:31:12,712] {dag.py:2937} INFO - Setting next_dagrun for example_nested_branch_dag to 2022-07-04 00:00:00+00:00
[2022-07-05 10:31:12,747] {processor.py:171} INFO - Processing /home/airflow/.local/lib/python3.7/site-packages/airflow/example_dags/example_nested_branch_dag.py took 0.289 seconds
