[2022-07-05 10:10:18,055] {processor.py:163} INFO - Started process (PID=475) to work on /home/airflow/.local/lib/python3.7/site-packages/airflow/example_dags/example_sla_dag.py
[2022-07-05 10:10:18,059] {processor.py:642} INFO - Processing file /home/airflow/.local/lib/python3.7/site-packages/airflow/example_dags/example_sla_dag.py for tasks to queue
[2022-07-05 10:10:18,062] {logging_mixin.py:109} INFO - [2022-07-05 10:10:18,062] {dagbag.py:500} INFO - Filling up the DagBag from /home/airflow/.local/lib/python3.7/site-packages/airflow/example_dags/example_sla_dag.py
[2022-07-05 10:10:18,133] {processor.py:652} INFO - DAG(s) dict_keys(['example_sla_dag']) retrieved from /home/airflow/.local/lib/python3.7/site-packages/airflow/example_dags/example_sla_dag.py
[2022-07-05 10:10:28,103] {logging_mixin.py:109} INFO - [2022-07-05 10:10:28,102] {manager.py:496} INFO - Created Permission View: can edit on DAG:example_sla_dag
[2022-07-05 10:10:28,140] {logging_mixin.py:109} INFO - [2022-07-05 10:10:28,139] {manager.py:496} INFO - Created Permission View: can read on DAG:example_sla_dag
[2022-07-05 10:10:28,143] {logging_mixin.py:109} INFO - [2022-07-05 10:10:28,141] {dag.py:2398} INFO - Sync 1 DAGs
[2022-07-05 10:10:28,183] {logging_mixin.py:109} INFO - [2022-07-05 10:10:28,182] {dag.py:2417} INFO - Creating ORM DAG for example_sla_dag
[2022-07-05 10:10:28,261] {logging_mixin.py:109} INFO - [2022-07-05 10:10:28,260] {dag.py:2937} INFO - Setting next_dagrun for example_sla_dag to 2022-07-05T10:08:00+00:00
[2022-07-05 10:10:28,333] {processor.py:171} INFO - Processing /home/airflow/.local/lib/python3.7/site-packages/airflow/example_dags/example_sla_dag.py took 10.284 seconds
[2022-07-05 10:27:00,839] {processor.py:163} INFO - Started process (PID=242) to work on /home/airflow/.local/lib/python3.7/site-packages/airflow/example_dags/example_sla_dag.py
[2022-07-05 10:27:00,852] {processor.py:642} INFO - Processing file /home/airflow/.local/lib/python3.7/site-packages/airflow/example_dags/example_sla_dag.py for tasks to queue
[2022-07-05 10:27:00,859] {logging_mixin.py:109} INFO - [2022-07-05 10:27:00,859] {dagbag.py:500} INFO - Filling up the DagBag from /home/airflow/.local/lib/python3.7/site-packages/airflow/example_dags/example_sla_dag.py
[2022-07-05 10:27:01,133] {processor.py:652} INFO - DAG(s) dict_keys(['example_sla_dag']) retrieved from /home/airflow/.local/lib/python3.7/site-packages/airflow/example_dags/example_sla_dag.py
[2022-07-05 10:27:01,321] {logging_mixin.py:109} INFO - [2022-07-05 10:27:01,320] {dag.py:2398} INFO - Sync 1 DAGs
[2022-07-05 10:27:01,636] {logging_mixin.py:109} INFO - [2022-07-05 10:27:01,636] {dag.py:2937} INFO - Setting next_dagrun for example_sla_dag to 2022-07-05T10:24:00+00:00
[2022-07-05 10:27:01,735] {processor.py:171} INFO - Processing /home/airflow/.local/lib/python3.7/site-packages/airflow/example_dags/example_sla_dag.py took 0.907 seconds
[2022-07-05 10:28:05,689] {processor.py:163} INFO - Started process (PID=365) to work on /home/airflow/.local/lib/python3.7/site-packages/airflow/example_dags/example_sla_dag.py
[2022-07-05 10:28:05,700] {processor.py:642} INFO - Processing file /home/airflow/.local/lib/python3.7/site-packages/airflow/example_dags/example_sla_dag.py for tasks to queue
[2022-07-05 10:28:05,705] {logging_mixin.py:109} INFO - [2022-07-05 10:28:05,704] {dagbag.py:500} INFO - Filling up the DagBag from /home/airflow/.local/lib/python3.7/site-packages/airflow/example_dags/example_sla_dag.py
[2022-07-05 10:28:05,783] {processor.py:652} INFO - DAG(s) dict_keys(['example_sla_dag']) retrieved from /home/airflow/.local/lib/python3.7/site-packages/airflow/example_dags/example_sla_dag.py
[2022-07-05 10:28:05,839] {logging_mixin.py:109} INFO - [2022-07-05 10:28:05,838] {dag.py:2398} INFO - Sync 1 DAGs
[2022-07-05 10:28:05,927] {logging_mixin.py:109} INFO - [2022-07-05 10:28:05,927] {dag.py:2937} INFO - Setting next_dagrun for example_sla_dag to 2022-07-05T10:26:00+00:00
[2022-07-05 10:28:05,956] {processor.py:171} INFO - Processing /home/airflow/.local/lib/python3.7/site-packages/airflow/example_dags/example_sla_dag.py took 0.275 seconds
[2022-07-05 10:28:40,093] {processor.py:163} INFO - Started process (PID=468) to work on /home/airflow/.local/lib/python3.7/site-packages/airflow/example_dags/example_sla_dag.py
[2022-07-05 10:28:40,103] {processor.py:642} INFO - Processing file /home/airflow/.local/lib/python3.7/site-packages/airflow/example_dags/example_sla_dag.py for tasks to queue
[2022-07-05 10:28:40,108] {logging_mixin.py:109} INFO - [2022-07-05 10:28:40,107] {dagbag.py:500} INFO - Filling up the DagBag from /home/airflow/.local/lib/python3.7/site-packages/airflow/example_dags/example_sla_dag.py
[2022-07-05 10:28:40,231] {processor.py:652} INFO - DAG(s) dict_keys(['example_sla_dag']) retrieved from /home/airflow/.local/lib/python3.7/site-packages/airflow/example_dags/example_sla_dag.py
[2022-07-05 10:28:40,361] {logging_mixin.py:109} INFO - [2022-07-05 10:28:40,361] {dag.py:2398} INFO - Sync 1 DAGs
[2022-07-05 10:28:40,478] {logging_mixin.py:109} INFO - [2022-07-05 10:28:40,478] {dag.py:2937} INFO - Setting next_dagrun for example_sla_dag to 2022-07-05T10:26:00+00:00
[2022-07-05 10:28:40,543] {processor.py:171} INFO - Processing /home/airflow/.local/lib/python3.7/site-packages/airflow/example_dags/example_sla_dag.py took 0.465 seconds
[2022-07-05 10:29:11,807] {processor.py:163} INFO - Started process (PID=566) to work on /home/airflow/.local/lib/python3.7/site-packages/airflow/example_dags/example_sla_dag.py
[2022-07-05 10:29:11,813] {processor.py:642} INFO - Processing file /home/airflow/.local/lib/python3.7/site-packages/airflow/example_dags/example_sla_dag.py for tasks to queue
[2022-07-05 10:29:11,817] {logging_mixin.py:109} INFO - [2022-07-05 10:29:11,816] {dagbag.py:500} INFO - Filling up the DagBag from /home/airflow/.local/lib/python3.7/site-packages/airflow/example_dags/example_sla_dag.py
[2022-07-05 10:29:11,907] {processor.py:652} INFO - DAG(s) dict_keys(['example_sla_dag']) retrieved from /home/airflow/.local/lib/python3.7/site-packages/airflow/example_dags/example_sla_dag.py
[2022-07-05 10:29:11,966] {logging_mixin.py:109} INFO - [2022-07-05 10:29:11,966] {dag.py:2398} INFO - Sync 1 DAGs
[2022-07-05 10:29:12,066] {logging_mixin.py:109} INFO - [2022-07-05 10:29:12,065] {dag.py:2937} INFO - Setting next_dagrun for example_sla_dag to 2022-07-05T10:26:00+00:00
[2022-07-05 10:29:12,096] {processor.py:171} INFO - Processing /home/airflow/.local/lib/python3.7/site-packages/airflow/example_dags/example_sla_dag.py took 0.300 seconds
[2022-07-05 10:29:42,341] {processor.py:163} INFO - Started process (PID=647) to work on /home/airflow/.local/lib/python3.7/site-packages/airflow/example_dags/example_sla_dag.py
[2022-07-05 10:29:42,346] {processor.py:642} INFO - Processing file /home/airflow/.local/lib/python3.7/site-packages/airflow/example_dags/example_sla_dag.py for tasks to queue
[2022-07-05 10:29:42,349] {logging_mixin.py:109} INFO - [2022-07-05 10:29:42,348] {dagbag.py:500} INFO - Filling up the DagBag from /home/airflow/.local/lib/python3.7/site-packages/airflow/example_dags/example_sla_dag.py
[2022-07-05 10:29:42,434] {processor.py:652} INFO - DAG(s) dict_keys(['example_sla_dag']) retrieved from /home/airflow/.local/lib/python3.7/site-packages/airflow/example_dags/example_sla_dag.py
[2022-07-05 10:29:42,486] {logging_mixin.py:109} INFO - [2022-07-05 10:29:42,486] {dag.py:2398} INFO - Sync 1 DAGs
[2022-07-05 10:29:42,573] {logging_mixin.py:109} INFO - [2022-07-05 10:29:42,572] {dag.py:2937} INFO - Setting next_dagrun for example_sla_dag to 2022-07-05T10:26:00+00:00
[2022-07-05 10:29:42,598] {processor.py:171} INFO - Processing /home/airflow/.local/lib/python3.7/site-packages/airflow/example_dags/example_sla_dag.py took 0.265 seconds
[2022-07-05 10:30:12,718] {processor.py:163} INFO - Started process (PID=741) to work on /home/airflow/.local/lib/python3.7/site-packages/airflow/example_dags/example_sla_dag.py
[2022-07-05 10:30:12,723] {processor.py:642} INFO - Processing file /home/airflow/.local/lib/python3.7/site-packages/airflow/example_dags/example_sla_dag.py for tasks to queue
[2022-07-05 10:30:12,727] {logging_mixin.py:109} INFO - [2022-07-05 10:30:12,726] {dagbag.py:500} INFO - Filling up the DagBag from /home/airflow/.local/lib/python3.7/site-packages/airflow/example_dags/example_sla_dag.py
[2022-07-05 10:30:12,812] {processor.py:652} INFO - DAG(s) dict_keys(['example_sla_dag']) retrieved from /home/airflow/.local/lib/python3.7/site-packages/airflow/example_dags/example_sla_dag.py
[2022-07-05 10:30:12,870] {logging_mixin.py:109} INFO - [2022-07-05 10:30:12,870] {dag.py:2398} INFO - Sync 1 DAGs
[2022-07-05 10:30:12,964] {logging_mixin.py:109} INFO - [2022-07-05 10:30:12,963] {dag.py:2937} INFO - Setting next_dagrun for example_sla_dag to 2022-07-05T10:28:00+00:00
[2022-07-05 10:30:12,993] {processor.py:171} INFO - Processing /home/airflow/.local/lib/python3.7/site-packages/airflow/example_dags/example_sla_dag.py took 0.284 seconds
[2022-07-05 10:30:43,651] {processor.py:163} INFO - Started process (PID=822) to work on /home/airflow/.local/lib/python3.7/site-packages/airflow/example_dags/example_sla_dag.py
[2022-07-05 10:30:43,656] {processor.py:642} INFO - Processing file /home/airflow/.local/lib/python3.7/site-packages/airflow/example_dags/example_sla_dag.py for tasks to queue
[2022-07-05 10:30:43,659] {logging_mixin.py:109} INFO - [2022-07-05 10:30:43,658] {dagbag.py:500} INFO - Filling up the DagBag from /home/airflow/.local/lib/python3.7/site-packages/airflow/example_dags/example_sla_dag.py
[2022-07-05 10:30:43,730] {processor.py:652} INFO - DAG(s) dict_keys(['example_sla_dag']) retrieved from /home/airflow/.local/lib/python3.7/site-packages/airflow/example_dags/example_sla_dag.py
[2022-07-05 10:30:43,778] {logging_mixin.py:109} INFO - [2022-07-05 10:30:43,778] {dag.py:2398} INFO - Sync 1 DAGs
[2022-07-05 10:30:43,861] {logging_mixin.py:109} INFO - [2022-07-05 10:30:43,861] {dag.py:2937} INFO - Setting next_dagrun for example_sla_dag to 2022-07-05T10:28:00+00:00
[2022-07-05 10:30:43,887] {processor.py:171} INFO - Processing /home/airflow/.local/lib/python3.7/site-packages/airflow/example_dags/example_sla_dag.py took 0.243 seconds
[2022-07-05 10:31:15,128] {processor.py:163} INFO - Started process (PID=922) to work on /home/airflow/.local/lib/python3.7/site-packages/airflow/example_dags/example_sla_dag.py
[2022-07-05 10:31:15,150] {processor.py:642} INFO - Processing file /home/airflow/.local/lib/python3.7/site-packages/airflow/example_dags/example_sla_dag.py for tasks to queue
[2022-07-05 10:31:15,154] {logging_mixin.py:109} INFO - [2022-07-05 10:31:15,153] {dagbag.py:500} INFO - Filling up the DagBag from /home/airflow/.local/lib/python3.7/site-packages/airflow/example_dags/example_sla_dag.py
[2022-07-05 10:31:15,309] {processor.py:652} INFO - DAG(s) dict_keys(['example_sla_dag']) retrieved from /home/airflow/.local/lib/python3.7/site-packages/airflow/example_dags/example_sla_dag.py
[2022-07-05 10:31:15,394] {logging_mixin.py:109} INFO - [2022-07-05 10:31:15,394] {dag.py:2398} INFO - Sync 1 DAGs
[2022-07-05 10:31:15,512] {logging_mixin.py:109} INFO - [2022-07-05 10:31:15,511] {dag.py:2937} INFO - Setting next_dagrun for example_sla_dag to 2022-07-05T10:28:00+00:00
[2022-07-05 10:31:15,575] {processor.py:171} INFO - Processing /home/airflow/.local/lib/python3.7/site-packages/airflow/example_dags/example_sla_dag.py took 0.457 seconds
