[2022-07-05 10:09:25,268] {processor.py:163} INFO - Started process (PID=374) to work on /home/airflow/.local/lib/python3.7/site-packages/airflow/example_dags/example_external_task_marker_dag.py
[2022-07-05 10:09:25,273] {processor.py:642} INFO - Processing file /home/airflow/.local/lib/python3.7/site-packages/airflow/example_dags/example_external_task_marker_dag.py for tasks to queue
[2022-07-05 10:09:25,277] {logging_mixin.py:109} INFO - [2022-07-05 10:09:25,277] {dagbag.py:500} INFO - Filling up the DagBag from /home/airflow/.local/lib/python3.7/site-packages/airflow/example_dags/example_external_task_marker_dag.py
[2022-07-05 10:09:25,349] {processor.py:652} INFO - DAG(s) dict_keys(['example_external_task_marker_parent', 'example_external_task_marker_child']) retrieved from /home/airflow/.local/lib/python3.7/site-packages/airflow/example_dags/example_external_task_marker_dag.py
[2022-07-05 10:09:36,788] {logging_mixin.py:109} INFO - [2022-07-05 10:09:36,787] {manager.py:496} INFO - Created Permission View: can edit on DAG:example_external_task_marker_parent
[2022-07-05 10:09:36,819] {logging_mixin.py:109} INFO - [2022-07-05 10:09:36,819] {manager.py:496} INFO - Created Permission View: can read on DAG:example_external_task_marker_parent
[2022-07-05 10:09:36,887] {logging_mixin.py:109} INFO - [2022-07-05 10:09:36,887] {manager.py:496} INFO - Created Permission View: can edit on DAG:example_external_task_marker_child
[2022-07-05 10:09:36,916] {logging_mixin.py:109} INFO - [2022-07-05 10:09:36,915] {manager.py:496} INFO - Created Permission View: can read on DAG:example_external_task_marker_child
[2022-07-05 10:09:36,919] {logging_mixin.py:109} INFO - [2022-07-05 10:09:36,918] {dag.py:2398} INFO - Sync 2 DAGs
[2022-07-05 10:09:36,954] {logging_mixin.py:109} INFO - [2022-07-05 10:09:36,953] {dag.py:2417} INFO - Creating ORM DAG for example_external_task_marker_parent
[2022-07-05 10:09:36,958] {logging_mixin.py:109} INFO - [2022-07-05 10:09:36,958] {dag.py:2417} INFO - Creating ORM DAG for example_external_task_marker_child
[2022-07-05 10:09:36,986] {logging_mixin.py:109} INFO - [2022-07-05 10:09:36,985] {dag.py:2937} INFO - Setting next_dagrun for example_external_task_marker_child to None
[2022-07-05 10:09:36,990] {logging_mixin.py:109} INFO - [2022-07-05 10:09:36,989] {dag.py:2937} INFO - Setting next_dagrun for example_external_task_marker_parent to None
[2022-07-05 10:09:37,053] {processor.py:171} INFO - Processing /home/airflow/.local/lib/python3.7/site-packages/airflow/example_dags/example_external_task_marker_dag.py took 11.794 seconds
[2022-07-05 10:26:50,191] {processor.py:163} INFO - Started process (PID=216) to work on /home/airflow/.local/lib/python3.7/site-packages/airflow/example_dags/example_external_task_marker_dag.py
[2022-07-05 10:26:50,199] {processor.py:642} INFO - Processing file /home/airflow/.local/lib/python3.7/site-packages/airflow/example_dags/example_external_task_marker_dag.py for tasks to queue
[2022-07-05 10:26:50,212] {logging_mixin.py:109} INFO - [2022-07-05 10:26:50,208] {dagbag.py:500} INFO - Filling up the DagBag from /home/airflow/.local/lib/python3.7/site-packages/airflow/example_dags/example_external_task_marker_dag.py
[2022-07-05 10:26:50,499] {processor.py:652} INFO - DAG(s) dict_keys(['example_external_task_marker_parent', 'example_external_task_marker_child']) retrieved from /home/airflow/.local/lib/python3.7/site-packages/airflow/example_dags/example_external_task_marker_dag.py
[2022-07-05 10:26:50,812] {logging_mixin.py:109} INFO - [2022-07-05 10:26:50,812] {dag.py:2398} INFO - Sync 2 DAGs
[2022-07-05 10:26:51,082] {logging_mixin.py:109} INFO - [2022-07-05 10:26:51,081] {dag.py:2937} INFO - Setting next_dagrun for example_external_task_marker_child to None
[2022-07-05 10:26:51,089] {logging_mixin.py:109} INFO - [2022-07-05 10:26:51,089] {dag.py:2937} INFO - Setting next_dagrun for example_external_task_marker_parent to None
[2022-07-05 10:26:51,245] {processor.py:171} INFO - Processing /home/airflow/.local/lib/python3.7/site-packages/airflow/example_dags/example_external_task_marker_dag.py took 1.087 seconds
[2022-07-05 10:28:02,866] {processor.py:163} INFO - Started process (PID=345) to work on /home/airflow/.local/lib/python3.7/site-packages/airflow/example_dags/example_external_task_marker_dag.py
[2022-07-05 10:28:02,873] {processor.py:642} INFO - Processing file /home/airflow/.local/lib/python3.7/site-packages/airflow/example_dags/example_external_task_marker_dag.py for tasks to queue
[2022-07-05 10:28:02,877] {logging_mixin.py:109} INFO - [2022-07-05 10:28:02,876] {dagbag.py:500} INFO - Filling up the DagBag from /home/airflow/.local/lib/python3.7/site-packages/airflow/example_dags/example_external_task_marker_dag.py
[2022-07-05 10:28:02,969] {processor.py:652} INFO - DAG(s) dict_keys(['example_external_task_marker_parent', 'example_external_task_marker_child']) retrieved from /home/airflow/.local/lib/python3.7/site-packages/airflow/example_dags/example_external_task_marker_dag.py
[2022-07-05 10:28:03,074] {logging_mixin.py:109} INFO - [2022-07-05 10:28:03,074] {dag.py:2398} INFO - Sync 2 DAGs
[2022-07-05 10:28:03,138] {logging_mixin.py:109} INFO - [2022-07-05 10:28:03,138] {dag.py:2937} INFO - Setting next_dagrun for example_external_task_marker_child to None
[2022-07-05 10:28:03,141] {logging_mixin.py:109} INFO - [2022-07-05 10:28:03,141] {dag.py:2937} INFO - Setting next_dagrun for example_external_task_marker_parent to None
[2022-07-05 10:28:03,177] {processor.py:171} INFO - Processing /home/airflow/.local/lib/python3.7/site-packages/airflow/example_dags/example_external_task_marker_dag.py took 0.320 seconds
[2022-07-05 10:28:35,016] {processor.py:163} INFO - Started process (PID=448) to work on /home/airflow/.local/lib/python3.7/site-packages/airflow/example_dags/example_external_task_marker_dag.py
[2022-07-05 10:28:35,024] {processor.py:642} INFO - Processing file /home/airflow/.local/lib/python3.7/site-packages/airflow/example_dags/example_external_task_marker_dag.py for tasks to queue
[2022-07-05 10:28:35,027] {logging_mixin.py:109} INFO - [2022-07-05 10:28:35,026] {dagbag.py:500} INFO - Filling up the DagBag from /home/airflow/.local/lib/python3.7/site-packages/airflow/example_dags/example_external_task_marker_dag.py
[2022-07-05 10:28:35,093] {processor.py:652} INFO - DAG(s) dict_keys(['example_external_task_marker_parent', 'example_external_task_marker_child']) retrieved from /home/airflow/.local/lib/python3.7/site-packages/airflow/example_dags/example_external_task_marker_dag.py
[2022-07-05 10:28:35,222] {logging_mixin.py:109} INFO - [2022-07-05 10:28:35,221] {dag.py:2398} INFO - Sync 2 DAGs
[2022-07-05 10:28:35,333] {logging_mixin.py:109} INFO - [2022-07-05 10:28:35,333] {dag.py:2937} INFO - Setting next_dagrun for example_external_task_marker_child to None
[2022-07-05 10:28:35,336] {logging_mixin.py:109} INFO - [2022-07-05 10:28:35,336] {dag.py:2937} INFO - Setting next_dagrun for example_external_task_marker_parent to None
[2022-07-05 10:28:35,368] {processor.py:171} INFO - Processing /home/airflow/.local/lib/python3.7/site-packages/airflow/example_dags/example_external_task_marker_dag.py took 0.363 seconds
[2022-07-05 10:29:06,240] {processor.py:163} INFO - Started process (PID=529) to work on /home/airflow/.local/lib/python3.7/site-packages/airflow/example_dags/example_external_task_marker_dag.py
[2022-07-05 10:29:06,243] {processor.py:642} INFO - Processing file /home/airflow/.local/lib/python3.7/site-packages/airflow/example_dags/example_external_task_marker_dag.py for tasks to queue
[2022-07-05 10:29:06,246] {logging_mixin.py:109} INFO - [2022-07-05 10:29:06,246] {dagbag.py:500} INFO - Filling up the DagBag from /home/airflow/.local/lib/python3.7/site-packages/airflow/example_dags/example_external_task_marker_dag.py
[2022-07-05 10:29:06,304] {processor.py:652} INFO - DAG(s) dict_keys(['example_external_task_marker_parent', 'example_external_task_marker_child']) retrieved from /home/airflow/.local/lib/python3.7/site-packages/airflow/example_dags/example_external_task_marker_dag.py
[2022-07-05 10:29:06,373] {logging_mixin.py:109} INFO - [2022-07-05 10:29:06,372] {dag.py:2398} INFO - Sync 2 DAGs
[2022-07-05 10:29:06,427] {logging_mixin.py:109} INFO - [2022-07-05 10:29:06,427] {dag.py:2937} INFO - Setting next_dagrun for example_external_task_marker_child to None
[2022-07-05 10:29:06,430] {logging_mixin.py:109} INFO - [2022-07-05 10:29:06,429] {dag.py:2937} INFO - Setting next_dagrun for example_external_task_marker_parent to None
[2022-07-05 10:29:06,464] {processor.py:171} INFO - Processing /home/airflow/.local/lib/python3.7/site-packages/airflow/example_dags/example_external_task_marker_dag.py took 0.231 seconds
[2022-07-05 10:29:38,956] {processor.py:163} INFO - Started process (PID=629) to work on /home/airflow/.local/lib/python3.7/site-packages/airflow/example_dags/example_external_task_marker_dag.py
[2022-07-05 10:29:38,961] {processor.py:642} INFO - Processing file /home/airflow/.local/lib/python3.7/site-packages/airflow/example_dags/example_external_task_marker_dag.py for tasks to queue
[2022-07-05 10:29:38,964] {logging_mixin.py:109} INFO - [2022-07-05 10:29:38,963] {dagbag.py:500} INFO - Filling up the DagBag from /home/airflow/.local/lib/python3.7/site-packages/airflow/example_dags/example_external_task_marker_dag.py
[2022-07-05 10:29:39,025] {processor.py:652} INFO - DAG(s) dict_keys(['example_external_task_marker_parent', 'example_external_task_marker_child']) retrieved from /home/airflow/.local/lib/python3.7/site-packages/airflow/example_dags/example_external_task_marker_dag.py
[2022-07-05 10:29:39,109] {logging_mixin.py:109} INFO - [2022-07-05 10:29:39,109] {dag.py:2398} INFO - Sync 2 DAGs
[2022-07-05 10:29:39,170] {logging_mixin.py:109} INFO - [2022-07-05 10:29:39,170] {dag.py:2937} INFO - Setting next_dagrun for example_external_task_marker_child to None
[2022-07-05 10:29:39,173] {logging_mixin.py:109} INFO - [2022-07-05 10:29:39,173] {dag.py:2937} INFO - Setting next_dagrun for example_external_task_marker_parent to None
[2022-07-05 10:29:39,206] {processor.py:171} INFO - Processing /home/airflow/.local/lib/python3.7/site-packages/airflow/example_dags/example_external_task_marker_dag.py took 0.260 seconds
[2022-07-05 10:30:09,974] {processor.py:163} INFO - Started process (PID=719) to work on /home/airflow/.local/lib/python3.7/site-packages/airflow/example_dags/example_external_task_marker_dag.py
[2022-07-05 10:30:09,979] {processor.py:642} INFO - Processing file /home/airflow/.local/lib/python3.7/site-packages/airflow/example_dags/example_external_task_marker_dag.py for tasks to queue
[2022-07-05 10:30:09,983] {logging_mixin.py:109} INFO - [2022-07-05 10:30:09,982] {dagbag.py:500} INFO - Filling up the DagBag from /home/airflow/.local/lib/python3.7/site-packages/airflow/example_dags/example_external_task_marker_dag.py
[2022-07-05 10:30:10,046] {processor.py:652} INFO - DAG(s) dict_keys(['example_external_task_marker_parent', 'example_external_task_marker_child']) retrieved from /home/airflow/.local/lib/python3.7/site-packages/airflow/example_dags/example_external_task_marker_dag.py
[2022-07-05 10:30:10,117] {logging_mixin.py:109} INFO - [2022-07-05 10:30:10,117] {dag.py:2398} INFO - Sync 2 DAGs
[2022-07-05 10:30:10,181] {logging_mixin.py:109} INFO - [2022-07-05 10:30:10,180] {dag.py:2937} INFO - Setting next_dagrun for example_external_task_marker_child to None
[2022-07-05 10:30:10,184] {logging_mixin.py:109} INFO - [2022-07-05 10:30:10,184] {dag.py:2937} INFO - Setting next_dagrun for example_external_task_marker_parent to None
[2022-07-05 10:30:10,230] {processor.py:171} INFO - Processing /home/airflow/.local/lib/python3.7/site-packages/airflow/example_dags/example_external_task_marker_dag.py took 0.264 seconds
[2022-07-05 10:30:41,551] {processor.py:163} INFO - Started process (PID=806) to work on /home/airflow/.local/lib/python3.7/site-packages/airflow/example_dags/example_external_task_marker_dag.py
[2022-07-05 10:30:41,556] {processor.py:642} INFO - Processing file /home/airflow/.local/lib/python3.7/site-packages/airflow/example_dags/example_external_task_marker_dag.py for tasks to queue
[2022-07-05 10:30:41,562] {logging_mixin.py:109} INFO - [2022-07-05 10:30:41,561] {dagbag.py:500} INFO - Filling up the DagBag from /home/airflow/.local/lib/python3.7/site-packages/airflow/example_dags/example_external_task_marker_dag.py
[2022-07-05 10:30:41,625] {processor.py:652} INFO - DAG(s) dict_keys(['example_external_task_marker_parent', 'example_external_task_marker_child']) retrieved from /home/airflow/.local/lib/python3.7/site-packages/airflow/example_dags/example_external_task_marker_dag.py
[2022-07-05 10:30:41,698] {logging_mixin.py:109} INFO - [2022-07-05 10:30:41,697] {dag.py:2398} INFO - Sync 2 DAGs
[2022-07-05 10:30:41,766] {logging_mixin.py:109} INFO - [2022-07-05 10:30:41,766] {dag.py:2937} INFO - Setting next_dagrun for example_external_task_marker_child to None
[2022-07-05 10:30:41,769] {logging_mixin.py:109} INFO - [2022-07-05 10:30:41,768] {dag.py:2937} INFO - Setting next_dagrun for example_external_task_marker_parent to None
[2022-07-05 10:30:41,799] {processor.py:171} INFO - Processing /home/airflow/.local/lib/python3.7/site-packages/airflow/example_dags/example_external_task_marker_dag.py took 0.255 seconds
[2022-07-05 10:31:13,619] {processor.py:163} INFO - Started process (PID=906) to work on /home/airflow/.local/lib/python3.7/site-packages/airflow/example_dags/example_external_task_marker_dag.py
[2022-07-05 10:31:13,624] {processor.py:642} INFO - Processing file /home/airflow/.local/lib/python3.7/site-packages/airflow/example_dags/example_external_task_marker_dag.py for tasks to queue
[2022-07-05 10:31:13,635] {logging_mixin.py:109} INFO - [2022-07-05 10:31:13,629] {dagbag.py:500} INFO - Filling up the DagBag from /home/airflow/.local/lib/python3.7/site-packages/airflow/example_dags/example_external_task_marker_dag.py
[2022-07-05 10:31:13,709] {processor.py:652} INFO - DAG(s) dict_keys(['example_external_task_marker_parent', 'example_external_task_marker_child']) retrieved from /home/airflow/.local/lib/python3.7/site-packages/airflow/example_dags/example_external_task_marker_dag.py
[2022-07-05 10:31:13,785] {logging_mixin.py:109} INFO - [2022-07-05 10:31:13,784] {dag.py:2398} INFO - Sync 2 DAGs
[2022-07-05 10:31:13,857] {logging_mixin.py:109} INFO - [2022-07-05 10:31:13,856] {dag.py:2937} INFO - Setting next_dagrun for example_external_task_marker_child to None
[2022-07-05 10:31:13,860] {logging_mixin.py:109} INFO - [2022-07-05 10:31:13,859] {dag.py:2937} INFO - Setting next_dagrun for example_external_task_marker_parent to None
[2022-07-05 10:31:13,900] {processor.py:171} INFO - Processing /home/airflow/.local/lib/python3.7/site-packages/airflow/example_dags/example_external_task_marker_dag.py took 0.289 seconds
