[2022-07-05 10:10:07,853] {processor.py:163} INFO - Started process (PID=459) to work on /home/airflow/.local/lib/python3.7/site-packages/airflow/example_dags/example_subdag_operator.py
[2022-07-05 10:10:07,863] {processor.py:642} INFO - Processing file /home/airflow/.local/lib/python3.7/site-packages/airflow/example_dags/example_subdag_operator.py for tasks to queue
[2022-07-05 10:10:07,870] {logging_mixin.py:109} INFO - [2022-07-05 10:10:07,869] {dagbag.py:500} INFO - Filling up the DagBag from /home/airflow/.local/lib/python3.7/site-packages/airflow/example_dags/example_subdag_operator.py
[2022-07-05 10:10:08,070] {processor.py:652} INFO - DAG(s) dict_keys(['example_subdag_operator.section-1', 'example_subdag_operator.section-2', 'example_subdag_operator']) retrieved from /home/airflow/.local/lib/python3.7/site-packages/airflow/example_dags/example_subdag_operator.py
[2022-07-05 10:10:17,329] {logging_mixin.py:109} INFO - [2022-07-05 10:10:17,328] {manager.py:496} INFO - Created Permission View: can edit on DAG:example_subdag_operator
[2022-07-05 10:10:17,353] {logging_mixin.py:109} INFO - [2022-07-05 10:10:17,353] {manager.py:496} INFO - Created Permission View: can read on DAG:example_subdag_operator
[2022-07-05 10:10:17,356] {logging_mixin.py:109} INFO - [2022-07-05 10:10:17,355] {dag.py:2398} INFO - Sync 3 DAGs
[2022-07-05 10:10:17,384] {logging_mixin.py:109} INFO - [2022-07-05 10:10:17,383] {dag.py:2417} INFO - Creating ORM DAG for example_subdag_operator.section-2
[2022-07-05 10:10:17,387] {logging_mixin.py:109} INFO - [2022-07-05 10:10:17,387] {dag.py:2417} INFO - Creating ORM DAG for example_subdag_operator.section-1
[2022-07-05 10:10:17,391] {logging_mixin.py:109} INFO - [2022-07-05 10:10:17,390] {dag.py:2417} INFO - Creating ORM DAG for example_subdag_operator
[2022-07-05 10:10:17,417] {logging_mixin.py:109} INFO - [2022-07-05 10:10:17,417] {dag.py:2937} INFO - Setting next_dagrun for example_subdag_operator to 2022-07-03T00:00:00+00:00
[2022-07-05 10:10:17,420] {logging_mixin.py:109} INFO - [2022-07-05 10:10:17,420] {dag.py:2937} INFO - Setting next_dagrun for example_subdag_operator.section-1 to None
[2022-07-05 10:10:17,422] {logging_mixin.py:109} INFO - [2022-07-05 10:10:17,422] {dag.py:2937} INFO - Setting next_dagrun for example_subdag_operator.section-2 to None
[2022-07-05 10:10:17,452] {logging_mixin.py:109} INFO - [2022-07-05 10:10:17,451] {dag.py:2398} INFO - Sync 2 DAGs
[2022-07-05 10:10:17,488] {logging_mixin.py:109} INFO - [2022-07-05 10:10:17,488] {dag.py:2937} INFO - Setting next_dagrun for example_subdag_operator.section-1 to None
[2022-07-05 10:10:17,491] {logging_mixin.py:109} INFO - [2022-07-05 10:10:17,490] {dag.py:2937} INFO - Setting next_dagrun for example_subdag_operator.section-2 to None
[2022-07-05 10:10:17,513] {processor.py:171} INFO - Processing /home/airflow/.local/lib/python3.7/site-packages/airflow/example_dags/example_subdag_operator.py took 9.675 seconds
[2022-07-05 10:26:58,659] {processor.py:163} INFO - Started process (PID=236) to work on /home/airflow/.local/lib/python3.7/site-packages/airflow/example_dags/example_subdag_operator.py
[2022-07-05 10:26:58,665] {processor.py:642} INFO - Processing file /home/airflow/.local/lib/python3.7/site-packages/airflow/example_dags/example_subdag_operator.py for tasks to queue
[2022-07-05 10:26:58,682] {logging_mixin.py:109} INFO - [2022-07-05 10:26:58,681] {dagbag.py:500} INFO - Filling up the DagBag from /home/airflow/.local/lib/python3.7/site-packages/airflow/example_dags/example_subdag_operator.py
[2022-07-05 10:26:59,028] {processor.py:652} INFO - DAG(s) dict_keys(['example_subdag_operator.section-1', 'example_subdag_operator.section-2', 'example_subdag_operator']) retrieved from /home/airflow/.local/lib/python3.7/site-packages/airflow/example_dags/example_subdag_operator.py
[2022-07-05 10:26:59,237] {logging_mixin.py:109} INFO - [2022-07-05 10:26:59,237] {dag.py:2398} INFO - Sync 3 DAGs
[2022-07-05 10:26:59,467] {logging_mixin.py:109} INFO - [2022-07-05 10:26:59,467] {dag.py:2937} INFO - Setting next_dagrun for example_subdag_operator to 2022-07-03T00:00:00+00:00
[2022-07-05 10:26:59,474] {logging_mixin.py:109} INFO - [2022-07-05 10:26:59,472] {dag.py:2937} INFO - Setting next_dagrun for example_subdag_operator.section-1 to None
[2022-07-05 10:26:59,479] {logging_mixin.py:109} INFO - [2022-07-05 10:26:59,478] {dag.py:2937} INFO - Setting next_dagrun for example_subdag_operator.section-2 to None
[2022-07-05 10:26:59,539] {logging_mixin.py:109} INFO - [2022-07-05 10:26:59,539] {dag.py:2398} INFO - Sync 2 DAGs
[2022-07-05 10:26:59,639] {logging_mixin.py:109} INFO - [2022-07-05 10:26:59,639] {dag.py:2937} INFO - Setting next_dagrun for example_subdag_operator.section-1 to None
[2022-07-05 10:26:59,643] {logging_mixin.py:109} INFO - [2022-07-05 10:26:59,642] {dag.py:2937} INFO - Setting next_dagrun for example_subdag_operator.section-2 to None
[2022-07-05 10:26:59,705] {processor.py:171} INFO - Processing /home/airflow/.local/lib/python3.7/site-packages/airflow/example_dags/example_subdag_operator.py took 1.084 seconds
[2022-07-05 10:28:04,833] {processor.py:163} INFO - Started process (PID=359) to work on /home/airflow/.local/lib/python3.7/site-packages/airflow/example_dags/example_subdag_operator.py
[2022-07-05 10:28:04,839] {processor.py:642} INFO - Processing file /home/airflow/.local/lib/python3.7/site-packages/airflow/example_dags/example_subdag_operator.py for tasks to queue
[2022-07-05 10:28:04,844] {logging_mixin.py:109} INFO - [2022-07-05 10:28:04,843] {dagbag.py:500} INFO - Filling up the DagBag from /home/airflow/.local/lib/python3.7/site-packages/airflow/example_dags/example_subdag_operator.py
[2022-07-05 10:28:04,952] {processor.py:652} INFO - DAG(s) dict_keys(['example_subdag_operator.section-1', 'example_subdag_operator.section-2', 'example_subdag_operator']) retrieved from /home/airflow/.local/lib/python3.7/site-packages/airflow/example_dags/example_subdag_operator.py
[2022-07-05 10:28:05,006] {logging_mixin.py:109} INFO - [2022-07-05 10:28:05,006] {dag.py:2398} INFO - Sync 3 DAGs
[2022-07-05 10:28:05,078] {logging_mixin.py:109} INFO - [2022-07-05 10:28:05,077] {dag.py:2937} INFO - Setting next_dagrun for example_subdag_operator to 2022-07-03T00:00:00+00:00
[2022-07-05 10:28:05,081] {logging_mixin.py:109} INFO - [2022-07-05 10:28:05,080] {dag.py:2937} INFO - Setting next_dagrun for example_subdag_operator.section-1 to None
[2022-07-05 10:28:05,084] {logging_mixin.py:109} INFO - [2022-07-05 10:28:05,083] {dag.py:2937} INFO - Setting next_dagrun for example_subdag_operator.section-2 to None
[2022-07-05 10:28:05,112] {logging_mixin.py:109} INFO - [2022-07-05 10:28:05,111] {dag.py:2398} INFO - Sync 2 DAGs
[2022-07-05 10:28:05,158] {logging_mixin.py:109} INFO - [2022-07-05 10:28:05,158] {dag.py:2937} INFO - Setting next_dagrun for example_subdag_operator.section-1 to None
[2022-07-05 10:28:05,161] {logging_mixin.py:109} INFO - [2022-07-05 10:28:05,161] {dag.py:2937} INFO - Setting next_dagrun for example_subdag_operator.section-2 to None
[2022-07-05 10:28:05,184] {processor.py:171} INFO - Processing /home/airflow/.local/lib/python3.7/site-packages/airflow/example_dags/example_subdag_operator.py took 0.359 seconds
[2022-07-05 10:28:36,802] {processor.py:163} INFO - Started process (PID=460) to work on /home/airflow/.local/lib/python3.7/site-packages/airflow/example_dags/example_subdag_operator.py
[2022-07-05 10:28:36,807] {processor.py:642} INFO - Processing file /home/airflow/.local/lib/python3.7/site-packages/airflow/example_dags/example_subdag_operator.py for tasks to queue
[2022-07-05 10:28:36,817] {logging_mixin.py:109} INFO - [2022-07-05 10:28:36,813] {dagbag.py:500} INFO - Filling up the DagBag from /home/airflow/.local/lib/python3.7/site-packages/airflow/example_dags/example_subdag_operator.py
[2022-07-05 10:28:37,124] {processor.py:652} INFO - DAG(s) dict_keys(['example_subdag_operator.section-1', 'example_subdag_operator.section-2', 'example_subdag_operator']) retrieved from /home/airflow/.local/lib/python3.7/site-packages/airflow/example_dags/example_subdag_operator.py
[2022-07-05 10:28:37,249] {logging_mixin.py:109} INFO - [2022-07-05 10:28:37,249] {dag.py:2398} INFO - Sync 3 DAGs
[2022-07-05 10:28:37,388] {logging_mixin.py:109} INFO - [2022-07-05 10:28:37,387] {dag.py:2937} INFO - Setting next_dagrun for example_subdag_operator to 2022-07-03T00:00:00+00:00
[2022-07-05 10:28:37,392] {logging_mixin.py:109} INFO - [2022-07-05 10:28:37,392] {dag.py:2937} INFO - Setting next_dagrun for example_subdag_operator.section-1 to None
[2022-07-05 10:28:37,398] {logging_mixin.py:109} INFO - [2022-07-05 10:28:37,395] {dag.py:2937} INFO - Setting next_dagrun for example_subdag_operator.section-2 to None
[2022-07-05 10:28:37,448] {logging_mixin.py:109} INFO - [2022-07-05 10:28:37,447] {dag.py:2398} INFO - Sync 2 DAGs
[2022-07-05 10:28:37,531] {logging_mixin.py:109} INFO - [2022-07-05 10:28:37,530] {dag.py:2937} INFO - Setting next_dagrun for example_subdag_operator.section-1 to None
[2022-07-05 10:28:37,546] {logging_mixin.py:109} INFO - [2022-07-05 10:28:37,546] {dag.py:2937} INFO - Setting next_dagrun for example_subdag_operator.section-2 to None
[2022-07-05 10:28:37,582] {processor.py:171} INFO - Processing /home/airflow/.local/lib/python3.7/site-packages/airflow/example_dags/example_subdag_operator.py took 0.807 seconds
[2022-07-05 10:29:08,034] {processor.py:163} INFO - Started process (PID=539) to work on /home/airflow/.local/lib/python3.7/site-packages/airflow/example_dags/example_subdag_operator.py
[2022-07-05 10:29:08,038] {processor.py:642} INFO - Processing file /home/airflow/.local/lib/python3.7/site-packages/airflow/example_dags/example_subdag_operator.py for tasks to queue
[2022-07-05 10:29:08,040] {logging_mixin.py:109} INFO - [2022-07-05 10:29:08,040] {dagbag.py:500} INFO - Filling up the DagBag from /home/airflow/.local/lib/python3.7/site-packages/airflow/example_dags/example_subdag_operator.py
[2022-07-05 10:29:08,134] {processor.py:652} INFO - DAG(s) dict_keys(['example_subdag_operator.section-1', 'example_subdag_operator.section-2', 'example_subdag_operator']) retrieved from /home/airflow/.local/lib/python3.7/site-packages/airflow/example_dags/example_subdag_operator.py
[2022-07-05 10:29:08,183] {logging_mixin.py:109} INFO - [2022-07-05 10:29:08,183] {dag.py:2398} INFO - Sync 3 DAGs
[2022-07-05 10:29:08,233] {logging_mixin.py:109} INFO - [2022-07-05 10:29:08,233] {dag.py:2937} INFO - Setting next_dagrun for example_subdag_operator to 2022-07-03T00:00:00+00:00
[2022-07-05 10:29:08,236] {logging_mixin.py:109} INFO - [2022-07-05 10:29:08,235] {dag.py:2937} INFO - Setting next_dagrun for example_subdag_operator.section-1 to None
[2022-07-05 10:29:08,238] {logging_mixin.py:109} INFO - [2022-07-05 10:29:08,237] {dag.py:2937} INFO - Setting next_dagrun for example_subdag_operator.section-2 to None
[2022-07-05 10:29:08,256] {logging_mixin.py:109} INFO - [2022-07-05 10:29:08,255] {dag.py:2398} INFO - Sync 2 DAGs
[2022-07-05 10:29:08,290] {logging_mixin.py:109} INFO - [2022-07-05 10:29:08,289] {dag.py:2937} INFO - Setting next_dagrun for example_subdag_operator.section-1 to None
[2022-07-05 10:29:08,292] {logging_mixin.py:109} INFO - [2022-07-05 10:29:08,292] {dag.py:2937} INFO - Setting next_dagrun for example_subdag_operator.section-2 to None
[2022-07-05 10:29:08,311] {processor.py:171} INFO - Processing /home/airflow/.local/lib/python3.7/site-packages/airflow/example_dags/example_subdag_operator.py took 0.284 seconds
[2022-07-05 10:29:40,174] {processor.py:163} INFO - Started process (PID=641) to work on /home/airflow/.local/lib/python3.7/site-packages/airflow/example_dags/example_subdag_operator.py
[2022-07-05 10:29:40,178] {processor.py:642} INFO - Processing file /home/airflow/.local/lib/python3.7/site-packages/airflow/example_dags/example_subdag_operator.py for tasks to queue
[2022-07-05 10:29:40,181] {logging_mixin.py:109} INFO - [2022-07-05 10:29:40,181] {dagbag.py:500} INFO - Filling up the DagBag from /home/airflow/.local/lib/python3.7/site-packages/airflow/example_dags/example_subdag_operator.py
[2022-07-05 10:29:40,290] {processor.py:652} INFO - DAG(s) dict_keys(['example_subdag_operator.section-1', 'example_subdag_operator.section-2', 'example_subdag_operator']) retrieved from /home/airflow/.local/lib/python3.7/site-packages/airflow/example_dags/example_subdag_operator.py
[2022-07-05 10:29:40,354] {logging_mixin.py:109} INFO - [2022-07-05 10:29:40,353] {dag.py:2398} INFO - Sync 3 DAGs
[2022-07-05 10:29:40,416] {logging_mixin.py:109} INFO - [2022-07-05 10:29:40,416] {dag.py:2937} INFO - Setting next_dagrun for example_subdag_operator to 2022-07-03T00:00:00+00:00
[2022-07-05 10:29:40,419] {logging_mixin.py:109} INFO - [2022-07-05 10:29:40,418] {dag.py:2937} INFO - Setting next_dagrun for example_subdag_operator.section-1 to None
[2022-07-05 10:29:40,421] {logging_mixin.py:109} INFO - [2022-07-05 10:29:40,421] {dag.py:2937} INFO - Setting next_dagrun for example_subdag_operator.section-2 to None
[2022-07-05 10:29:40,441] {logging_mixin.py:109} INFO - [2022-07-05 10:29:40,441] {dag.py:2398} INFO - Sync 2 DAGs
[2022-07-05 10:29:40,478] {logging_mixin.py:109} INFO - [2022-07-05 10:29:40,478] {dag.py:2937} INFO - Setting next_dagrun for example_subdag_operator.section-1 to None
[2022-07-05 10:29:40,481] {logging_mixin.py:109} INFO - [2022-07-05 10:29:40,480] {dag.py:2937} INFO - Setting next_dagrun for example_subdag_operator.section-2 to None
[2022-07-05 10:29:40,501] {processor.py:171} INFO - Processing /home/airflow/.local/lib/python3.7/site-packages/airflow/example_dags/example_subdag_operator.py took 0.335 seconds
[2022-07-05 10:30:10,966] {processor.py:163} INFO - Started process (PID=729) to work on /home/airflow/.local/lib/python3.7/site-packages/airflow/example_dags/example_subdag_operator.py
[2022-07-05 10:30:10,970] {processor.py:642} INFO - Processing file /home/airflow/.local/lib/python3.7/site-packages/airflow/example_dags/example_subdag_operator.py for tasks to queue
[2022-07-05 10:30:10,974] {logging_mixin.py:109} INFO - [2022-07-05 10:30:10,974] {dagbag.py:500} INFO - Filling up the DagBag from /home/airflow/.local/lib/python3.7/site-packages/airflow/example_dags/example_subdag_operator.py
[2022-07-05 10:30:11,123] {processor.py:652} INFO - DAG(s) dict_keys(['example_subdag_operator.section-1', 'example_subdag_operator.section-2', 'example_subdag_operator']) retrieved from /home/airflow/.local/lib/python3.7/site-packages/airflow/example_dags/example_subdag_operator.py
[2022-07-05 10:30:11,182] {logging_mixin.py:109} INFO - [2022-07-05 10:30:11,181] {dag.py:2398} INFO - Sync 3 DAGs
[2022-07-05 10:30:11,244] {logging_mixin.py:109} INFO - [2022-07-05 10:30:11,243] {dag.py:2937} INFO - Setting next_dagrun for example_subdag_operator to 2022-07-03T00:00:00+00:00
[2022-07-05 10:30:11,247] {logging_mixin.py:109} INFO - [2022-07-05 10:30:11,247] {dag.py:2937} INFO - Setting next_dagrun for example_subdag_operator.section-1 to None
[2022-07-05 10:30:11,250] {logging_mixin.py:109} INFO - [2022-07-05 10:30:11,250] {dag.py:2937} INFO - Setting next_dagrun for example_subdag_operator.section-2 to None
[2022-07-05 10:30:11,271] {logging_mixin.py:109} INFO - [2022-07-05 10:30:11,270] {dag.py:2398} INFO - Sync 2 DAGs
[2022-07-05 10:30:11,327] {logging_mixin.py:109} INFO - [2022-07-05 10:30:11,327] {dag.py:2937} INFO - Setting next_dagrun for example_subdag_operator.section-1 to None
[2022-07-05 10:30:11,332] {logging_mixin.py:109} INFO - [2022-07-05 10:30:11,332] {dag.py:2937} INFO - Setting next_dagrun for example_subdag_operator.section-2 to None
[2022-07-05 10:30:11,382] {processor.py:171} INFO - Processing /home/airflow/.local/lib/python3.7/site-packages/airflow/example_dags/example_subdag_operator.py took 0.424 seconds
[2022-07-05 10:30:42,384] {processor.py:163} INFO - Started process (PID=816) to work on /home/airflow/.local/lib/python3.7/site-packages/airflow/example_dags/example_subdag_operator.py
[2022-07-05 10:30:42,388] {processor.py:642} INFO - Processing file /home/airflow/.local/lib/python3.7/site-packages/airflow/example_dags/example_subdag_operator.py for tasks to queue
[2022-07-05 10:30:42,392] {logging_mixin.py:109} INFO - [2022-07-05 10:30:42,391] {dagbag.py:500} INFO - Filling up the DagBag from /home/airflow/.local/lib/python3.7/site-packages/airflow/example_dags/example_subdag_operator.py
[2022-07-05 10:30:42,504] {processor.py:652} INFO - DAG(s) dict_keys(['example_subdag_operator.section-1', 'example_subdag_operator.section-2', 'example_subdag_operator']) retrieved from /home/airflow/.local/lib/python3.7/site-packages/airflow/example_dags/example_subdag_operator.py
[2022-07-05 10:30:42,558] {logging_mixin.py:109} INFO - [2022-07-05 10:30:42,558] {dag.py:2398} INFO - Sync 3 DAGs
[2022-07-05 10:30:42,620] {logging_mixin.py:109} INFO - [2022-07-05 10:30:42,619] {dag.py:2937} INFO - Setting next_dagrun for example_subdag_operator to 2022-07-03T00:00:00+00:00
[2022-07-05 10:30:42,623] {logging_mixin.py:109} INFO - [2022-07-05 10:30:42,622] {dag.py:2937} INFO - Setting next_dagrun for example_subdag_operator.section-1 to None
[2022-07-05 10:30:42,626] {logging_mixin.py:109} INFO - [2022-07-05 10:30:42,626] {dag.py:2937} INFO - Setting next_dagrun for example_subdag_operator.section-2 to None
[2022-07-05 10:30:42,649] {logging_mixin.py:109} INFO - [2022-07-05 10:30:42,648] {dag.py:2398} INFO - Sync 2 DAGs
[2022-07-05 10:30:42,690] {logging_mixin.py:109} INFO - [2022-07-05 10:30:42,690] {dag.py:2937} INFO - Setting next_dagrun for example_subdag_operator.section-1 to None
[2022-07-05 10:30:42,693] {logging_mixin.py:109} INFO - [2022-07-05 10:30:42,693] {dag.py:2937} INFO - Setting next_dagrun for example_subdag_operator.section-2 to None
[2022-07-05 10:30:42,717] {processor.py:171} INFO - Processing /home/airflow/.local/lib/python3.7/site-packages/airflow/example_dags/example_subdag_operator.py took 0.341 seconds
[2022-07-05 10:31:14,596] {processor.py:163} INFO - Started process (PID=916) to work on /home/airflow/.local/lib/python3.7/site-packages/airflow/example_dags/example_subdag_operator.py
[2022-07-05 10:31:14,602] {processor.py:642} INFO - Processing file /home/airflow/.local/lib/python3.7/site-packages/airflow/example_dags/example_subdag_operator.py for tasks to queue
[2022-07-05 10:31:14,611] {logging_mixin.py:109} INFO - [2022-07-05 10:31:14,610] {dagbag.py:500} INFO - Filling up the DagBag from /home/airflow/.local/lib/python3.7/site-packages/airflow/example_dags/example_subdag_operator.py
[2022-07-05 10:31:14,771] {processor.py:652} INFO - DAG(s) dict_keys(['example_subdag_operator.section-1', 'example_subdag_operator.section-2', 'example_subdag_operator']) retrieved from /home/airflow/.local/lib/python3.7/site-packages/airflow/example_dags/example_subdag_operator.py
[2022-07-05 10:31:14,829] {logging_mixin.py:109} INFO - [2022-07-05 10:31:14,828] {dag.py:2398} INFO - Sync 3 DAGs
[2022-07-05 10:31:14,899] {logging_mixin.py:109} INFO - [2022-07-05 10:31:14,899] {dag.py:2937} INFO - Setting next_dagrun for example_subdag_operator to 2022-07-03T00:00:00+00:00
[2022-07-05 10:31:14,902] {logging_mixin.py:109} INFO - [2022-07-05 10:31:14,902] {dag.py:2937} INFO - Setting next_dagrun for example_subdag_operator.section-1 to None
[2022-07-05 10:31:14,905] {logging_mixin.py:109} INFO - [2022-07-05 10:31:14,904] {dag.py:2937} INFO - Setting next_dagrun for example_subdag_operator.section-2 to None
[2022-07-05 10:31:14,962] {logging_mixin.py:109} INFO - [2022-07-05 10:31:14,961] {dag.py:2398} INFO - Sync 2 DAGs
[2022-07-05 10:31:15,026] {logging_mixin.py:109} INFO - [2022-07-05 10:31:15,025] {dag.py:2937} INFO - Setting next_dagrun for example_subdag_operator.section-1 to None
[2022-07-05 10:31:15,030] {logging_mixin.py:109} INFO - [2022-07-05 10:31:15,029] {dag.py:2937} INFO - Setting next_dagrun for example_subdag_operator.section-2 to None
[2022-07-05 10:31:15,062] {processor.py:171} INFO - Processing /home/airflow/.local/lib/python3.7/site-packages/airflow/example_dags/example_subdag_operator.py took 0.474 seconds
