[2022-07-05 08:47:04,835] {processor.py:163} INFO - Started process (PID=813) to work on /home/airflow/.local/lib/python3.7/site-packages/airflow/example_dags/example_skip_dag.py
[2022-07-05 08:47:04,953] {processor.py:642} INFO - Processing file /home/airflow/.local/lib/python3.7/site-packages/airflow/example_dags/example_skip_dag.py for tasks to queue
[2022-07-05 08:47:05,081] {logging_mixin.py:109} INFO - [2022-07-05 08:47:05,081] {dagbag.py:500} INFO - Filling up the DagBag from /home/airflow/.local/lib/python3.7/site-packages/airflow/example_dags/example_skip_dag.py
[2022-07-05 08:47:13,840] {processor.py:652} INFO - DAG(s) dict_keys(['example_skip_dag']) retrieved from /home/airflow/.local/lib/python3.7/site-packages/airflow/example_dags/example_skip_dag.py
[2022-07-05 10:07:08,878] {processor.py:163} INFO - Started process (PID=148) to work on /home/airflow/.local/lib/python3.7/site-packages/airflow/example_dags/example_skip_dag.py
[2022-07-05 10:07:08,883] {processor.py:642} INFO - Processing file /home/airflow/.local/lib/python3.7/site-packages/airflow/example_dags/example_skip_dag.py for tasks to queue
[2022-07-05 10:07:08,897] {logging_mixin.py:109} INFO - [2022-07-05 10:07:08,897] {dagbag.py:500} INFO - Filling up the DagBag from /home/airflow/.local/lib/python3.7/site-packages/airflow/example_dags/example_skip_dag.py
[2022-07-05 10:07:09,360] {processor.py:652} INFO - DAG(s) dict_keys(['example_skip_dag']) retrieved from /home/airflow/.local/lib/python3.7/site-packages/airflow/example_dags/example_skip_dag.py
[2022-07-05 10:07:58,724] {logging_mixin.py:109} INFO - [2022-07-05 10:07:58,723] {manager.py:496} INFO - Created Permission View: can edit on DAG:example_skip_dag
[2022-07-05 10:07:58,781] {logging_mixin.py:109} INFO - [2022-07-05 10:07:58,781] {manager.py:496} INFO - Created Permission View: can read on DAG:example_skip_dag
[2022-07-05 10:07:58,788] {logging_mixin.py:109} INFO - [2022-07-05 10:07:58,786] {dag.py:2398} INFO - Sync 1 DAGs
[2022-07-05 10:07:58,873] {logging_mixin.py:109} INFO - [2022-07-05 10:07:58,872] {dag.py:2417} INFO - Creating ORM DAG for example_skip_dag
[2022-07-05 10:07:58,983] {logging_mixin.py:109} INFO - [2022-07-05 10:07:58,982] {dag.py:2937} INFO - Setting next_dagrun for example_skip_dag to 2022-07-04T10:07:58.978690+00:00
[2022-07-05 10:08:00,333] {processor.py:163} INFO - Started process (PID=209) to work on /home/airflow/.local/lib/python3.7/site-packages/airflow/example_dags/example_skip_dag.py
[2022-07-05 10:08:00,341] {processor.py:642} INFO - Processing file /home/airflow/.local/lib/python3.7/site-packages/airflow/example_dags/example_skip_dag.py for tasks to queue
[2022-07-05 10:08:00,345] {logging_mixin.py:109} INFO - [2022-07-05 10:08:00,344] {dagbag.py:500} INFO - Filling up the DagBag from /home/airflow/.local/lib/python3.7/site-packages/airflow/example_dags/example_skip_dag.py
[2022-07-05 10:08:00,525] {processor.py:652} INFO - DAG(s) dict_keys(['example_skip_dag']) retrieved from /home/airflow/.local/lib/python3.7/site-packages/airflow/example_dags/example_skip_dag.py
[2022-07-05 10:08:00,743] {logging_mixin.py:109} INFO - [2022-07-05 10:08:00,743] {dag.py:2398} INFO - Sync 1 DAGs
[2022-07-05 10:08:00,813] {logging_mixin.py:109} INFO - [2022-07-05 10:08:00,809] {dag.py:2417} INFO - Creating ORM DAG for example_skip_dag
[2022-07-05 10:08:00,905] {logging_mixin.py:109} INFO - [2022-07-05 10:08:00,905] {dag.py:2937} INFO - Setting next_dagrun for example_skip_dag to 2022-07-04T10:08:00.903106+00:00
[2022-07-05 10:08:01,070] {processor.py:171} INFO - Processing /home/airflow/.local/lib/python3.7/site-packages/airflow/example_dags/example_skip_dag.py took 0.755 seconds
[2022-07-05 10:26:36,969] {processor.py:163} INFO - Started process (PID=176) to work on /home/airflow/.local/lib/python3.7/site-packages/airflow/example_dags/example_skip_dag.py
[2022-07-05 10:26:36,992] {processor.py:642} INFO - Processing file /home/airflow/.local/lib/python3.7/site-packages/airflow/example_dags/example_skip_dag.py for tasks to queue
[2022-07-05 10:26:37,007] {logging_mixin.py:109} INFO - [2022-07-05 10:26:37,006] {dagbag.py:500} INFO - Filling up the DagBag from /home/airflow/.local/lib/python3.7/site-packages/airflow/example_dags/example_skip_dag.py
[2022-07-05 10:26:37,558] {processor.py:652} INFO - DAG(s) dict_keys(['example_skip_dag']) retrieved from /home/airflow/.local/lib/python3.7/site-packages/airflow/example_dags/example_skip_dag.py
[2022-07-05 10:26:37,748] {logging_mixin.py:109} INFO - [2022-07-05 10:26:37,747] {dag.py:2398} INFO - Sync 1 DAGs
[2022-07-05 10:26:37,984] {logging_mixin.py:109} INFO - [2022-07-05 10:26:37,983] {dag.py:2937} INFO - Setting next_dagrun for example_skip_dag to 2022-07-04T10:26:37.969603+00:00
[2022-07-05 10:26:38,127] {processor.py:171} INFO - Processing /home/airflow/.local/lib/python3.7/site-packages/airflow/example_dags/example_skip_dag.py took 1.187 seconds
[2022-07-05 10:27:58,985] {processor.py:163} INFO - Started process (PID=315) to work on /home/airflow/.local/lib/python3.7/site-packages/airflow/example_dags/example_skip_dag.py
[2022-07-05 10:27:58,996] {processor.py:642} INFO - Processing file /home/airflow/.local/lib/python3.7/site-packages/airflow/example_dags/example_skip_dag.py for tasks to queue
[2022-07-05 10:27:59,000] {logging_mixin.py:109} INFO - [2022-07-05 10:27:58,999] {dagbag.py:500} INFO - Filling up the DagBag from /home/airflow/.local/lib/python3.7/site-packages/airflow/example_dags/example_skip_dag.py
[2022-07-05 10:27:59,159] {processor.py:652} INFO - DAG(s) dict_keys(['example_skip_dag']) retrieved from /home/airflow/.local/lib/python3.7/site-packages/airflow/example_dags/example_skip_dag.py
[2022-07-05 10:27:59,318] {logging_mixin.py:109} INFO - [2022-07-05 10:27:59,315] {dag.py:2398} INFO - Sync 1 DAGs
[2022-07-05 10:27:59,412] {logging_mixin.py:109} INFO - [2022-07-05 10:27:59,411] {dag.py:2937} INFO - Setting next_dagrun for example_skip_dag to 2022-07-04T10:27:59.410193+00:00
[2022-07-05 10:27:59,460] {processor.py:171} INFO - Processing /home/airflow/.local/lib/python3.7/site-packages/airflow/example_dags/example_skip_dag.py took 0.483 seconds
[2022-07-05 10:28:30,043] {processor.py:163} INFO - Started process (PID=412) to work on /home/airflow/.local/lib/python3.7/site-packages/airflow/example_dags/example_skip_dag.py
[2022-07-05 10:28:30,051] {processor.py:642} INFO - Processing file /home/airflow/.local/lib/python3.7/site-packages/airflow/example_dags/example_skip_dag.py for tasks to queue
[2022-07-05 10:28:30,065] {logging_mixin.py:109} INFO - [2022-07-05 10:28:30,061] {dagbag.py:500} INFO - Filling up the DagBag from /home/airflow/.local/lib/python3.7/site-packages/airflow/example_dags/example_skip_dag.py
[2022-07-05 10:28:30,182] {processor.py:652} INFO - DAG(s) dict_keys(['example_skip_dag']) retrieved from /home/airflow/.local/lib/python3.7/site-packages/airflow/example_dags/example_skip_dag.py
[2022-07-05 10:28:30,271] {logging_mixin.py:109} INFO - [2022-07-05 10:28:30,270] {dag.py:2398} INFO - Sync 1 DAGs
[2022-07-05 10:28:30,397] {logging_mixin.py:109} INFO - [2022-07-05 10:28:30,397] {dag.py:2937} INFO - Setting next_dagrun for example_skip_dag to 2022-07-04T10:28:30.394867+00:00
[2022-07-05 10:28:30,443] {processor.py:171} INFO - Processing /home/airflow/.local/lib/python3.7/site-packages/airflow/example_dags/example_skip_dag.py took 0.428 seconds
[2022-07-05 10:29:01,418] {processor.py:163} INFO - Started process (PID=499) to work on /home/airflow/.local/lib/python3.7/site-packages/airflow/example_dags/example_skip_dag.py
[2022-07-05 10:29:01,423] {processor.py:642} INFO - Processing file /home/airflow/.local/lib/python3.7/site-packages/airflow/example_dags/example_skip_dag.py for tasks to queue
[2022-07-05 10:29:01,427] {logging_mixin.py:109} INFO - [2022-07-05 10:29:01,426] {dagbag.py:500} INFO - Filling up the DagBag from /home/airflow/.local/lib/python3.7/site-packages/airflow/example_dags/example_skip_dag.py
[2022-07-05 10:29:01,484] {processor.py:652} INFO - DAG(s) dict_keys(['example_skip_dag']) retrieved from /home/airflow/.local/lib/python3.7/site-packages/airflow/example_dags/example_skip_dag.py
[2022-07-05 10:29:01,546] {logging_mixin.py:109} INFO - [2022-07-05 10:29:01,546] {dag.py:2398} INFO - Sync 1 DAGs
[2022-07-05 10:29:01,603] {logging_mixin.py:109} INFO - [2022-07-05 10:29:01,602] {dag.py:2937} INFO - Setting next_dagrun for example_skip_dag to 2022-07-04T10:29:01.601075+00:00
[2022-07-05 10:29:01,633] {processor.py:171} INFO - Processing /home/airflow/.local/lib/python3.7/site-packages/airflow/example_dags/example_skip_dag.py took 0.224 seconds
[2022-07-05 10:29:31,749] {processor.py:163} INFO - Started process (PID=599) to work on /home/airflow/.local/lib/python3.7/site-packages/airflow/example_dags/example_skip_dag.py
[2022-07-05 10:29:31,754] {processor.py:642} INFO - Processing file /home/airflow/.local/lib/python3.7/site-packages/airflow/example_dags/example_skip_dag.py for tasks to queue
[2022-07-05 10:29:31,762] {logging_mixin.py:109} INFO - [2022-07-05 10:29:31,761] {dagbag.py:500} INFO - Filling up the DagBag from /home/airflow/.local/lib/python3.7/site-packages/airflow/example_dags/example_skip_dag.py
[2022-07-05 10:29:31,882] {processor.py:652} INFO - DAG(s) dict_keys(['example_skip_dag']) retrieved from /home/airflow/.local/lib/python3.7/site-packages/airflow/example_dags/example_skip_dag.py
[2022-07-05 10:29:31,958] {logging_mixin.py:109} INFO - [2022-07-05 10:29:31,957] {dag.py:2398} INFO - Sync 1 DAGs
[2022-07-05 10:29:32,017] {logging_mixin.py:109} INFO - [2022-07-05 10:29:32,016] {dag.py:2937} INFO - Setting next_dagrun for example_skip_dag to 2022-07-04T10:29:32.014760+00:00
[2022-07-05 10:29:32,052] {processor.py:171} INFO - Processing /home/airflow/.local/lib/python3.7/site-packages/airflow/example_dags/example_skip_dag.py took 0.312 seconds
[2022-07-05 10:30:02,774] {processor.py:163} INFO - Started process (PID=680) to work on /home/airflow/.local/lib/python3.7/site-packages/airflow/example_dags/example_skip_dag.py
[2022-07-05 10:30:02,779] {processor.py:642} INFO - Processing file /home/airflow/.local/lib/python3.7/site-packages/airflow/example_dags/example_skip_dag.py for tasks to queue
[2022-07-05 10:30:02,781] {logging_mixin.py:109} INFO - [2022-07-05 10:30:02,781] {dagbag.py:500} INFO - Filling up the DagBag from /home/airflow/.local/lib/python3.7/site-packages/airflow/example_dags/example_skip_dag.py
[2022-07-05 10:30:02,830] {processor.py:652} INFO - DAG(s) dict_keys(['example_skip_dag']) retrieved from /home/airflow/.local/lib/python3.7/site-packages/airflow/example_dags/example_skip_dag.py
[2022-07-05 10:30:02,888] {logging_mixin.py:109} INFO - [2022-07-05 10:30:02,888] {dag.py:2398} INFO - Sync 1 DAGs
[2022-07-05 10:30:02,936] {logging_mixin.py:109} INFO - [2022-07-05 10:30:02,935] {dag.py:2937} INFO - Setting next_dagrun for example_skip_dag to 2022-07-04T10:30:02.934104+00:00
[2022-07-05 10:30:02,962] {processor.py:171} INFO - Processing /home/airflow/.local/lib/python3.7/site-packages/airflow/example_dags/example_skip_dag.py took 0.195 seconds
[2022-07-05 10:30:33,101] {processor.py:163} INFO - Started process (PID=776) to work on /home/airflow/.local/lib/python3.7/site-packages/airflow/example_dags/example_skip_dag.py
[2022-07-05 10:30:33,113] {processor.py:642} INFO - Processing file /home/airflow/.local/lib/python3.7/site-packages/airflow/example_dags/example_skip_dag.py for tasks to queue
[2022-07-05 10:30:33,118] {logging_mixin.py:109} INFO - [2022-07-05 10:30:33,117] {dagbag.py:500} INFO - Filling up the DagBag from /home/airflow/.local/lib/python3.7/site-packages/airflow/example_dags/example_skip_dag.py
[2022-07-05 10:30:33,177] {processor.py:652} INFO - DAG(s) dict_keys(['example_skip_dag']) retrieved from /home/airflow/.local/lib/python3.7/site-packages/airflow/example_dags/example_skip_dag.py
[2022-07-05 10:30:33,252] {logging_mixin.py:109} INFO - [2022-07-05 10:30:33,251] {dag.py:2398} INFO - Sync 1 DAGs
[2022-07-05 10:30:33,310] {logging_mixin.py:109} INFO - [2022-07-05 10:30:33,309] {dag.py:2937} INFO - Setting next_dagrun for example_skip_dag to 2022-07-04T10:30:33.308385+00:00
[2022-07-05 10:30:33,345] {processor.py:171} INFO - Processing /home/airflow/.local/lib/python3.7/site-packages/airflow/example_dags/example_skip_dag.py took 0.252 seconds
[2022-07-05 10:31:03,951] {processor.py:163} INFO - Started process (PID=858) to work on /home/airflow/.local/lib/python3.7/site-packages/airflow/example_dags/example_skip_dag.py
[2022-07-05 10:31:03,955] {processor.py:642} INFO - Processing file /home/airflow/.local/lib/python3.7/site-packages/airflow/example_dags/example_skip_dag.py for tasks to queue
[2022-07-05 10:31:03,958] {logging_mixin.py:109} INFO - [2022-07-05 10:31:03,957] {dagbag.py:500} INFO - Filling up the DagBag from /home/airflow/.local/lib/python3.7/site-packages/airflow/example_dags/example_skip_dag.py
[2022-07-05 10:31:04,005] {processor.py:652} INFO - DAG(s) dict_keys(['example_skip_dag']) retrieved from /home/airflow/.local/lib/python3.7/site-packages/airflow/example_dags/example_skip_dag.py
[2022-07-05 10:31:04,065] {logging_mixin.py:109} INFO - [2022-07-05 10:31:04,065] {dag.py:2398} INFO - Sync 1 DAGs
[2022-07-05 10:31:04,112] {logging_mixin.py:109} INFO - [2022-07-05 10:31:04,112] {dag.py:2937} INFO - Setting next_dagrun for example_skip_dag to 2022-07-04T10:31:04.110802+00:00
[2022-07-05 10:31:04,139] {processor.py:171} INFO - Processing /home/airflow/.local/lib/python3.7/site-packages/airflow/example_dags/example_skip_dag.py took 0.195 seconds
