[2022-07-05 10:09:57,349] {processor.py:163} INFO - Started process (PID=430) to work on /home/airflow/.local/lib/python3.7/site-packages/airflow/example_dags/example_branch_operator.py
[2022-07-05 10:09:57,353] {processor.py:642} INFO - Processing file /home/airflow/.local/lib/python3.7/site-packages/airflow/example_dags/example_branch_operator.py for tasks to queue
[2022-07-05 10:09:57,356] {logging_mixin.py:109} INFO - [2022-07-05 10:09:57,356] {dagbag.py:500} INFO - Filling up the DagBag from /home/airflow/.local/lib/python3.7/site-packages/airflow/example_dags/example_branch_operator.py
[2022-07-05 10:09:57,423] {processor.py:652} INFO - DAG(s) dict_keys(['example_branch_operator']) retrieved from /home/airflow/.local/lib/python3.7/site-packages/airflow/example_dags/example_branch_operator.py
[2022-07-05 10:10:07,490] {logging_mixin.py:109} INFO - [2022-07-05 10:10:07,489] {manager.py:496} INFO - Created Permission View: can edit on DAG:example_branch_operator
[2022-07-05 10:10:07,541] {logging_mixin.py:109} INFO - [2022-07-05 10:10:07,540] {manager.py:496} INFO - Created Permission View: can read on DAG:example_branch_operator
[2022-07-05 10:10:07,544] {logging_mixin.py:109} INFO - [2022-07-05 10:10:07,543] {dag.py:2398} INFO - Sync 1 DAGs
[2022-07-05 10:10:07,587] {logging_mixin.py:109} INFO - [2022-07-05 10:10:07,585] {dag.py:2417} INFO - Creating ORM DAG for example_branch_operator
[2022-07-05 10:10:07,632] {logging_mixin.py:109} INFO - [2022-07-05 10:10:07,632] {dag.py:2937} INFO - Setting next_dagrun for example_branch_operator to 2022-07-04 00:00:00+00:00
[2022-07-05 10:10:07,692] {processor.py:171} INFO - Processing /home/airflow/.local/lib/python3.7/site-packages/airflow/example_dags/example_branch_operator.py took 10.350 seconds
[2022-07-05 10:26:53,951] {processor.py:163} INFO - Started process (PID=226) to work on /home/airflow/.local/lib/python3.7/site-packages/airflow/example_dags/example_branch_operator.py
[2022-07-05 10:26:53,958] {processor.py:642} INFO - Processing file /home/airflow/.local/lib/python3.7/site-packages/airflow/example_dags/example_branch_operator.py for tasks to queue
[2022-07-05 10:26:53,965] {logging_mixin.py:109} INFO - [2022-07-05 10:26:53,964] {dagbag.py:500} INFO - Filling up the DagBag from /home/airflow/.local/lib/python3.7/site-packages/airflow/example_dags/example_branch_operator.py
[2022-07-05 10:26:54,249] {processor.py:652} INFO - DAG(s) dict_keys(['example_branch_operator']) retrieved from /home/airflow/.local/lib/python3.7/site-packages/airflow/example_dags/example_branch_operator.py
[2022-07-05 10:26:54,621] {logging_mixin.py:109} INFO - [2022-07-05 10:26:54,620] {dag.py:2398} INFO - Sync 1 DAGs
[2022-07-05 10:26:55,029] {logging_mixin.py:109} INFO - [2022-07-05 10:26:55,028] {dag.py:2937} INFO - Setting next_dagrun for example_branch_operator to 2022-07-04 00:00:00+00:00
[2022-07-05 10:26:55,193] {processor.py:171} INFO - Processing /home/airflow/.local/lib/python3.7/site-packages/airflow/example_dags/example_branch_operator.py took 1.254 seconds
[2022-07-05 10:28:03,922] {processor.py:163} INFO - Started process (PID=355) to work on /home/airflow/.local/lib/python3.7/site-packages/airflow/example_dags/example_branch_operator.py
[2022-07-05 10:28:03,927] {processor.py:642} INFO - Processing file /home/airflow/.local/lib/python3.7/site-packages/airflow/example_dags/example_branch_operator.py for tasks to queue
[2022-07-05 10:28:03,931] {logging_mixin.py:109} INFO - [2022-07-05 10:28:03,930] {dagbag.py:500} INFO - Filling up the DagBag from /home/airflow/.local/lib/python3.7/site-packages/airflow/example_dags/example_branch_operator.py
[2022-07-05 10:28:04,030] {processor.py:652} INFO - DAG(s) dict_keys(['example_branch_operator']) retrieved from /home/airflow/.local/lib/python3.7/site-packages/airflow/example_dags/example_branch_operator.py
[2022-07-05 10:28:04,102] {logging_mixin.py:109} INFO - [2022-07-05 10:28:04,101] {dag.py:2398} INFO - Sync 1 DAGs
[2022-07-05 10:28:04,178] {logging_mixin.py:109} INFO - [2022-07-05 10:28:04,178] {dag.py:2937} INFO - Setting next_dagrun for example_branch_operator to 2022-07-04 00:00:00+00:00
[2022-07-05 10:28:04,212] {processor.py:171} INFO - Processing /home/airflow/.local/lib/python3.7/site-packages/airflow/example_dags/example_branch_operator.py took 0.299 seconds
[2022-07-05 10:28:36,176] {processor.py:163} INFO - Started process (PID=458) to work on /home/airflow/.local/lib/python3.7/site-packages/airflow/example_dags/example_branch_operator.py
[2022-07-05 10:28:36,183] {processor.py:642} INFO - Processing file /home/airflow/.local/lib/python3.7/site-packages/airflow/example_dags/example_branch_operator.py for tasks to queue
[2022-07-05 10:28:36,188] {logging_mixin.py:109} INFO - [2022-07-05 10:28:36,187] {dagbag.py:500} INFO - Filling up the DagBag from /home/airflow/.local/lib/python3.7/site-packages/airflow/example_dags/example_branch_operator.py
[2022-07-05 10:28:36,321] {processor.py:652} INFO - DAG(s) dict_keys(['example_branch_operator']) retrieved from /home/airflow/.local/lib/python3.7/site-packages/airflow/example_dags/example_branch_operator.py
[2022-07-05 10:28:36,412] {logging_mixin.py:109} INFO - [2022-07-05 10:28:36,411] {dag.py:2398} INFO - Sync 1 DAGs
[2022-07-05 10:28:36,625] {logging_mixin.py:109} INFO - [2022-07-05 10:28:36,625] {dag.py:2937} INFO - Setting next_dagrun for example_branch_operator to 2022-07-04 00:00:00+00:00
[2022-07-05 10:28:36,687] {processor.py:171} INFO - Processing /home/airflow/.local/lib/python3.7/site-packages/airflow/example_dags/example_branch_operator.py took 0.533 seconds
[2022-07-05 10:29:06,770] {processor.py:163} INFO - Started process (PID=537) to work on /home/airflow/.local/lib/python3.7/site-packages/airflow/example_dags/example_branch_operator.py
[2022-07-05 10:29:06,774] {processor.py:642} INFO - Processing file /home/airflow/.local/lib/python3.7/site-packages/airflow/example_dags/example_branch_operator.py for tasks to queue
[2022-07-05 10:29:06,777] {logging_mixin.py:109} INFO - [2022-07-05 10:29:06,777] {dagbag.py:500} INFO - Filling up the DagBag from /home/airflow/.local/lib/python3.7/site-packages/airflow/example_dags/example_branch_operator.py
[2022-07-05 10:29:06,859] {processor.py:652} INFO - DAG(s) dict_keys(['example_branch_operator']) retrieved from /home/airflow/.local/lib/python3.7/site-packages/airflow/example_dags/example_branch_operator.py
[2022-07-05 10:29:06,923] {logging_mixin.py:109} INFO - [2022-07-05 10:29:06,922] {dag.py:2398} INFO - Sync 1 DAGs
[2022-07-05 10:29:06,988] {logging_mixin.py:109} INFO - [2022-07-05 10:29:06,987] {dag.py:2937} INFO - Setting next_dagrun for example_branch_operator to 2022-07-04 00:00:00+00:00
[2022-07-05 10:29:07,013] {processor.py:171} INFO - Processing /home/airflow/.local/lib/python3.7/site-packages/airflow/example_dags/example_branch_operator.py took 0.250 seconds
[2022-07-05 10:29:39,823] {processor.py:163} INFO - Started process (PID=637) to work on /home/airflow/.local/lib/python3.7/site-packages/airflow/example_dags/example_branch_operator.py
[2022-07-05 10:29:39,828] {processor.py:642} INFO - Processing file /home/airflow/.local/lib/python3.7/site-packages/airflow/example_dags/example_branch_operator.py for tasks to queue
[2022-07-05 10:29:39,832] {logging_mixin.py:109} INFO - [2022-07-05 10:29:39,831] {dagbag.py:500} INFO - Filling up the DagBag from /home/airflow/.local/lib/python3.7/site-packages/airflow/example_dags/example_branch_operator.py
[2022-07-05 10:29:39,940] {processor.py:652} INFO - DAG(s) dict_keys(['example_branch_operator']) retrieved from /home/airflow/.local/lib/python3.7/site-packages/airflow/example_dags/example_branch_operator.py
[2022-07-05 10:29:40,013] {logging_mixin.py:109} INFO - [2022-07-05 10:29:40,012] {dag.py:2398} INFO - Sync 1 DAGs
[2022-07-05 10:29:40,103] {logging_mixin.py:109} INFO - [2022-07-05 10:29:40,102] {dag.py:2937} INFO - Setting next_dagrun for example_branch_operator to 2022-07-04 00:00:00+00:00
[2022-07-05 10:29:40,134] {processor.py:171} INFO - Processing /home/airflow/.local/lib/python3.7/site-packages/airflow/example_dags/example_branch_operator.py took 0.319 seconds
[2022-07-05 10:30:10,579] {processor.py:163} INFO - Started process (PID=727) to work on /home/airflow/.local/lib/python3.7/site-packages/airflow/example_dags/example_branch_operator.py
[2022-07-05 10:30:10,589] {processor.py:642} INFO - Processing file /home/airflow/.local/lib/python3.7/site-packages/airflow/example_dags/example_branch_operator.py for tasks to queue
[2022-07-05 10:30:10,593] {logging_mixin.py:109} INFO - [2022-07-05 10:30:10,593] {dagbag.py:500} INFO - Filling up the DagBag from /home/airflow/.local/lib/python3.7/site-packages/airflow/example_dags/example_branch_operator.py
[2022-07-05 10:30:10,732] {processor.py:652} INFO - DAG(s) dict_keys(['example_branch_operator']) retrieved from /home/airflow/.local/lib/python3.7/site-packages/airflow/example_dags/example_branch_operator.py
[2022-07-05 10:30:10,809] {logging_mixin.py:109} INFO - [2022-07-05 10:30:10,808] {dag.py:2398} INFO - Sync 1 DAGs
[2022-07-05 10:30:10,931] {logging_mixin.py:109} INFO - [2022-07-05 10:30:10,930] {dag.py:2937} INFO - Setting next_dagrun for example_branch_operator to 2022-07-04 00:00:00+00:00
[2022-07-05 10:30:10,964] {processor.py:171} INFO - Processing /home/airflow/.local/lib/python3.7/site-packages/airflow/example_dags/example_branch_operator.py took 0.392 seconds
[2022-07-05 10:30:42,106] {processor.py:163} INFO - Started process (PID=814) to work on /home/airflow/.local/lib/python3.7/site-packages/airflow/example_dags/example_branch_operator.py
[2022-07-05 10:30:42,110] {processor.py:642} INFO - Processing file /home/airflow/.local/lib/python3.7/site-packages/airflow/example_dags/example_branch_operator.py for tasks to queue
[2022-07-05 10:30:42,114] {logging_mixin.py:109} INFO - [2022-07-05 10:30:42,113] {dagbag.py:500} INFO - Filling up the DagBag from /home/airflow/.local/lib/python3.7/site-packages/airflow/example_dags/example_branch_operator.py
[2022-07-05 10:30:42,184] {processor.py:652} INFO - DAG(s) dict_keys(['example_branch_operator']) retrieved from /home/airflow/.local/lib/python3.7/site-packages/airflow/example_dags/example_branch_operator.py
[2022-07-05 10:30:42,251] {logging_mixin.py:109} INFO - [2022-07-05 10:30:42,251] {dag.py:2398} INFO - Sync 1 DAGs
[2022-07-05 10:30:42,323] {logging_mixin.py:109} INFO - [2022-07-05 10:30:42,323] {dag.py:2937} INFO - Setting next_dagrun for example_branch_operator to 2022-07-04 00:00:00+00:00
[2022-07-05 10:30:42,355] {processor.py:171} INFO - Processing /home/airflow/.local/lib/python3.7/site-packages/airflow/example_dags/example_branch_operator.py took 0.256 seconds
[2022-07-05 10:31:14,250] {processor.py:163} INFO - Started process (PID=914) to work on /home/airflow/.local/lib/python3.7/site-packages/airflow/example_dags/example_branch_operator.py
[2022-07-05 10:31:14,255] {processor.py:642} INFO - Processing file /home/airflow/.local/lib/python3.7/site-packages/airflow/example_dags/example_branch_operator.py for tasks to queue
[2022-07-05 10:31:14,260] {logging_mixin.py:109} INFO - [2022-07-05 10:31:14,259] {dagbag.py:500} INFO - Filling up the DagBag from /home/airflow/.local/lib/python3.7/site-packages/airflow/example_dags/example_branch_operator.py
[2022-07-05 10:31:14,363] {processor.py:652} INFO - DAG(s) dict_keys(['example_branch_operator']) retrieved from /home/airflow/.local/lib/python3.7/site-packages/airflow/example_dags/example_branch_operator.py
[2022-07-05 10:31:14,482] {logging_mixin.py:109} INFO - [2022-07-05 10:31:14,481] {dag.py:2398} INFO - Sync 1 DAGs
[2022-07-05 10:31:14,580] {logging_mixin.py:109} INFO - [2022-07-05 10:31:14,579] {dag.py:2937} INFO - Setting next_dagrun for example_branch_operator to 2022-07-04 00:00:00+00:00
[2022-07-05 10:31:14,619] {processor.py:171} INFO - Processing /home/airflow/.local/lib/python3.7/site-packages/airflow/example_dags/example_branch_operator.py took 0.378 seconds
