[2022-07-05 10:10:28,345] {processor.py:163} INFO - Started process (PID=503) to work on /home/airflow/.local/lib/python3.7/site-packages/airflow/example_dags/example_task_group_decorator.py
[2022-07-05 10:10:28,359] {processor.py:642} INFO - Processing file /home/airflow/.local/lib/python3.7/site-packages/airflow/example_dags/example_task_group_decorator.py for tasks to queue
[2022-07-05 10:10:28,364] {logging_mixin.py:109} INFO - [2022-07-05 10:10:28,364] {dagbag.py:500} INFO - Filling up the DagBag from /home/airflow/.local/lib/python3.7/site-packages/airflow/example_dags/example_task_group_decorator.py
[2022-07-05 10:10:28,530] {processor.py:652} INFO - DAG(s) dict_keys(['example_task_group_decorator']) retrieved from /home/airflow/.local/lib/python3.7/site-packages/airflow/example_dags/example_task_group_decorator.py
[2022-07-05 10:10:37,485] {logging_mixin.py:109} INFO - [2022-07-05 10:10:37,485] {manager.py:496} INFO - Created Permission View: can edit on DAG:example_task_group_decorator
[2022-07-05 10:10:37,521] {logging_mixin.py:109} INFO - [2022-07-05 10:10:37,521] {manager.py:496} INFO - Created Permission View: can read on DAG:example_task_group_decorator
[2022-07-05 10:10:37,525] {logging_mixin.py:109} INFO - [2022-07-05 10:10:37,523] {dag.py:2398} INFO - Sync 1 DAGs
[2022-07-05 10:10:37,558] {logging_mixin.py:109} INFO - [2022-07-05 10:10:37,557] {dag.py:2417} INFO - Creating ORM DAG for example_task_group_decorator
[2022-07-05 10:10:37,587] {logging_mixin.py:109} INFO - [2022-07-05 10:10:37,586] {dag.py:2937} INFO - Setting next_dagrun for example_task_group_decorator to 2022-07-04T10:10:37.585408+00:00
[2022-07-05 10:10:37,624] {processor.py:171} INFO - Processing /home/airflow/.local/lib/python3.7/site-packages/airflow/example_dags/example_task_group_decorator.py took 9.300 seconds
[2022-07-05 10:27:01,847] {processor.py:163} INFO - Started process (PID=244) to work on /home/airflow/.local/lib/python3.7/site-packages/airflow/example_dags/example_task_group_decorator.py
[2022-07-05 10:27:01,857] {processor.py:642} INFO - Processing file /home/airflow/.local/lib/python3.7/site-packages/airflow/example_dags/example_task_group_decorator.py for tasks to queue
[2022-07-05 10:27:01,861] {logging_mixin.py:109} INFO - [2022-07-05 10:27:01,860] {dagbag.py:500} INFO - Filling up the DagBag from /home/airflow/.local/lib/python3.7/site-packages/airflow/example_dags/example_task_group_decorator.py
[2022-07-05 10:27:02,389] {processor.py:652} INFO - DAG(s) dict_keys(['example_task_group_decorator']) retrieved from /home/airflow/.local/lib/python3.7/site-packages/airflow/example_dags/example_task_group_decorator.py
[2022-07-05 10:27:04,471] {logging_mixin.py:109} INFO - [2022-07-05 10:27:04,471] {dag.py:2398} INFO - Sync 1 DAGs
[2022-07-05 10:27:04,565] {logging_mixin.py:109} INFO - [2022-07-05 10:27:04,564] {dag.py:2937} INFO - Setting next_dagrun for example_task_group_decorator to 2022-07-04T10:27:04.562700+00:00
[2022-07-05 10:27:04,649] {processor.py:171} INFO - Processing /home/airflow/.local/lib/python3.7/site-packages/airflow/example_dags/example_task_group_decorator.py took 2.818 seconds
[2022-07-05 10:28:05,997] {processor.py:163} INFO - Started process (PID=367) to work on /home/airflow/.local/lib/python3.7/site-packages/airflow/example_dags/example_task_group_decorator.py
[2022-07-05 10:28:06,002] {processor.py:642} INFO - Processing file /home/airflow/.local/lib/python3.7/site-packages/airflow/example_dags/example_task_group_decorator.py for tasks to queue
[2022-07-05 10:28:06,004] {logging_mixin.py:109} INFO - [2022-07-05 10:28:06,004] {dagbag.py:500} INFO - Filling up the DagBag from /home/airflow/.local/lib/python3.7/site-packages/airflow/example_dags/example_task_group_decorator.py
[2022-07-05 10:28:06,122] {processor.py:652} INFO - DAG(s) dict_keys(['example_task_group_decorator']) retrieved from /home/airflow/.local/lib/python3.7/site-packages/airflow/example_dags/example_task_group_decorator.py
[2022-07-05 10:28:07,097] {logging_mixin.py:109} INFO - [2022-07-05 10:28:07,097] {dag.py:2398} INFO - Sync 1 DAGs
[2022-07-05 10:28:07,152] {logging_mixin.py:109} INFO - [2022-07-05 10:28:07,151] {dag.py:2937} INFO - Setting next_dagrun for example_task_group_decorator to 2022-07-04T10:28:07.150246+00:00
[2022-07-05 10:28:07,187] {processor.py:171} INFO - Processing /home/airflow/.local/lib/python3.7/site-packages/airflow/example_dags/example_task_group_decorator.py took 1.197 seconds
[2022-07-05 10:28:41,457] {processor.py:163} INFO - Started process (PID=472) to work on /home/airflow/.local/lib/python3.7/site-packages/airflow/example_dags/example_task_group_decorator.py
[2022-07-05 10:28:41,461] {processor.py:642} INFO - Processing file /home/airflow/.local/lib/python3.7/site-packages/airflow/example_dags/example_task_group_decorator.py for tasks to queue
[2022-07-05 10:28:41,469] {logging_mixin.py:109} INFO - [2022-07-05 10:28:41,468] {dagbag.py:500} INFO - Filling up the DagBag from /home/airflow/.local/lib/python3.7/site-packages/airflow/example_dags/example_task_group_decorator.py
[2022-07-05 10:28:41,776] {processor.py:652} INFO - DAG(s) dict_keys(['example_task_group_decorator']) retrieved from /home/airflow/.local/lib/python3.7/site-packages/airflow/example_dags/example_task_group_decorator.py
[2022-07-05 10:28:42,994] {logging_mixin.py:109} INFO - [2022-07-05 10:28:42,993] {dag.py:2398} INFO - Sync 1 DAGs
[2022-07-05 10:28:43,056] {logging_mixin.py:109} INFO - [2022-07-05 10:28:43,056] {dag.py:2937} INFO - Setting next_dagrun for example_task_group_decorator to 2022-07-04T10:28:43.054177+00:00
[2022-07-05 10:28:43,095] {processor.py:171} INFO - Processing /home/airflow/.local/lib/python3.7/site-packages/airflow/example_dags/example_task_group_decorator.py took 1.649 seconds
[2022-07-05 10:29:13,878] {processor.py:163} INFO - Started process (PID=576) to work on /home/airflow/.local/lib/python3.7/site-packages/airflow/example_dags/example_task_group_decorator.py
[2022-07-05 10:29:13,883] {processor.py:642} INFO - Processing file /home/airflow/.local/lib/python3.7/site-packages/airflow/example_dags/example_task_group_decorator.py for tasks to queue
[2022-07-05 10:29:13,886] {logging_mixin.py:109} INFO - [2022-07-05 10:29:13,886] {dagbag.py:500} INFO - Filling up the DagBag from /home/airflow/.local/lib/python3.7/site-packages/airflow/example_dags/example_task_group_decorator.py
[2022-07-05 10:29:14,039] {processor.py:652} INFO - DAG(s) dict_keys(['example_task_group_decorator']) retrieved from /home/airflow/.local/lib/python3.7/site-packages/airflow/example_dags/example_task_group_decorator.py
[2022-07-05 10:29:15,142] {logging_mixin.py:109} INFO - [2022-07-05 10:29:15,142] {dag.py:2398} INFO - Sync 1 DAGs
[2022-07-05 10:29:15,240] {logging_mixin.py:109} INFO - [2022-07-05 10:29:15,239] {dag.py:2937} INFO - Setting next_dagrun for example_task_group_decorator to 2022-07-04T10:29:15.237628+00:00
[2022-07-05 10:29:15,285] {processor.py:171} INFO - Processing /home/airflow/.local/lib/python3.7/site-packages/airflow/example_dags/example_task_group_decorator.py took 1.415 seconds
[2022-07-05 10:29:45,419] {processor.py:163} INFO - Started process (PID=659) to work on /home/airflow/.local/lib/python3.7/site-packages/airflow/example_dags/example_task_group_decorator.py
[2022-07-05 10:29:45,423] {processor.py:642} INFO - Processing file /home/airflow/.local/lib/python3.7/site-packages/airflow/example_dags/example_task_group_decorator.py for tasks to queue
[2022-07-05 10:29:45,425] {logging_mixin.py:109} INFO - [2022-07-05 10:29:45,425] {dagbag.py:500} INFO - Filling up the DagBag from /home/airflow/.local/lib/python3.7/site-packages/airflow/example_dags/example_task_group_decorator.py
[2022-07-05 10:29:45,534] {processor.py:652} INFO - DAG(s) dict_keys(['example_task_group_decorator']) retrieved from /home/airflow/.local/lib/python3.7/site-packages/airflow/example_dags/example_task_group_decorator.py
[2022-07-05 10:29:46,409] {logging_mixin.py:109} INFO - [2022-07-05 10:29:46,409] {dag.py:2398} INFO - Sync 1 DAGs
[2022-07-05 10:29:46,453] {logging_mixin.py:109} INFO - [2022-07-05 10:29:46,453] {dag.py:2937} INFO - Setting next_dagrun for example_task_group_decorator to 2022-07-04T10:29:46.451883+00:00
[2022-07-05 10:29:46,489] {processor.py:171} INFO - Processing /home/airflow/.local/lib/python3.7/site-packages/airflow/example_dags/example_task_group_decorator.py took 1.076 seconds
[2022-07-05 10:30:17,135] {processor.py:163} INFO - Started process (PID=755) to work on /home/airflow/.local/lib/python3.7/site-packages/airflow/example_dags/example_task_group_decorator.py
[2022-07-05 10:30:17,141] {processor.py:642} INFO - Processing file /home/airflow/.local/lib/python3.7/site-packages/airflow/example_dags/example_task_group_decorator.py for tasks to queue
[2022-07-05 10:30:17,145] {logging_mixin.py:109} INFO - [2022-07-05 10:30:17,144] {dagbag.py:500} INFO - Filling up the DagBag from /home/airflow/.local/lib/python3.7/site-packages/airflow/example_dags/example_task_group_decorator.py
[2022-07-05 10:30:17,296] {processor.py:652} INFO - DAG(s) dict_keys(['example_task_group_decorator']) retrieved from /home/airflow/.local/lib/python3.7/site-packages/airflow/example_dags/example_task_group_decorator.py
[2022-07-05 10:30:18,506] {logging_mixin.py:109} INFO - [2022-07-05 10:30:18,506] {dag.py:2398} INFO - Sync 1 DAGs
[2022-07-05 10:30:18,572] {logging_mixin.py:109} INFO - [2022-07-05 10:30:18,572] {dag.py:2937} INFO - Setting next_dagrun for example_task_group_decorator to 2022-07-04T10:30:18.570819+00:00
[2022-07-05 10:30:18,613] {processor.py:171} INFO - Processing /home/airflow/.local/lib/python3.7/site-packages/airflow/example_dags/example_task_group_decorator.py took 1.486 seconds
[2022-07-05 10:30:49,368] {processor.py:163} INFO - Started process (PID=848) to work on /home/airflow/.local/lib/python3.7/site-packages/airflow/example_dags/example_task_group_decorator.py
[2022-07-05 10:30:49,373] {processor.py:642} INFO - Processing file /home/airflow/.local/lib/python3.7/site-packages/airflow/example_dags/example_task_group_decorator.py for tasks to queue
[2022-07-05 10:30:49,376] {logging_mixin.py:109} INFO - [2022-07-05 10:30:49,376] {dagbag.py:500} INFO - Filling up the DagBag from /home/airflow/.local/lib/python3.7/site-packages/airflow/example_dags/example_task_group_decorator.py
[2022-07-05 10:30:49,610] {processor.py:652} INFO - DAG(s) dict_keys(['example_task_group_decorator']) retrieved from /home/airflow/.local/lib/python3.7/site-packages/airflow/example_dags/example_task_group_decorator.py
[2022-07-05 10:30:50,694] {logging_mixin.py:109} INFO - [2022-07-05 10:30:50,694] {dag.py:2398} INFO - Sync 1 DAGs
[2022-07-05 10:30:50,760] {logging_mixin.py:109} INFO - [2022-07-05 10:30:50,760] {dag.py:2937} INFO - Setting next_dagrun for example_task_group_decorator to 2022-07-04T10:30:50.757602+00:00
[2022-07-05 10:30:50,807] {processor.py:171} INFO - Processing /home/airflow/.local/lib/python3.7/site-packages/airflow/example_dags/example_task_group_decorator.py took 1.447 seconds
[2022-07-05 10:31:21,265] {processor.py:163} INFO - Started process (PID=938) to work on /home/airflow/.local/lib/python3.7/site-packages/airflow/example_dags/example_task_group_decorator.py
[2022-07-05 10:31:21,271] {processor.py:642} INFO - Processing file /home/airflow/.local/lib/python3.7/site-packages/airflow/example_dags/example_task_group_decorator.py for tasks to queue
[2022-07-05 10:31:21,276] {logging_mixin.py:109} INFO - [2022-07-05 10:31:21,276] {dagbag.py:500} INFO - Filling up the DagBag from /home/airflow/.local/lib/python3.7/site-packages/airflow/example_dags/example_task_group_decorator.py
[2022-07-05 10:31:21,478] {processor.py:652} INFO - DAG(s) dict_keys(['example_task_group_decorator']) retrieved from /home/airflow/.local/lib/python3.7/site-packages/airflow/example_dags/example_task_group_decorator.py
[2022-07-05 10:31:22,645] {logging_mixin.py:109} INFO - [2022-07-05 10:31:22,644] {dag.py:2398} INFO - Sync 1 DAGs
[2022-07-05 10:31:22,706] {logging_mixin.py:109} INFO - [2022-07-05 10:31:22,705] {dag.py:2937} INFO - Setting next_dagrun for example_task_group_decorator to 2022-07-04T10:31:22.703902+00:00
[2022-07-05 10:31:22,750] {processor.py:171} INFO - Processing /home/airflow/.local/lib/python3.7/site-packages/airflow/example_dags/example_task_group_decorator.py took 1.494 seconds
