[2022-07-05 10:08:31,439] {processor.py:163} INFO - Started process (PID=255) to work on /home/airflow/.local/lib/python3.7/site-packages/airflow/example_dags/example_branch_labels.py
[2022-07-05 10:08:31,447] {processor.py:642} INFO - Processing file /home/airflow/.local/lib/python3.7/site-packages/airflow/example_dags/example_branch_labels.py for tasks to queue
[2022-07-05 10:08:31,459] {logging_mixin.py:109} INFO - [2022-07-05 10:08:31,457] {dagbag.py:500} INFO - Filling up the DagBag from /home/airflow/.local/lib/python3.7/site-packages/airflow/example_dags/example_branch_labels.py
[2022-07-05 10:08:31,615] {processor.py:652} INFO - DAG(s) dict_keys(['example_branch_labels']) retrieved from /home/airflow/.local/lib/python3.7/site-packages/airflow/example_dags/example_branch_labels.py
[2022-07-05 10:08:44,155] {logging_mixin.py:109} INFO - [2022-07-05 10:08:44,154] {manager.py:496} INFO - Created Permission View: can edit on DAG:example_branch_labels
[2022-07-05 10:08:44,193] {logging_mixin.py:109} INFO - [2022-07-05 10:08:44,193] {manager.py:496} INFO - Created Permission View: can read on DAG:example_branch_labels
[2022-07-05 10:08:44,198] {logging_mixin.py:109} INFO - [2022-07-05 10:08:44,196] {dag.py:2398} INFO - Sync 1 DAGs
[2022-07-05 10:08:44,250] {logging_mixin.py:109} INFO - [2022-07-05 10:08:44,249] {dag.py:2417} INFO - Creating ORM DAG for example_branch_labels
[2022-07-05 10:08:44,336] {logging_mixin.py:109} INFO - [2022-07-05 10:08:44,336] {dag.py:2937} INFO - Setting next_dagrun for example_branch_labels to 2022-07-04 00:00:00+00:00
[2022-07-05 10:08:44,390] {processor.py:171} INFO - Processing /home/airflow/.local/lib/python3.7/site-packages/airflow/example_dags/example_branch_labels.py took 12.975 seconds
[2022-07-05 10:26:45,438] {processor.py:163} INFO - Started process (PID=186) to work on /home/airflow/.local/lib/python3.7/site-packages/airflow/example_dags/example_branch_labels.py
[2022-07-05 10:26:45,453] {processor.py:642} INFO - Processing file /home/airflow/.local/lib/python3.7/site-packages/airflow/example_dags/example_branch_labels.py for tasks to queue
[2022-07-05 10:26:45,465] {logging_mixin.py:109} INFO - [2022-07-05 10:26:45,464] {dagbag.py:500} INFO - Filling up the DagBag from /home/airflow/.local/lib/python3.7/site-packages/airflow/example_dags/example_branch_labels.py
[2022-07-05 10:26:45,659] {processor.py:652} INFO - DAG(s) dict_keys(['example_branch_labels']) retrieved from /home/airflow/.local/lib/python3.7/site-packages/airflow/example_dags/example_branch_labels.py
[2022-07-05 10:26:45,822] {logging_mixin.py:109} INFO - [2022-07-05 10:26:45,822] {dag.py:2398} INFO - Sync 1 DAGs
[2022-07-05 10:26:46,108] {logging_mixin.py:109} INFO - [2022-07-05 10:26:46,103] {dag.py:2937} INFO - Setting next_dagrun for example_branch_labels to 2022-07-04 00:00:00+00:00
[2022-07-05 10:26:46,169] {processor.py:171} INFO - Processing /home/airflow/.local/lib/python3.7/site-packages/airflow/example_dags/example_branch_labels.py took 0.753 seconds
[2022-07-05 10:28:01,098] {processor.py:163} INFO - Started process (PID=325) to work on /home/airflow/.local/lib/python3.7/site-packages/airflow/example_dags/example_branch_labels.py
[2022-07-05 10:28:01,103] {processor.py:642} INFO - Processing file /home/airflow/.local/lib/python3.7/site-packages/airflow/example_dags/example_branch_labels.py for tasks to queue
[2022-07-05 10:28:01,107] {logging_mixin.py:109} INFO - [2022-07-05 10:28:01,106] {dagbag.py:500} INFO - Filling up the DagBag from /home/airflow/.local/lib/python3.7/site-packages/airflow/example_dags/example_branch_labels.py
[2022-07-05 10:28:01,176] {processor.py:652} INFO - DAG(s) dict_keys(['example_branch_labels']) retrieved from /home/airflow/.local/lib/python3.7/site-packages/airflow/example_dags/example_branch_labels.py
[2022-07-05 10:28:01,236] {logging_mixin.py:109} INFO - [2022-07-05 10:28:01,235] {dag.py:2398} INFO - Sync 1 DAGs
[2022-07-05 10:28:01,323] {logging_mixin.py:109} INFO - [2022-07-05 10:28:01,322] {dag.py:2937} INFO - Setting next_dagrun for example_branch_labels to 2022-07-04 00:00:00+00:00
[2022-07-05 10:28:01,351] {processor.py:171} INFO - Processing /home/airflow/.local/lib/python3.7/site-packages/airflow/example_dags/example_branch_labels.py took 0.261 seconds
[2022-07-05 10:28:32,974] {processor.py:163} INFO - Started process (PID=428) to work on /home/airflow/.local/lib/python3.7/site-packages/airflow/example_dags/example_branch_labels.py
[2022-07-05 10:28:32,979] {processor.py:642} INFO - Processing file /home/airflow/.local/lib/python3.7/site-packages/airflow/example_dags/example_branch_labels.py for tasks to queue
[2022-07-05 10:28:32,982] {logging_mixin.py:109} INFO - [2022-07-05 10:28:32,981] {dagbag.py:500} INFO - Filling up the DagBag from /home/airflow/.local/lib/python3.7/site-packages/airflow/example_dags/example_branch_labels.py
[2022-07-05 10:28:33,046] {processor.py:652} INFO - DAG(s) dict_keys(['example_branch_labels']) retrieved from /home/airflow/.local/lib/python3.7/site-packages/airflow/example_dags/example_branch_labels.py
[2022-07-05 10:28:33,107] {logging_mixin.py:109} INFO - [2022-07-05 10:28:33,107] {dag.py:2398} INFO - Sync 1 DAGs
[2022-07-05 10:28:33,191] {logging_mixin.py:109} INFO - [2022-07-05 10:28:33,190] {dag.py:2937} INFO - Setting next_dagrun for example_branch_labels to 2022-07-04 00:00:00+00:00
[2022-07-05 10:28:33,220] {processor.py:171} INFO - Processing /home/airflow/.local/lib/python3.7/site-packages/airflow/example_dags/example_branch_labels.py took 0.254 seconds
[2022-07-05 10:29:04,805] {processor.py:163} INFO - Started process (PID=509) to work on /home/airflow/.local/lib/python3.7/site-packages/airflow/example_dags/example_branch_labels.py
[2022-07-05 10:29:04,809] {processor.py:642} INFO - Processing file /home/airflow/.local/lib/python3.7/site-packages/airflow/example_dags/example_branch_labels.py for tasks to queue
[2022-07-05 10:29:04,812] {logging_mixin.py:109} INFO - [2022-07-05 10:29:04,811] {dagbag.py:500} INFO - Filling up the DagBag from /home/airflow/.local/lib/python3.7/site-packages/airflow/example_dags/example_branch_labels.py
[2022-07-05 10:29:04,861] {processor.py:652} INFO - DAG(s) dict_keys(['example_branch_labels']) retrieved from /home/airflow/.local/lib/python3.7/site-packages/airflow/example_dags/example_branch_labels.py
[2022-07-05 10:29:04,916] {logging_mixin.py:109} INFO - [2022-07-05 10:29:04,916] {dag.py:2398} INFO - Sync 1 DAGs
[2022-07-05 10:29:04,976] {logging_mixin.py:109} INFO - [2022-07-05 10:29:04,976] {dag.py:2937} INFO - Setting next_dagrun for example_branch_labels to 2022-07-04 00:00:00+00:00
[2022-07-05 10:29:05,000] {processor.py:171} INFO - Processing /home/airflow/.local/lib/python3.7/site-packages/airflow/example_dags/example_branch_labels.py took 0.202 seconds
[2022-07-05 10:29:36,801] {processor.py:163} INFO - Started process (PID=609) to work on /home/airflow/.local/lib/python3.7/site-packages/airflow/example_dags/example_branch_labels.py
[2022-07-05 10:29:36,806] {processor.py:642} INFO - Processing file /home/airflow/.local/lib/python3.7/site-packages/airflow/example_dags/example_branch_labels.py for tasks to queue
[2022-07-05 10:29:36,810] {logging_mixin.py:109} INFO - [2022-07-05 10:29:36,809] {dagbag.py:500} INFO - Filling up the DagBag from /home/airflow/.local/lib/python3.7/site-packages/airflow/example_dags/example_branch_labels.py
[2022-07-05 10:29:36,880] {processor.py:652} INFO - DAG(s) dict_keys(['example_branch_labels']) retrieved from /home/airflow/.local/lib/python3.7/site-packages/airflow/example_dags/example_branch_labels.py
[2022-07-05 10:29:36,950] {logging_mixin.py:109} INFO - [2022-07-05 10:29:36,950] {dag.py:2398} INFO - Sync 1 DAGs
[2022-07-05 10:29:37,067] {logging_mixin.py:109} INFO - [2022-07-05 10:29:37,066] {dag.py:2937} INFO - Setting next_dagrun for example_branch_labels to 2022-07-04 00:00:00+00:00
[2022-07-05 10:29:37,103] {processor.py:171} INFO - Processing /home/airflow/.local/lib/python3.7/site-packages/airflow/example_dags/example_branch_labels.py took 0.309 seconds
[2022-07-05 10:30:08,488] {processor.py:163} INFO - Started process (PID=690) to work on /home/airflow/.local/lib/python3.7/site-packages/airflow/example_dags/example_branch_labels.py
[2022-07-05 10:30:08,494] {processor.py:642} INFO - Processing file /home/airflow/.local/lib/python3.7/site-packages/airflow/example_dags/example_branch_labels.py for tasks to queue
[2022-07-05 10:30:08,496] {logging_mixin.py:109} INFO - [2022-07-05 10:30:08,496] {dagbag.py:500} INFO - Filling up the DagBag from /home/airflow/.local/lib/python3.7/site-packages/airflow/example_dags/example_branch_labels.py
[2022-07-05 10:30:08,546] {processor.py:652} INFO - DAG(s) dict_keys(['example_branch_labels']) retrieved from /home/airflow/.local/lib/python3.7/site-packages/airflow/example_dags/example_branch_labels.py
[2022-07-05 10:30:08,598] {logging_mixin.py:109} INFO - [2022-07-05 10:30:08,597] {dag.py:2398} INFO - Sync 1 DAGs
[2022-07-05 10:30:08,656] {logging_mixin.py:109} INFO - [2022-07-05 10:30:08,655] {dag.py:2937} INFO - Setting next_dagrun for example_branch_labels to 2022-07-04 00:00:00+00:00
[2022-07-05 10:30:08,683] {processor.py:171} INFO - Processing /home/airflow/.local/lib/python3.7/site-packages/airflow/example_dags/example_branch_labels.py took 0.203 seconds
[2022-07-05 10:30:40,117] {processor.py:163} INFO - Started process (PID=786) to work on /home/airflow/.local/lib/python3.7/site-packages/airflow/example_dags/example_branch_labels.py
[2022-07-05 10:30:40,121] {processor.py:642} INFO - Processing file /home/airflow/.local/lib/python3.7/site-packages/airflow/example_dags/example_branch_labels.py for tasks to queue
[2022-07-05 10:30:40,124] {logging_mixin.py:109} INFO - [2022-07-05 10:30:40,123] {dagbag.py:500} INFO - Filling up the DagBag from /home/airflow/.local/lib/python3.7/site-packages/airflow/example_dags/example_branch_labels.py
[2022-07-05 10:30:40,184] {processor.py:652} INFO - DAG(s) dict_keys(['example_branch_labels']) retrieved from /home/airflow/.local/lib/python3.7/site-packages/airflow/example_dags/example_branch_labels.py
[2022-07-05 10:30:40,240] {logging_mixin.py:109} INFO - [2022-07-05 10:30:40,239] {dag.py:2398} INFO - Sync 1 DAGs
[2022-07-05 10:30:40,304] {logging_mixin.py:109} INFO - [2022-07-05 10:30:40,303] {dag.py:2937} INFO - Setting next_dagrun for example_branch_labels to 2022-07-04 00:00:00+00:00
[2022-07-05 10:30:40,332] {processor.py:171} INFO - Processing /home/airflow/.local/lib/python3.7/site-packages/airflow/example_dags/example_branch_labels.py took 0.222 seconds
[2022-07-05 10:31:11,820] {processor.py:163} INFO - Started process (PID=886) to work on /home/airflow/.local/lib/python3.7/site-packages/airflow/example_dags/example_branch_labels.py
[2022-07-05 10:31:11,826] {processor.py:642} INFO - Processing file /home/airflow/.local/lib/python3.7/site-packages/airflow/example_dags/example_branch_labels.py for tasks to queue
[2022-07-05 10:31:11,831] {logging_mixin.py:109} INFO - [2022-07-05 10:31:11,830] {dagbag.py:500} INFO - Filling up the DagBag from /home/airflow/.local/lib/python3.7/site-packages/airflow/example_dags/example_branch_labels.py
[2022-07-05 10:31:11,894] {processor.py:652} INFO - DAG(s) dict_keys(['example_branch_labels']) retrieved from /home/airflow/.local/lib/python3.7/site-packages/airflow/example_dags/example_branch_labels.py
[2022-07-05 10:31:11,970] {logging_mixin.py:109} INFO - [2022-07-05 10:31:11,969] {dag.py:2398} INFO - Sync 1 DAGs
[2022-07-05 10:31:12,081] {logging_mixin.py:109} INFO - [2022-07-05 10:31:12,081] {dag.py:2937} INFO - Setting next_dagrun for example_branch_labels to 2022-07-04 00:00:00+00:00
[2022-07-05 10:31:12,122] {processor.py:171} INFO - Processing /home/airflow/.local/lib/python3.7/site-packages/airflow/example_dags/example_branch_labels.py took 0.317 seconds
