[2022-07-05 10:10:08,632] {processor.py:163} INFO - Started process (PID=461) to work on /home/airflow/.local/lib/python3.7/site-packages/airflow/example_dags/example_trigger_controller_dag.py
[2022-07-05 10:10:08,637] {processor.py:642} INFO - Processing file /home/airflow/.local/lib/python3.7/site-packages/airflow/example_dags/example_trigger_controller_dag.py for tasks to queue
[2022-07-05 10:10:08,640] {logging_mixin.py:109} INFO - [2022-07-05 10:10:08,640] {dagbag.py:500} INFO - Filling up the DagBag from /home/airflow/.local/lib/python3.7/site-packages/airflow/example_dags/example_trigger_controller_dag.py
[2022-07-05 10:10:08,710] {processor.py:652} INFO - DAG(s) dict_keys(['example_trigger_controller_dag']) retrieved from /home/airflow/.local/lib/python3.7/site-packages/airflow/example_dags/example_trigger_controller_dag.py
[2022-07-05 10:10:17,861] {logging_mixin.py:109} INFO - [2022-07-05 10:10:17,861] {manager.py:496} INFO - Created Permission View: can edit on DAG:example_trigger_controller_dag
[2022-07-05 10:10:17,885] {logging_mixin.py:109} INFO - [2022-07-05 10:10:17,884] {manager.py:496} INFO - Created Permission View: can read on DAG:example_trigger_controller_dag
[2022-07-05 10:10:17,887] {logging_mixin.py:109} INFO - [2022-07-05 10:10:17,886] {dag.py:2398} INFO - Sync 1 DAGs
[2022-07-05 10:10:17,915] {logging_mixin.py:109} INFO - [2022-07-05 10:10:17,913] {dag.py:2417} INFO - Creating ORM DAG for example_trigger_controller_dag
[2022-07-05 10:10:17,942] {logging_mixin.py:109} INFO - [2022-07-05 10:10:17,941] {dag.py:2937} INFO - Setting next_dagrun for example_trigger_controller_dag to 2021-01-01T00:00:00+00:00
[2022-07-05 10:10:17,981] {processor.py:171} INFO - Processing /home/airflow/.local/lib/python3.7/site-packages/airflow/example_dags/example_trigger_controller_dag.py took 9.357 seconds
[2022-07-05 10:26:59,809] {processor.py:163} INFO - Started process (PID=238) to work on /home/airflow/.local/lib/python3.7/site-packages/airflow/example_dags/example_trigger_controller_dag.py
[2022-07-05 10:26:59,815] {processor.py:642} INFO - Processing file /home/airflow/.local/lib/python3.7/site-packages/airflow/example_dags/example_trigger_controller_dag.py for tasks to queue
[2022-07-05 10:26:59,821] {logging_mixin.py:109} INFO - [2022-07-05 10:26:59,820] {dagbag.py:500} INFO - Filling up the DagBag from /home/airflow/.local/lib/python3.7/site-packages/airflow/example_dags/example_trigger_controller_dag.py
[2022-07-05 10:27:00,102] {processor.py:652} INFO - DAG(s) dict_keys(['example_trigger_controller_dag']) retrieved from /home/airflow/.local/lib/python3.7/site-packages/airflow/example_dags/example_trigger_controller_dag.py
[2022-07-05 10:27:00,341] {logging_mixin.py:109} INFO - [2022-07-05 10:27:00,340] {dag.py:2398} INFO - Sync 1 DAGs
[2022-07-05 10:27:00,570] {logging_mixin.py:109} INFO - [2022-07-05 10:27:00,569] {dag.py:2937} INFO - Setting next_dagrun for example_trigger_controller_dag to 2021-01-01T00:00:00+00:00
[2022-07-05 10:27:00,657] {processor.py:171} INFO - Processing /home/airflow/.local/lib/python3.7/site-packages/airflow/example_dags/example_trigger_controller_dag.py took 0.865 seconds
[2022-07-05 10:28:05,228] {processor.py:163} INFO - Started process (PID=361) to work on /home/airflow/.local/lib/python3.7/site-packages/airflow/example_dags/example_trigger_controller_dag.py
[2022-07-05 10:28:05,232] {processor.py:642} INFO - Processing file /home/airflow/.local/lib/python3.7/site-packages/airflow/example_dags/example_trigger_controller_dag.py for tasks to queue
[2022-07-05 10:28:05,236] {logging_mixin.py:109} INFO - [2022-07-05 10:28:05,236] {dagbag.py:500} INFO - Filling up the DagBag from /home/airflow/.local/lib/python3.7/site-packages/airflow/example_dags/example_trigger_controller_dag.py
[2022-07-05 10:28:05,288] {processor.py:652} INFO - DAG(s) dict_keys(['example_trigger_controller_dag']) retrieved from /home/airflow/.local/lib/python3.7/site-packages/airflow/example_dags/example_trigger_controller_dag.py
[2022-07-05 10:28:05,346] {logging_mixin.py:109} INFO - [2022-07-05 10:28:05,346] {dag.py:2398} INFO - Sync 1 DAGs
[2022-07-05 10:28:05,406] {logging_mixin.py:109} INFO - [2022-07-05 10:28:05,405] {dag.py:2937} INFO - Setting next_dagrun for example_trigger_controller_dag to 2021-01-01T00:00:00+00:00
[2022-07-05 10:28:05,437] {processor.py:171} INFO - Processing /home/airflow/.local/lib/python3.7/site-packages/airflow/example_dags/example_trigger_controller_dag.py took 0.216 seconds
[2022-07-05 10:28:38,062] {processor.py:163} INFO - Started process (PID=464) to work on /home/airflow/.local/lib/python3.7/site-packages/airflow/example_dags/example_trigger_controller_dag.py
[2022-07-05 10:28:38,072] {processor.py:642} INFO - Processing file /home/airflow/.local/lib/python3.7/site-packages/airflow/example_dags/example_trigger_controller_dag.py for tasks to queue
[2022-07-05 10:28:38,076] {logging_mixin.py:109} INFO - [2022-07-05 10:28:38,075] {dagbag.py:500} INFO - Filling up the DagBag from /home/airflow/.local/lib/python3.7/site-packages/airflow/example_dags/example_trigger_controller_dag.py
[2022-07-05 10:28:38,183] {processor.py:652} INFO - DAG(s) dict_keys(['example_trigger_controller_dag']) retrieved from /home/airflow/.local/lib/python3.7/site-packages/airflow/example_dags/example_trigger_controller_dag.py
[2022-07-05 10:28:38,356] {logging_mixin.py:109} INFO - [2022-07-05 10:28:38,355] {dag.py:2398} INFO - Sync 1 DAGs
[2022-07-05 10:28:38,465] {logging_mixin.py:109} INFO - [2022-07-05 10:28:38,465] {dag.py:2937} INFO - Setting next_dagrun for example_trigger_controller_dag to 2021-01-01T00:00:00+00:00
[2022-07-05 10:28:38,527] {processor.py:171} INFO - Processing /home/airflow/.local/lib/python3.7/site-packages/airflow/example_dags/example_trigger_controller_dag.py took 0.473 seconds
[2022-07-05 10:29:09,092] {processor.py:163} INFO - Started process (PID=550) to work on /home/airflow/.local/lib/python3.7/site-packages/airflow/example_dags/example_trigger_controller_dag.py
[2022-07-05 10:29:09,098] {processor.py:642} INFO - Processing file /home/airflow/.local/lib/python3.7/site-packages/airflow/example_dags/example_trigger_controller_dag.py for tasks to queue
[2022-07-05 10:29:09,101] {logging_mixin.py:109} INFO - [2022-07-05 10:29:09,101] {dagbag.py:500} INFO - Filling up the DagBag from /home/airflow/.local/lib/python3.7/site-packages/airflow/example_dags/example_trigger_controller_dag.py
[2022-07-05 10:29:09,156] {processor.py:652} INFO - DAG(s) dict_keys(['example_trigger_controller_dag']) retrieved from /home/airflow/.local/lib/python3.7/site-packages/airflow/example_dags/example_trigger_controller_dag.py
[2022-07-05 10:29:09,213] {logging_mixin.py:109} INFO - [2022-07-05 10:29:09,212] {dag.py:2398} INFO - Sync 1 DAGs
[2022-07-05 10:29:09,270] {logging_mixin.py:109} INFO - [2022-07-05 10:29:09,270] {dag.py:2937} INFO - Setting next_dagrun for example_trigger_controller_dag to 2021-01-01T00:00:00+00:00
[2022-07-05 10:29:09,308] {processor.py:171} INFO - Processing /home/airflow/.local/lib/python3.7/site-packages/airflow/example_dags/example_trigger_controller_dag.py took 0.228 seconds
[2022-07-05 10:29:40,538] {processor.py:163} INFO - Started process (PID=643) to work on /home/airflow/.local/lib/python3.7/site-packages/airflow/example_dags/example_trigger_controller_dag.py
[2022-07-05 10:29:40,543] {processor.py:642} INFO - Processing file /home/airflow/.local/lib/python3.7/site-packages/airflow/example_dags/example_trigger_controller_dag.py for tasks to queue
[2022-07-05 10:29:40,546] {logging_mixin.py:109} INFO - [2022-07-05 10:29:40,546] {dagbag.py:500} INFO - Filling up the DagBag from /home/airflow/.local/lib/python3.7/site-packages/airflow/example_dags/example_trigger_controller_dag.py
[2022-07-05 10:29:40,593] {processor.py:652} INFO - DAG(s) dict_keys(['example_trigger_controller_dag']) retrieved from /home/airflow/.local/lib/python3.7/site-packages/airflow/example_dags/example_trigger_controller_dag.py
[2022-07-05 10:29:40,647] {logging_mixin.py:109} INFO - [2022-07-05 10:29:40,646] {dag.py:2398} INFO - Sync 1 DAGs
[2022-07-05 10:29:40,712] {logging_mixin.py:109} INFO - [2022-07-05 10:29:40,712] {dag.py:2937} INFO - Setting next_dagrun for example_trigger_controller_dag to 2021-01-01T00:00:00+00:00
[2022-07-05 10:29:40,740] {processor.py:171} INFO - Processing /home/airflow/.local/lib/python3.7/site-packages/airflow/example_dags/example_trigger_controller_dag.py took 0.209 seconds
[2022-07-05 10:30:11,023] {processor.py:163} INFO - Started process (PID=731) to work on /home/airflow/.local/lib/python3.7/site-packages/airflow/example_dags/example_trigger_controller_dag.py
[2022-07-05 10:30:11,028] {processor.py:642} INFO - Processing file /home/airflow/.local/lib/python3.7/site-packages/airflow/example_dags/example_trigger_controller_dag.py for tasks to queue
[2022-07-05 10:30:11,031] {logging_mixin.py:109} INFO - [2022-07-05 10:30:11,031] {dagbag.py:500} INFO - Filling up the DagBag from /home/airflow/.local/lib/python3.7/site-packages/airflow/example_dags/example_trigger_controller_dag.py
[2022-07-05 10:30:11,105] {processor.py:652} INFO - DAG(s) dict_keys(['example_trigger_controller_dag']) retrieved from /home/airflow/.local/lib/python3.7/site-packages/airflow/example_dags/example_trigger_controller_dag.py
[2022-07-05 10:30:11,187] {logging_mixin.py:109} INFO - [2022-07-05 10:30:11,187] {dag.py:2398} INFO - Sync 1 DAGs
[2022-07-05 10:30:11,255] {logging_mixin.py:109} INFO - [2022-07-05 10:30:11,255] {dag.py:2937} INFO - Setting next_dagrun for example_trigger_controller_dag to 2021-01-01T00:00:00+00:00
[2022-07-05 10:30:11,286] {processor.py:171} INFO - Processing /home/airflow/.local/lib/python3.7/site-packages/airflow/example_dags/example_trigger_controller_dag.py took 0.272 seconds
[2022-07-05 10:30:42,399] {processor.py:163} INFO - Started process (PID=818) to work on /home/airflow/.local/lib/python3.7/site-packages/airflow/example_dags/example_trigger_controller_dag.py
[2022-07-05 10:30:42,403] {processor.py:642} INFO - Processing file /home/airflow/.local/lib/python3.7/site-packages/airflow/example_dags/example_trigger_controller_dag.py for tasks to queue
[2022-07-05 10:30:42,407] {logging_mixin.py:109} INFO - [2022-07-05 10:30:42,406] {dagbag.py:500} INFO - Filling up the DagBag from /home/airflow/.local/lib/python3.7/site-packages/airflow/example_dags/example_trigger_controller_dag.py
[2022-07-05 10:30:42,456] {processor.py:652} INFO - DAG(s) dict_keys(['example_trigger_controller_dag']) retrieved from /home/airflow/.local/lib/python3.7/site-packages/airflow/example_dags/example_trigger_controller_dag.py
[2022-07-05 10:30:42,512] {logging_mixin.py:109} INFO - [2022-07-05 10:30:42,512] {dag.py:2398} INFO - Sync 1 DAGs
[2022-07-05 10:30:42,569] {logging_mixin.py:109} INFO - [2022-07-05 10:30:42,568] {dag.py:2937} INFO - Setting next_dagrun for example_trigger_controller_dag to 2021-01-01T00:00:00+00:00
[2022-07-05 10:30:42,599] {processor.py:171} INFO - Processing /home/airflow/.local/lib/python3.7/site-packages/airflow/example_dags/example_trigger_controller_dag.py took 0.208 seconds
[2022-07-05 10:31:14,663] {processor.py:163} INFO - Started process (PID=918) to work on /home/airflow/.local/lib/python3.7/site-packages/airflow/example_dags/example_trigger_controller_dag.py
[2022-07-05 10:31:14,668] {processor.py:642} INFO - Processing file /home/airflow/.local/lib/python3.7/site-packages/airflow/example_dags/example_trigger_controller_dag.py for tasks to queue
[2022-07-05 10:31:14,672] {logging_mixin.py:109} INFO - [2022-07-05 10:31:14,672] {dagbag.py:500} INFO - Filling up the DagBag from /home/airflow/.local/lib/python3.7/site-packages/airflow/example_dags/example_trigger_controller_dag.py
[2022-07-05 10:31:14,728] {processor.py:652} INFO - DAG(s) dict_keys(['example_trigger_controller_dag']) retrieved from /home/airflow/.local/lib/python3.7/site-packages/airflow/example_dags/example_trigger_controller_dag.py
[2022-07-05 10:31:14,790] {logging_mixin.py:109} INFO - [2022-07-05 10:31:14,789] {dag.py:2398} INFO - Sync 1 DAGs
[2022-07-05 10:31:14,857] {logging_mixin.py:109} INFO - [2022-07-05 10:31:14,856] {dag.py:2937} INFO - Setting next_dagrun for example_trigger_controller_dag to 2021-01-01T00:00:00+00:00
[2022-07-05 10:31:14,897] {processor.py:171} INFO - Processing /home/airflow/.local/lib/python3.7/site-packages/airflow/example_dags/example_trigger_controller_dag.py took 0.241 seconds
