[2022-07-05 10:09:47,772] {processor.py:163} INFO - Started process (PID=416) to work on /home/airflow/.local/lib/python3.7/site-packages/airflow/example_dags/example_xcom.py
[2022-07-05 10:09:47,784] {processor.py:642} INFO - Processing file /home/airflow/.local/lib/python3.7/site-packages/airflow/example_dags/example_xcom.py for tasks to queue
[2022-07-05 10:09:47,792] {logging_mixin.py:109} INFO - [2022-07-05 10:09:47,790] {dagbag.py:500} INFO - Filling up the DagBag from /home/airflow/.local/lib/python3.7/site-packages/airflow/example_dags/example_xcom.py
[2022-07-05 10:09:47,945] {processor.py:652} INFO - DAG(s) dict_keys(['example_xcom']) retrieved from /home/airflow/.local/lib/python3.7/site-packages/airflow/example_dags/example_xcom.py
[2022-07-05 10:09:57,162] {logging_mixin.py:109} INFO - [2022-07-05 10:09:57,162] {manager.py:496} INFO - Created Permission View: can edit on DAG:example_xcom
[2022-07-05 10:09:57,187] {logging_mixin.py:109} INFO - [2022-07-05 10:09:57,187] {manager.py:496} INFO - Created Permission View: can read on DAG:example_xcom
[2022-07-05 10:09:57,190] {logging_mixin.py:109} INFO - [2022-07-05 10:09:57,189] {dag.py:2398} INFO - Sync 1 DAGs
[2022-07-05 10:09:57,216] {logging_mixin.py:109} INFO - [2022-07-05 10:09:57,215] {dag.py:2417} INFO - Creating ORM DAG for example_xcom
[2022-07-05 10:09:57,240] {logging_mixin.py:109} INFO - [2022-07-05 10:09:57,239] {dag.py:2937} INFO - Setting next_dagrun for example_xcom to 2021-01-01T00:00:00+00:00
[2022-07-05 10:09:57,277] {processor.py:171} INFO - Processing /home/airflow/.local/lib/python3.7/site-packages/airflow/example_dags/example_xcom.py took 9.519 seconds
[2022-07-05 10:26:51,923] {processor.py:163} INFO - Started process (PID=222) to work on /home/airflow/.local/lib/python3.7/site-packages/airflow/example_dags/example_xcom.py
[2022-07-05 10:26:51,939] {processor.py:642} INFO - Processing file /home/airflow/.local/lib/python3.7/site-packages/airflow/example_dags/example_xcom.py for tasks to queue
[2022-07-05 10:26:51,953] {logging_mixin.py:109} INFO - [2022-07-05 10:26:51,952] {dagbag.py:500} INFO - Filling up the DagBag from /home/airflow/.local/lib/python3.7/site-packages/airflow/example_dags/example_xcom.py
[2022-07-05 10:26:52,530] {processor.py:652} INFO - DAG(s) dict_keys(['example_xcom']) retrieved from /home/airflow/.local/lib/python3.7/site-packages/airflow/example_dags/example_xcom.py
[2022-07-05 10:26:57,850] {logging_mixin.py:109} INFO - [2022-07-05 10:26:57,850] {dag.py:2398} INFO - Sync 1 DAGs
[2022-07-05 10:26:58,248] {logging_mixin.py:109} INFO - [2022-07-05 10:26:58,247] {dag.py:2937} INFO - Setting next_dagrun for example_xcom to 2021-01-01T00:00:00+00:00
[2022-07-05 10:26:58,463] {processor.py:171} INFO - Processing /home/airflow/.local/lib/python3.7/site-packages/airflow/example_dags/example_xcom.py took 6.567 seconds
[2022-07-05 10:28:03,359] {processor.py:163} INFO - Started process (PID=351) to work on /home/airflow/.local/lib/python3.7/site-packages/airflow/example_dags/example_xcom.py
[2022-07-05 10:28:03,364] {processor.py:642} INFO - Processing file /home/airflow/.local/lib/python3.7/site-packages/airflow/example_dags/example_xcom.py for tasks to queue
[2022-07-05 10:28:03,369] {logging_mixin.py:109} INFO - [2022-07-05 10:28:03,368] {dagbag.py:500} INFO - Filling up the DagBag from /home/airflow/.local/lib/python3.7/site-packages/airflow/example_dags/example_xcom.py
[2022-07-05 10:28:03,471] {processor.py:652} INFO - DAG(s) dict_keys(['example_xcom']) retrieved from /home/airflow/.local/lib/python3.7/site-packages/airflow/example_dags/example_xcom.py
[2022-07-05 10:28:04,664] {logging_mixin.py:109} INFO - [2022-07-05 10:28:04,662] {dag.py:2398} INFO - Sync 1 DAGs
[2022-07-05 10:28:04,743] {logging_mixin.py:109} INFO - [2022-07-05 10:28:04,742] {dag.py:2937} INFO - Setting next_dagrun for example_xcom to 2021-01-01T00:00:00+00:00
[2022-07-05 10:28:04,783] {processor.py:171} INFO - Processing /home/airflow/.local/lib/python3.7/site-packages/airflow/example_dags/example_xcom.py took 1.431 seconds
[2022-07-05 10:28:35,729] {processor.py:163} INFO - Started process (PID=454) to work on /home/airflow/.local/lib/python3.7/site-packages/airflow/example_dags/example_xcom.py
[2022-07-05 10:28:35,735] {processor.py:642} INFO - Processing file /home/airflow/.local/lib/python3.7/site-packages/airflow/example_dags/example_xcom.py for tasks to queue
[2022-07-05 10:28:35,743] {logging_mixin.py:109} INFO - [2022-07-05 10:28:35,742] {dagbag.py:500} INFO - Filling up the DagBag from /home/airflow/.local/lib/python3.7/site-packages/airflow/example_dags/example_xcom.py
[2022-07-05 10:28:35,864] {processor.py:652} INFO - DAG(s) dict_keys(['example_xcom']) retrieved from /home/airflow/.local/lib/python3.7/site-packages/airflow/example_dags/example_xcom.py
[2022-07-05 10:28:37,736] {logging_mixin.py:109} INFO - [2022-07-05 10:28:37,735] {dag.py:2398} INFO - Sync 1 DAGs
[2022-07-05 10:28:37,904] {logging_mixin.py:109} INFO - [2022-07-05 10:28:37,903] {dag.py:2937} INFO - Setting next_dagrun for example_xcom to 2021-01-01T00:00:00+00:00
[2022-07-05 10:28:37,981] {processor.py:171} INFO - Processing /home/airflow/.local/lib/python3.7/site-packages/airflow/example_dags/example_xcom.py took 2.260 seconds
[2022-07-05 10:29:08,062] {processor.py:163} INFO - Started process (PID=541) to work on /home/airflow/.local/lib/python3.7/site-packages/airflow/example_dags/example_xcom.py
[2022-07-05 10:29:08,066] {processor.py:642} INFO - Processing file /home/airflow/.local/lib/python3.7/site-packages/airflow/example_dags/example_xcom.py for tasks to queue
[2022-07-05 10:29:08,068] {logging_mixin.py:109} INFO - [2022-07-05 10:29:08,068] {dagbag.py:500} INFO - Filling up the DagBag from /home/airflow/.local/lib/python3.7/site-packages/airflow/example_dags/example_xcom.py
[2022-07-05 10:29:08,145] {processor.py:652} INFO - DAG(s) dict_keys(['example_xcom']) retrieved from /home/airflow/.local/lib/python3.7/site-packages/airflow/example_dags/example_xcom.py
[2022-07-05 10:29:08,993] {logging_mixin.py:109} INFO - [2022-07-05 10:29:08,993] {dag.py:2398} INFO - Sync 1 DAGs
[2022-07-05 10:29:09,053] {logging_mixin.py:109} INFO - [2022-07-05 10:29:09,052] {dag.py:2937} INFO - Setting next_dagrun for example_xcom to 2021-01-01T00:00:00+00:00
[2022-07-05 10:29:09,105] {processor.py:171} INFO - Processing /home/airflow/.local/lib/python3.7/site-packages/airflow/example_dags/example_xcom.py took 1.050 seconds
[2022-07-05 10:29:40,113] {processor.py:163} INFO - Started process (PID=639) to work on /home/airflow/.local/lib/python3.7/site-packages/airflow/example_dags/example_xcom.py
[2022-07-05 10:29:40,118] {processor.py:642} INFO - Processing file /home/airflow/.local/lib/python3.7/site-packages/airflow/example_dags/example_xcom.py for tasks to queue
[2022-07-05 10:29:40,121] {logging_mixin.py:109} INFO - [2022-07-05 10:29:40,120] {dagbag.py:500} INFO - Filling up the DagBag from /home/airflow/.local/lib/python3.7/site-packages/airflow/example_dags/example_xcom.py
[2022-07-05 10:29:40,214] {processor.py:652} INFO - DAG(s) dict_keys(['example_xcom']) retrieved from /home/airflow/.local/lib/python3.7/site-packages/airflow/example_dags/example_xcom.py
[2022-07-05 10:29:41,194] {logging_mixin.py:109} INFO - [2022-07-05 10:29:41,193] {dag.py:2398} INFO - Sync 1 DAGs
[2022-07-05 10:29:41,246] {logging_mixin.py:109} INFO - [2022-07-05 10:29:41,246] {dag.py:2937} INFO - Setting next_dagrun for example_xcom to 2021-01-01T00:00:00+00:00
[2022-07-05 10:29:41,286] {processor.py:171} INFO - Processing /home/airflow/.local/lib/python3.7/site-packages/airflow/example_dags/example_xcom.py took 1.180 seconds
[2022-07-05 10:30:11,399] {processor.py:163} INFO - Started process (PID=739) to work on /home/airflow/.local/lib/python3.7/site-packages/airflow/example_dags/example_xcom.py
[2022-07-05 10:30:11,404] {processor.py:642} INFO - Processing file /home/airflow/.local/lib/python3.7/site-packages/airflow/example_dags/example_xcom.py for tasks to queue
[2022-07-05 10:30:11,416] {logging_mixin.py:109} INFO - [2022-07-05 10:30:11,415] {dagbag.py:500} INFO - Filling up the DagBag from /home/airflow/.local/lib/python3.7/site-packages/airflow/example_dags/example_xcom.py
[2022-07-05 10:30:11,519] {processor.py:652} INFO - DAG(s) dict_keys(['example_xcom']) retrieved from /home/airflow/.local/lib/python3.7/site-packages/airflow/example_dags/example_xcom.py
[2022-07-05 10:30:12,563] {logging_mixin.py:109} INFO - [2022-07-05 10:30:12,563] {dag.py:2398} INFO - Sync 1 DAGs
[2022-07-05 10:30:12,624] {logging_mixin.py:109} INFO - [2022-07-05 10:30:12,623] {dag.py:2937} INFO - Setting next_dagrun for example_xcom to 2021-01-01T00:00:00+00:00
[2022-07-05 10:30:12,664] {processor.py:171} INFO - Processing /home/airflow/.local/lib/python3.7/site-packages/airflow/example_dags/example_xcom.py took 1.284 seconds
[2022-07-05 10:30:42,762] {processor.py:163} INFO - Started process (PID=820) to work on /home/airflow/.local/lib/python3.7/site-packages/airflow/example_dags/example_xcom.py
[2022-07-05 10:30:42,767] {processor.py:642} INFO - Processing file /home/airflow/.local/lib/python3.7/site-packages/airflow/example_dags/example_xcom.py for tasks to queue
[2022-07-05 10:30:42,771] {logging_mixin.py:109} INFO - [2022-07-05 10:30:42,770] {dagbag.py:500} INFO - Filling up the DagBag from /home/airflow/.local/lib/python3.7/site-packages/airflow/example_dags/example_xcom.py
[2022-07-05 10:30:42,855] {processor.py:652} INFO - DAG(s) dict_keys(['example_xcom']) retrieved from /home/airflow/.local/lib/python3.7/site-packages/airflow/example_dags/example_xcom.py
[2022-07-05 10:30:43,782] {logging_mixin.py:109} INFO - [2022-07-05 10:30:43,781] {dag.py:2398} INFO - Sync 1 DAGs
[2022-07-05 10:30:43,827] {logging_mixin.py:109} INFO - [2022-07-05 10:30:43,827] {dag.py:2937} INFO - Setting next_dagrun for example_xcom to 2021-01-01T00:00:00+00:00
[2022-07-05 10:30:43,864] {processor.py:171} INFO - Processing /home/airflow/.local/lib/python3.7/site-packages/airflow/example_dags/example_xcom.py took 1.110 seconds
[2022-07-05 10:31:14,956] {processor.py:163} INFO - Started process (PID=920) to work on /home/airflow/.local/lib/python3.7/site-packages/airflow/example_dags/example_xcom.py
[2022-07-05 10:31:14,974] {processor.py:642} INFO - Processing file /home/airflow/.local/lib/python3.7/site-packages/airflow/example_dags/example_xcom.py for tasks to queue
[2022-07-05 10:31:14,977] {logging_mixin.py:109} INFO - [2022-07-05 10:31:14,977] {dagbag.py:500} INFO - Filling up the DagBag from /home/airflow/.local/lib/python3.7/site-packages/airflow/example_dags/example_xcom.py
[2022-07-05 10:31:15,102] {processor.py:652} INFO - DAG(s) dict_keys(['example_xcom']) retrieved from /home/airflow/.local/lib/python3.7/site-packages/airflow/example_dags/example_xcom.py
[2022-07-05 10:31:16,817] {logging_mixin.py:109} INFO - [2022-07-05 10:31:16,816] {dag.py:2398} INFO - Sync 1 DAGs
[2022-07-05 10:31:16,909] {logging_mixin.py:109} INFO - [2022-07-05 10:31:16,908] {dag.py:2937} INFO - Setting next_dagrun for example_xcom to 2021-01-01T00:00:00+00:00
[2022-07-05 10:31:16,959] {processor.py:171} INFO - Processing /home/airflow/.local/lib/python3.7/site-packages/airflow/example_dags/example_xcom.py took 2.012 seconds
