[2022-07-05 10:10:37,699] {processor.py:163} INFO - Started process (PID=517) to work on /home/airflow/.local/lib/python3.7/site-packages/airflow/example_dags/example_time_delta_sensor_async.py
[2022-07-05 10:10:37,704] {processor.py:642} INFO - Processing file /home/airflow/.local/lib/python3.7/site-packages/airflow/example_dags/example_time_delta_sensor_async.py for tasks to queue
[2022-07-05 10:10:37,708] {logging_mixin.py:109} INFO - [2022-07-05 10:10:37,708] {dagbag.py:500} INFO - Filling up the DagBag from /home/airflow/.local/lib/python3.7/site-packages/airflow/example_dags/example_time_delta_sensor_async.py
[2022-07-05 10:10:37,773] {processor.py:652} INFO - DAG(s) dict_keys(['example_time_delta_sensor_async']) retrieved from /home/airflow/.local/lib/python3.7/site-packages/airflow/example_dags/example_time_delta_sensor_async.py
[2022-07-05 10:27:05,026] {processor.py:163} INFO - Started process (PID=248) to work on /home/airflow/.local/lib/python3.7/site-packages/airflow/example_dags/example_time_delta_sensor_async.py
[2022-07-05 10:27:05,036] {processor.py:642} INFO - Processing file /home/airflow/.local/lib/python3.7/site-packages/airflow/example_dags/example_time_delta_sensor_async.py for tasks to queue
[2022-07-05 10:27:05,045] {logging_mixin.py:109} INFO - [2022-07-05 10:27:05,042] {dagbag.py:500} INFO - Filling up the DagBag from /home/airflow/.local/lib/python3.7/site-packages/airflow/example_dags/example_time_delta_sensor_async.py
[2022-07-05 10:27:05,213] {processor.py:652} INFO - DAG(s) dict_keys(['example_time_delta_sensor_async']) retrieved from /home/airflow/.local/lib/python3.7/site-packages/airflow/example_dags/example_time_delta_sensor_async.py
[2022-07-05 10:28:06,980] {processor.py:163} INFO - Started process (PID=371) to work on /home/airflow/.local/lib/python3.7/site-packages/airflow/example_dags/example_time_delta_sensor_async.py
[2022-07-05 10:28:06,985] {processor.py:642} INFO - Processing file /home/airflow/.local/lib/python3.7/site-packages/airflow/example_dags/example_time_delta_sensor_async.py for tasks to queue
[2022-07-05 10:28:06,988] {logging_mixin.py:109} INFO - [2022-07-05 10:28:06,988] {dagbag.py:500} INFO - Filling up the DagBag from /home/airflow/.local/lib/python3.7/site-packages/airflow/example_dags/example_time_delta_sensor_async.py
[2022-07-05 10:28:07,040] {processor.py:652} INFO - DAG(s) dict_keys(['example_time_delta_sensor_async']) retrieved from /home/airflow/.local/lib/python3.7/site-packages/airflow/example_dags/example_time_delta_sensor_async.py
[2022-07-05 10:28:16,674] {logging_mixin.py:109} INFO - [2022-07-05 10:28:16,674] {manager.py:496} INFO - Created Permission View: can edit on DAG:example_time_delta_sensor_async
[2022-07-05 10:28:16,705] {logging_mixin.py:109} INFO - [2022-07-05 10:28:16,705] {manager.py:496} INFO - Created Permission View: can read on DAG:example_time_delta_sensor_async
[2022-07-05 10:28:16,708] {logging_mixin.py:109} INFO - [2022-07-05 10:28:16,707] {dag.py:2398} INFO - Sync 1 DAGs
[2022-07-05 10:28:16,751] {logging_mixin.py:109} INFO - [2022-07-05 10:28:16,750] {dag.py:2417} INFO - Creating ORM DAG for example_time_delta_sensor_async
[2022-07-05 10:28:16,784] {logging_mixin.py:109} INFO - [2022-07-05 10:28:16,784] {dag.py:2937} INFO - Setting next_dagrun for example_time_delta_sensor_async to None
[2022-07-05 10:28:16,836] {processor.py:171} INFO - Processing /home/airflow/.local/lib/python3.7/site-packages/airflow/example_dags/example_time_delta_sensor_async.py took 9.862 seconds
[2022-07-05 10:28:47,117] {processor.py:163} INFO - Started process (PID=480) to work on /home/airflow/.local/lib/python3.7/site-packages/airflow/example_dags/example_time_delta_sensor_async.py
[2022-07-05 10:28:47,121] {processor.py:642} INFO - Processing file /home/airflow/.local/lib/python3.7/site-packages/airflow/example_dags/example_time_delta_sensor_async.py for tasks to queue
[2022-07-05 10:28:47,123] {logging_mixin.py:109} INFO - [2022-07-05 10:28:47,123] {dagbag.py:500} INFO - Filling up the DagBag from /home/airflow/.local/lib/python3.7/site-packages/airflow/example_dags/example_time_delta_sensor_async.py
[2022-07-05 10:28:47,166] {processor.py:652} INFO - DAG(s) dict_keys(['example_time_delta_sensor_async']) retrieved from /home/airflow/.local/lib/python3.7/site-packages/airflow/example_dags/example_time_delta_sensor_async.py
[2022-07-05 10:28:47,211] {logging_mixin.py:109} INFO - [2022-07-05 10:28:47,211] {dag.py:2398} INFO - Sync 1 DAGs
[2022-07-05 10:28:47,255] {logging_mixin.py:109} INFO - [2022-07-05 10:28:47,254] {dag.py:2937} INFO - Setting next_dagrun for example_time_delta_sensor_async to None
[2022-07-05 10:28:47,277] {processor.py:171} INFO - Processing /home/airflow/.local/lib/python3.7/site-packages/airflow/example_dags/example_time_delta_sensor_async.py took 0.167 seconds
[2022-07-05 10:29:17,351] {processor.py:163} INFO - Started process (PID=578) to work on /home/airflow/.local/lib/python3.7/site-packages/airflow/example_dags/example_time_delta_sensor_async.py
[2022-07-05 10:29:17,363] {processor.py:642} INFO - Processing file /home/airflow/.local/lib/python3.7/site-packages/airflow/example_dags/example_time_delta_sensor_async.py for tasks to queue
[2022-07-05 10:29:17,366] {logging_mixin.py:109} INFO - [2022-07-05 10:29:17,366] {dagbag.py:500} INFO - Filling up the DagBag from /home/airflow/.local/lib/python3.7/site-packages/airflow/example_dags/example_time_delta_sensor_async.py
[2022-07-05 10:29:17,427] {processor.py:652} INFO - DAG(s) dict_keys(['example_time_delta_sensor_async']) retrieved from /home/airflow/.local/lib/python3.7/site-packages/airflow/example_dags/example_time_delta_sensor_async.py
[2022-07-05 10:29:17,488] {logging_mixin.py:109} INFO - [2022-07-05 10:29:17,488] {dag.py:2398} INFO - Sync 1 DAGs
[2022-07-05 10:29:17,550] {logging_mixin.py:109} INFO - [2022-07-05 10:29:17,549] {dag.py:2937} INFO - Setting next_dagrun for example_time_delta_sensor_async to None
[2022-07-05 10:29:17,582] {processor.py:171} INFO - Processing /home/airflow/.local/lib/python3.7/site-packages/airflow/example_dags/example_time_delta_sensor_async.py took 0.239 seconds
[2022-07-05 10:29:48,461] {processor.py:163} INFO - Started process (PID=661) to work on /home/airflow/.local/lib/python3.7/site-packages/airflow/example_dags/example_time_delta_sensor_async.py
[2022-07-05 10:29:48,466] {processor.py:642} INFO - Processing file /home/airflow/.local/lib/python3.7/site-packages/airflow/example_dags/example_time_delta_sensor_async.py for tasks to queue
[2022-07-05 10:29:48,468] {logging_mixin.py:109} INFO - [2022-07-05 10:29:48,468] {dagbag.py:500} INFO - Filling up the DagBag from /home/airflow/.local/lib/python3.7/site-packages/airflow/example_dags/example_time_delta_sensor_async.py
[2022-07-05 10:29:48,508] {processor.py:652} INFO - DAG(s) dict_keys(['example_time_delta_sensor_async']) retrieved from /home/airflow/.local/lib/python3.7/site-packages/airflow/example_dags/example_time_delta_sensor_async.py
[2022-07-05 10:29:48,552] {logging_mixin.py:109} INFO - [2022-07-05 10:29:48,552] {dag.py:2398} INFO - Sync 1 DAGs
[2022-07-05 10:29:48,595] {logging_mixin.py:109} INFO - [2022-07-05 10:29:48,594] {dag.py:2937} INFO - Setting next_dagrun for example_time_delta_sensor_async to None
[2022-07-05 10:29:48,616] {processor.py:171} INFO - Processing /home/airflow/.local/lib/python3.7/site-packages/airflow/example_dags/example_time_delta_sensor_async.py took 0.163 seconds
[2022-07-05 10:30:18,664] {processor.py:163} INFO - Started process (PID=757) to work on /home/airflow/.local/lib/python3.7/site-packages/airflow/example_dags/example_time_delta_sensor_async.py
[2022-07-05 10:30:18,669] {processor.py:642} INFO - Processing file /home/airflow/.local/lib/python3.7/site-packages/airflow/example_dags/example_time_delta_sensor_async.py for tasks to queue
[2022-07-05 10:30:18,672] {logging_mixin.py:109} INFO - [2022-07-05 10:30:18,672] {dagbag.py:500} INFO - Filling up the DagBag from /home/airflow/.local/lib/python3.7/site-packages/airflow/example_dags/example_time_delta_sensor_async.py
[2022-07-05 10:30:18,733] {processor.py:652} INFO - DAG(s) dict_keys(['example_time_delta_sensor_async']) retrieved from /home/airflow/.local/lib/python3.7/site-packages/airflow/example_dags/example_time_delta_sensor_async.py
[2022-07-05 10:30:18,807] {logging_mixin.py:109} INFO - [2022-07-05 10:30:18,806] {dag.py:2398} INFO - Sync 1 DAGs
[2022-07-05 10:30:18,879] {logging_mixin.py:109} INFO - [2022-07-05 10:30:18,879] {dag.py:2937} INFO - Setting next_dagrun for example_time_delta_sensor_async to None
[2022-07-05 10:30:18,915] {processor.py:171} INFO - Processing /home/airflow/.local/lib/python3.7/site-packages/airflow/example_dags/example_time_delta_sensor_async.py took 0.260 seconds
[2022-07-05 10:30:49,378] {processor.py:163} INFO - Started process (PID=850) to work on /home/airflow/.local/lib/python3.7/site-packages/airflow/example_dags/example_time_delta_sensor_async.py
[2022-07-05 10:30:49,382] {processor.py:642} INFO - Processing file /home/airflow/.local/lib/python3.7/site-packages/airflow/example_dags/example_time_delta_sensor_async.py for tasks to queue
[2022-07-05 10:30:49,385] {logging_mixin.py:109} INFO - [2022-07-05 10:30:49,385] {dagbag.py:500} INFO - Filling up the DagBag from /home/airflow/.local/lib/python3.7/site-packages/airflow/example_dags/example_time_delta_sensor_async.py
[2022-07-05 10:30:49,451] {processor.py:652} INFO - DAG(s) dict_keys(['example_time_delta_sensor_async']) retrieved from /home/airflow/.local/lib/python3.7/site-packages/airflow/example_dags/example_time_delta_sensor_async.py
[2022-07-05 10:30:49,566] {logging_mixin.py:109} INFO - [2022-07-05 10:30:49,566] {dag.py:2398} INFO - Sync 1 DAGs
[2022-07-05 10:30:49,651] {logging_mixin.py:109} INFO - [2022-07-05 10:30:49,651] {dag.py:2937} INFO - Setting next_dagrun for example_time_delta_sensor_async to None
[2022-07-05 10:30:49,705] {processor.py:171} INFO - Processing /home/airflow/.local/lib/python3.7/site-packages/airflow/example_dags/example_time_delta_sensor_async.py took 0.336 seconds
[2022-07-05 10:31:20,011] {processor.py:163} INFO - Started process (PID=936) to work on /home/airflow/.local/lib/python3.7/site-packages/airflow/example_dags/example_time_delta_sensor_async.py
[2022-07-05 10:31:20,019] {processor.py:642} INFO - Processing file /home/airflow/.local/lib/python3.7/site-packages/airflow/example_dags/example_time_delta_sensor_async.py for tasks to queue
[2022-07-05 10:31:20,025] {logging_mixin.py:109} INFO - [2022-07-05 10:31:20,024] {dagbag.py:500} INFO - Filling up the DagBag from /home/airflow/.local/lib/python3.7/site-packages/airflow/example_dags/example_time_delta_sensor_async.py
[2022-07-05 10:31:20,093] {processor.py:652} INFO - DAG(s) dict_keys(['example_time_delta_sensor_async']) retrieved from /home/airflow/.local/lib/python3.7/site-packages/airflow/example_dags/example_time_delta_sensor_async.py
[2022-07-05 10:31:20,160] {logging_mixin.py:109} INFO - [2022-07-05 10:31:20,160] {dag.py:2398} INFO - Sync 1 DAGs
[2022-07-05 10:31:20,231] {logging_mixin.py:109} INFO - [2022-07-05 10:31:20,230] {dag.py:2937} INFO - Setting next_dagrun for example_time_delta_sensor_async to None
[2022-07-05 10:31:20,269] {processor.py:171} INFO - Processing /home/airflow/.local/lib/python3.7/site-packages/airflow/example_dags/example_time_delta_sensor_async.py took 0.267 seconds
