[2022-07-05 10:10:28,439] {processor.py:163} INFO - Started process (PID=505) to work on /home/airflow/.local/lib/python3.7/site-packages/airflow/example_dags/example_short_circuit_operator.py
[2022-07-05 10:10:28,444] {processor.py:642} INFO - Processing file /home/airflow/.local/lib/python3.7/site-packages/airflow/example_dags/example_short_circuit_operator.py for tasks to queue
[2022-07-05 10:10:28,448] {logging_mixin.py:109} INFO - [2022-07-05 10:10:28,448] {dagbag.py:500} INFO - Filling up the DagBag from /home/airflow/.local/lib/python3.7/site-packages/airflow/example_dags/example_short_circuit_operator.py
[2022-07-05 10:10:28,519] {processor.py:652} INFO - DAG(s) dict_keys(['example_short_circuit_operator']) retrieved from /home/airflow/.local/lib/python3.7/site-packages/airflow/example_dags/example_short_circuit_operator.py
[2022-07-05 10:10:37,486] {logging_mixin.py:109} INFO - [2022-07-05 10:10:37,485] {manager.py:496} INFO - Created Permission View: can edit on DAG:example_short_circuit_operator
[2022-07-05 10:10:37,521] {logging_mixin.py:109} INFO - [2022-07-05 10:10:37,521] {manager.py:496} INFO - Created Permission View: can read on DAG:example_short_circuit_operator
[2022-07-05 10:10:37,525] {logging_mixin.py:109} INFO - [2022-07-05 10:10:37,523] {dag.py:2398} INFO - Sync 1 DAGs
[2022-07-05 10:10:37,558] {logging_mixin.py:109} INFO - [2022-07-05 10:10:37,557] {dag.py:2417} INFO - Creating ORM DAG for example_short_circuit_operator
[2022-07-05 10:10:37,587] {logging_mixin.py:109} INFO - [2022-07-05 10:10:37,586] {dag.py:2937} INFO - Setting next_dagrun for example_short_circuit_operator to 2022-07-04T10:10:37.585409+00:00
[2022-07-05 10:10:37,624] {processor.py:171} INFO - Processing /home/airflow/.local/lib/python3.7/site-packages/airflow/example_dags/example_short_circuit_operator.py took 9.193 seconds
[2022-07-05 10:27:04,754] {processor.py:163} INFO - Started process (PID=246) to work on /home/airflow/.local/lib/python3.7/site-packages/airflow/example_dags/example_short_circuit_operator.py
[2022-07-05 10:27:04,760] {processor.py:642} INFO - Processing file /home/airflow/.local/lib/python3.7/site-packages/airflow/example_dags/example_short_circuit_operator.py for tasks to queue
[2022-07-05 10:27:04,767] {logging_mixin.py:109} INFO - [2022-07-05 10:27:04,766] {dagbag.py:500} INFO - Filling up the DagBag from /home/airflow/.local/lib/python3.7/site-packages/airflow/example_dags/example_short_circuit_operator.py
[2022-07-05 10:27:04,975] {processor.py:652} INFO - DAG(s) dict_keys(['example_short_circuit_operator']) retrieved from /home/airflow/.local/lib/python3.7/site-packages/airflow/example_dags/example_short_circuit_operator.py
[2022-07-05 10:27:05,182] {logging_mixin.py:109} INFO - [2022-07-05 10:27:05,181] {dag.py:2398} INFO - Sync 1 DAGs
[2022-07-05 10:27:05,429] {logging_mixin.py:109} INFO - [2022-07-05 10:27:05,429] {dag.py:2937} INFO - Setting next_dagrun for example_short_circuit_operator to 2022-07-04T10:27:05.419210+00:00
[2022-07-05 10:27:05,539] {processor.py:171} INFO - Processing /home/airflow/.local/lib/python3.7/site-packages/airflow/example_dags/example_short_circuit_operator.py took 0.801 seconds
[2022-07-05 10:28:06,715] {processor.py:163} INFO - Started process (PID=369) to work on /home/airflow/.local/lib/python3.7/site-packages/airflow/example_dags/example_short_circuit_operator.py
[2022-07-05 10:28:06,720] {processor.py:642} INFO - Processing file /home/airflow/.local/lib/python3.7/site-packages/airflow/example_dags/example_short_circuit_operator.py for tasks to queue
[2022-07-05 10:28:06,723] {logging_mixin.py:109} INFO - [2022-07-05 10:28:06,722] {dagbag.py:500} INFO - Filling up the DagBag from /home/airflow/.local/lib/python3.7/site-packages/airflow/example_dags/example_short_circuit_operator.py
[2022-07-05 10:28:06,792] {processor.py:652} INFO - DAG(s) dict_keys(['example_short_circuit_operator']) retrieved from /home/airflow/.local/lib/python3.7/site-packages/airflow/example_dags/example_short_circuit_operator.py
[2022-07-05 10:28:06,855] {logging_mixin.py:109} INFO - [2022-07-05 10:28:06,854] {dag.py:2398} INFO - Sync 1 DAGs
[2022-07-05 10:28:06,910] {logging_mixin.py:109} INFO - [2022-07-05 10:28:06,910] {dag.py:2937} INFO - Setting next_dagrun for example_short_circuit_operator to 2022-07-04T10:28:06.908469+00:00
[2022-07-05 10:28:06,940] {processor.py:171} INFO - Processing /home/airflow/.local/lib/python3.7/site-packages/airflow/example_dags/example_short_circuit_operator.py took 0.232 seconds
[2022-07-05 10:28:40,919] {processor.py:163} INFO - Started process (PID=470) to work on /home/airflow/.local/lib/python3.7/site-packages/airflow/example_dags/example_short_circuit_operator.py
[2022-07-05 10:28:40,925] {processor.py:642} INFO - Processing file /home/airflow/.local/lib/python3.7/site-packages/airflow/example_dags/example_short_circuit_operator.py for tasks to queue
[2022-07-05 10:28:40,929] {logging_mixin.py:109} INFO - [2022-07-05 10:28:40,929] {dagbag.py:500} INFO - Filling up the DagBag from /home/airflow/.local/lib/python3.7/site-packages/airflow/example_dags/example_short_circuit_operator.py
[2022-07-05 10:28:41,086] {processor.py:652} INFO - DAG(s) dict_keys(['example_short_circuit_operator']) retrieved from /home/airflow/.local/lib/python3.7/site-packages/airflow/example_dags/example_short_circuit_operator.py
[2022-07-05 10:28:41,174] {logging_mixin.py:109} INFO - [2022-07-05 10:28:41,173] {dag.py:2398} INFO - Sync 1 DAGs
[2022-07-05 10:28:41,294] {logging_mixin.py:109} INFO - [2022-07-05 10:28:41,293] {dag.py:2937} INFO - Setting next_dagrun for example_short_circuit_operator to 2022-07-04T10:28:41.291616+00:00
[2022-07-05 10:28:41,370] {processor.py:171} INFO - Processing /home/airflow/.local/lib/python3.7/site-packages/airflow/example_dags/example_short_circuit_operator.py took 0.458 seconds
[2022-07-05 10:29:12,146] {processor.py:163} INFO - Started process (PID=568) to work on /home/airflow/.local/lib/python3.7/site-packages/airflow/example_dags/example_short_circuit_operator.py
[2022-07-05 10:29:12,151] {processor.py:642} INFO - Processing file /home/airflow/.local/lib/python3.7/site-packages/airflow/example_dags/example_short_circuit_operator.py for tasks to queue
[2022-07-05 10:29:12,155] {logging_mixin.py:109} INFO - [2022-07-05 10:29:12,154] {dagbag.py:500} INFO - Filling up the DagBag from /home/airflow/.local/lib/python3.7/site-packages/airflow/example_dags/example_short_circuit_operator.py
[2022-07-05 10:29:12,220] {processor.py:652} INFO - DAG(s) dict_keys(['example_short_circuit_operator']) retrieved from /home/airflow/.local/lib/python3.7/site-packages/airflow/example_dags/example_short_circuit_operator.py
[2022-07-05 10:29:12,284] {logging_mixin.py:109} INFO - [2022-07-05 10:29:12,284] {dag.py:2398} INFO - Sync 1 DAGs
[2022-07-05 10:29:12,344] {logging_mixin.py:109} INFO - [2022-07-05 10:29:12,343] {dag.py:2937} INFO - Setting next_dagrun for example_short_circuit_operator to 2022-07-04T10:29:12.341623+00:00
[2022-07-05 10:29:12,404] {processor.py:171} INFO - Processing /home/airflow/.local/lib/python3.7/site-packages/airflow/example_dags/example_short_circuit_operator.py took 0.265 seconds
[2022-07-05 10:29:42,640] {processor.py:163} INFO - Started process (PID=649) to work on /home/airflow/.local/lib/python3.7/site-packages/airflow/example_dags/example_short_circuit_operator.py
[2022-07-05 10:29:42,644] {processor.py:642} INFO - Processing file /home/airflow/.local/lib/python3.7/site-packages/airflow/example_dags/example_short_circuit_operator.py for tasks to queue
[2022-07-05 10:29:42,647] {logging_mixin.py:109} INFO - [2022-07-05 10:29:42,647] {dagbag.py:500} INFO - Filling up the DagBag from /home/airflow/.local/lib/python3.7/site-packages/airflow/example_dags/example_short_circuit_operator.py
[2022-07-05 10:29:42,709] {processor.py:652} INFO - DAG(s) dict_keys(['example_short_circuit_operator']) retrieved from /home/airflow/.local/lib/python3.7/site-packages/airflow/example_dags/example_short_circuit_operator.py
[2022-07-05 10:29:42,768] {logging_mixin.py:109} INFO - [2022-07-05 10:29:42,768] {dag.py:2398} INFO - Sync 1 DAGs
[2022-07-05 10:29:42,823] {logging_mixin.py:109} INFO - [2022-07-05 10:29:42,823] {dag.py:2937} INFO - Setting next_dagrun for example_short_circuit_operator to 2022-07-04T10:29:42.821448+00:00
[2022-07-05 10:29:42,853] {processor.py:171} INFO - Processing /home/airflow/.local/lib/python3.7/site-packages/airflow/example_dags/example_short_circuit_operator.py took 0.220 seconds
[2022-07-05 10:30:13,091] {processor.py:163} INFO - Started process (PID=745) to work on /home/airflow/.local/lib/python3.7/site-packages/airflow/example_dags/example_short_circuit_operator.py
[2022-07-05 10:30:13,095] {processor.py:642} INFO - Processing file /home/airflow/.local/lib/python3.7/site-packages/airflow/example_dags/example_short_circuit_operator.py for tasks to queue
[2022-07-05 10:30:13,098] {logging_mixin.py:109} INFO - [2022-07-05 10:30:13,098] {dagbag.py:500} INFO - Filling up the DagBag from /home/airflow/.local/lib/python3.7/site-packages/airflow/example_dags/example_short_circuit_operator.py
[2022-07-05 10:30:13,188] {processor.py:652} INFO - DAG(s) dict_keys(['example_short_circuit_operator']) retrieved from /home/airflow/.local/lib/python3.7/site-packages/airflow/example_dags/example_short_circuit_operator.py
[2022-07-05 10:30:13,256] {logging_mixin.py:109} INFO - [2022-07-05 10:30:13,255] {dag.py:2398} INFO - Sync 1 DAGs
[2022-07-05 10:30:13,329] {logging_mixin.py:109} INFO - [2022-07-05 10:30:13,328] {dag.py:2937} INFO - Setting next_dagrun for example_short_circuit_operator to 2022-07-04T10:30:13.326988+00:00
[2022-07-05 10:30:13,364] {processor.py:171} INFO - Processing /home/airflow/.local/lib/python3.7/site-packages/airflow/example_dags/example_short_circuit_operator.py took 0.280 seconds
[2022-07-05 10:30:43,905] {processor.py:163} INFO - Started process (PID=824) to work on /home/airflow/.local/lib/python3.7/site-packages/airflow/example_dags/example_short_circuit_operator.py
[2022-07-05 10:30:43,911] {processor.py:642} INFO - Processing file /home/airflow/.local/lib/python3.7/site-packages/airflow/example_dags/example_short_circuit_operator.py for tasks to queue
[2022-07-05 10:30:43,914] {logging_mixin.py:109} INFO - [2022-07-05 10:30:43,913] {dagbag.py:500} INFO - Filling up the DagBag from /home/airflow/.local/lib/python3.7/site-packages/airflow/example_dags/example_short_circuit_operator.py
[2022-07-05 10:30:43,976] {processor.py:652} INFO - DAG(s) dict_keys(['example_short_circuit_operator']) retrieved from /home/airflow/.local/lib/python3.7/site-packages/airflow/example_dags/example_short_circuit_operator.py
[2022-07-05 10:30:44,035] {logging_mixin.py:109} INFO - [2022-07-05 10:30:44,034] {dag.py:2398} INFO - Sync 1 DAGs
[2022-07-05 10:30:44,088] {logging_mixin.py:109} INFO - [2022-07-05 10:30:44,087] {dag.py:2937} INFO - Setting next_dagrun for example_short_circuit_operator to 2022-07-04T10:30:44.086264+00:00
[2022-07-05 10:30:44,115] {processor.py:171} INFO - Processing /home/airflow/.local/lib/python3.7/site-packages/airflow/example_dags/example_short_circuit_operator.py took 0.217 seconds
[2022-07-05 10:31:15,639] {processor.py:163} INFO - Started process (PID=924) to work on /home/airflow/.local/lib/python3.7/site-packages/airflow/example_dags/example_short_circuit_operator.py
[2022-07-05 10:31:15,653] {processor.py:642} INFO - Processing file /home/airflow/.local/lib/python3.7/site-packages/airflow/example_dags/example_short_circuit_operator.py for tasks to queue
[2022-07-05 10:31:15,659] {logging_mixin.py:109} INFO - [2022-07-05 10:31:15,658] {dagbag.py:500} INFO - Filling up the DagBag from /home/airflow/.local/lib/python3.7/site-packages/airflow/example_dags/example_short_circuit_operator.py
[2022-07-05 10:31:15,740] {processor.py:652} INFO - DAG(s) dict_keys(['example_short_circuit_operator']) retrieved from /home/airflow/.local/lib/python3.7/site-packages/airflow/example_dags/example_short_circuit_operator.py
[2022-07-05 10:31:15,914] {logging_mixin.py:109} INFO - [2022-07-05 10:31:15,914] {dag.py:2398} INFO - Sync 1 DAGs
[2022-07-05 10:31:16,037] {logging_mixin.py:109} INFO - [2022-07-05 10:31:16,036] {dag.py:2937} INFO - Setting next_dagrun for example_short_circuit_operator to 2022-07-04T10:31:16.026983+00:00
[2022-07-05 10:31:16,138] {processor.py:171} INFO - Processing /home/airflow/.local/lib/python3.7/site-packages/airflow/example_dags/example_short_circuit_operator.py took 0.507 seconds
