[2022-07-05 10:09:04,043] {processor.py:163} INFO - Started process (PID=327) to work on /home/airflow/.local/lib/python3.7/site-packages/airflow/example_dags/example_branch_day_of_week_operator.py
[2022-07-05 10:09:04,056] {processor.py:642} INFO - Processing file /home/airflow/.local/lib/python3.7/site-packages/airflow/example_dags/example_branch_day_of_week_operator.py for tasks to queue
[2022-07-05 10:09:04,059] {logging_mixin.py:109} INFO - [2022-07-05 10:09:04,059] {dagbag.py:500} INFO - Filling up the DagBag from /home/airflow/.local/lib/python3.7/site-packages/airflow/example_dags/example_branch_day_of_week_operator.py
[2022-07-05 10:09:04,163] {processor.py:652} INFO - DAG(s) dict_keys(['example_weekday_branch_operator']) retrieved from /home/airflow/.local/lib/python3.7/site-packages/airflow/example_dags/example_branch_day_of_week_operator.py
[2022-07-05 10:09:15,114] {logging_mixin.py:109} INFO - [2022-07-05 10:09:15,113] {manager.py:496} INFO - Created Permission View: can edit on DAG:example_weekday_branch_operator
[2022-07-05 10:09:15,141] {logging_mixin.py:109} INFO - [2022-07-05 10:09:15,140] {manager.py:496} INFO - Created Permission View: can read on DAG:example_weekday_branch_operator
[2022-07-05 10:09:15,144] {logging_mixin.py:109} INFO - [2022-07-05 10:09:15,143] {dag.py:2398} INFO - Sync 1 DAGs
[2022-07-05 10:09:15,178] {logging_mixin.py:109} INFO - [2022-07-05 10:09:15,177] {dag.py:2417} INFO - Creating ORM DAG for example_weekday_branch_operator
[2022-07-05 10:09:15,219] {logging_mixin.py:109} INFO - [2022-07-05 10:09:15,219] {dag.py:2937} INFO - Setting next_dagrun for example_weekday_branch_operator to 2022-07-04 00:00:00+00:00
[2022-07-05 10:09:15,259] {processor.py:171} INFO - Processing /home/airflow/.local/lib/python3.7/site-packages/airflow/example_dags/example_branch_day_of_week_operator.py took 11.224 seconds
[2022-07-05 10:26:47,751] {processor.py:163} INFO - Started process (PID=196) to work on /home/airflow/.local/lib/python3.7/site-packages/airflow/example_dags/example_branch_day_of_week_operator.py
[2022-07-05 10:26:47,770] {processor.py:642} INFO - Processing file /home/airflow/.local/lib/python3.7/site-packages/airflow/example_dags/example_branch_day_of_week_operator.py for tasks to queue
[2022-07-05 10:26:47,777] {logging_mixin.py:109} INFO - [2022-07-05 10:26:47,776] {dagbag.py:500} INFO - Filling up the DagBag from /home/airflow/.local/lib/python3.7/site-packages/airflow/example_dags/example_branch_day_of_week_operator.py
[2022-07-05 10:26:47,971] {processor.py:652} INFO - DAG(s) dict_keys(['example_weekday_branch_operator']) retrieved from /home/airflow/.local/lib/python3.7/site-packages/airflow/example_dags/example_branch_day_of_week_operator.py
[2022-07-05 10:26:48,098] {logging_mixin.py:109} INFO - [2022-07-05 10:26:48,097] {dag.py:2398} INFO - Sync 1 DAGs
[2022-07-05 10:26:48,328] {logging_mixin.py:109} INFO - [2022-07-05 10:26:48,328] {dag.py:2937} INFO - Setting next_dagrun for example_weekday_branch_operator to 2022-07-04 00:00:00+00:00
[2022-07-05 10:26:48,417] {processor.py:171} INFO - Processing /home/airflow/.local/lib/python3.7/site-packages/airflow/example_dags/example_branch_day_of_week_operator.py took 0.683 seconds
[2022-07-05 10:28:01,963] {processor.py:163} INFO - Started process (PID=335) to work on /home/airflow/.local/lib/python3.7/site-packages/airflow/example_dags/example_branch_day_of_week_operator.py
[2022-07-05 10:28:01,968] {processor.py:642} INFO - Processing file /home/airflow/.local/lib/python3.7/site-packages/airflow/example_dags/example_branch_day_of_week_operator.py for tasks to queue
[2022-07-05 10:28:01,972] {logging_mixin.py:109} INFO - [2022-07-05 10:28:01,971] {dagbag.py:500} INFO - Filling up the DagBag from /home/airflow/.local/lib/python3.7/site-packages/airflow/example_dags/example_branch_day_of_week_operator.py
[2022-07-05 10:28:02,043] {processor.py:652} INFO - DAG(s) dict_keys(['example_weekday_branch_operator']) retrieved from /home/airflow/.local/lib/python3.7/site-packages/airflow/example_dags/example_branch_day_of_week_operator.py
[2022-07-05 10:28:02,104] {logging_mixin.py:109} INFO - [2022-07-05 10:28:02,103] {dag.py:2398} INFO - Sync 1 DAGs
[2022-07-05 10:28:02,190] {logging_mixin.py:109} INFO - [2022-07-05 10:28:02,189] {dag.py:2937} INFO - Setting next_dagrun for example_weekday_branch_operator to 2022-07-04 00:00:00+00:00
[2022-07-05 10:28:02,222] {processor.py:171} INFO - Processing /home/airflow/.local/lib/python3.7/site-packages/airflow/example_dags/example_branch_day_of_week_operator.py took 0.266 seconds
[2022-07-05 10:28:34,054] {processor.py:163} INFO - Started process (PID=438) to work on /home/airflow/.local/lib/python3.7/site-packages/airflow/example_dags/example_branch_day_of_week_operator.py
[2022-07-05 10:28:34,058] {processor.py:642} INFO - Processing file /home/airflow/.local/lib/python3.7/site-packages/airflow/example_dags/example_branch_day_of_week_operator.py for tasks to queue
[2022-07-05 10:28:34,062] {logging_mixin.py:109} INFO - [2022-07-05 10:28:34,062] {dagbag.py:500} INFO - Filling up the DagBag from /home/airflow/.local/lib/python3.7/site-packages/airflow/example_dags/example_branch_day_of_week_operator.py
[2022-07-05 10:28:34,182] {processor.py:652} INFO - DAG(s) dict_keys(['example_weekday_branch_operator']) retrieved from /home/airflow/.local/lib/python3.7/site-packages/airflow/example_dags/example_branch_day_of_week_operator.py
[2022-07-05 10:28:34,252] {logging_mixin.py:109} INFO - [2022-07-05 10:28:34,251] {dag.py:2398} INFO - Sync 1 DAGs
[2022-07-05 10:28:34,377] {logging_mixin.py:109} INFO - [2022-07-05 10:28:34,376] {dag.py:2937} INFO - Setting next_dagrun for example_weekday_branch_operator to 2022-07-04 00:00:00+00:00
[2022-07-05 10:28:34,431] {processor.py:171} INFO - Processing /home/airflow/.local/lib/python3.7/site-packages/airflow/example_dags/example_branch_day_of_week_operator.py took 0.385 seconds
[2022-07-05 10:29:05,620] {processor.py:163} INFO - Started process (PID=519) to work on /home/airflow/.local/lib/python3.7/site-packages/airflow/example_dags/example_branch_day_of_week_operator.py
[2022-07-05 10:29:05,625] {processor.py:642} INFO - Processing file /home/airflow/.local/lib/python3.7/site-packages/airflow/example_dags/example_branch_day_of_week_operator.py for tasks to queue
[2022-07-05 10:29:05,627] {logging_mixin.py:109} INFO - [2022-07-05 10:29:05,627] {dagbag.py:500} INFO - Filling up the DagBag from /home/airflow/.local/lib/python3.7/site-packages/airflow/example_dags/example_branch_day_of_week_operator.py
[2022-07-05 10:29:05,689] {processor.py:652} INFO - DAG(s) dict_keys(['example_weekday_branch_operator']) retrieved from /home/airflow/.local/lib/python3.7/site-packages/airflow/example_dags/example_branch_day_of_week_operator.py
[2022-07-05 10:29:05,750] {logging_mixin.py:109} INFO - [2022-07-05 10:29:05,750] {dag.py:2398} INFO - Sync 1 DAGs
[2022-07-05 10:29:05,819] {logging_mixin.py:109} INFO - [2022-07-05 10:29:05,818] {dag.py:2937} INFO - Setting next_dagrun for example_weekday_branch_operator to 2022-07-04 00:00:00+00:00
[2022-07-05 10:29:05,846] {processor.py:171} INFO - Processing /home/airflow/.local/lib/python3.7/site-packages/airflow/example_dags/example_branch_day_of_week_operator.py took 0.232 seconds
[2022-07-05 10:29:37,943] {processor.py:163} INFO - Started process (PID=619) to work on /home/airflow/.local/lib/python3.7/site-packages/airflow/example_dags/example_branch_day_of_week_operator.py
[2022-07-05 10:29:37,947] {processor.py:642} INFO - Processing file /home/airflow/.local/lib/python3.7/site-packages/airflow/example_dags/example_branch_day_of_week_operator.py for tasks to queue
[2022-07-05 10:29:37,951] {logging_mixin.py:109} INFO - [2022-07-05 10:29:37,950] {dagbag.py:500} INFO - Filling up the DagBag from /home/airflow/.local/lib/python3.7/site-packages/airflow/example_dags/example_branch_day_of_week_operator.py
[2022-07-05 10:29:38,016] {processor.py:652} INFO - DAG(s) dict_keys(['example_weekday_branch_operator']) retrieved from /home/airflow/.local/lib/python3.7/site-packages/airflow/example_dags/example_branch_day_of_week_operator.py
[2022-07-05 10:29:38,090] {logging_mixin.py:109} INFO - [2022-07-05 10:29:38,090] {dag.py:2398} INFO - Sync 1 DAGs
[2022-07-05 10:29:38,178] {logging_mixin.py:109} INFO - [2022-07-05 10:29:38,177] {dag.py:2937} INFO - Setting next_dagrun for example_weekday_branch_operator to 2022-07-04 00:00:00+00:00
[2022-07-05 10:29:38,211] {processor.py:171} INFO - Processing /home/airflow/.local/lib/python3.7/site-packages/airflow/example_dags/example_branch_day_of_week_operator.py took 0.276 seconds
[2022-07-05 10:30:09,022] {processor.py:163} INFO - Started process (PID=700) to work on /home/airflow/.local/lib/python3.7/site-packages/airflow/example_dags/example_branch_day_of_week_operator.py
[2022-07-05 10:30:09,042] {processor.py:642} INFO - Processing file /home/airflow/.local/lib/python3.7/site-packages/airflow/example_dags/example_branch_day_of_week_operator.py for tasks to queue
[2022-07-05 10:30:09,045] {logging_mixin.py:109} INFO - [2022-07-05 10:30:09,045] {dagbag.py:500} INFO - Filling up the DagBag from /home/airflow/.local/lib/python3.7/site-packages/airflow/example_dags/example_branch_day_of_week_operator.py
[2022-07-05 10:30:09,125] {processor.py:652} INFO - DAG(s) dict_keys(['example_weekday_branch_operator']) retrieved from /home/airflow/.local/lib/python3.7/site-packages/airflow/example_dags/example_branch_day_of_week_operator.py
[2022-07-05 10:30:09,188] {logging_mixin.py:109} INFO - [2022-07-05 10:30:09,188] {dag.py:2398} INFO - Sync 1 DAGs
[2022-07-05 10:30:09,260] {logging_mixin.py:109} INFO - [2022-07-05 10:30:09,260] {dag.py:2937} INFO - Setting next_dagrun for example_weekday_branch_operator to 2022-07-04 00:00:00+00:00
[2022-07-05 10:30:09,295] {processor.py:171} INFO - Processing /home/airflow/.local/lib/python3.7/site-packages/airflow/example_dags/example_branch_day_of_week_operator.py took 0.280 seconds
[2022-07-05 10:30:40,889] {processor.py:163} INFO - Started process (PID=796) to work on /home/airflow/.local/lib/python3.7/site-packages/airflow/example_dags/example_branch_day_of_week_operator.py
[2022-07-05 10:30:40,894] {processor.py:642} INFO - Processing file /home/airflow/.local/lib/python3.7/site-packages/airflow/example_dags/example_branch_day_of_week_operator.py for tasks to queue
[2022-07-05 10:30:40,897] {logging_mixin.py:109} INFO - [2022-07-05 10:30:40,896] {dagbag.py:500} INFO - Filling up the DagBag from /home/airflow/.local/lib/python3.7/site-packages/airflow/example_dags/example_branch_day_of_week_operator.py
[2022-07-05 10:30:40,966] {processor.py:652} INFO - DAG(s) dict_keys(['example_weekday_branch_operator']) retrieved from /home/airflow/.local/lib/python3.7/site-packages/airflow/example_dags/example_branch_day_of_week_operator.py
[2022-07-05 10:30:41,028] {logging_mixin.py:109} INFO - [2022-07-05 10:30:41,028] {dag.py:2398} INFO - Sync 1 DAGs
[2022-07-05 10:30:41,103] {logging_mixin.py:109} INFO - [2022-07-05 10:30:41,102] {dag.py:2937} INFO - Setting next_dagrun for example_weekday_branch_operator to 2022-07-04 00:00:00+00:00
[2022-07-05 10:30:41,132] {processor.py:171} INFO - Processing /home/airflow/.local/lib/python3.7/site-packages/airflow/example_dags/example_branch_day_of_week_operator.py took 0.250 seconds
[2022-07-05 10:31:12,798] {processor.py:163} INFO - Started process (PID=896) to work on /home/airflow/.local/lib/python3.7/site-packages/airflow/example_dags/example_branch_day_of_week_operator.py
[2022-07-05 10:31:12,804] {processor.py:642} INFO - Processing file /home/airflow/.local/lib/python3.7/site-packages/airflow/example_dags/example_branch_day_of_week_operator.py for tasks to queue
[2022-07-05 10:31:12,807] {logging_mixin.py:109} INFO - [2022-07-05 10:31:12,807] {dagbag.py:500} INFO - Filling up the DagBag from /home/airflow/.local/lib/python3.7/site-packages/airflow/example_dags/example_branch_day_of_week_operator.py
[2022-07-05 10:31:12,873] {processor.py:652} INFO - DAG(s) dict_keys(['example_weekday_branch_operator']) retrieved from /home/airflow/.local/lib/python3.7/site-packages/airflow/example_dags/example_branch_day_of_week_operator.py
[2022-07-05 10:31:12,931] {logging_mixin.py:109} INFO - [2022-07-05 10:31:12,930] {dag.py:2398} INFO - Sync 1 DAGs
[2022-07-05 10:31:13,006] {logging_mixin.py:109} INFO - [2022-07-05 10:31:13,005] {dag.py:2937} INFO - Setting next_dagrun for example_weekday_branch_operator to 2022-07-04 00:00:00+00:00
[2022-07-05 10:31:13,042] {processor.py:171} INFO - Processing /home/airflow/.local/lib/python3.7/site-packages/airflow/example_dags/example_branch_day_of_week_operator.py took 0.257 seconds
