[2022-07-05 10:09:15,414] {processor.py:163} INFO - Started process (PID=343) to work on /home/airflow/.local/lib/python3.7/site-packages/airflow/example_dags/example_latest_only_with_trigger.py
[2022-07-05 10:09:15,419] {processor.py:642} INFO - Processing file /home/airflow/.local/lib/python3.7/site-packages/airflow/example_dags/example_latest_only_with_trigger.py for tasks to queue
[2022-07-05 10:09:15,422] {logging_mixin.py:109} INFO - [2022-07-05 10:09:15,422] {dagbag.py:500} INFO - Filling up the DagBag from /home/airflow/.local/lib/python3.7/site-packages/airflow/example_dags/example_latest_only_with_trigger.py
[2022-07-05 10:09:15,487] {processor.py:652} INFO - DAG(s) dict_keys(['latest_only_with_trigger']) retrieved from /home/airflow/.local/lib/python3.7/site-packages/airflow/example_dags/example_latest_only_with_trigger.py
[2022-07-05 10:09:24,972] {logging_mixin.py:109} INFO - [2022-07-05 10:09:24,971] {manager.py:496} INFO - Created Permission View: can edit on DAG:latest_only_with_trigger
[2022-07-05 10:09:25,023] {logging_mixin.py:109} INFO - [2022-07-05 10:09:25,022] {manager.py:496} INFO - Created Permission View: can read on DAG:latest_only_with_trigger
[2022-07-05 10:09:25,026] {logging_mixin.py:109} INFO - [2022-07-05 10:09:25,025] {dag.py:2398} INFO - Sync 1 DAGs
[2022-07-05 10:09:25,072] {logging_mixin.py:109} INFO - [2022-07-05 10:09:25,071] {dag.py:2417} INFO - Creating ORM DAG for latest_only_with_trigger
[2022-07-05 10:09:25,114] {logging_mixin.py:109} INFO - [2022-07-05 10:09:25,114] {dag.py:2937} INFO - Setting next_dagrun for latest_only_with_trigger to 2022-07-05T06:09:25.112430+00:00
[2022-07-05 10:09:25,175] {processor.py:171} INFO - Processing /home/airflow/.local/lib/python3.7/site-packages/airflow/example_dags/example_latest_only_with_trigger.py took 9.768 seconds
[2022-07-05 10:26:48,881] {processor.py:163} INFO - Started process (PID=202) to work on /home/airflow/.local/lib/python3.7/site-packages/airflow/example_dags/example_latest_only_with_trigger.py
[2022-07-05 10:26:48,888] {processor.py:642} INFO - Processing file /home/airflow/.local/lib/python3.7/site-packages/airflow/example_dags/example_latest_only_with_trigger.py for tasks to queue
[2022-07-05 10:26:48,894] {logging_mixin.py:109} INFO - [2022-07-05 10:26:48,894] {dagbag.py:500} INFO - Filling up the DagBag from /home/airflow/.local/lib/python3.7/site-packages/airflow/example_dags/example_latest_only_with_trigger.py
[2022-07-05 10:26:49,139] {processor.py:652} INFO - DAG(s) dict_keys(['latest_only_with_trigger']) retrieved from /home/airflow/.local/lib/python3.7/site-packages/airflow/example_dags/example_latest_only_with_trigger.py
[2022-07-05 10:26:49,418] {logging_mixin.py:109} INFO - [2022-07-05 10:26:49,417] {dag.py:2398} INFO - Sync 1 DAGs
[2022-07-05 10:26:49,858] {logging_mixin.py:109} INFO - [2022-07-05 10:26:49,857] {dag.py:2937} INFO - Setting next_dagrun for latest_only_with_trigger to 2022-07-05T06:26:49.837482+00:00
[2022-07-05 10:26:50,037] {processor.py:171} INFO - Processing /home/airflow/.local/lib/python3.7/site-packages/airflow/example_dags/example_latest_only_with_trigger.py took 1.173 seconds
[2022-07-05 10:28:02,541] {processor.py:163} INFO - Started process (PID=341) to work on /home/airflow/.local/lib/python3.7/site-packages/airflow/example_dags/example_latest_only_with_trigger.py
[2022-07-05 10:28:02,545] {processor.py:642} INFO - Processing file /home/airflow/.local/lib/python3.7/site-packages/airflow/example_dags/example_latest_only_with_trigger.py for tasks to queue
[2022-07-05 10:28:02,549] {logging_mixin.py:109} INFO - [2022-07-05 10:28:02,549] {dagbag.py:500} INFO - Filling up the DagBag from /home/airflow/.local/lib/python3.7/site-packages/airflow/example_dags/example_latest_only_with_trigger.py
[2022-07-05 10:28:02,620] {processor.py:652} INFO - DAG(s) dict_keys(['latest_only_with_trigger']) retrieved from /home/airflow/.local/lib/python3.7/site-packages/airflow/example_dags/example_latest_only_with_trigger.py
[2022-07-05 10:28:02,683] {logging_mixin.py:109} INFO - [2022-07-05 10:28:02,683] {dag.py:2398} INFO - Sync 1 DAGs
[2022-07-05 10:28:02,749] {logging_mixin.py:109} INFO - [2022-07-05 10:28:02,749] {dag.py:2937} INFO - Setting next_dagrun for latest_only_with_trigger to 2022-07-05T06:28:02.747408+00:00
[2022-07-05 10:28:02,792] {processor.py:171} INFO - Processing /home/airflow/.local/lib/python3.7/site-packages/airflow/example_dags/example_latest_only_with_trigger.py took 0.259 seconds
[2022-07-05 10:28:34,688] {processor.py:163} INFO - Started process (PID=444) to work on /home/airflow/.local/lib/python3.7/site-packages/airflow/example_dags/example_latest_only_with_trigger.py
[2022-07-05 10:28:34,694] {processor.py:642} INFO - Processing file /home/airflow/.local/lib/python3.7/site-packages/airflow/example_dags/example_latest_only_with_trigger.py for tasks to queue
[2022-07-05 10:28:34,698] {logging_mixin.py:109} INFO - [2022-07-05 10:28:34,698] {dagbag.py:500} INFO - Filling up the DagBag from /home/airflow/.local/lib/python3.7/site-packages/airflow/example_dags/example_latest_only_with_trigger.py
[2022-07-05 10:28:34,777] {processor.py:652} INFO - DAG(s) dict_keys(['latest_only_with_trigger']) retrieved from /home/airflow/.local/lib/python3.7/site-packages/airflow/example_dags/example_latest_only_with_trigger.py
[2022-07-05 10:28:34,857] {logging_mixin.py:109} INFO - [2022-07-05 10:28:34,857] {dag.py:2398} INFO - Sync 1 DAGs
[2022-07-05 10:28:34,920] {logging_mixin.py:109} INFO - [2022-07-05 10:28:34,920] {dag.py:2937} INFO - Setting next_dagrun for latest_only_with_trigger to 2022-07-05T06:28:34.918397+00:00
[2022-07-05 10:28:34,953] {processor.py:171} INFO - Processing /home/airflow/.local/lib/python3.7/site-packages/airflow/example_dags/example_latest_only_with_trigger.py took 0.274 seconds
[2022-07-05 10:29:05,993] {processor.py:163} INFO - Started process (PID=525) to work on /home/airflow/.local/lib/python3.7/site-packages/airflow/example_dags/example_latest_only_with_trigger.py
[2022-07-05 10:29:05,997] {processor.py:642} INFO - Processing file /home/airflow/.local/lib/python3.7/site-packages/airflow/example_dags/example_latest_only_with_trigger.py for tasks to queue
[2022-07-05 10:29:06,002] {logging_mixin.py:109} INFO - [2022-07-05 10:29:06,002] {dagbag.py:500} INFO - Filling up the DagBag from /home/airflow/.local/lib/python3.7/site-packages/airflow/example_dags/example_latest_only_with_trigger.py
[2022-07-05 10:29:06,060] {processor.py:652} INFO - DAG(s) dict_keys(['latest_only_with_trigger']) retrieved from /home/airflow/.local/lib/python3.7/site-packages/airflow/example_dags/example_latest_only_with_trigger.py
[2022-07-05 10:29:06,115] {logging_mixin.py:109} INFO - [2022-07-05 10:29:06,115] {dag.py:2398} INFO - Sync 1 DAGs
[2022-07-05 10:29:06,175] {logging_mixin.py:109} INFO - [2022-07-05 10:29:06,174] {dag.py:2937} INFO - Setting next_dagrun for latest_only_with_trigger to 2022-07-05T06:29:06.172755+00:00
[2022-07-05 10:29:06,203] {processor.py:171} INFO - Processing /home/airflow/.local/lib/python3.7/site-packages/airflow/example_dags/example_latest_only_with_trigger.py took 0.217 seconds
[2022-07-05 10:29:38,655] {processor.py:163} INFO - Started process (PID=625) to work on /home/airflow/.local/lib/python3.7/site-packages/airflow/example_dags/example_latest_only_with_trigger.py
[2022-07-05 10:29:38,660] {processor.py:642} INFO - Processing file /home/airflow/.local/lib/python3.7/site-packages/airflow/example_dags/example_latest_only_with_trigger.py for tasks to queue
[2022-07-05 10:29:38,664] {logging_mixin.py:109} INFO - [2022-07-05 10:29:38,664] {dagbag.py:500} INFO - Filling up the DagBag from /home/airflow/.local/lib/python3.7/site-packages/airflow/example_dags/example_latest_only_with_trigger.py
[2022-07-05 10:29:38,728] {processor.py:652} INFO - DAG(s) dict_keys(['latest_only_with_trigger']) retrieved from /home/airflow/.local/lib/python3.7/site-packages/airflow/example_dags/example_latest_only_with_trigger.py
[2022-07-05 10:29:38,794] {logging_mixin.py:109} INFO - [2022-07-05 10:29:38,793] {dag.py:2398} INFO - Sync 1 DAGs
[2022-07-05 10:29:38,855] {logging_mixin.py:109} INFO - [2022-07-05 10:29:38,855] {dag.py:2937} INFO - Setting next_dagrun for latest_only_with_trigger to 2022-07-05T06:29:38.853538+00:00
[2022-07-05 10:29:38,892] {processor.py:171} INFO - Processing /home/airflow/.local/lib/python3.7/site-packages/airflow/example_dags/example_latest_only_with_trigger.py took 0.249 seconds
[2022-07-05 10:30:09,659] {processor.py:163} INFO - Started process (PID=715) to work on /home/airflow/.local/lib/python3.7/site-packages/airflow/example_dags/example_latest_only_with_trigger.py
[2022-07-05 10:30:09,664] {processor.py:642} INFO - Processing file /home/airflow/.local/lib/python3.7/site-packages/airflow/example_dags/example_latest_only_with_trigger.py for tasks to queue
[2022-07-05 10:30:09,667] {logging_mixin.py:109} INFO - [2022-07-05 10:30:09,667] {dagbag.py:500} INFO - Filling up the DagBag from /home/airflow/.local/lib/python3.7/site-packages/airflow/example_dags/example_latest_only_with_trigger.py
[2022-07-05 10:30:09,733] {processor.py:652} INFO - DAG(s) dict_keys(['latest_only_with_trigger']) retrieved from /home/airflow/.local/lib/python3.7/site-packages/airflow/example_dags/example_latest_only_with_trigger.py
[2022-07-05 10:30:09,816] {logging_mixin.py:109} INFO - [2022-07-05 10:30:09,815] {dag.py:2398} INFO - Sync 1 DAGs
[2022-07-05 10:30:09,890] {logging_mixin.py:109} INFO - [2022-07-05 10:30:09,889] {dag.py:2937} INFO - Setting next_dagrun for latest_only_with_trigger to 2022-07-05T06:30:09.887651+00:00
[2022-07-05 10:30:09,924] {processor.py:171} INFO - Processing /home/airflow/.local/lib/python3.7/site-packages/airflow/example_dags/example_latest_only_with_trigger.py took 0.272 seconds
[2022-07-05 10:30:41,273] {processor.py:163} INFO - Started process (PID=802) to work on /home/airflow/.local/lib/python3.7/site-packages/airflow/example_dags/example_latest_only_with_trigger.py
[2022-07-05 10:30:41,277] {processor.py:642} INFO - Processing file /home/airflow/.local/lib/python3.7/site-packages/airflow/example_dags/example_latest_only_with_trigger.py for tasks to queue
[2022-07-05 10:30:41,280] {logging_mixin.py:109} INFO - [2022-07-05 10:30:41,280] {dagbag.py:500} INFO - Filling up the DagBag from /home/airflow/.local/lib/python3.7/site-packages/airflow/example_dags/example_latest_only_with_trigger.py
[2022-07-05 10:30:41,340] {processor.py:652} INFO - DAG(s) dict_keys(['latest_only_with_trigger']) retrieved from /home/airflow/.local/lib/python3.7/site-packages/airflow/example_dags/example_latest_only_with_trigger.py
[2022-07-05 10:30:41,399] {logging_mixin.py:109} INFO - [2022-07-05 10:30:41,398] {dag.py:2398} INFO - Sync 1 DAGs
[2022-07-05 10:30:41,458] {logging_mixin.py:109} INFO - [2022-07-05 10:30:41,457] {dag.py:2937} INFO - Setting next_dagrun for latest_only_with_trigger to 2022-07-05T06:30:41.455996+00:00
[2022-07-05 10:30:41,496] {processor.py:171} INFO - Processing /home/airflow/.local/lib/python3.7/site-packages/airflow/example_dags/example_latest_only_with_trigger.py took 0.230 seconds
[2022-07-05 10:31:13,225] {processor.py:163} INFO - Started process (PID=902) to work on /home/airflow/.local/lib/python3.7/site-packages/airflow/example_dags/example_latest_only_with_trigger.py
[2022-07-05 10:31:13,239] {processor.py:642} INFO - Processing file /home/airflow/.local/lib/python3.7/site-packages/airflow/example_dags/example_latest_only_with_trigger.py for tasks to queue
[2022-07-05 10:31:13,247] {logging_mixin.py:109} INFO - [2022-07-05 10:31:13,246] {dagbag.py:500} INFO - Filling up the DagBag from /home/airflow/.local/lib/python3.7/site-packages/airflow/example_dags/example_latest_only_with_trigger.py
[2022-07-05 10:31:13,349] {processor.py:652} INFO - DAG(s) dict_keys(['latest_only_with_trigger']) retrieved from /home/airflow/.local/lib/python3.7/site-packages/airflow/example_dags/example_latest_only_with_trigger.py
[2022-07-05 10:31:13,454] {logging_mixin.py:109} INFO - [2022-07-05 10:31:13,454] {dag.py:2398} INFO - Sync 1 DAGs
[2022-07-05 10:31:13,539] {logging_mixin.py:109} INFO - [2022-07-05 10:31:13,539] {dag.py:2937} INFO - Setting next_dagrun for latest_only_with_trigger to 2022-07-05T06:31:13.537646+00:00
[2022-07-05 10:31:13,575] {processor.py:171} INFO - Processing /home/airflow/.local/lib/python3.7/site-packages/airflow/example_dags/example_latest_only_with_trigger.py took 0.359 seconds
