[2022-07-05 10:09:37,139] {processor.py:163} INFO - Started process (PID=388) to work on /home/airflow/.local/lib/python3.7/site-packages/airflow/example_dags/example_task_group.py
[2022-07-05 10:09:37,144] {processor.py:642} INFO - Processing file /home/airflow/.local/lib/python3.7/site-packages/airflow/example_dags/example_task_group.py for tasks to queue
[2022-07-05 10:09:37,148] {logging_mixin.py:109} INFO - [2022-07-05 10:09:37,147] {dagbag.py:500} INFO - Filling up the DagBag from /home/airflow/.local/lib/python3.7/site-packages/airflow/example_dags/example_task_group.py
[2022-07-05 10:09:37,245] {processor.py:652} INFO - DAG(s) dict_keys(['example_task_group']) retrieved from /home/airflow/.local/lib/python3.7/site-packages/airflow/example_dags/example_task_group.py
[2022-07-05 10:09:48,341] {logging_mixin.py:109} INFO - [2022-07-05 10:09:48,340] {manager.py:496} INFO - Created Permission View: can edit on DAG:example_task_group
[2022-07-05 10:09:48,417] {logging_mixin.py:109} INFO - [2022-07-05 10:09:48,416] {manager.py:496} INFO - Created Permission View: can read on DAG:example_task_group
[2022-07-05 10:09:48,421] {logging_mixin.py:109} INFO - [2022-07-05 10:09:48,419] {dag.py:2398} INFO - Sync 1 DAGs
[2022-07-05 10:09:48,461] {logging_mixin.py:109} INFO - [2022-07-05 10:09:48,460] {dag.py:2417} INFO - Creating ORM DAG for example_task_group
[2022-07-05 10:09:48,532] {logging_mixin.py:109} INFO - [2022-07-05 10:09:48,531] {dag.py:2937} INFO - Setting next_dagrun for example_task_group to 2022-07-04T10:09:48.529997+00:00
[2022-07-05 10:09:48,603] {processor.py:171} INFO - Processing /home/airflow/.local/lib/python3.7/site-packages/airflow/example_dags/example_task_group.py took 11.472 seconds
[2022-07-05 10:26:51,404] {processor.py:163} INFO - Started process (PID=220) to work on /home/airflow/.local/lib/python3.7/site-packages/airflow/example_dags/example_task_group.py
[2022-07-05 10:26:51,411] {processor.py:642} INFO - Processing file /home/airflow/.local/lib/python3.7/site-packages/airflow/example_dags/example_task_group.py for tasks to queue
[2022-07-05 10:26:51,429] {logging_mixin.py:109} INFO - [2022-07-05 10:26:51,428] {dagbag.py:500} INFO - Filling up the DagBag from /home/airflow/.local/lib/python3.7/site-packages/airflow/example_dags/example_task_group.py
[2022-07-05 10:26:51,911] {processor.py:652} INFO - DAG(s) dict_keys(['example_task_group']) retrieved from /home/airflow/.local/lib/python3.7/site-packages/airflow/example_dags/example_task_group.py
[2022-07-05 10:26:52,080] {logging_mixin.py:109} INFO - [2022-07-05 10:26:52,080] {dag.py:2398} INFO - Sync 1 DAGs
[2022-07-05 10:26:52,270] {logging_mixin.py:109} INFO - [2022-07-05 10:26:52,269] {dag.py:2937} INFO - Setting next_dagrun for example_task_group to 2022-07-04T10:26:52.262955+00:00
[2022-07-05 10:26:52,354] {processor.py:171} INFO - Processing /home/airflow/.local/lib/python3.7/site-packages/airflow/example_dags/example_task_group.py took 0.999 seconds
[2022-07-05 10:28:03,221] {processor.py:163} INFO - Started process (PID=349) to work on /home/airflow/.local/lib/python3.7/site-packages/airflow/example_dags/example_task_group.py
[2022-07-05 10:28:03,226] {processor.py:642} INFO - Processing file /home/airflow/.local/lib/python3.7/site-packages/airflow/example_dags/example_task_group.py for tasks to queue
[2022-07-05 10:28:03,229] {logging_mixin.py:109} INFO - [2022-07-05 10:28:03,229] {dagbag.py:500} INFO - Filling up the DagBag from /home/airflow/.local/lib/python3.7/site-packages/airflow/example_dags/example_task_group.py
[2022-07-05 10:28:03,309] {processor.py:652} INFO - DAG(s) dict_keys(['example_task_group']) retrieved from /home/airflow/.local/lib/python3.7/site-packages/airflow/example_dags/example_task_group.py
[2022-07-05 10:28:03,398] {logging_mixin.py:109} INFO - [2022-07-05 10:28:03,398] {dag.py:2398} INFO - Sync 1 DAGs
[2022-07-05 10:28:03,462] {logging_mixin.py:109} INFO - [2022-07-05 10:28:03,462] {dag.py:2937} INFO - Setting next_dagrun for example_task_group to 2022-07-04T10:28:03.460448+00:00
[2022-07-05 10:28:03,501] {processor.py:171} INFO - Processing /home/airflow/.local/lib/python3.7/site-packages/airflow/example_dags/example_task_group.py took 0.288 seconds
[2022-07-05 10:28:35,415] {processor.py:163} INFO - Started process (PID=452) to work on /home/airflow/.local/lib/python3.7/site-packages/airflow/example_dags/example_task_group.py
[2022-07-05 10:28:35,429] {processor.py:642} INFO - Processing file /home/airflow/.local/lib/python3.7/site-packages/airflow/example_dags/example_task_group.py for tasks to queue
[2022-07-05 10:28:35,434] {logging_mixin.py:109} INFO - [2022-07-05 10:28:35,433] {dagbag.py:500} INFO - Filling up the DagBag from /home/airflow/.local/lib/python3.7/site-packages/airflow/example_dags/example_task_group.py
[2022-07-05 10:28:35,523] {processor.py:652} INFO - DAG(s) dict_keys(['example_task_group']) retrieved from /home/airflow/.local/lib/python3.7/site-packages/airflow/example_dags/example_task_group.py
[2022-07-05 10:28:35,643] {logging_mixin.py:109} INFO - [2022-07-05 10:28:35,642] {dag.py:2398} INFO - Sync 1 DAGs
[2022-07-05 10:28:35,729] {logging_mixin.py:109} INFO - [2022-07-05 10:28:35,729] {dag.py:2937} INFO - Setting next_dagrun for example_task_group to 2022-07-04T10:28:35.727470+00:00
[2022-07-05 10:28:35,770] {processor.py:171} INFO - Processing /home/airflow/.local/lib/python3.7/site-packages/airflow/example_dags/example_task_group.py took 0.363 seconds
[2022-07-05 10:29:06,502] {processor.py:163} INFO - Started process (PID=533) to work on /home/airflow/.local/lib/python3.7/site-packages/airflow/example_dags/example_task_group.py
[2022-07-05 10:29:06,507] {processor.py:642} INFO - Processing file /home/airflow/.local/lib/python3.7/site-packages/airflow/example_dags/example_task_group.py for tasks to queue
[2022-07-05 10:29:06,510] {logging_mixin.py:109} INFO - [2022-07-05 10:29:06,509] {dagbag.py:500} INFO - Filling up the DagBag from /home/airflow/.local/lib/python3.7/site-packages/airflow/example_dags/example_task_group.py
[2022-07-05 10:29:06,571] {processor.py:652} INFO - DAG(s) dict_keys(['example_task_group']) retrieved from /home/airflow/.local/lib/python3.7/site-packages/airflow/example_dags/example_task_group.py
[2022-07-05 10:29:06,630] {logging_mixin.py:109} INFO - [2022-07-05 10:29:06,629] {dag.py:2398} INFO - Sync 1 DAGs
[2022-07-05 10:29:06,686] {logging_mixin.py:109} INFO - [2022-07-05 10:29:06,685] {dag.py:2937} INFO - Setting next_dagrun for example_task_group to 2022-07-04T10:29:06.683856+00:00
[2022-07-05 10:29:06,719] {processor.py:171} INFO - Processing /home/airflow/.local/lib/python3.7/site-packages/airflow/example_dags/example_task_group.py took 0.224 seconds
[2022-07-05 10:29:39,457] {processor.py:163} INFO - Started process (PID=633) to work on /home/airflow/.local/lib/python3.7/site-packages/airflow/example_dags/example_task_group.py
[2022-07-05 10:29:39,463] {processor.py:642} INFO - Processing file /home/airflow/.local/lib/python3.7/site-packages/airflow/example_dags/example_task_group.py for tasks to queue
[2022-07-05 10:29:39,466] {logging_mixin.py:109} INFO - [2022-07-05 10:29:39,466] {dagbag.py:500} INFO - Filling up the DagBag from /home/airflow/.local/lib/python3.7/site-packages/airflow/example_dags/example_task_group.py
[2022-07-05 10:29:39,539] {processor.py:652} INFO - DAG(s) dict_keys(['example_task_group']) retrieved from /home/airflow/.local/lib/python3.7/site-packages/airflow/example_dags/example_task_group.py
[2022-07-05 10:29:39,628] {logging_mixin.py:109} INFO - [2022-07-05 10:29:39,627] {dag.py:2398} INFO - Sync 1 DAGs
[2022-07-05 10:29:39,712] {logging_mixin.py:109} INFO - [2022-07-05 10:29:39,712] {dag.py:2937} INFO - Setting next_dagrun for example_task_group to 2022-07-04T10:29:39.710073+00:00
[2022-07-05 10:29:39,776] {processor.py:171} INFO - Processing /home/airflow/.local/lib/python3.7/site-packages/airflow/example_dags/example_task_group.py took 0.326 seconds
[2022-07-05 10:30:10,280] {processor.py:163} INFO - Started process (PID=723) to work on /home/airflow/.local/lib/python3.7/site-packages/airflow/example_dags/example_task_group.py
[2022-07-05 10:30:10,286] {processor.py:642} INFO - Processing file /home/airflow/.local/lib/python3.7/site-packages/airflow/example_dags/example_task_group.py for tasks to queue
[2022-07-05 10:30:10,291] {logging_mixin.py:109} INFO - [2022-07-05 10:30:10,291] {dagbag.py:500} INFO - Filling up the DagBag from /home/airflow/.local/lib/python3.7/site-packages/airflow/example_dags/example_task_group.py
[2022-07-05 10:30:10,373] {processor.py:652} INFO - DAG(s) dict_keys(['example_task_group']) retrieved from /home/airflow/.local/lib/python3.7/site-packages/airflow/example_dags/example_task_group.py
[2022-07-05 10:30:10,441] {logging_mixin.py:109} INFO - [2022-07-05 10:30:10,441] {dag.py:2398} INFO - Sync 1 DAGs
[2022-07-05 10:30:10,499] {logging_mixin.py:109} INFO - [2022-07-05 10:30:10,498] {dag.py:2937} INFO - Setting next_dagrun for example_task_group to 2022-07-04T10:30:10.497174+00:00
[2022-07-05 10:30:10,534] {processor.py:171} INFO - Processing /home/airflow/.local/lib/python3.7/site-packages/airflow/example_dags/example_task_group.py took 0.263 seconds
[2022-07-05 10:30:41,838] {processor.py:163} INFO - Started process (PID=810) to work on /home/airflow/.local/lib/python3.7/site-packages/airflow/example_dags/example_task_group.py
[2022-07-05 10:30:41,843] {processor.py:642} INFO - Processing file /home/airflow/.local/lib/python3.7/site-packages/airflow/example_dags/example_task_group.py for tasks to queue
[2022-07-05 10:30:41,846] {logging_mixin.py:109} INFO - [2022-07-05 10:30:41,845] {dagbag.py:500} INFO - Filling up the DagBag from /home/airflow/.local/lib/python3.7/site-packages/airflow/example_dags/example_task_group.py
[2022-07-05 10:30:41,908] {processor.py:652} INFO - DAG(s) dict_keys(['example_task_group']) retrieved from /home/airflow/.local/lib/python3.7/site-packages/airflow/example_dags/example_task_group.py
[2022-07-05 10:30:41,970] {logging_mixin.py:109} INFO - [2022-07-05 10:30:41,970] {dag.py:2398} INFO - Sync 1 DAGs
[2022-07-05 10:30:42,029] {logging_mixin.py:109} INFO - [2022-07-05 10:30:42,028] {dag.py:2937} INFO - Setting next_dagrun for example_task_group to 2022-07-04T10:30:42.026897+00:00
[2022-07-05 10:30:42,061] {processor.py:171} INFO - Processing /home/airflow/.local/lib/python3.7/site-packages/airflow/example_dags/example_task_group.py took 0.230 seconds
[2022-07-05 10:31:13,945] {processor.py:163} INFO - Started process (PID=910) to work on /home/airflow/.local/lib/python3.7/site-packages/airflow/example_dags/example_task_group.py
[2022-07-05 10:31:13,950] {processor.py:642} INFO - Processing file /home/airflow/.local/lib/python3.7/site-packages/airflow/example_dags/example_task_group.py for tasks to queue
[2022-07-05 10:31:13,954] {logging_mixin.py:109} INFO - [2022-07-05 10:31:13,954] {dagbag.py:500} INFO - Filling up the DagBag from /home/airflow/.local/lib/python3.7/site-packages/airflow/example_dags/example_task_group.py
[2022-07-05 10:31:14,034] {processor.py:652} INFO - DAG(s) dict_keys(['example_task_group']) retrieved from /home/airflow/.local/lib/python3.7/site-packages/airflow/example_dags/example_task_group.py
[2022-07-05 10:31:14,105] {logging_mixin.py:109} INFO - [2022-07-05 10:31:14,104] {dag.py:2398} INFO - Sync 1 DAGs
[2022-07-05 10:31:14,167] {logging_mixin.py:109} INFO - [2022-07-05 10:31:14,166] {dag.py:2937} INFO - Setting next_dagrun for example_task_group to 2022-07-04T10:31:14.164859+00:00
[2022-07-05 10:31:14,205] {processor.py:171} INFO - Processing /home/airflow/.local/lib/python3.7/site-packages/airflow/example_dags/example_task_group.py took 0.268 seconds
