[2022-07-05 10:09:15,335] {processor.py:163} INFO - Started process (PID=341) to work on /home/airflow/.local/lib/python3.7/site-packages/airflow/example_dags/example_python_operator.py
[2022-07-05 10:09:15,341] {processor.py:642} INFO - Processing file /home/airflow/.local/lib/python3.7/site-packages/airflow/example_dags/example_python_operator.py for tasks to queue
[2022-07-05 10:09:15,344] {logging_mixin.py:109} INFO - [2022-07-05 10:09:15,344] {dagbag.py:500} INFO - Filling up the DagBag from /home/airflow/.local/lib/python3.7/site-packages/airflow/example_dags/example_python_operator.py
[2022-07-05 10:09:15,436] {processor.py:652} INFO - DAG(s) dict_keys(['example_python_operator']) retrieved from /home/airflow/.local/lib/python3.7/site-packages/airflow/example_dags/example_python_operator.py
[2022-07-05 10:09:24,747] {logging_mixin.py:109} INFO - [2022-07-05 10:09:24,746] {manager.py:496} INFO - Created Permission View: can edit on DAG:example_python_operator
[2022-07-05 10:09:24,785] {logging_mixin.py:109} INFO - [2022-07-05 10:09:24,784] {manager.py:496} INFO - Created Permission View: can read on DAG:example_python_operator
[2022-07-05 10:09:24,788] {logging_mixin.py:109} INFO - [2022-07-05 10:09:24,786] {dag.py:2398} INFO - Sync 1 DAGs
[2022-07-05 10:09:24,840] {logging_mixin.py:109} INFO - [2022-07-05 10:09:24,839] {dag.py:2417} INFO - Creating ORM DAG for example_python_operator
[2022-07-05 10:09:24,915] {logging_mixin.py:109} INFO - [2022-07-05 10:09:24,914] {dag.py:2937} INFO - Setting next_dagrun for example_python_operator to None
[2022-07-05 10:09:24,984] {processor.py:171} INFO - Processing /home/airflow/.local/lib/python3.7/site-packages/airflow/example_dags/example_python_operator.py took 9.656 seconds
[2022-07-05 10:26:48,507] {processor.py:163} INFO - Started process (PID=200) to work on /home/airflow/.local/lib/python3.7/site-packages/airflow/example_dags/example_python_operator.py
[2022-07-05 10:26:48,519] {processor.py:642} INFO - Processing file /home/airflow/.local/lib/python3.7/site-packages/airflow/example_dags/example_python_operator.py for tasks to queue
[2022-07-05 10:26:48,531] {logging_mixin.py:109} INFO - [2022-07-05 10:26:48,531] {dagbag.py:500} INFO - Filling up the DagBag from /home/airflow/.local/lib/python3.7/site-packages/airflow/example_dags/example_python_operator.py
[2022-07-05 10:26:48,850] {processor.py:652} INFO - DAG(s) dict_keys(['example_python_operator']) retrieved from /home/airflow/.local/lib/python3.7/site-packages/airflow/example_dags/example_python_operator.py
[2022-07-05 10:26:49,101] {logging_mixin.py:109} INFO - [2022-07-05 10:26:49,094] {dag.py:2398} INFO - Sync 1 DAGs
[2022-07-05 10:26:49,372] {logging_mixin.py:109} INFO - [2022-07-05 10:26:49,371] {dag.py:2937} INFO - Setting next_dagrun for example_python_operator to None
[2022-07-05 10:26:49,450] {processor.py:171} INFO - Processing /home/airflow/.local/lib/python3.7/site-packages/airflow/example_dags/example_python_operator.py took 0.972 seconds
[2022-07-05 10:28:02,266] {processor.py:163} INFO - Started process (PID=339) to work on /home/airflow/.local/lib/python3.7/site-packages/airflow/example_dags/example_python_operator.py
[2022-07-05 10:28:02,271] {processor.py:642} INFO - Processing file /home/airflow/.local/lib/python3.7/site-packages/airflow/example_dags/example_python_operator.py for tasks to queue
[2022-07-05 10:28:02,274] {logging_mixin.py:109} INFO - [2022-07-05 10:28:02,274] {dagbag.py:500} INFO - Filling up the DagBag from /home/airflow/.local/lib/python3.7/site-packages/airflow/example_dags/example_python_operator.py
[2022-07-05 10:28:02,369] {processor.py:652} INFO - DAG(s) dict_keys(['example_python_operator']) retrieved from /home/airflow/.local/lib/python3.7/site-packages/airflow/example_dags/example_python_operator.py
[2022-07-05 10:28:02,442] {logging_mixin.py:109} INFO - [2022-07-05 10:28:02,442] {dag.py:2398} INFO - Sync 1 DAGs
[2022-07-05 10:28:02,515] {logging_mixin.py:109} INFO - [2022-07-05 10:28:02,514] {dag.py:2937} INFO - Setting next_dagrun for example_python_operator to None
[2022-07-05 10:28:02,553] {processor.py:171} INFO - Processing /home/airflow/.local/lib/python3.7/site-packages/airflow/example_dags/example_python_operator.py took 0.294 seconds
[2022-07-05 10:28:34,490] {processor.py:163} INFO - Started process (PID=442) to work on /home/airflow/.local/lib/python3.7/site-packages/airflow/example_dags/example_python_operator.py
[2022-07-05 10:28:34,500] {processor.py:642} INFO - Processing file /home/airflow/.local/lib/python3.7/site-packages/airflow/example_dags/example_python_operator.py for tasks to queue
[2022-07-05 10:28:34,503] {logging_mixin.py:109} INFO - [2022-07-05 10:28:34,503] {dagbag.py:500} INFO - Filling up the DagBag from /home/airflow/.local/lib/python3.7/site-packages/airflow/example_dags/example_python_operator.py
[2022-07-05 10:28:34,607] {processor.py:652} INFO - DAG(s) dict_keys(['example_python_operator']) retrieved from /home/airflow/.local/lib/python3.7/site-packages/airflow/example_dags/example_python_operator.py
[2022-07-05 10:28:34,682] {logging_mixin.py:109} INFO - [2022-07-05 10:28:34,682] {dag.py:2398} INFO - Sync 1 DAGs
[2022-07-05 10:28:34,745] {logging_mixin.py:109} INFO - [2022-07-05 10:28:34,744] {dag.py:2937} INFO - Setting next_dagrun for example_python_operator to None
[2022-07-05 10:28:34,783] {processor.py:171} INFO - Processing /home/airflow/.local/lib/python3.7/site-packages/airflow/example_dags/example_python_operator.py took 0.304 seconds
[2022-07-05 10:29:05,885] {processor.py:163} INFO - Started process (PID=523) to work on /home/airflow/.local/lib/python3.7/site-packages/airflow/example_dags/example_python_operator.py
[2022-07-05 10:29:05,889] {processor.py:642} INFO - Processing file /home/airflow/.local/lib/python3.7/site-packages/airflow/example_dags/example_python_operator.py for tasks to queue
[2022-07-05 10:29:05,892] {logging_mixin.py:109} INFO - [2022-07-05 10:29:05,891] {dagbag.py:500} INFO - Filling up the DagBag from /home/airflow/.local/lib/python3.7/site-packages/airflow/example_dags/example_python_operator.py
[2022-07-05 10:29:05,973] {processor.py:652} INFO - DAG(s) dict_keys(['example_python_operator']) retrieved from /home/airflow/.local/lib/python3.7/site-packages/airflow/example_dags/example_python_operator.py
[2022-07-05 10:29:06,040] {logging_mixin.py:109} INFO - [2022-07-05 10:29:06,040] {dag.py:2398} INFO - Sync 1 DAGs
[2022-07-05 10:29:06,093] {logging_mixin.py:109} INFO - [2022-07-05 10:29:06,092] {dag.py:2937} INFO - Setting next_dagrun for example_python_operator to None
[2022-07-05 10:29:06,120] {processor.py:171} INFO - Processing /home/airflow/.local/lib/python3.7/site-packages/airflow/example_dags/example_python_operator.py took 0.242 seconds
[2022-07-05 10:29:38,290] {processor.py:163} INFO - Started process (PID=623) to work on /home/airflow/.local/lib/python3.7/site-packages/airflow/example_dags/example_python_operator.py
[2022-07-05 10:29:38,302] {processor.py:642} INFO - Processing file /home/airflow/.local/lib/python3.7/site-packages/airflow/example_dags/example_python_operator.py for tasks to queue
[2022-07-05 10:29:38,315] {logging_mixin.py:109} INFO - [2022-07-05 10:29:38,315] {dagbag.py:500} INFO - Filling up the DagBag from /home/airflow/.local/lib/python3.7/site-packages/airflow/example_dags/example_python_operator.py
[2022-07-05 10:29:38,419] {processor.py:652} INFO - DAG(s) dict_keys(['example_python_operator']) retrieved from /home/airflow/.local/lib/python3.7/site-packages/airflow/example_dags/example_python_operator.py
[2022-07-05 10:29:38,484] {logging_mixin.py:109} INFO - [2022-07-05 10:29:38,484] {dag.py:2398} INFO - Sync 1 DAGs
[2022-07-05 10:29:38,543] {logging_mixin.py:109} INFO - [2022-07-05 10:29:38,542] {dag.py:2937} INFO - Setting next_dagrun for example_python_operator to None
[2022-07-05 10:29:38,578] {processor.py:171} INFO - Processing /home/airflow/.local/lib/python3.7/site-packages/airflow/example_dags/example_python_operator.py took 0.297 seconds
[2022-07-05 10:30:09,363] {processor.py:163} INFO - Started process (PID=713) to work on /home/airflow/.local/lib/python3.7/site-packages/airflow/example_dags/example_python_operator.py
[2022-07-05 10:30:09,371] {processor.py:642} INFO - Processing file /home/airflow/.local/lib/python3.7/site-packages/airflow/example_dags/example_python_operator.py for tasks to queue
[2022-07-05 10:30:09,375] {logging_mixin.py:109} INFO - [2022-07-05 10:30:09,375] {dagbag.py:500} INFO - Filling up the DagBag from /home/airflow/.local/lib/python3.7/site-packages/airflow/example_dags/example_python_operator.py
[2022-07-05 10:30:09,554] {processor.py:652} INFO - DAG(s) dict_keys(['example_python_operator']) retrieved from /home/airflow/.local/lib/python3.7/site-packages/airflow/example_dags/example_python_operator.py
[2022-07-05 10:30:09,630] {logging_mixin.py:109} INFO - [2022-07-05 10:30:09,629] {dag.py:2398} INFO - Sync 1 DAGs
[2022-07-05 10:30:09,693] {logging_mixin.py:109} INFO - [2022-07-05 10:30:09,693] {dag.py:2937} INFO - Setting next_dagrun for example_python_operator to None
[2022-07-05 10:30:09,775] {processor.py:171} INFO - Processing /home/airflow/.local/lib/python3.7/site-packages/airflow/example_dags/example_python_operator.py took 0.419 seconds
[2022-07-05 10:30:41,171] {processor.py:163} INFO - Started process (PID=800) to work on /home/airflow/.local/lib/python3.7/site-packages/airflow/example_dags/example_python_operator.py
[2022-07-05 10:30:41,176] {processor.py:642} INFO - Processing file /home/airflow/.local/lib/python3.7/site-packages/airflow/example_dags/example_python_operator.py for tasks to queue
[2022-07-05 10:30:41,179] {logging_mixin.py:109} INFO - [2022-07-05 10:30:41,179] {dagbag.py:500} INFO - Filling up the DagBag from /home/airflow/.local/lib/python3.7/site-packages/airflow/example_dags/example_python_operator.py
[2022-07-05 10:30:41,271] {processor.py:652} INFO - DAG(s) dict_keys(['example_python_operator']) retrieved from /home/airflow/.local/lib/python3.7/site-packages/airflow/example_dags/example_python_operator.py
[2022-07-05 10:30:41,336] {logging_mixin.py:109} INFO - [2022-07-05 10:30:41,335] {dag.py:2398} INFO - Sync 1 DAGs
[2022-07-05 10:30:41,393] {logging_mixin.py:109} INFO - [2022-07-05 10:30:41,392] {dag.py:2937} INFO - Setting next_dagrun for example_python_operator to None
[2022-07-05 10:30:41,426] {processor.py:171} INFO - Processing /home/airflow/.local/lib/python3.7/site-packages/airflow/example_dags/example_python_operator.py took 0.262 seconds
[2022-07-05 10:31:13,095] {processor.py:163} INFO - Started process (PID=900) to work on /home/airflow/.local/lib/python3.7/site-packages/airflow/example_dags/example_python_operator.py
[2022-07-05 10:31:13,099] {processor.py:642} INFO - Processing file /home/airflow/.local/lib/python3.7/site-packages/airflow/example_dags/example_python_operator.py for tasks to queue
[2022-07-05 10:31:13,102] {logging_mixin.py:109} INFO - [2022-07-05 10:31:13,102] {dagbag.py:500} INFO - Filling up the DagBag from /home/airflow/.local/lib/python3.7/site-packages/airflow/example_dags/example_python_operator.py
[2022-07-05 10:31:13,198] {processor.py:652} INFO - DAG(s) dict_keys(['example_python_operator']) retrieved from /home/airflow/.local/lib/python3.7/site-packages/airflow/example_dags/example_python_operator.py
[2022-07-05 10:31:13,270] {logging_mixin.py:109} INFO - [2022-07-05 10:31:13,269] {dag.py:2398} INFO - Sync 1 DAGs
[2022-07-05 10:31:13,366] {logging_mixin.py:109} INFO - [2022-07-05 10:31:13,366] {dag.py:2937} INFO - Setting next_dagrun for example_python_operator to None
[2022-07-05 10:31:13,431] {processor.py:171} INFO - Processing /home/airflow/.local/lib/python3.7/site-packages/airflow/example_dags/example_python_operator.py took 0.344 seconds
