[2022-07-05 10:10:17,596] {processor.py:163} INFO - Started process (PID=473) to work on /home/airflow/.local/lib/python3.7/site-packages/airflow/example_dags/example_xcomargs.py
[2022-07-05 10:10:17,601] {processor.py:642} INFO - Processing file /home/airflow/.local/lib/python3.7/site-packages/airflow/example_dags/example_xcomargs.py for tasks to queue
[2022-07-05 10:10:17,604] {logging_mixin.py:109} INFO - [2022-07-05 10:10:17,604] {dagbag.py:500} INFO - Filling up the DagBag from /home/airflow/.local/lib/python3.7/site-packages/airflow/example_dags/example_xcomargs.py
[2022-07-05 10:10:17,706] {processor.py:652} INFO - DAG(s) dict_keys(['example_xcom_args', 'example_xcom_args_with_operators']) retrieved from /home/airflow/.local/lib/python3.7/site-packages/airflow/example_dags/example_xcomargs.py
[2022-07-05 10:10:27,849] {logging_mixin.py:109} INFO - [2022-07-05 10:10:27,848] {manager.py:496} INFO - Created Permission View: can edit on DAG:example_xcom_args
[2022-07-05 10:10:27,893] {logging_mixin.py:109} INFO - [2022-07-05 10:10:27,893] {manager.py:496} INFO - Created Permission View: can read on DAG:example_xcom_args
[2022-07-05 10:10:27,967] {logging_mixin.py:109} INFO - [2022-07-05 10:10:27,966] {manager.py:496} INFO - Created Permission View: can edit on DAG:example_xcom_args_with_operators
[2022-07-05 10:10:27,998] {logging_mixin.py:109} INFO - [2022-07-05 10:10:27,998] {manager.py:496} INFO - Created Permission View: can read on DAG:example_xcom_args_with_operators
[2022-07-05 10:10:28,002] {logging_mixin.py:109} INFO - [2022-07-05 10:10:28,000] {dag.py:2398} INFO - Sync 2 DAGs
[2022-07-05 10:10:28,050] {logging_mixin.py:109} INFO - [2022-07-05 10:10:28,049] {dag.py:2417} INFO - Creating ORM DAG for example_xcom_args
[2022-07-05 10:10:28,055] {logging_mixin.py:109} INFO - [2022-07-05 10:10:28,054] {dag.py:2417} INFO - Creating ORM DAG for example_xcom_args_with_operators
[2022-07-05 10:10:28,103] {logging_mixin.py:109} INFO - [2022-07-05 10:10:28,102] {dag.py:2937} INFO - Setting next_dagrun for example_xcom_args to None
[2022-07-05 10:10:28,108] {logging_mixin.py:109} INFO - [2022-07-05 10:10:28,108] {dag.py:2937} INFO - Setting next_dagrun for example_xcom_args_with_operators to None
[2022-07-05 10:10:28,187] {processor.py:171} INFO - Processing /home/airflow/.local/lib/python3.7/site-packages/airflow/example_dags/example_xcomargs.py took 10.599 seconds
[2022-07-05 10:27:00,771] {processor.py:163} INFO - Started process (PID=240) to work on /home/airflow/.local/lib/python3.7/site-packages/airflow/example_dags/example_xcomargs.py
[2022-07-05 10:27:00,781] {processor.py:642} INFO - Processing file /home/airflow/.local/lib/python3.7/site-packages/airflow/example_dags/example_xcomargs.py for tasks to queue
[2022-07-05 10:27:00,786] {logging_mixin.py:109} INFO - [2022-07-05 10:27:00,786] {dagbag.py:500} INFO - Filling up the DagBag from /home/airflow/.local/lib/python3.7/site-packages/airflow/example_dags/example_xcomargs.py
[2022-07-05 10:27:01,043] {processor.py:652} INFO - DAG(s) dict_keys(['example_xcom_args', 'example_xcom_args_with_operators']) retrieved from /home/airflow/.local/lib/python3.7/site-packages/airflow/example_dags/example_xcomargs.py
[2022-07-05 10:27:04,635] {logging_mixin.py:109} INFO - [2022-07-05 10:27:04,634] {dag.py:2398} INFO - Sync 2 DAGs
[2022-07-05 10:27:04,785] {logging_mixin.py:109} INFO - [2022-07-05 10:27:04,784] {dag.py:2937} INFO - Setting next_dagrun for example_xcom_args to None
[2022-07-05 10:27:04,789] {logging_mixin.py:109} INFO - [2022-07-05 10:27:04,788] {dag.py:2937} INFO - Setting next_dagrun for example_xcom_args_with_operators to None
[2022-07-05 10:27:04,911] {processor.py:171} INFO - Processing /home/airflow/.local/lib/python3.7/site-packages/airflow/example_dags/example_xcomargs.py took 4.155 seconds
[2022-07-05 10:28:05,482] {processor.py:163} INFO - Started process (PID=363) to work on /home/airflow/.local/lib/python3.7/site-packages/airflow/example_dags/example_xcomargs.py
[2022-07-05 10:28:05,487] {processor.py:642} INFO - Processing file /home/airflow/.local/lib/python3.7/site-packages/airflow/example_dags/example_xcomargs.py for tasks to queue
[2022-07-05 10:28:05,492] {logging_mixin.py:109} INFO - [2022-07-05 10:28:05,491] {dagbag.py:500} INFO - Filling up the DagBag from /home/airflow/.local/lib/python3.7/site-packages/airflow/example_dags/example_xcomargs.py
[2022-07-05 10:28:05,609] {processor.py:652} INFO - DAG(s) dict_keys(['example_xcom_args', 'example_xcom_args_with_operators']) retrieved from /home/airflow/.local/lib/python3.7/site-packages/airflow/example_dags/example_xcomargs.py
[2022-07-05 10:28:06,584] {logging_mixin.py:109} INFO - [2022-07-05 10:28:06,583] {dag.py:2398} INFO - Sync 2 DAGs
[2022-07-05 10:28:06,635] {logging_mixin.py:109} INFO - [2022-07-05 10:28:06,634] {dag.py:2937} INFO - Setting next_dagrun for example_xcom_args to None
[2022-07-05 10:28:06,638] {logging_mixin.py:109} INFO - [2022-07-05 10:28:06,638] {dag.py:2937} INFO - Setting next_dagrun for example_xcom_args_with_operators to None
[2022-07-05 10:28:06,674] {processor.py:171} INFO - Processing /home/airflow/.local/lib/python3.7/site-packages/airflow/example_dags/example_xcomargs.py took 1.201 seconds
[2022-07-05 10:28:38,608] {processor.py:163} INFO - Started process (PID=466) to work on /home/airflow/.local/lib/python3.7/site-packages/airflow/example_dags/example_xcomargs.py
[2022-07-05 10:28:38,618] {processor.py:642} INFO - Processing file /home/airflow/.local/lib/python3.7/site-packages/airflow/example_dags/example_xcomargs.py for tasks to queue
[2022-07-05 10:28:38,624] {logging_mixin.py:109} INFO - [2022-07-05 10:28:38,623] {dagbag.py:500} INFO - Filling up the DagBag from /home/airflow/.local/lib/python3.7/site-packages/airflow/example_dags/example_xcomargs.py
[2022-07-05 10:28:38,753] {processor.py:652} INFO - DAG(s) dict_keys(['example_xcom_args', 'example_xcom_args_with_operators']) retrieved from /home/airflow/.local/lib/python3.7/site-packages/airflow/example_dags/example_xcomargs.py
[2022-07-05 10:28:40,756] {logging_mixin.py:109} INFO - [2022-07-05 10:28:40,755] {dag.py:2398} INFO - Sync 2 DAGs
[2022-07-05 10:28:40,826] {logging_mixin.py:109} INFO - [2022-07-05 10:28:40,825] {dag.py:2937} INFO - Setting next_dagrun for example_xcom_args to None
[2022-07-05 10:28:40,830] {logging_mixin.py:109} INFO - [2022-07-05 10:28:40,830] {dag.py:2937} INFO - Setting next_dagrun for example_xcom_args_with_operators to None
[2022-07-05 10:28:40,869] {processor.py:171} INFO - Processing /home/airflow/.local/lib/python3.7/site-packages/airflow/example_dags/example_xcomargs.py took 2.269 seconds
[2022-07-05 10:29:11,269] {processor.py:163} INFO - Started process (PID=564) to work on /home/airflow/.local/lib/python3.7/site-packages/airflow/example_dags/example_xcomargs.py
[2022-07-05 10:29:11,275] {processor.py:642} INFO - Processing file /home/airflow/.local/lib/python3.7/site-packages/airflow/example_dags/example_xcomargs.py for tasks to queue
[2022-07-05 10:29:11,278] {logging_mixin.py:109} INFO - [2022-07-05 10:29:11,278] {dagbag.py:500} INFO - Filling up the DagBag from /home/airflow/.local/lib/python3.7/site-packages/airflow/example_dags/example_xcomargs.py
[2022-07-05 10:29:11,376] {processor.py:652} INFO - DAG(s) dict_keys(['example_xcom_args', 'example_xcom_args_with_operators']) retrieved from /home/airflow/.local/lib/python3.7/site-packages/airflow/example_dags/example_xcomargs.py
[2022-07-05 10:29:12,570] {logging_mixin.py:109} INFO - [2022-07-05 10:29:12,569] {dag.py:2398} INFO - Sync 2 DAGs
[2022-07-05 10:29:12,630] {logging_mixin.py:109} INFO - [2022-07-05 10:29:12,630] {dag.py:2937} INFO - Setting next_dagrun for example_xcom_args to None
[2022-07-05 10:29:12,633] {logging_mixin.py:109} INFO - [2022-07-05 10:29:12,633] {dag.py:2937} INFO - Setting next_dagrun for example_xcom_args_with_operators to None
[2022-07-05 10:29:12,691] {processor.py:171} INFO - Processing /home/airflow/.local/lib/python3.7/site-packages/airflow/example_dags/example_xcomargs.py took 1.429 seconds
[2022-07-05 10:29:42,895] {processor.py:163} INFO - Started process (PID=651) to work on /home/airflow/.local/lib/python3.7/site-packages/airflow/example_dags/example_xcomargs.py
[2022-07-05 10:29:42,900] {processor.py:642} INFO - Processing file /home/airflow/.local/lib/python3.7/site-packages/airflow/example_dags/example_xcomargs.py for tasks to queue
[2022-07-05 10:29:42,903] {logging_mixin.py:109} INFO - [2022-07-05 10:29:42,902] {dagbag.py:500} INFO - Filling up the DagBag from /home/airflow/.local/lib/python3.7/site-packages/airflow/example_dags/example_xcomargs.py
[2022-07-05 10:29:42,994] {processor.py:652} INFO - DAG(s) dict_keys(['example_xcom_args', 'example_xcom_args_with_operators']) retrieved from /home/airflow/.local/lib/python3.7/site-packages/airflow/example_dags/example_xcomargs.py
[2022-07-05 10:29:43,918] {logging_mixin.py:109} INFO - [2022-07-05 10:29:43,917] {dag.py:2398} INFO - Sync 2 DAGs
[2022-07-05 10:29:43,963] {logging_mixin.py:109} INFO - [2022-07-05 10:29:43,963] {dag.py:2937} INFO - Setting next_dagrun for example_xcom_args to None
[2022-07-05 10:29:43,966] {logging_mixin.py:109} INFO - [2022-07-05 10:29:43,966] {dag.py:2937} INFO - Setting next_dagrun for example_xcom_args_with_operators to None
[2022-07-05 10:29:43,995] {processor.py:171} INFO - Processing /home/airflow/.local/lib/python3.7/site-packages/airflow/example_dags/example_xcomargs.py took 1.106 seconds
[2022-07-05 10:30:14,110] {processor.py:163} INFO - Started process (PID=753) to work on /home/airflow/.local/lib/python3.7/site-packages/airflow/example_dags/example_xcomargs.py
[2022-07-05 10:30:14,116] {processor.py:642} INFO - Processing file /home/airflow/.local/lib/python3.7/site-packages/airflow/example_dags/example_xcomargs.py for tasks to queue
[2022-07-05 10:30:14,121] {logging_mixin.py:109} INFO - [2022-07-05 10:30:14,120] {dagbag.py:500} INFO - Filling up the DagBag from /home/airflow/.local/lib/python3.7/site-packages/airflow/example_dags/example_xcomargs.py
[2022-07-05 10:30:14,215] {processor.py:652} INFO - DAG(s) dict_keys(['example_xcom_args', 'example_xcom_args_with_operators']) retrieved from /home/airflow/.local/lib/python3.7/site-packages/airflow/example_dags/example_xcomargs.py
[2022-07-05 10:30:15,345] {logging_mixin.py:109} INFO - [2022-07-05 10:30:15,344] {dag.py:2398} INFO - Sync 2 DAGs
[2022-07-05 10:30:15,413] {logging_mixin.py:109} INFO - [2022-07-05 10:30:15,413] {dag.py:2937} INFO - Setting next_dagrun for example_xcom_args to None
[2022-07-05 10:30:15,417] {logging_mixin.py:109} INFO - [2022-07-05 10:30:15,417] {dag.py:2937} INFO - Setting next_dagrun for example_xcom_args_with_operators to None
[2022-07-05 10:30:15,464] {processor.py:171} INFO - Processing /home/airflow/.local/lib/python3.7/site-packages/airflow/example_dags/example_xcomargs.py took 1.362 seconds
[2022-07-05 10:30:46,298] {processor.py:163} INFO - Started process (PID=834) to work on /home/airflow/.local/lib/python3.7/site-packages/airflow/example_dags/example_xcomargs.py
[2022-07-05 10:30:46,303] {processor.py:642} INFO - Processing file /home/airflow/.local/lib/python3.7/site-packages/airflow/example_dags/example_xcomargs.py for tasks to queue
[2022-07-05 10:30:46,305] {logging_mixin.py:109} INFO - [2022-07-05 10:30:46,305] {dagbag.py:500} INFO - Filling up the DagBag from /home/airflow/.local/lib/python3.7/site-packages/airflow/example_dags/example_xcomargs.py
[2022-07-05 10:30:46,381] {processor.py:652} INFO - DAG(s) dict_keys(['example_xcom_args', 'example_xcom_args_with_operators']) retrieved from /home/airflow/.local/lib/python3.7/site-packages/airflow/example_dags/example_xcomargs.py
[2022-07-05 10:30:47,292] {logging_mixin.py:109} INFO - [2022-07-05 10:30:47,291] {dag.py:2398} INFO - Sync 2 DAGs
[2022-07-05 10:30:47,343] {logging_mixin.py:109} INFO - [2022-07-05 10:30:47,342] {dag.py:2937} INFO - Setting next_dagrun for example_xcom_args to None
[2022-07-05 10:30:47,345] {logging_mixin.py:109} INFO - [2022-07-05 10:30:47,345] {dag.py:2937} INFO - Setting next_dagrun for example_xcom_args_with_operators to None
[2022-07-05 10:30:47,383] {processor.py:171} INFO - Processing /home/airflow/.local/lib/python3.7/site-packages/airflow/example_dags/example_xcomargs.py took 1.090 seconds
[2022-07-05 10:31:18,079] {processor.py:163} INFO - Started process (PID=934) to work on /home/airflow/.local/lib/python3.7/site-packages/airflow/example_dags/example_xcomargs.py
[2022-07-05 10:31:18,086] {processor.py:642} INFO - Processing file /home/airflow/.local/lib/python3.7/site-packages/airflow/example_dags/example_xcomargs.py for tasks to queue
[2022-07-05 10:31:18,101] {logging_mixin.py:109} INFO - [2022-07-05 10:31:18,100] {dagbag.py:500} INFO - Filling up the DagBag from /home/airflow/.local/lib/python3.7/site-packages/airflow/example_dags/example_xcomargs.py
[2022-07-05 10:31:18,221] {processor.py:652} INFO - DAG(s) dict_keys(['example_xcom_args', 'example_xcom_args_with_operators']) retrieved from /home/airflow/.local/lib/python3.7/site-packages/airflow/example_dags/example_xcomargs.py
[2022-07-05 10:31:19,788] {logging_mixin.py:109} INFO - [2022-07-05 10:31:19,787] {dag.py:2398} INFO - Sync 2 DAGs
[2022-07-05 10:31:19,880] {logging_mixin.py:109} INFO - [2022-07-05 10:31:19,879] {dag.py:2937} INFO - Setting next_dagrun for example_xcom_args to None
[2022-07-05 10:31:19,884] {logging_mixin.py:109} INFO - [2022-07-05 10:31:19,884] {dag.py:2937} INFO - Setting next_dagrun for example_xcom_args_with_operators to None
[2022-07-05 10:31:19,932] {processor.py:171} INFO - Processing /home/airflow/.local/lib/python3.7/site-packages/airflow/example_dags/example_xcomargs.py took 1.872 seconds
