[2022-07-05 10:09:04,556] {processor.py:163} INFO - Started process (PID=329) to work on /home/airflow/.local/lib/python3.7/site-packages/airflow/example_dags/example_bash_operator.py
[2022-07-05 10:09:04,561] {processor.py:642} INFO - Processing file /home/airflow/.local/lib/python3.7/site-packages/airflow/example_dags/example_bash_operator.py for tasks to queue
[2022-07-05 10:09:04,566] {logging_mixin.py:109} INFO - [2022-07-05 10:09:04,565] {dagbag.py:500} INFO - Filling up the DagBag from /home/airflow/.local/lib/python3.7/site-packages/airflow/example_dags/example_bash_operator.py
[2022-07-05 10:09:04,651] {processor.py:652} INFO - DAG(s) dict_keys(['example_bash_operator']) retrieved from /home/airflow/.local/lib/python3.7/site-packages/airflow/example_dags/example_bash_operator.py
[2022-07-05 10:09:15,192] {logging_mixin.py:109} INFO - [2022-07-05 10:09:15,192] {manager.py:496} INFO - Created Permission View: can edit on DAG:example_bash_operator
[2022-07-05 10:09:15,219] {logging_mixin.py:109} INFO - [2022-07-05 10:09:15,219] {manager.py:496} INFO - Created Permission View: can read on DAG:example_bash_operator
[2022-07-05 10:09:15,222] {logging_mixin.py:109} INFO - [2022-07-05 10:09:15,221] {dag.py:2398} INFO - Sync 1 DAGs
[2022-07-05 10:09:15,252] {logging_mixin.py:109} INFO - [2022-07-05 10:09:15,250] {dag.py:2417} INFO - Creating ORM DAG for example_bash_operator
[2022-07-05 10:09:15,294] {logging_mixin.py:109} INFO - [2022-07-05 10:09:15,294] {dag.py:2937} INFO - Setting next_dagrun for example_bash_operator to 2022-07-04 00:00:00+00:00
[2022-07-05 10:09:15,341] {processor.py:171} INFO - Processing /home/airflow/.local/lib/python3.7/site-packages/airflow/example_dags/example_bash_operator.py took 10.794 seconds
[2022-07-05 10:26:48,192] {processor.py:163} INFO - Started process (PID=198) to work on /home/airflow/.local/lib/python3.7/site-packages/airflow/example_dags/example_bash_operator.py
[2022-07-05 10:26:48,197] {processor.py:642} INFO - Processing file /home/airflow/.local/lib/python3.7/site-packages/airflow/example_dags/example_bash_operator.py for tasks to queue
[2022-07-05 10:26:48,205] {logging_mixin.py:109} INFO - [2022-07-05 10:26:48,205] {dagbag.py:500} INFO - Filling up the DagBag from /home/airflow/.local/lib/python3.7/site-packages/airflow/example_dags/example_bash_operator.py
[2022-07-05 10:26:48,359] {processor.py:652} INFO - DAG(s) dict_keys(['example_bash_operator']) retrieved from /home/airflow/.local/lib/python3.7/site-packages/airflow/example_dags/example_bash_operator.py
[2022-07-05 10:26:48,501] {logging_mixin.py:109} INFO - [2022-07-05 10:26:48,501] {dag.py:2398} INFO - Sync 1 DAGs
[2022-07-05 10:26:48,705] {logging_mixin.py:109} INFO - [2022-07-05 10:26:48,705] {dag.py:2937} INFO - Setting next_dagrun for example_bash_operator to 2022-07-04 00:00:00+00:00
[2022-07-05 10:26:48,802] {processor.py:171} INFO - Processing /home/airflow/.local/lib/python3.7/site-packages/airflow/example_dags/example_bash_operator.py took 0.626 seconds
[2022-07-05 10:28:02,187] {processor.py:163} INFO - Started process (PID=337) to work on /home/airflow/.local/lib/python3.7/site-packages/airflow/example_dags/example_bash_operator.py
[2022-07-05 10:28:02,192] {processor.py:642} INFO - Processing file /home/airflow/.local/lib/python3.7/site-packages/airflow/example_dags/example_bash_operator.py for tasks to queue
[2022-07-05 10:28:02,195] {logging_mixin.py:109} INFO - [2022-07-05 10:28:02,195] {dagbag.py:500} INFO - Filling up the DagBag from /home/airflow/.local/lib/python3.7/site-packages/airflow/example_dags/example_bash_operator.py
[2022-07-05 10:28:02,278] {processor.py:652} INFO - DAG(s) dict_keys(['example_bash_operator']) retrieved from /home/airflow/.local/lib/python3.7/site-packages/airflow/example_dags/example_bash_operator.py
[2022-07-05 10:28:02,350] {logging_mixin.py:109} INFO - [2022-07-05 10:28:02,349] {dag.py:2398} INFO - Sync 1 DAGs
[2022-07-05 10:28:02,426] {logging_mixin.py:109} INFO - [2022-07-05 10:28:02,426] {dag.py:2937} INFO - Setting next_dagrun for example_bash_operator to 2022-07-04 00:00:00+00:00
[2022-07-05 10:28:02,461] {processor.py:171} INFO - Processing /home/airflow/.local/lib/python3.7/site-packages/airflow/example_dags/example_bash_operator.py took 0.282 seconds
[2022-07-05 10:28:34,290] {processor.py:163} INFO - Started process (PID=440) to work on /home/airflow/.local/lib/python3.7/site-packages/airflow/example_dags/example_bash_operator.py
[2022-07-05 10:28:34,295] {processor.py:642} INFO - Processing file /home/airflow/.local/lib/python3.7/site-packages/airflow/example_dags/example_bash_operator.py for tasks to queue
[2022-07-05 10:28:34,299] {logging_mixin.py:109} INFO - [2022-07-05 10:28:34,299] {dagbag.py:500} INFO - Filling up the DagBag from /home/airflow/.local/lib/python3.7/site-packages/airflow/example_dags/example_bash_operator.py
[2022-07-05 10:28:34,390] {processor.py:652} INFO - DAG(s) dict_keys(['example_bash_operator']) retrieved from /home/airflow/.local/lib/python3.7/site-packages/airflow/example_dags/example_bash_operator.py
[2022-07-05 10:28:34,495] {logging_mixin.py:109} INFO - [2022-07-05 10:28:34,495] {dag.py:2398} INFO - Sync 1 DAGs
[2022-07-05 10:28:34,595] {logging_mixin.py:109} INFO - [2022-07-05 10:28:34,594] {dag.py:2937} INFO - Setting next_dagrun for example_bash_operator to 2022-07-04 00:00:00+00:00
[2022-07-05 10:28:34,629] {processor.py:171} INFO - Processing /home/airflow/.local/lib/python3.7/site-packages/airflow/example_dags/example_bash_operator.py took 0.345 seconds
[2022-07-05 10:29:05,713] {processor.py:163} INFO - Started process (PID=521) to work on /home/airflow/.local/lib/python3.7/site-packages/airflow/example_dags/example_bash_operator.py
[2022-07-05 10:29:05,718] {processor.py:642} INFO - Processing file /home/airflow/.local/lib/python3.7/site-packages/airflow/example_dags/example_bash_operator.py for tasks to queue
[2022-07-05 10:29:05,720] {logging_mixin.py:109} INFO - [2022-07-05 10:29:05,720] {dagbag.py:500} INFO - Filling up the DagBag from /home/airflow/.local/lib/python3.7/site-packages/airflow/example_dags/example_bash_operator.py
[2022-07-05 10:29:05,797] {processor.py:652} INFO - DAG(s) dict_keys(['example_bash_operator']) retrieved from /home/airflow/.local/lib/python3.7/site-packages/airflow/example_dags/example_bash_operator.py
[2022-07-05 10:29:05,860] {logging_mixin.py:109} INFO - [2022-07-05 10:29:05,859] {dag.py:2398} INFO - Sync 1 DAGs
[2022-07-05 10:29:05,927] {logging_mixin.py:109} INFO - [2022-07-05 10:29:05,926] {dag.py:2937} INFO - Setting next_dagrun for example_bash_operator to 2022-07-04 00:00:00+00:00
[2022-07-05 10:29:05,953] {processor.py:171} INFO - Processing /home/airflow/.local/lib/python3.7/site-packages/airflow/example_dags/example_bash_operator.py took 0.247 seconds
[2022-07-05 10:29:38,268] {processor.py:163} INFO - Started process (PID=621) to work on /home/airflow/.local/lib/python3.7/site-packages/airflow/example_dags/example_bash_operator.py
[2022-07-05 10:29:38,277] {processor.py:642} INFO - Processing file /home/airflow/.local/lib/python3.7/site-packages/airflow/example_dags/example_bash_operator.py for tasks to queue
[2022-07-05 10:29:38,292] {logging_mixin.py:109} INFO - [2022-07-05 10:29:38,291] {dagbag.py:500} INFO - Filling up the DagBag from /home/airflow/.local/lib/python3.7/site-packages/airflow/example_dags/example_bash_operator.py
[2022-07-05 10:29:38,391] {processor.py:652} INFO - DAG(s) dict_keys(['example_bash_operator']) retrieved from /home/airflow/.local/lib/python3.7/site-packages/airflow/example_dags/example_bash_operator.py
[2022-07-05 10:29:38,467] {logging_mixin.py:109} INFO - [2022-07-05 10:29:38,466] {dag.py:2398} INFO - Sync 1 DAGs
[2022-07-05 10:29:38,565] {logging_mixin.py:109} INFO - [2022-07-05 10:29:38,564] {dag.py:2937} INFO - Setting next_dagrun for example_bash_operator to 2022-07-04 00:00:00+00:00
[2022-07-05 10:29:38,605] {processor.py:171} INFO - Processing /home/airflow/.local/lib/python3.7/site-packages/airflow/example_dags/example_bash_operator.py took 0.344 seconds
[2022-07-05 10:30:09,261] {processor.py:163} INFO - Started process (PID=711) to work on /home/airflow/.local/lib/python3.7/site-packages/airflow/example_dags/example_bash_operator.py
[2022-07-05 10:30:09,266] {processor.py:642} INFO - Processing file /home/airflow/.local/lib/python3.7/site-packages/airflow/example_dags/example_bash_operator.py for tasks to queue
[2022-07-05 10:30:09,270] {logging_mixin.py:109} INFO - [2022-07-05 10:30:09,270] {dagbag.py:500} INFO - Filling up the DagBag from /home/airflow/.local/lib/python3.7/site-packages/airflow/example_dags/example_bash_operator.py
[2022-07-05 10:30:09,368] {processor.py:652} INFO - DAG(s) dict_keys(['example_bash_operator']) retrieved from /home/airflow/.local/lib/python3.7/site-packages/airflow/example_dags/example_bash_operator.py
[2022-07-05 10:30:09,450] {logging_mixin.py:109} INFO - [2022-07-05 10:30:09,450] {dag.py:2398} INFO - Sync 1 DAGs
[2022-07-05 10:30:09,581] {logging_mixin.py:109} INFO - [2022-07-05 10:30:09,580] {dag.py:2937} INFO - Setting next_dagrun for example_bash_operator to 2022-07-04 00:00:00+00:00
[2022-07-05 10:30:09,613] {processor.py:171} INFO - Processing /home/airflow/.local/lib/python3.7/site-packages/airflow/example_dags/example_bash_operator.py took 0.360 seconds
[2022-07-05 10:30:40,977] {processor.py:163} INFO - Started process (PID=798) to work on /home/airflow/.local/lib/python3.7/site-packages/airflow/example_dags/example_bash_operator.py
[2022-07-05 10:30:40,982] {processor.py:642} INFO - Processing file /home/airflow/.local/lib/python3.7/site-packages/airflow/example_dags/example_bash_operator.py for tasks to queue
[2022-07-05 10:30:40,985] {logging_mixin.py:109} INFO - [2022-07-05 10:30:40,985] {dagbag.py:500} INFO - Filling up the DagBag from /home/airflow/.local/lib/python3.7/site-packages/airflow/example_dags/example_bash_operator.py
[2022-07-05 10:30:41,066] {processor.py:652} INFO - DAG(s) dict_keys(['example_bash_operator']) retrieved from /home/airflow/.local/lib/python3.7/site-packages/airflow/example_dags/example_bash_operator.py
[2022-07-05 10:30:41,132] {logging_mixin.py:109} INFO - [2022-07-05 10:30:41,131] {dag.py:2398} INFO - Sync 1 DAGs
[2022-07-05 10:30:41,204] {logging_mixin.py:109} INFO - [2022-07-05 10:30:41,203] {dag.py:2937} INFO - Setting next_dagrun for example_bash_operator to 2022-07-04 00:00:00+00:00
[2022-07-05 10:30:41,233] {processor.py:171} INFO - Processing /home/airflow/.local/lib/python3.7/site-packages/airflow/example_dags/example_bash_operator.py took 0.263 seconds
[2022-07-05 10:31:12,896] {processor.py:163} INFO - Started process (PID=898) to work on /home/airflow/.local/lib/python3.7/site-packages/airflow/example_dags/example_bash_operator.py
[2022-07-05 10:31:12,903] {processor.py:642} INFO - Processing file /home/airflow/.local/lib/python3.7/site-packages/airflow/example_dags/example_bash_operator.py for tasks to queue
[2022-07-05 10:31:12,907] {logging_mixin.py:109} INFO - [2022-07-05 10:31:12,907] {dagbag.py:500} INFO - Filling up the DagBag from /home/airflow/.local/lib/python3.7/site-packages/airflow/example_dags/example_bash_operator.py
[2022-07-05 10:31:12,985] {processor.py:652} INFO - DAG(s) dict_keys(['example_bash_operator']) retrieved from /home/airflow/.local/lib/python3.7/site-packages/airflow/example_dags/example_bash_operator.py
[2022-07-05 10:31:13,055] {logging_mixin.py:109} INFO - [2022-07-05 10:31:13,055] {dag.py:2398} INFO - Sync 1 DAGs
[2022-07-05 10:31:13,147] {logging_mixin.py:109} INFO - [2022-07-05 10:31:13,146] {dag.py:2937} INFO - Setting next_dagrun for example_bash_operator to 2022-07-04 00:00:00+00:00
[2022-07-05 10:31:13,177] {processor.py:171} INFO - Processing /home/airflow/.local/lib/python3.7/site-packages/airflow/example_dags/example_bash_operator.py took 0.288 seconds
