[2022-07-05 10:09:36,647] {processor.py:163} INFO - Started process (PID=386) to work on /home/airflow/.local/lib/python3.7/site-packages/airflow/example_dags/example_trigger_target_dag.py
[2022-07-05 10:09:36,652] {processor.py:642} INFO - Processing file /home/airflow/.local/lib/python3.7/site-packages/airflow/example_dags/example_trigger_target_dag.py for tasks to queue
[2022-07-05 10:09:36,655] {logging_mixin.py:109} INFO - [2022-07-05 10:09:36,655] {dagbag.py:500} INFO - Filling up the DagBag from /home/airflow/.local/lib/python3.7/site-packages/airflow/example_dags/example_trigger_target_dag.py
[2022-07-05 10:09:36,732] {processor.py:652} INFO - DAG(s) dict_keys(['example_trigger_target_dag']) retrieved from /home/airflow/.local/lib/python3.7/site-packages/airflow/example_dags/example_trigger_target_dag.py
[2022-07-05 10:09:47,516] {logging_mixin.py:109} INFO - [2022-07-05 10:09:47,515] {manager.py:496} INFO - Created Permission View: can edit on DAG:example_trigger_target_dag
[2022-07-05 10:09:47,548] {logging_mixin.py:109} INFO - [2022-07-05 10:09:47,548] {manager.py:496} INFO - Created Permission View: can read on DAG:example_trigger_target_dag
[2022-07-05 10:09:47,552] {logging_mixin.py:109} INFO - [2022-07-05 10:09:47,550] {dag.py:2398} INFO - Sync 1 DAGs
[2022-07-05 10:09:47,586] {logging_mixin.py:109} INFO - [2022-07-05 10:09:47,584] {dag.py:2417} INFO - Creating ORM DAG for example_trigger_target_dag
[2022-07-05 10:09:47,618] {logging_mixin.py:109} INFO - [2022-07-05 10:09:47,618] {dag.py:2937} INFO - Setting next_dagrun for example_trigger_target_dag to None
[2022-07-05 10:09:47,666] {processor.py:171} INFO - Processing /home/airflow/.local/lib/python3.7/site-packages/airflow/example_dags/example_trigger_target_dag.py took 11.026 seconds
[2022-07-05 10:26:50,639] {processor.py:163} INFO - Started process (PID=218) to work on /home/airflow/.local/lib/python3.7/site-packages/airflow/example_dags/example_trigger_target_dag.py
[2022-07-05 10:26:50,656] {processor.py:642} INFO - Processing file /home/airflow/.local/lib/python3.7/site-packages/airflow/example_dags/example_trigger_target_dag.py for tasks to queue
[2022-07-05 10:26:50,660] {logging_mixin.py:109} INFO - [2022-07-05 10:26:50,660] {dagbag.py:500} INFO - Filling up the DagBag from /home/airflow/.local/lib/python3.7/site-packages/airflow/example_dags/example_trigger_target_dag.py
[2022-07-05 10:26:51,009] {processor.py:652} INFO - DAG(s) dict_keys(['example_trigger_target_dag']) retrieved from /home/airflow/.local/lib/python3.7/site-packages/airflow/example_dags/example_trigger_target_dag.py
[2022-07-05 10:26:51,314] {logging_mixin.py:109} INFO - [2022-07-05 10:26:51,313] {dag.py:2398} INFO - Sync 1 DAGs
[2022-07-05 10:26:51,624] {logging_mixin.py:109} INFO - [2022-07-05 10:26:51,617] {dag.py:2937} INFO - Setting next_dagrun for example_trigger_target_dag to None
[2022-07-05 10:26:51,805] {processor.py:171} INFO - Processing /home/airflow/.local/lib/python3.7/site-packages/airflow/example_dags/example_trigger_target_dag.py took 1.200 seconds
[2022-07-05 10:28:03,034] {processor.py:163} INFO - Started process (PID=347) to work on /home/airflow/.local/lib/python3.7/site-packages/airflow/example_dags/example_trigger_target_dag.py
[2022-07-05 10:28:03,040] {processor.py:642} INFO - Processing file /home/airflow/.local/lib/python3.7/site-packages/airflow/example_dags/example_trigger_target_dag.py for tasks to queue
[2022-07-05 10:28:03,047] {logging_mixin.py:109} INFO - [2022-07-05 10:28:03,046] {dagbag.py:500} INFO - Filling up the DagBag from /home/airflow/.local/lib/python3.7/site-packages/airflow/example_dags/example_trigger_target_dag.py
[2022-07-05 10:28:03,144] {processor.py:652} INFO - DAG(s) dict_keys(['example_trigger_target_dag']) retrieved from /home/airflow/.local/lib/python3.7/site-packages/airflow/example_dags/example_trigger_target_dag.py
[2022-07-05 10:28:03,209] {logging_mixin.py:109} INFO - [2022-07-05 10:28:03,209] {dag.py:2398} INFO - Sync 1 DAGs
[2022-07-05 10:28:03,273] {logging_mixin.py:109} INFO - [2022-07-05 10:28:03,273] {dag.py:2937} INFO - Setting next_dagrun for example_trigger_target_dag to None
[2022-07-05 10:28:03,312] {processor.py:171} INFO - Processing /home/airflow/.local/lib/python3.7/site-packages/airflow/example_dags/example_trigger_target_dag.py took 0.291 seconds
[2022-07-05 10:28:35,341] {processor.py:163} INFO - Started process (PID=450) to work on /home/airflow/.local/lib/python3.7/site-packages/airflow/example_dags/example_trigger_target_dag.py
[2022-07-05 10:28:35,355] {processor.py:642} INFO - Processing file /home/airflow/.local/lib/python3.7/site-packages/airflow/example_dags/example_trigger_target_dag.py for tasks to queue
[2022-07-05 10:28:35,359] {logging_mixin.py:109} INFO - [2022-07-05 10:28:35,359] {dagbag.py:500} INFO - Filling up the DagBag from /home/airflow/.local/lib/python3.7/site-packages/airflow/example_dags/example_trigger_target_dag.py
[2022-07-05 10:28:35,502] {processor.py:652} INFO - DAG(s) dict_keys(['example_trigger_target_dag']) retrieved from /home/airflow/.local/lib/python3.7/site-packages/airflow/example_dags/example_trigger_target_dag.py
[2022-07-05 10:28:35,581] {logging_mixin.py:109} INFO - [2022-07-05 10:28:35,580] {dag.py:2398} INFO - Sync 1 DAGs
[2022-07-05 10:28:35,646] {logging_mixin.py:109} INFO - [2022-07-05 10:28:35,646] {dag.py:2937} INFO - Setting next_dagrun for example_trigger_target_dag to None
[2022-07-05 10:28:35,682] {processor.py:171} INFO - Processing /home/airflow/.local/lib/python3.7/site-packages/airflow/example_dags/example_trigger_target_dag.py took 0.351 seconds
[2022-07-05 10:29:06,468] {processor.py:163} INFO - Started process (PID=531) to work on /home/airflow/.local/lib/python3.7/site-packages/airflow/example_dags/example_trigger_target_dag.py
[2022-07-05 10:29:06,473] {processor.py:642} INFO - Processing file /home/airflow/.local/lib/python3.7/site-packages/airflow/example_dags/example_trigger_target_dag.py for tasks to queue
[2022-07-05 10:29:06,476] {logging_mixin.py:109} INFO - [2022-07-05 10:29:06,475] {dagbag.py:500} INFO - Filling up the DagBag from /home/airflow/.local/lib/python3.7/site-packages/airflow/example_dags/example_trigger_target_dag.py
[2022-07-05 10:29:06,542] {processor.py:652} INFO - DAG(s) dict_keys(['example_trigger_target_dag']) retrieved from /home/airflow/.local/lib/python3.7/site-packages/airflow/example_dags/example_trigger_target_dag.py
[2022-07-05 10:29:06,594] {logging_mixin.py:109} INFO - [2022-07-05 10:29:06,593] {dag.py:2398} INFO - Sync 1 DAGs
[2022-07-05 10:29:06,644] {logging_mixin.py:109} INFO - [2022-07-05 10:29:06,644] {dag.py:2937} INFO - Setting next_dagrun for example_trigger_target_dag to None
[2022-07-05 10:29:06,676] {processor.py:171} INFO - Processing /home/airflow/.local/lib/python3.7/site-packages/airflow/example_dags/example_trigger_target_dag.py took 0.215 seconds
[2022-07-05 10:29:39,281] {processor.py:163} INFO - Started process (PID=631) to work on /home/airflow/.local/lib/python3.7/site-packages/airflow/example_dags/example_trigger_target_dag.py
[2022-07-05 10:29:39,286] {processor.py:642} INFO - Processing file /home/airflow/.local/lib/python3.7/site-packages/airflow/example_dags/example_trigger_target_dag.py for tasks to queue
[2022-07-05 10:29:39,291] {logging_mixin.py:109} INFO - [2022-07-05 10:29:39,289] {dagbag.py:500} INFO - Filling up the DagBag from /home/airflow/.local/lib/python3.7/site-packages/airflow/example_dags/example_trigger_target_dag.py
[2022-07-05 10:29:39,388] {processor.py:652} INFO - DAG(s) dict_keys(['example_trigger_target_dag']) retrieved from /home/airflow/.local/lib/python3.7/site-packages/airflow/example_dags/example_trigger_target_dag.py
[2022-07-05 10:29:39,471] {logging_mixin.py:109} INFO - [2022-07-05 10:29:39,471] {dag.py:2398} INFO - Sync 1 DAGs
[2022-07-05 10:29:39,530] {logging_mixin.py:109} INFO - [2022-07-05 10:29:39,529] {dag.py:2937} INFO - Setting next_dagrun for example_trigger_target_dag to None
[2022-07-05 10:29:39,566] {processor.py:171} INFO - Processing /home/airflow/.local/lib/python3.7/site-packages/airflow/example_dags/example_trigger_target_dag.py took 0.293 seconds
[2022-07-05 10:30:10,225] {processor.py:163} INFO - Started process (PID=721) to work on /home/airflow/.local/lib/python3.7/site-packages/airflow/example_dags/example_trigger_target_dag.py
[2022-07-05 10:30:10,230] {processor.py:642} INFO - Processing file /home/airflow/.local/lib/python3.7/site-packages/airflow/example_dags/example_trigger_target_dag.py for tasks to queue
[2022-07-05 10:30:10,234] {logging_mixin.py:109} INFO - [2022-07-05 10:30:10,233] {dagbag.py:500} INFO - Filling up the DagBag from /home/airflow/.local/lib/python3.7/site-packages/airflow/example_dags/example_trigger_target_dag.py
[2022-07-05 10:30:10,338] {processor.py:652} INFO - DAG(s) dict_keys(['example_trigger_target_dag']) retrieved from /home/airflow/.local/lib/python3.7/site-packages/airflow/example_dags/example_trigger_target_dag.py
[2022-07-05 10:30:10,421] {logging_mixin.py:109} INFO - [2022-07-05 10:30:10,420] {dag.py:2398} INFO - Sync 1 DAGs
[2022-07-05 10:30:10,477] {logging_mixin.py:109} INFO - [2022-07-05 10:30:10,477] {dag.py:2937} INFO - Setting next_dagrun for example_trigger_target_dag to None
[2022-07-05 10:30:10,510] {processor.py:171} INFO - Processing /home/airflow/.local/lib/python3.7/site-packages/airflow/example_dags/example_trigger_target_dag.py took 0.299 seconds
[2022-07-05 10:30:41,825] {processor.py:163} INFO - Started process (PID=808) to work on /home/airflow/.local/lib/python3.7/site-packages/airflow/example_dags/example_trigger_target_dag.py
[2022-07-05 10:30:41,829] {processor.py:642} INFO - Processing file /home/airflow/.local/lib/python3.7/site-packages/airflow/example_dags/example_trigger_target_dag.py for tasks to queue
[2022-07-05 10:30:41,833] {logging_mixin.py:109} INFO - [2022-07-05 10:30:41,832] {dagbag.py:500} INFO - Filling up the DagBag from /home/airflow/.local/lib/python3.7/site-packages/airflow/example_dags/example_trigger_target_dag.py
[2022-07-05 10:30:41,905] {processor.py:652} INFO - DAG(s) dict_keys(['example_trigger_target_dag']) retrieved from /home/airflow/.local/lib/python3.7/site-packages/airflow/example_dags/example_trigger_target_dag.py
[2022-07-05 10:30:41,958] {logging_mixin.py:109} INFO - [2022-07-05 10:30:41,958] {dag.py:2398} INFO - Sync 1 DAGs
[2022-07-05 10:30:42,017] {logging_mixin.py:109} INFO - [2022-07-05 10:30:42,017] {dag.py:2937} INFO - Setting next_dagrun for example_trigger_target_dag to None
[2022-07-05 10:30:42,047] {processor.py:171} INFO - Processing /home/airflow/.local/lib/python3.7/site-packages/airflow/example_dags/example_trigger_target_dag.py took 0.230 seconds
[2022-07-05 10:31:13,895] {processor.py:163} INFO - Started process (PID=908) to work on /home/airflow/.local/lib/python3.7/site-packages/airflow/example_dags/example_trigger_target_dag.py
[2022-07-05 10:31:13,899] {processor.py:642} INFO - Processing file /home/airflow/.local/lib/python3.7/site-packages/airflow/example_dags/example_trigger_target_dag.py for tasks to queue
[2022-07-05 10:31:13,907] {logging_mixin.py:109} INFO - [2022-07-05 10:31:13,907] {dagbag.py:500} INFO - Filling up the DagBag from /home/airflow/.local/lib/python3.7/site-packages/airflow/example_dags/example_trigger_target_dag.py
[2022-07-05 10:31:13,995] {processor.py:652} INFO - DAG(s) dict_keys(['example_trigger_target_dag']) retrieved from /home/airflow/.local/lib/python3.7/site-packages/airflow/example_dags/example_trigger_target_dag.py
[2022-07-05 10:31:14,067] {logging_mixin.py:109} INFO - [2022-07-05 10:31:14,067] {dag.py:2398} INFO - Sync 1 DAGs
[2022-07-05 10:31:14,133] {logging_mixin.py:109} INFO - [2022-07-05 10:31:14,133] {dag.py:2937} INFO - Setting next_dagrun for example_trigger_target_dag to None
[2022-07-05 10:31:14,167] {processor.py:171} INFO - Processing /home/airflow/.local/lib/python3.7/site-packages/airflow/example_dags/example_trigger_target_dag.py took 0.281 seconds
