[2022-07-05 10:08:43,494] {processor.py:163} INFO - Started process (PID=284) to work on /home/airflow/.local/lib/python3.7/site-packages/airflow/example_dags/example_latest_only.py
[2022-07-05 10:08:43,500] {processor.py:642} INFO - Processing file /home/airflow/.local/lib/python3.7/site-packages/airflow/example_dags/example_latest_only.py for tasks to queue
[2022-07-05 10:08:43,504] {logging_mixin.py:109} INFO - [2022-07-05 10:08:43,504] {dagbag.py:500} INFO - Filling up the DagBag from /home/airflow/.local/lib/python3.7/site-packages/airflow/example_dags/example_latest_only.py
[2022-07-05 10:08:43,572] {processor.py:652} INFO - DAG(s) dict_keys(['latest_only']) retrieved from /home/airflow/.local/lib/python3.7/site-packages/airflow/example_dags/example_latest_only.py
[2022-07-05 10:08:54,109] {logging_mixin.py:109} INFO - [2022-07-05 10:08:54,109] {manager.py:496} INFO - Created Permission View: can edit on DAG:latest_only
[2022-07-05 10:08:54,138] {logging_mixin.py:109} INFO - [2022-07-05 10:08:54,138] {manager.py:496} INFO - Created Permission View: can read on DAG:latest_only
[2022-07-05 10:08:54,141] {logging_mixin.py:109} INFO - [2022-07-05 10:08:54,140] {dag.py:2398} INFO - Sync 1 DAGs
[2022-07-05 10:08:54,176] {logging_mixin.py:109} INFO - [2022-07-05 10:08:54,175] {dag.py:2417} INFO - Creating ORM DAG for latest_only
[2022-07-05 10:08:54,207] {logging_mixin.py:109} INFO - [2022-07-05 10:08:54,206] {dag.py:2937} INFO - Setting next_dagrun for latest_only to 2022-07-05T06:08:54.204723+00:00
[2022-07-05 10:08:54,252] {processor.py:171} INFO - Processing /home/airflow/.local/lib/python3.7/site-packages/airflow/example_dags/example_latest_only.py took 10.765 seconds
[2022-07-05 10:26:46,088] {processor.py:163} INFO - Started process (PID=188) to work on /home/airflow/.local/lib/python3.7/site-packages/airflow/example_dags/example_latest_only.py
[2022-07-05 10:26:46,098] {processor.py:642} INFO - Processing file /home/airflow/.local/lib/python3.7/site-packages/airflow/example_dags/example_latest_only.py for tasks to queue
[2022-07-05 10:26:46,105] {logging_mixin.py:109} INFO - [2022-07-05 10:26:46,104] {dagbag.py:500} INFO - Filling up the DagBag from /home/airflow/.local/lib/python3.7/site-packages/airflow/example_dags/example_latest_only.py
[2022-07-05 10:26:46,328] {processor.py:652} INFO - DAG(s) dict_keys(['latest_only']) retrieved from /home/airflow/.local/lib/python3.7/site-packages/airflow/example_dags/example_latest_only.py
[2022-07-05 10:26:46,500] {logging_mixin.py:109} INFO - [2022-07-05 10:26:46,499] {dag.py:2398} INFO - Sync 1 DAGs
[2022-07-05 10:26:46,706] {logging_mixin.py:109} INFO - [2022-07-05 10:26:46,706] {dag.py:2937} INFO - Setting next_dagrun for latest_only to 2022-07-05T06:26:46.704252+00:00
[2022-07-05 10:26:46,786] {processor.py:171} INFO - Processing /home/airflow/.local/lib/python3.7/site-packages/airflow/example_dags/example_latest_only.py took 0.716 seconds
[2022-07-05 10:28:01,294] {processor.py:163} INFO - Started process (PID=327) to work on /home/airflow/.local/lib/python3.7/site-packages/airflow/example_dags/example_latest_only.py
[2022-07-05 10:28:01,298] {processor.py:642} INFO - Processing file /home/airflow/.local/lib/python3.7/site-packages/airflow/example_dags/example_latest_only.py for tasks to queue
[2022-07-05 10:28:01,301] {logging_mixin.py:109} INFO - [2022-07-05 10:28:01,301] {dagbag.py:500} INFO - Filling up the DagBag from /home/airflow/.local/lib/python3.7/site-packages/airflow/example_dags/example_latest_only.py
[2022-07-05 10:28:01,370] {processor.py:652} INFO - DAG(s) dict_keys(['latest_only']) retrieved from /home/airflow/.local/lib/python3.7/site-packages/airflow/example_dags/example_latest_only.py
[2022-07-05 10:28:01,438] {logging_mixin.py:109} INFO - [2022-07-05 10:28:01,437] {dag.py:2398} INFO - Sync 1 DAGs
[2022-07-05 10:28:01,502] {logging_mixin.py:109} INFO - [2022-07-05 10:28:01,502] {dag.py:2937} INFO - Setting next_dagrun for latest_only to 2022-07-05T06:28:01.500423+00:00
[2022-07-05 10:28:01,534] {processor.py:171} INFO - Processing /home/airflow/.local/lib/python3.7/site-packages/airflow/example_dags/example_latest_only.py took 0.248 seconds
[2022-07-05 10:28:33,274] {processor.py:163} INFO - Started process (PID=430) to work on /home/airflow/.local/lib/python3.7/site-packages/airflow/example_dags/example_latest_only.py
[2022-07-05 10:28:33,279] {processor.py:642} INFO - Processing file /home/airflow/.local/lib/python3.7/site-packages/airflow/example_dags/example_latest_only.py for tasks to queue
[2022-07-05 10:28:33,292] {logging_mixin.py:109} INFO - [2022-07-05 10:28:33,291] {dagbag.py:500} INFO - Filling up the DagBag from /home/airflow/.local/lib/python3.7/site-packages/airflow/example_dags/example_latest_only.py
[2022-07-05 10:28:33,372] {processor.py:652} INFO - DAG(s) dict_keys(['latest_only']) retrieved from /home/airflow/.local/lib/python3.7/site-packages/airflow/example_dags/example_latest_only.py
[2022-07-05 10:28:33,482] {logging_mixin.py:109} INFO - [2022-07-05 10:28:33,481] {dag.py:2398} INFO - Sync 1 DAGs
[2022-07-05 10:28:33,616] {logging_mixin.py:109} INFO - [2022-07-05 10:28:33,615] {dag.py:2937} INFO - Setting next_dagrun for latest_only to 2022-07-05T06:28:33.612420+00:00
[2022-07-05 10:28:33,665] {processor.py:171} INFO - Processing /home/airflow/.local/lib/python3.7/site-packages/airflow/example_dags/example_latest_only.py took 0.398 seconds
[2022-07-05 10:29:05,055] {processor.py:163} INFO - Started process (PID=511) to work on /home/airflow/.local/lib/python3.7/site-packages/airflow/example_dags/example_latest_only.py
[2022-07-05 10:29:05,060] {processor.py:642} INFO - Processing file /home/airflow/.local/lib/python3.7/site-packages/airflow/example_dags/example_latest_only.py for tasks to queue
[2022-07-05 10:29:05,071] {logging_mixin.py:109} INFO - [2022-07-05 10:29:05,071] {dagbag.py:500} INFO - Filling up the DagBag from /home/airflow/.local/lib/python3.7/site-packages/airflow/example_dags/example_latest_only.py
[2022-07-05 10:29:05,140] {processor.py:652} INFO - DAG(s) dict_keys(['latest_only']) retrieved from /home/airflow/.local/lib/python3.7/site-packages/airflow/example_dags/example_latest_only.py
[2022-07-05 10:29:05,194] {logging_mixin.py:109} INFO - [2022-07-05 10:29:05,193] {dag.py:2398} INFO - Sync 1 DAGs
[2022-07-05 10:29:05,252] {logging_mixin.py:109} INFO - [2022-07-05 10:29:05,251] {dag.py:2937} INFO - Setting next_dagrun for latest_only to 2022-07-05T06:29:05.249355+00:00
[2022-07-05 10:29:05,287] {processor.py:171} INFO - Processing /home/airflow/.local/lib/python3.7/site-packages/airflow/example_dags/example_latest_only.py took 0.239 seconds
[2022-07-05 10:29:37,096] {processor.py:163} INFO - Started process (PID=611) to work on /home/airflow/.local/lib/python3.7/site-packages/airflow/example_dags/example_latest_only.py
[2022-07-05 10:29:37,102] {processor.py:642} INFO - Processing file /home/airflow/.local/lib/python3.7/site-packages/airflow/example_dags/example_latest_only.py for tasks to queue
[2022-07-05 10:29:37,106] {logging_mixin.py:109} INFO - [2022-07-05 10:29:37,105] {dagbag.py:500} INFO - Filling up the DagBag from /home/airflow/.local/lib/python3.7/site-packages/airflow/example_dags/example_latest_only.py
[2022-07-05 10:29:37,215] {processor.py:652} INFO - DAG(s) dict_keys(['latest_only']) retrieved from /home/airflow/.local/lib/python3.7/site-packages/airflow/example_dags/example_latest_only.py
[2022-07-05 10:29:37,309] {logging_mixin.py:109} INFO - [2022-07-05 10:29:37,309] {dag.py:2398} INFO - Sync 1 DAGs
[2022-07-05 10:29:37,504] {logging_mixin.py:109} INFO - [2022-07-05 10:29:37,503] {dag.py:2937} INFO - Setting next_dagrun for latest_only to 2022-07-05T06:29:37.501318+00:00
[2022-07-05 10:29:37,540] {processor.py:171} INFO - Processing /home/airflow/.local/lib/python3.7/site-packages/airflow/example_dags/example_latest_only.py took 0.452 seconds
[2022-07-05 10:30:08,491] {processor.py:163} INFO - Started process (PID=692) to work on /home/airflow/.local/lib/python3.7/site-packages/airflow/example_dags/example_latest_only.py
[2022-07-05 10:30:08,495] {processor.py:642} INFO - Processing file /home/airflow/.local/lib/python3.7/site-packages/airflow/example_dags/example_latest_only.py for tasks to queue
[2022-07-05 10:30:08,498] {logging_mixin.py:109} INFO - [2022-07-05 10:30:08,498] {dagbag.py:500} INFO - Filling up the DagBag from /home/airflow/.local/lib/python3.7/site-packages/airflow/example_dags/example_latest_only.py
[2022-07-05 10:30:08,543] {processor.py:652} INFO - DAG(s) dict_keys(['latest_only']) retrieved from /home/airflow/.local/lib/python3.7/site-packages/airflow/example_dags/example_latest_only.py
[2022-07-05 10:30:08,595] {logging_mixin.py:109} INFO - [2022-07-05 10:30:08,595] {dag.py:2398} INFO - Sync 1 DAGs
[2022-07-05 10:30:08,644] {logging_mixin.py:109} INFO - [2022-07-05 10:30:08,644] {dag.py:2937} INFO - Setting next_dagrun for latest_only to 2022-07-05T06:30:08.642638+00:00
[2022-07-05 10:30:08,674] {processor.py:171} INFO - Processing /home/airflow/.local/lib/python3.7/site-packages/airflow/example_dags/example_latest_only.py took 0.188 seconds
[2022-07-05 10:30:40,352] {processor.py:163} INFO - Started process (PID=788) to work on /home/airflow/.local/lib/python3.7/site-packages/airflow/example_dags/example_latest_only.py
[2022-07-05 10:30:40,356] {processor.py:642} INFO - Processing file /home/airflow/.local/lib/python3.7/site-packages/airflow/example_dags/example_latest_only.py for tasks to queue
[2022-07-05 10:30:40,358] {logging_mixin.py:109} INFO - [2022-07-05 10:30:40,358] {dagbag.py:500} INFO - Filling up the DagBag from /home/airflow/.local/lib/python3.7/site-packages/airflow/example_dags/example_latest_only.py
[2022-07-05 10:30:40,420] {processor.py:652} INFO - DAG(s) dict_keys(['latest_only']) retrieved from /home/airflow/.local/lib/python3.7/site-packages/airflow/example_dags/example_latest_only.py
[2022-07-05 10:30:40,478] {logging_mixin.py:109} INFO - [2022-07-05 10:30:40,478] {dag.py:2398} INFO - Sync 1 DAGs
[2022-07-05 10:30:40,538] {logging_mixin.py:109} INFO - [2022-07-05 10:30:40,537] {dag.py:2937} INFO - Setting next_dagrun for latest_only to 2022-07-05T06:30:40.536418+00:00
[2022-07-05 10:30:40,568] {processor.py:171} INFO - Processing /home/airflow/.local/lib/python3.7/site-packages/airflow/example_dags/example_latest_only.py took 0.223 seconds
[2022-07-05 10:31:12,138] {processor.py:163} INFO - Started process (PID=888) to work on /home/airflow/.local/lib/python3.7/site-packages/airflow/example_dags/example_latest_only.py
[2022-07-05 10:31:12,152] {processor.py:642} INFO - Processing file /home/airflow/.local/lib/python3.7/site-packages/airflow/example_dags/example_latest_only.py for tasks to queue
[2022-07-05 10:31:12,157] {logging_mixin.py:109} INFO - [2022-07-05 10:31:12,156] {dagbag.py:500} INFO - Filling up the DagBag from /home/airflow/.local/lib/python3.7/site-packages/airflow/example_dags/example_latest_only.py
[2022-07-05 10:31:12,252] {processor.py:652} INFO - DAG(s) dict_keys(['latest_only']) retrieved from /home/airflow/.local/lib/python3.7/site-packages/airflow/example_dags/example_latest_only.py
[2022-07-05 10:31:12,326] {logging_mixin.py:109} INFO - [2022-07-05 10:31:12,325] {dag.py:2398} INFO - Sync 1 DAGs
[2022-07-05 10:31:12,385] {logging_mixin.py:109} INFO - [2022-07-05 10:31:12,385] {dag.py:2937} INFO - Setting next_dagrun for latest_only to 2022-07-05T06:31:12.383248+00:00
[2022-07-05 10:31:12,421] {processor.py:171} INFO - Processing /home/airflow/.local/lib/python3.7/site-packages/airflow/example_dags/example_latest_only.py took 0.291 seconds
