[2022-07-05 10:09:25,078] {processor.py:163} INFO - Started process (PID=372) to work on /home/airflow/.local/lib/python3.7/site-packages/airflow/example_dags/example_branch_python_dop_operator_3.py
[2022-07-05 10:09:25,094] {processor.py:642} INFO - Processing file /home/airflow/.local/lib/python3.7/site-packages/airflow/example_dags/example_branch_python_dop_operator_3.py for tasks to queue
[2022-07-05 10:09:25,099] {logging_mixin.py:109} INFO - [2022-07-05 10:09:25,098] {dagbag.py:500} INFO - Filling up the DagBag from /home/airflow/.local/lib/python3.7/site-packages/airflow/example_dags/example_branch_python_dop_operator_3.py
[2022-07-05 10:09:25,180] {processor.py:652} INFO - DAG(s) dict_keys(['example_branch_dop_operator_v3']) retrieved from /home/airflow/.local/lib/python3.7/site-packages/airflow/example_dags/example_branch_python_dop_operator_3.py
[2022-07-05 10:09:36,383] {logging_mixin.py:109} INFO - [2022-07-05 10:09:36,382] {manager.py:496} INFO - Created Permission View: can edit on DAG:example_branch_dop_operator_v3
[2022-07-05 10:09:36,412] {logging_mixin.py:109} INFO - [2022-07-05 10:09:36,411] {manager.py:496} INFO - Created Permission View: can read on DAG:example_branch_dop_operator_v3
[2022-07-05 10:09:36,415] {logging_mixin.py:109} INFO - [2022-07-05 10:09:36,414] {dag.py:2398} INFO - Sync 1 DAGs
[2022-07-05 10:09:36,447] {logging_mixin.py:109} INFO - [2022-07-05 10:09:36,446] {dag.py:2417} INFO - Creating ORM DAG for example_branch_dop_operator_v3
[2022-07-05 10:09:36,528] {logging_mixin.py:109} INFO - [2022-07-05 10:09:36,528] {dag.py:2937} INFO - Setting next_dagrun for example_branch_dop_operator_v3 to 2022-07-05T10:08:00+00:00
[2022-07-05 10:09:36,572] {processor.py:171} INFO - Processing /home/airflow/.local/lib/python3.7/site-packages/airflow/example_dags/example_branch_python_dop_operator_3.py took 11.503 seconds
[2022-07-05 10:26:49,550] {processor.py:163} INFO - Started process (PID=214) to work on /home/airflow/.local/lib/python3.7/site-packages/airflow/example_dags/example_branch_python_dop_operator_3.py
[2022-07-05 10:26:49,560] {processor.py:642} INFO - Processing file /home/airflow/.local/lib/python3.7/site-packages/airflow/example_dags/example_branch_python_dop_operator_3.py for tasks to queue
[2022-07-05 10:26:49,568] {logging_mixin.py:109} INFO - [2022-07-05 10:26:49,567] {dagbag.py:500} INFO - Filling up the DagBag from /home/airflow/.local/lib/python3.7/site-packages/airflow/example_dags/example_branch_python_dop_operator_3.py
[2022-07-05 10:26:49,789] {processor.py:652} INFO - DAG(s) dict_keys(['example_branch_dop_operator_v3']) retrieved from /home/airflow/.local/lib/python3.7/site-packages/airflow/example_dags/example_branch_python_dop_operator_3.py
[2022-07-05 10:26:50,035] {logging_mixin.py:109} INFO - [2022-07-05 10:26:50,034] {dag.py:2398} INFO - Sync 1 DAGs
[2022-07-05 10:26:50,397] {logging_mixin.py:109} INFO - [2022-07-05 10:26:50,397] {dag.py:2937} INFO - Setting next_dagrun for example_branch_dop_operator_v3 to 2022-07-05T10:25:00+00:00
[2022-07-05 10:26:50,534] {processor.py:171} INFO - Processing /home/airflow/.local/lib/python3.7/site-packages/airflow/example_dags/example_branch_python_dop_operator_3.py took 0.997 seconds
[2022-07-05 10:28:02,607] {processor.py:163} INFO - Started process (PID=343) to work on /home/airflow/.local/lib/python3.7/site-packages/airflow/example_dags/example_branch_python_dop_operator_3.py
[2022-07-05 10:28:02,612] {processor.py:642} INFO - Processing file /home/airflow/.local/lib/python3.7/site-packages/airflow/example_dags/example_branch_python_dop_operator_3.py for tasks to queue
[2022-07-05 10:28:02,622] {logging_mixin.py:109} INFO - [2022-07-05 10:28:02,620] {dagbag.py:500} INFO - Filling up the DagBag from /home/airflow/.local/lib/python3.7/site-packages/airflow/example_dags/example_branch_python_dop_operator_3.py
[2022-07-05 10:28:02,696] {processor.py:652} INFO - DAG(s) dict_keys(['example_branch_dop_operator_v3']) retrieved from /home/airflow/.local/lib/python3.7/site-packages/airflow/example_dags/example_branch_python_dop_operator_3.py
[2022-07-05 10:28:02,775] {logging_mixin.py:109} INFO - [2022-07-05 10:28:02,774] {dag.py:2398} INFO - Sync 1 DAGs
[2022-07-05 10:28:02,928] {logging_mixin.py:109} INFO - [2022-07-05 10:28:02,927] {dag.py:2937} INFO - Setting next_dagrun for example_branch_dop_operator_v3 to 2022-07-05T10:27:00+00:00
[2022-07-05 10:28:02,962] {processor.py:171} INFO - Processing /home/airflow/.local/lib/python3.7/site-packages/airflow/example_dags/example_branch_python_dop_operator_3.py took 0.362 seconds
[2022-07-05 10:28:34,859] {processor.py:163} INFO - Started process (PID=446) to work on /home/airflow/.local/lib/python3.7/site-packages/airflow/example_dags/example_branch_python_dop_operator_3.py
[2022-07-05 10:28:34,864] {processor.py:642} INFO - Processing file /home/airflow/.local/lib/python3.7/site-packages/airflow/example_dags/example_branch_python_dop_operator_3.py for tasks to queue
[2022-07-05 10:28:34,868] {logging_mixin.py:109} INFO - [2022-07-05 10:28:34,868] {dagbag.py:500} INFO - Filling up the DagBag from /home/airflow/.local/lib/python3.7/site-packages/airflow/example_dags/example_branch_python_dop_operator_3.py
[2022-07-05 10:28:34,971] {processor.py:652} INFO - DAG(s) dict_keys(['example_branch_dop_operator_v3']) retrieved from /home/airflow/.local/lib/python3.7/site-packages/airflow/example_dags/example_branch_python_dop_operator_3.py
[2022-07-05 10:28:35,053] {logging_mixin.py:109} INFO - [2022-07-05 10:28:35,053] {dag.py:2398} INFO - Sync 1 DAGs
[2022-07-05 10:28:35,203] {logging_mixin.py:109} INFO - [2022-07-05 10:28:35,203] {dag.py:2937} INFO - Setting next_dagrun for example_branch_dop_operator_v3 to 2022-07-05T10:27:00+00:00
[2022-07-05 10:28:35,269] {processor.py:171} INFO - Processing /home/airflow/.local/lib/python3.7/site-packages/airflow/example_dags/example_branch_python_dop_operator_3.py took 0.418 seconds
[2022-07-05 10:29:06,161] {processor.py:163} INFO - Started process (PID=527) to work on /home/airflow/.local/lib/python3.7/site-packages/airflow/example_dags/example_branch_python_dop_operator_3.py
[2022-07-05 10:29:06,166] {processor.py:642} INFO - Processing file /home/airflow/.local/lib/python3.7/site-packages/airflow/example_dags/example_branch_python_dop_operator_3.py for tasks to queue
[2022-07-05 10:29:06,171] {logging_mixin.py:109} INFO - [2022-07-05 10:29:06,170] {dagbag.py:500} INFO - Filling up the DagBag from /home/airflow/.local/lib/python3.7/site-packages/airflow/example_dags/example_branch_python_dop_operator_3.py
[2022-07-05 10:29:06,238] {processor.py:652} INFO - DAG(s) dict_keys(['example_branch_dop_operator_v3']) retrieved from /home/airflow/.local/lib/python3.7/site-packages/airflow/example_dags/example_branch_python_dop_operator_3.py
[2022-07-05 10:29:06,293] {logging_mixin.py:109} INFO - [2022-07-05 10:29:06,292] {dag.py:2398} INFO - Sync 1 DAGs
[2022-07-05 10:29:06,402] {logging_mixin.py:109} INFO - [2022-07-05 10:29:06,402] {dag.py:2937} INFO - Setting next_dagrun for example_branch_dop_operator_v3 to 2022-07-05T10:28:00+00:00
[2022-07-05 10:29:06,430] {processor.py:171} INFO - Processing /home/airflow/.local/lib/python3.7/site-packages/airflow/example_dags/example_branch_python_dop_operator_3.py took 0.276 seconds
[2022-07-05 10:29:38,938] {processor.py:163} INFO - Started process (PID=627) to work on /home/airflow/.local/lib/python3.7/site-packages/airflow/example_dags/example_branch_python_dop_operator_3.py
[2022-07-05 10:29:38,950] {processor.py:642} INFO - Processing file /home/airflow/.local/lib/python3.7/site-packages/airflow/example_dags/example_branch_python_dop_operator_3.py for tasks to queue
[2022-07-05 10:29:38,955] {logging_mixin.py:109} INFO - [2022-07-05 10:29:38,954] {dagbag.py:500} INFO - Filling up the DagBag from /home/airflow/.local/lib/python3.7/site-packages/airflow/example_dags/example_branch_python_dop_operator_3.py
[2022-07-05 10:29:39,032] {processor.py:652} INFO - DAG(s) dict_keys(['example_branch_dop_operator_v3']) retrieved from /home/airflow/.local/lib/python3.7/site-packages/airflow/example_dags/example_branch_python_dop_operator_3.py
[2022-07-05 10:29:39,094] {logging_mixin.py:109} INFO - [2022-07-05 10:29:39,094] {dag.py:2398} INFO - Sync 1 DAGs
[2022-07-05 10:29:39,365] {logging_mixin.py:109} INFO - [2022-07-05 10:29:39,365] {dag.py:2937} INFO - Setting next_dagrun for example_branch_dop_operator_v3 to 2022-07-05T10:28:00+00:00
[2022-07-05 10:29:39,417] {processor.py:171} INFO - Processing /home/airflow/.local/lib/python3.7/site-packages/airflow/example_dags/example_branch_python_dop_operator_3.py took 0.489 seconds
[2022-07-05 10:30:09,850] {processor.py:163} INFO - Started process (PID=717) to work on /home/airflow/.local/lib/python3.7/site-packages/airflow/example_dags/example_branch_python_dop_operator_3.py
[2022-07-05 10:30:09,855] {processor.py:642} INFO - Processing file /home/airflow/.local/lib/python3.7/site-packages/airflow/example_dags/example_branch_python_dop_operator_3.py for tasks to queue
[2022-07-05 10:30:09,859] {logging_mixin.py:109} INFO - [2022-07-05 10:30:09,859] {dagbag.py:500} INFO - Filling up the DagBag from /home/airflow/.local/lib/python3.7/site-packages/airflow/example_dags/example_branch_python_dop_operator_3.py
[2022-07-05 10:30:09,937] {processor.py:652} INFO - DAG(s) dict_keys(['example_branch_dop_operator_v3']) retrieved from /home/airflow/.local/lib/python3.7/site-packages/airflow/example_dags/example_branch_python_dop_operator_3.py
[2022-07-05 10:30:10,012] {logging_mixin.py:109} INFO - [2022-07-05 10:30:10,011] {dag.py:2398} INFO - Sync 1 DAGs
[2022-07-05 10:30:10,130] {logging_mixin.py:109} INFO - [2022-07-05 10:30:10,130] {dag.py:2937} INFO - Setting next_dagrun for example_branch_dop_operator_v3 to 2022-07-05T10:29:00+00:00
[2022-07-05 10:30:10,160] {processor.py:171} INFO - Processing /home/airflow/.local/lib/python3.7/site-packages/airflow/example_dags/example_branch_python_dop_operator_3.py took 0.318 seconds
[2022-07-05 10:30:41,474] {processor.py:163} INFO - Started process (PID=804) to work on /home/airflow/.local/lib/python3.7/site-packages/airflow/example_dags/example_branch_python_dop_operator_3.py
[2022-07-05 10:30:41,479] {processor.py:642} INFO - Processing file /home/airflow/.local/lib/python3.7/site-packages/airflow/example_dags/example_branch_python_dop_operator_3.py for tasks to queue
[2022-07-05 10:30:41,482] {logging_mixin.py:109} INFO - [2022-07-05 10:30:41,481] {dagbag.py:500} INFO - Filling up the DagBag from /home/airflow/.local/lib/python3.7/site-packages/airflow/example_dags/example_branch_python_dop_operator_3.py
[2022-07-05 10:30:41,571] {processor.py:652} INFO - DAG(s) dict_keys(['example_branch_dop_operator_v3']) retrieved from /home/airflow/.local/lib/python3.7/site-packages/airflow/example_dags/example_branch_python_dop_operator_3.py
[2022-07-05 10:30:41,629] {logging_mixin.py:109} INFO - [2022-07-05 10:30:41,628] {dag.py:2398} INFO - Sync 1 DAGs
[2022-07-05 10:30:41,748] {logging_mixin.py:109} INFO - [2022-07-05 10:30:41,747] {dag.py:2937} INFO - Setting next_dagrun for example_branch_dop_operator_v3 to 2022-07-05T10:29:00+00:00
[2022-07-05 10:30:41,783] {processor.py:171} INFO - Processing /home/airflow/.local/lib/python3.7/site-packages/airflow/example_dags/example_branch_python_dop_operator_3.py took 0.318 seconds
[2022-07-05 10:31:13,482] {processor.py:163} INFO - Started process (PID=904) to work on /home/airflow/.local/lib/python3.7/site-packages/airflow/example_dags/example_branch_python_dop_operator_3.py
[2022-07-05 10:31:13,486] {processor.py:642} INFO - Processing file /home/airflow/.local/lib/python3.7/site-packages/airflow/example_dags/example_branch_python_dop_operator_3.py for tasks to queue
[2022-07-05 10:31:13,489] {logging_mixin.py:109} INFO - [2022-07-05 10:31:13,489] {dagbag.py:500} INFO - Filling up the DagBag from /home/airflow/.local/lib/python3.7/site-packages/airflow/example_dags/example_branch_python_dop_operator_3.py
[2022-07-05 10:31:13,578] {processor.py:652} INFO - DAG(s) dict_keys(['example_branch_dop_operator_v3']) retrieved from /home/airflow/.local/lib/python3.7/site-packages/airflow/example_dags/example_branch_python_dop_operator_3.py
[2022-07-05 10:31:13,654] {logging_mixin.py:109} INFO - [2022-07-05 10:31:13,654] {dag.py:2398} INFO - Sync 1 DAGs
[2022-07-05 10:31:13,778] {logging_mixin.py:109} INFO - [2022-07-05 10:31:13,778] {dag.py:2937} INFO - Setting next_dagrun for example_branch_dop_operator_v3 to 2022-07-05T10:30:00+00:00
[2022-07-05 10:31:13,843] {processor.py:171} INFO - Processing /home/airflow/.local/lib/python3.7/site-packages/airflow/example_dags/example_branch_python_dop_operator_3.py took 0.368 seconds
