[2022-07-05 08:47:04,827] {processor.py:163} INFO - Started process (PID=815) to work on /home/airflow/.local/lib/python3.7/site-packages/airflow/example_dags/example_dag_decorator.py
[2022-07-05 08:47:04,996] {processor.py:642} INFO - Processing file /home/airflow/.local/lib/python3.7/site-packages/airflow/example_dags/example_dag_decorator.py for tasks to queue
[2022-07-05 08:47:05,014] {logging_mixin.py:109} INFO - [2022-07-05 08:47:05,008] {dagbag.py:500} INFO - Filling up the DagBag from /home/airflow/.local/lib/python3.7/site-packages/airflow/example_dags/example_dag_decorator.py
[2022-07-05 10:07:08,928] {processor.py:163} INFO - Started process (PID=150) to work on /home/airflow/.local/lib/python3.7/site-packages/airflow/example_dags/example_dag_decorator.py
[2022-07-05 10:07:08,947] {processor.py:642} INFO - Processing file /home/airflow/.local/lib/python3.7/site-packages/airflow/example_dags/example_dag_decorator.py for tasks to queue
[2022-07-05 10:07:08,959] {logging_mixin.py:109} INFO - [2022-07-05 10:07:08,958] {dagbag.py:500} INFO - Filling up the DagBag from /home/airflow/.local/lib/python3.7/site-packages/airflow/example_dags/example_dag_decorator.py
[2022-07-05 10:07:09,491] {processor.py:652} INFO - DAG(s) dict_keys(['example_dag_decorator']) retrieved from /home/airflow/.local/lib/python3.7/site-packages/airflow/example_dags/example_dag_decorator.py
[2022-07-05 10:07:58,686] {logging_mixin.py:109} INFO - [2022-07-05 10:07:58,685] {manager.py:496} INFO - Created Permission View: can edit on DAG:example_dag_decorator
[2022-07-05 10:07:58,747] {logging_mixin.py:109} INFO - [2022-07-05 10:07:58,746] {manager.py:496} INFO - Created Permission View: can read on DAG:example_dag_decorator
[2022-07-05 10:07:58,752] {logging_mixin.py:109} INFO - [2022-07-05 10:07:58,749] {dag.py:2398} INFO - Sync 1 DAGs
[2022-07-05 10:07:58,818] {logging_mixin.py:109} INFO - [2022-07-05 10:07:58,817] {dag.py:2417} INFO - Creating ORM DAG for example_dag_decorator
[2022-07-05 10:07:58,861] {logging_mixin.py:109} INFO - [2022-07-05 10:07:58,860] {dag.py:2937} INFO - Setting next_dagrun for example_dag_decorator to None
[2022-07-05 10:07:58,954] {processor.py:171} INFO - Processing /home/airflow/.local/lib/python3.7/site-packages/airflow/example_dags/example_dag_decorator.py took 50.074 seconds
[2022-07-05 10:08:00,387] {processor.py:163} INFO - Started process (PID=211) to work on /home/airflow/.local/lib/python3.7/site-packages/airflow/example_dags/example_dag_decorator.py
[2022-07-05 10:08:00,407] {processor.py:642} INFO - Processing file /home/airflow/.local/lib/python3.7/site-packages/airflow/example_dags/example_dag_decorator.py for tasks to queue
[2022-07-05 10:08:00,427] {logging_mixin.py:109} INFO - [2022-07-05 10:08:00,424] {dagbag.py:500} INFO - Filling up the DagBag from /home/airflow/.local/lib/python3.7/site-packages/airflow/example_dags/example_dag_decorator.py
[2022-07-05 10:08:00,967] {processor.py:652} INFO - DAG(s) dict_keys(['example_dag_decorator']) retrieved from /home/airflow/.local/lib/python3.7/site-packages/airflow/example_dags/example_dag_decorator.py
[2022-07-05 10:08:04,673] {logging_mixin.py:109} INFO - [2022-07-05 10:08:04,672] {dag.py:2398} INFO - Sync 1 DAGs
[2022-07-05 10:08:04,875] {logging_mixin.py:109} INFO - [2022-07-05 10:08:04,874] {dag.py:2937} INFO - Setting next_dagrun for example_dag_decorator to None
[2022-07-05 10:08:05,006] {processor.py:171} INFO - Processing /home/airflow/.local/lib/python3.7/site-packages/airflow/example_dags/example_dag_decorator.py took 4.661 seconds
[2022-07-05 10:26:36,977] {processor.py:163} INFO - Started process (PID=178) to work on /home/airflow/.local/lib/python3.7/site-packages/airflow/example_dags/example_dag_decorator.py
[2022-07-05 10:26:36,989] {processor.py:642} INFO - Processing file /home/airflow/.local/lib/python3.7/site-packages/airflow/example_dags/example_dag_decorator.py for tasks to queue
[2022-07-05 10:26:37,001] {logging_mixin.py:109} INFO - [2022-07-05 10:26:37,001] {dagbag.py:500} INFO - Filling up the DagBag from /home/airflow/.local/lib/python3.7/site-packages/airflow/example_dags/example_dag_decorator.py
[2022-07-05 10:26:37,673] {processor.py:652} INFO - DAG(s) dict_keys(['example_dag_decorator']) retrieved from /home/airflow/.local/lib/python3.7/site-packages/airflow/example_dags/example_dag_decorator.py
[2022-07-05 10:26:45,032] {logging_mixin.py:109} INFO - [2022-07-05 10:26:45,032] {dag.py:2398} INFO - Sync 1 DAGs
[2022-07-05 10:26:45,169] {logging_mixin.py:109} INFO - [2022-07-05 10:26:45,167] {dag.py:2937} INFO - Setting next_dagrun for example_dag_decorator to None
[2022-07-05 10:26:45,236] {processor.py:171} INFO - Processing /home/airflow/.local/lib/python3.7/site-packages/airflow/example_dags/example_dag_decorator.py took 8.283 seconds
[2022-07-05 10:27:59,010] {processor.py:163} INFO - Started process (PID=317) to work on /home/airflow/.local/lib/python3.7/site-packages/airflow/example_dags/example_dag_decorator.py
[2022-07-05 10:27:59,015] {processor.py:642} INFO - Processing file /home/airflow/.local/lib/python3.7/site-packages/airflow/example_dags/example_dag_decorator.py for tasks to queue
[2022-07-05 10:27:59,018] {logging_mixin.py:109} INFO - [2022-07-05 10:27:59,018] {dagbag.py:500} INFO - Filling up the DagBag from /home/airflow/.local/lib/python3.7/site-packages/airflow/example_dags/example_dag_decorator.py
[2022-07-05 10:27:59,147] {processor.py:652} INFO - DAG(s) dict_keys(['example_dag_decorator']) retrieved from /home/airflow/.local/lib/python3.7/site-packages/airflow/example_dags/example_dag_decorator.py
[2022-07-05 10:28:00,504] {logging_mixin.py:109} INFO - [2022-07-05 10:28:00,504] {dag.py:2398} INFO - Sync 1 DAGs
[2022-07-05 10:28:00,618] {logging_mixin.py:109} INFO - [2022-07-05 10:28:00,618] {dag.py:2937} INFO - Setting next_dagrun for example_dag_decorator to None
[2022-07-05 10:28:00,662] {processor.py:171} INFO - Processing /home/airflow/.local/lib/python3.7/site-packages/airflow/example_dags/example_dag_decorator.py took 1.659 seconds
[2022-07-05 10:28:31,450] {processor.py:163} INFO - Started process (PID=422) to work on /home/airflow/.local/lib/python3.7/site-packages/airflow/example_dags/example_dag_decorator.py
[2022-07-05 10:28:31,455] {processor.py:642} INFO - Processing file /home/airflow/.local/lib/python3.7/site-packages/airflow/example_dags/example_dag_decorator.py for tasks to queue
[2022-07-05 10:28:31,458] {logging_mixin.py:109} INFO - [2022-07-05 10:28:31,457] {dagbag.py:500} INFO - Filling up the DagBag from /home/airflow/.local/lib/python3.7/site-packages/airflow/example_dags/example_dag_decorator.py
[2022-07-05 10:28:31,585] {processor.py:652} INFO - DAG(s) dict_keys(['example_dag_decorator']) retrieved from /home/airflow/.local/lib/python3.7/site-packages/airflow/example_dags/example_dag_decorator.py
[2022-07-05 10:28:32,770] {logging_mixin.py:109} INFO - [2022-07-05 10:28:32,769] {dag.py:2398} INFO - Sync 1 DAGs
[2022-07-05 10:28:32,833] {logging_mixin.py:109} INFO - [2022-07-05 10:28:32,832] {dag.py:2937} INFO - Setting next_dagrun for example_dag_decorator to None
[2022-07-05 10:28:32,886] {processor.py:171} INFO - Processing /home/airflow/.local/lib/python3.7/site-packages/airflow/example_dags/example_dag_decorator.py took 1.446 seconds
[2022-07-05 10:29:03,700] {processor.py:163} INFO - Started process (PID=503) to work on /home/airflow/.local/lib/python3.7/site-packages/airflow/example_dags/example_dag_decorator.py
[2022-07-05 10:29:03,705] {processor.py:642} INFO - Processing file /home/airflow/.local/lib/python3.7/site-packages/airflow/example_dags/example_dag_decorator.py for tasks to queue
[2022-07-05 10:29:03,707] {logging_mixin.py:109} INFO - [2022-07-05 10:29:03,707] {dagbag.py:500} INFO - Filling up the DagBag from /home/airflow/.local/lib/python3.7/site-packages/airflow/example_dags/example_dag_decorator.py
[2022-07-05 10:29:03,789] {processor.py:652} INFO - DAG(s) dict_keys(['example_dag_decorator']) retrieved from /home/airflow/.local/lib/python3.7/site-packages/airflow/example_dags/example_dag_decorator.py
[2022-07-05 10:29:04,679] {logging_mixin.py:109} INFO - [2022-07-05 10:29:04,679] {dag.py:2398} INFO - Sync 1 DAGs
[2022-07-05 10:29:04,729] {logging_mixin.py:109} INFO - [2022-07-05 10:29:04,729] {dag.py:2937} INFO - Setting next_dagrun for example_dag_decorator to None
[2022-07-05 10:29:04,761] {processor.py:171} INFO - Processing /home/airflow/.local/lib/python3.7/site-packages/airflow/example_dags/example_dag_decorator.py took 1.069 seconds
[2022-07-05 10:29:35,125] {processor.py:163} INFO - Started process (PID=603) to work on /home/airflow/.local/lib/python3.7/site-packages/airflow/example_dags/example_dag_decorator.py
[2022-07-05 10:29:35,132] {processor.py:642} INFO - Processing file /home/airflow/.local/lib/python3.7/site-packages/airflow/example_dags/example_dag_decorator.py for tasks to queue
[2022-07-05 10:29:35,135] {logging_mixin.py:109} INFO - [2022-07-05 10:29:35,135] {dagbag.py:500} INFO - Filling up the DagBag from /home/airflow/.local/lib/python3.7/site-packages/airflow/example_dags/example_dag_decorator.py
[2022-07-05 10:29:35,299] {processor.py:652} INFO - DAG(s) dict_keys(['example_dag_decorator']) retrieved from /home/airflow/.local/lib/python3.7/site-packages/airflow/example_dags/example_dag_decorator.py
[2022-07-05 10:29:36,526] {logging_mixin.py:109} INFO - [2022-07-05 10:29:36,525] {dag.py:2398} INFO - Sync 1 DAGs
[2022-07-05 10:29:36,583] {logging_mixin.py:109} INFO - [2022-07-05 10:29:36,583] {dag.py:2937} INFO - Setting next_dagrun for example_dag_decorator to None
[2022-07-05 10:29:36,627] {processor.py:171} INFO - Processing /home/airflow/.local/lib/python3.7/site-packages/airflow/example_dags/example_dag_decorator.py took 1.509 seconds
[2022-07-05 10:30:07,048] {processor.py:163} INFO - Started process (PID=684) to work on /home/airflow/.local/lib/python3.7/site-packages/airflow/example_dags/example_dag_decorator.py
[2022-07-05 10:30:07,053] {processor.py:642} INFO - Processing file /home/airflow/.local/lib/python3.7/site-packages/airflow/example_dags/example_dag_decorator.py for tasks to queue
[2022-07-05 10:30:07,057] {logging_mixin.py:109} INFO - [2022-07-05 10:30:07,056] {dagbag.py:500} INFO - Filling up the DagBag from /home/airflow/.local/lib/python3.7/site-packages/airflow/example_dags/example_dag_decorator.py
[2022-07-05 10:30:07,148] {processor.py:652} INFO - DAG(s) dict_keys(['example_dag_decorator']) retrieved from /home/airflow/.local/lib/python3.7/site-packages/airflow/example_dags/example_dag_decorator.py
[2022-07-05 10:30:08,038] {logging_mixin.py:109} INFO - [2022-07-05 10:30:08,038] {dag.py:2398} INFO - Sync 1 DAGs
[2022-07-05 10:30:08,084] {logging_mixin.py:109} INFO - [2022-07-05 10:30:08,083] {dag.py:2937} INFO - Setting next_dagrun for example_dag_decorator to None
[2022-07-05 10:30:08,115] {processor.py:171} INFO - Processing /home/airflow/.local/lib/python3.7/site-packages/airflow/example_dags/example_dag_decorator.py took 1.075 seconds
[2022-07-05 10:30:38,522] {processor.py:163} INFO - Started process (PID=780) to work on /home/airflow/.local/lib/python3.7/site-packages/airflow/example_dags/example_dag_decorator.py
[2022-07-05 10:30:38,540] {processor.py:642} INFO - Processing file /home/airflow/.local/lib/python3.7/site-packages/airflow/example_dags/example_dag_decorator.py for tasks to queue
[2022-07-05 10:30:38,552] {logging_mixin.py:109} INFO - [2022-07-05 10:30:38,551] {dagbag.py:500} INFO - Filling up the DagBag from /home/airflow/.local/lib/python3.7/site-packages/airflow/example_dags/example_dag_decorator.py
[2022-07-05 10:30:38,658] {processor.py:652} INFO - DAG(s) dict_keys(['example_dag_decorator']) retrieved from /home/airflow/.local/lib/python3.7/site-packages/airflow/example_dags/example_dag_decorator.py
[2022-07-05 10:30:39,820] {logging_mixin.py:109} INFO - [2022-07-05 10:30:39,820] {dag.py:2398} INFO - Sync 1 DAGs
[2022-07-05 10:30:39,929] {logging_mixin.py:109} INFO - [2022-07-05 10:30:39,929] {dag.py:2937} INFO - Setting next_dagrun for example_dag_decorator to None
[2022-07-05 10:30:39,968] {processor.py:171} INFO - Processing /home/airflow/.local/lib/python3.7/site-packages/airflow/example_dags/example_dag_decorator.py took 1.464 seconds
[2022-07-05 10:31:10,321] {processor.py:163} INFO - Started process (PID=874) to work on /home/airflow/.local/lib/python3.7/site-packages/airflow/example_dags/example_dag_decorator.py
[2022-07-05 10:31:10,325] {processor.py:642} INFO - Processing file /home/airflow/.local/lib/python3.7/site-packages/airflow/example_dags/example_dag_decorator.py for tasks to queue
[2022-07-05 10:31:10,328] {logging_mixin.py:109} INFO - [2022-07-05 10:31:10,328] {dagbag.py:500} INFO - Filling up the DagBag from /home/airflow/.local/lib/python3.7/site-packages/airflow/example_dags/example_dag_decorator.py
[2022-07-05 10:31:10,424] {processor.py:652} INFO - DAG(s) dict_keys(['example_dag_decorator']) retrieved from /home/airflow/.local/lib/python3.7/site-packages/airflow/example_dags/example_dag_decorator.py
[2022-07-05 10:31:11,525] {logging_mixin.py:109} INFO - [2022-07-05 10:31:11,525] {dag.py:2398} INFO - Sync 1 DAGs
[2022-07-05 10:31:11,587] {logging_mixin.py:109} INFO - [2022-07-05 10:31:11,585] {dag.py:2937} INFO - Setting next_dagrun for example_dag_decorator to None
[2022-07-05 10:31:11,627] {processor.py:171} INFO - Processing /home/airflow/.local/lib/python3.7/site-packages/airflow/example_dags/example_dag_decorator.py took 1.326 seconds
