[2022-07-05 10:08:01,223] {processor.py:163} INFO - Started process (PID=213) to work on /home/airflow/.local/lib/python3.7/site-packages/airflow/example_dags/example_branch_datetime_operator.py
[2022-07-05 10:08:01,230] {processor.py:642} INFO - Processing file /home/airflow/.local/lib/python3.7/site-packages/airflow/example_dags/example_branch_datetime_operator.py for tasks to queue
[2022-07-05 10:08:01,236] {logging_mixin.py:109} INFO - [2022-07-05 10:08:01,236] {dagbag.py:500} INFO - Filling up the DagBag from /home/airflow/.local/lib/python3.7/site-packages/airflow/example_dags/example_branch_datetime_operator.py
[2022-07-05 10:08:01,514] {processor.py:652} INFO - DAG(s) dict_keys(['example_branch_datetime_operator_2']) retrieved from /home/airflow/.local/lib/python3.7/site-packages/airflow/example_dags/example_branch_datetime_operator.py
[2022-07-05 10:08:26,922] {logging_mixin.py:109} INFO - [2022-07-05 10:08:26,922] {manager.py:496} INFO - Created Permission View: can edit on DAG:example_branch_datetime_operator_2
[2022-07-05 10:08:27,006] {logging_mixin.py:109} INFO - [2022-07-05 10:08:27,005] {manager.py:496} INFO - Created Permission View: can read on DAG:example_branch_datetime_operator_2
[2022-07-05 10:08:27,022] {logging_mixin.py:109} INFO - [2022-07-05 10:08:27,020] {dag.py:2398} INFO - Sync 1 DAGs
[2022-07-05 10:08:27,162] {logging_mixin.py:109} INFO - [2022-07-05 10:08:27,161] {dag.py:2417} INFO - Creating ORM DAG for example_branch_datetime_operator_2
[2022-07-05 10:08:27,342] {logging_mixin.py:109} INFO - [2022-07-05 10:08:27,335] {dag.py:2937} INFO - Setting next_dagrun for example_branch_datetime_operator_2 to 2022-07-04 00:00:00+00:00
[2022-07-05 10:08:27,495] {processor.py:171} INFO - Processing /home/airflow/.local/lib/python3.7/site-packages/airflow/example_dags/example_branch_datetime_operator.py took 26.304 seconds
[2022-07-05 10:26:38,275] {processor.py:163} INFO - Started process (PID=180) to work on /home/airflow/.local/lib/python3.7/site-packages/airflow/example_dags/example_branch_datetime_operator.py
[2022-07-05 10:26:38,289] {processor.py:642} INFO - Processing file /home/airflow/.local/lib/python3.7/site-packages/airflow/example_dags/example_branch_datetime_operator.py for tasks to queue
[2022-07-05 10:26:38,308] {logging_mixin.py:109} INFO - [2022-07-05 10:26:38,308] {dagbag.py:500} INFO - Filling up the DagBag from /home/airflow/.local/lib/python3.7/site-packages/airflow/example_dags/example_branch_datetime_operator.py
[2022-07-05 10:26:38,619] {processor.py:652} INFO - DAG(s) dict_keys(['example_branch_datetime_operator_2']) retrieved from /home/airflow/.local/lib/python3.7/site-packages/airflow/example_dags/example_branch_datetime_operator.py
[2022-07-05 10:26:38,745] {logging_mixin.py:109} INFO - [2022-07-05 10:26:38,744] {dag.py:2398} INFO - Sync 1 DAGs
[2022-07-05 10:26:38,983] {logging_mixin.py:109} INFO - [2022-07-05 10:26:38,982] {dag.py:2937} INFO - Setting next_dagrun for example_branch_datetime_operator_2 to 2022-07-04 00:00:00+00:00
[2022-07-05 10:26:39,056] {processor.py:171} INFO - Processing /home/airflow/.local/lib/python3.7/site-packages/airflow/example_dags/example_branch_datetime_operator.py took 0.815 seconds
[2022-07-05 10:27:59,510] {processor.py:163} INFO - Started process (PID=319) to work on /home/airflow/.local/lib/python3.7/site-packages/airflow/example_dags/example_branch_datetime_operator.py
[2022-07-05 10:27:59,518] {processor.py:642} INFO - Processing file /home/airflow/.local/lib/python3.7/site-packages/airflow/example_dags/example_branch_datetime_operator.py for tasks to queue
[2022-07-05 10:27:59,522] {logging_mixin.py:109} INFO - [2022-07-05 10:27:59,522] {dagbag.py:500} INFO - Filling up the DagBag from /home/airflow/.local/lib/python3.7/site-packages/airflow/example_dags/example_branch_datetime_operator.py
[2022-07-05 10:27:59,602] {processor.py:652} INFO - DAG(s) dict_keys(['example_branch_datetime_operator_2']) retrieved from /home/airflow/.local/lib/python3.7/site-packages/airflow/example_dags/example_branch_datetime_operator.py
[2022-07-05 10:27:59,681] {logging_mixin.py:109} INFO - [2022-07-05 10:27:59,680] {dag.py:2398} INFO - Sync 1 DAGs
[2022-07-05 10:27:59,762] {logging_mixin.py:109} INFO - [2022-07-05 10:27:59,759] {dag.py:2937} INFO - Setting next_dagrun for example_branch_datetime_operator_2 to 2022-07-04 00:00:00+00:00
[2022-07-05 10:27:59,797] {processor.py:171} INFO - Processing /home/airflow/.local/lib/python3.7/site-packages/airflow/example_dags/example_branch_datetime_operator.py took 0.296 seconds
[2022-07-05 10:28:30,047] {processor.py:163} INFO - Started process (PID=413) to work on /home/airflow/.local/lib/python3.7/site-packages/airflow/example_dags/example_branch_datetime_operator.py
[2022-07-05 10:28:30,054] {processor.py:642} INFO - Processing file /home/airflow/.local/lib/python3.7/site-packages/airflow/example_dags/example_branch_datetime_operator.py for tasks to queue
[2022-07-05 10:28:30,059] {logging_mixin.py:109} INFO - [2022-07-05 10:28:30,058] {dagbag.py:500} INFO - Filling up the DagBag from /home/airflow/.local/lib/python3.7/site-packages/airflow/example_dags/example_branch_datetime_operator.py
[2022-07-05 10:28:30,187] {processor.py:652} INFO - DAG(s) dict_keys(['example_branch_datetime_operator_2']) retrieved from /home/airflow/.local/lib/python3.7/site-packages/airflow/example_dags/example_branch_datetime_operator.py
[2022-07-05 10:28:30,251] {logging_mixin.py:109} INFO - [2022-07-05 10:28:30,251] {dag.py:2398} INFO - Sync 1 DAGs
[2022-07-05 10:28:30,340] {logging_mixin.py:109} INFO - [2022-07-05 10:28:30,339] {dag.py:2937} INFO - Setting next_dagrun for example_branch_datetime_operator_2 to 2022-07-04 00:00:00+00:00
[2022-07-05 10:28:30,380] {processor.py:171} INFO - Processing /home/airflow/.local/lib/python3.7/site-packages/airflow/example_dags/example_branch_datetime_operator.py took 0.375 seconds
[2022-07-05 10:29:01,429] {processor.py:163} INFO - Started process (PID=501) to work on /home/airflow/.local/lib/python3.7/site-packages/airflow/example_dags/example_branch_datetime_operator.py
[2022-07-05 10:29:01,433] {processor.py:642} INFO - Processing file /home/airflow/.local/lib/python3.7/site-packages/airflow/example_dags/example_branch_datetime_operator.py for tasks to queue
[2022-07-05 10:29:01,437] {logging_mixin.py:109} INFO - [2022-07-05 10:29:01,436] {dagbag.py:500} INFO - Filling up the DagBag from /home/airflow/.local/lib/python3.7/site-packages/airflow/example_dags/example_branch_datetime_operator.py
[2022-07-05 10:29:01,500] {processor.py:652} INFO - DAG(s) dict_keys(['example_branch_datetime_operator_2']) retrieved from /home/airflow/.local/lib/python3.7/site-packages/airflow/example_dags/example_branch_datetime_operator.py
[2022-07-05 10:29:01,553] {logging_mixin.py:109} INFO - [2022-07-05 10:29:01,553] {dag.py:2398} INFO - Sync 1 DAGs
[2022-07-05 10:29:01,619] {logging_mixin.py:109} INFO - [2022-07-05 10:29:01,618] {dag.py:2937} INFO - Setting next_dagrun for example_branch_datetime_operator_2 to 2022-07-04 00:00:00+00:00
[2022-07-05 10:29:01,648] {processor.py:171} INFO - Processing /home/airflow/.local/lib/python3.7/site-packages/airflow/example_dags/example_branch_datetime_operator.py took 0.226 seconds
[2022-07-05 10:29:31,758] {processor.py:163} INFO - Started process (PID=601) to work on /home/airflow/.local/lib/python3.7/site-packages/airflow/example_dags/example_branch_datetime_operator.py
[2022-07-05 10:29:31,763] {processor.py:642} INFO - Processing file /home/airflow/.local/lib/python3.7/site-packages/airflow/example_dags/example_branch_datetime_operator.py for tasks to queue
[2022-07-05 10:29:31,771] {logging_mixin.py:109} INFO - [2022-07-05 10:29:31,766] {dagbag.py:500} INFO - Filling up the DagBag from /home/airflow/.local/lib/python3.7/site-packages/airflow/example_dags/example_branch_datetime_operator.py
[2022-07-05 10:29:31,903] {processor.py:652} INFO - DAG(s) dict_keys(['example_branch_datetime_operator_2']) retrieved from /home/airflow/.local/lib/python3.7/site-packages/airflow/example_dags/example_branch_datetime_operator.py
[2022-07-05 10:29:31,958] {logging_mixin.py:109} INFO - [2022-07-05 10:29:31,957] {dag.py:2398} INFO - Sync 1 DAGs
[2022-07-05 10:29:32,031] {logging_mixin.py:109} INFO - [2022-07-05 10:29:32,030] {dag.py:2937} INFO - Setting next_dagrun for example_branch_datetime_operator_2 to 2022-07-04 00:00:00+00:00
[2022-07-05 10:29:32,062] {processor.py:171} INFO - Processing /home/airflow/.local/lib/python3.7/site-packages/airflow/example_dags/example_branch_datetime_operator.py took 0.313 seconds
[2022-07-05 10:30:02,774] {processor.py:163} INFO - Started process (PID=682) to work on /home/airflow/.local/lib/python3.7/site-packages/airflow/example_dags/example_branch_datetime_operator.py
[2022-07-05 10:30:02,779] {processor.py:642} INFO - Processing file /home/airflow/.local/lib/python3.7/site-packages/airflow/example_dags/example_branch_datetime_operator.py for tasks to queue
[2022-07-05 10:30:02,781] {logging_mixin.py:109} INFO - [2022-07-05 10:30:02,781] {dagbag.py:500} INFO - Filling up the DagBag from /home/airflow/.local/lib/python3.7/site-packages/airflow/example_dags/example_branch_datetime_operator.py
[2022-07-05 10:30:02,839] {processor.py:652} INFO - DAG(s) dict_keys(['example_branch_datetime_operator_2']) retrieved from /home/airflow/.local/lib/python3.7/site-packages/airflow/example_dags/example_branch_datetime_operator.py
[2022-07-05 10:30:02,888] {logging_mixin.py:109} INFO - [2022-07-05 10:30:02,888] {dag.py:2398} INFO - Sync 1 DAGs
[2022-07-05 10:30:02,946] {logging_mixin.py:109} INFO - [2022-07-05 10:30:02,945] {dag.py:2937} INFO - Setting next_dagrun for example_branch_datetime_operator_2 to 2022-07-04 00:00:00+00:00
[2022-07-05 10:30:02,973] {processor.py:171} INFO - Processing /home/airflow/.local/lib/python3.7/site-packages/airflow/example_dags/example_branch_datetime_operator.py took 0.204 seconds
[2022-07-05 10:30:33,110] {processor.py:163} INFO - Started process (PID=777) to work on /home/airflow/.local/lib/python3.7/site-packages/airflow/example_dags/example_branch_datetime_operator.py
[2022-07-05 10:30:33,114] {processor.py:642} INFO - Processing file /home/airflow/.local/lib/python3.7/site-packages/airflow/example_dags/example_branch_datetime_operator.py for tasks to queue
[2022-07-05 10:30:33,118] {logging_mixin.py:109} INFO - [2022-07-05 10:30:33,118] {dagbag.py:500} INFO - Filling up the DagBag from /home/airflow/.local/lib/python3.7/site-packages/airflow/example_dags/example_branch_datetime_operator.py
[2022-07-05 10:30:33,193] {processor.py:652} INFO - DAG(s) dict_keys(['example_branch_datetime_operator_2']) retrieved from /home/airflow/.local/lib/python3.7/site-packages/airflow/example_dags/example_branch_datetime_operator.py
[2022-07-05 10:30:33,251] {logging_mixin.py:109} INFO - [2022-07-05 10:30:33,251] {dag.py:2398} INFO - Sync 1 DAGs
[2022-07-05 10:30:33,325] {logging_mixin.py:109} INFO - [2022-07-05 10:30:33,324] {dag.py:2937} INFO - Setting next_dagrun for example_branch_datetime_operator_2 to 2022-07-04 00:00:00+00:00
[2022-07-05 10:30:33,363] {processor.py:171} INFO - Processing /home/airflow/.local/lib/python3.7/site-packages/airflow/example_dags/example_branch_datetime_operator.py took 0.262 seconds
[2022-07-05 10:31:03,953] {processor.py:163} INFO - Started process (PID=860) to work on /home/airflow/.local/lib/python3.7/site-packages/airflow/example_dags/example_branch_datetime_operator.py
[2022-07-05 10:31:03,957] {processor.py:642} INFO - Processing file /home/airflow/.local/lib/python3.7/site-packages/airflow/example_dags/example_branch_datetime_operator.py for tasks to queue
[2022-07-05 10:31:03,959] {logging_mixin.py:109} INFO - [2022-07-05 10:31:03,959] {dagbag.py:500} INFO - Filling up the DagBag from /home/airflow/.local/lib/python3.7/site-packages/airflow/example_dags/example_branch_datetime_operator.py
[2022-07-05 10:31:04,010] {processor.py:652} INFO - DAG(s) dict_keys(['example_branch_datetime_operator_2']) retrieved from /home/airflow/.local/lib/python3.7/site-packages/airflow/example_dags/example_branch_datetime_operator.py
[2022-07-05 10:31:04,061] {logging_mixin.py:109} INFO - [2022-07-05 10:31:04,060] {dag.py:2398} INFO - Sync 1 DAGs
[2022-07-05 10:31:04,123] {logging_mixin.py:109} INFO - [2022-07-05 10:31:04,122] {dag.py:2937} INFO - Setting next_dagrun for example_branch_datetime_operator_2 to 2022-07-04 00:00:00+00:00
[2022-07-05 10:31:04,153] {processor.py:171} INFO - Processing /home/airflow/.local/lib/python3.7/site-packages/airflow/example_dags/example_branch_datetime_operator.py took 0.206 seconds
