[2022-07-05 10:08:05,194] {processor.py:163} INFO - Started process (PID=221) to work on /home/airflow/.local/lib/python3.7/site-packages/airflow/example_dags/tutorial_taskflow_api_etl_virtualenv.py
[2022-07-05 10:08:05,211] {processor.py:642} INFO - Processing file /home/airflow/.local/lib/python3.7/site-packages/airflow/example_dags/tutorial_taskflow_api_etl_virtualenv.py for tasks to queue
[2022-07-05 10:08:05,228] {logging_mixin.py:109} INFO - [2022-07-05 10:08:05,228] {dagbag.py:500} INFO - Filling up the DagBag from /home/airflow/.local/lib/python3.7/site-packages/airflow/example_dags/tutorial_taskflow_api_etl_virtualenv.py
[2022-07-05 10:08:05,682] {processor.py:652} INFO - DAG(s) dict_keys(['tutorial_taskflow_api_etl_virtualenv']) retrieved from /home/airflow/.local/lib/python3.7/site-packages/airflow/example_dags/tutorial_taskflow_api_etl_virtualenv.py
[2022-07-05 10:08:30,643] {logging_mixin.py:109} INFO - [2022-07-05 10:08:30,642] {manager.py:496} INFO - Created Permission View: can edit on DAG:tutorial_taskflow_api_etl_virtualenv
[2022-07-05 10:08:30,741] {logging_mixin.py:109} INFO - [2022-07-05 10:08:30,740] {manager.py:496} INFO - Created Permission View: can read on DAG:tutorial_taskflow_api_etl_virtualenv
[2022-07-05 10:08:30,747] {logging_mixin.py:109} INFO - [2022-07-05 10:08:30,745] {dag.py:2398} INFO - Sync 1 DAGs
[2022-07-05 10:08:30,883] {logging_mixin.py:109} INFO - [2022-07-05 10:08:30,881] {dag.py:2417} INFO - Creating ORM DAG for tutorial_taskflow_api_etl_virtualenv
[2022-07-05 10:08:30,961] {logging_mixin.py:109} INFO - [2022-07-05 10:08:30,959] {dag.py:2937} INFO - Setting next_dagrun for tutorial_taskflow_api_etl_virtualenv to None
[2022-07-05 10:08:31,078] {processor.py:171} INFO - Processing /home/airflow/.local/lib/python3.7/site-packages/airflow/example_dags/tutorial_taskflow_api_etl_virtualenv.py took 25.924 seconds
[2022-07-05 10:26:39,143] {processor.py:163} INFO - Started process (PID=182) to work on /home/airflow/.local/lib/python3.7/site-packages/airflow/example_dags/tutorial_taskflow_api_etl_virtualenv.py
[2022-07-05 10:26:39,154] {processor.py:642} INFO - Processing file /home/airflow/.local/lib/python3.7/site-packages/airflow/example_dags/tutorial_taskflow_api_etl_virtualenv.py for tasks to queue
[2022-07-05 10:26:39,163] {logging_mixin.py:109} INFO - [2022-07-05 10:26:39,163] {dagbag.py:500} INFO - Filling up the DagBag from /home/airflow/.local/lib/python3.7/site-packages/airflow/example_dags/tutorial_taskflow_api_etl_virtualenv.py
[2022-07-05 10:26:39,398] {processor.py:652} INFO - DAG(s) dict_keys(['tutorial_taskflow_api_etl_virtualenv']) retrieved from /home/airflow/.local/lib/python3.7/site-packages/airflow/example_dags/tutorial_taskflow_api_etl_virtualenv.py
[2022-07-05 10:26:45,008] {logging_mixin.py:109} INFO - [2022-07-05 10:26:45,007] {dag.py:2398} INFO - Sync 1 DAGs
[2022-07-05 10:26:45,179] {logging_mixin.py:109} INFO - [2022-07-05 10:26:45,179] {dag.py:2937} INFO - Setting next_dagrun for tutorial_taskflow_api_etl_virtualenv to None
[2022-07-05 10:26:45,291] {processor.py:171} INFO - Processing /home/airflow/.local/lib/python3.7/site-packages/airflow/example_dags/tutorial_taskflow_api_etl_virtualenv.py took 6.164 seconds
[2022-07-05 10:27:59,855] {processor.py:163} INFO - Started process (PID=321) to work on /home/airflow/.local/lib/python3.7/site-packages/airflow/example_dags/tutorial_taskflow_api_etl_virtualenv.py
[2022-07-05 10:27:59,870] {processor.py:642} INFO - Processing file /home/airflow/.local/lib/python3.7/site-packages/airflow/example_dags/tutorial_taskflow_api_etl_virtualenv.py for tasks to queue
[2022-07-05 10:27:59,874] {logging_mixin.py:109} INFO - [2022-07-05 10:27:59,873] {dagbag.py:500} INFO - Filling up the DagBag from /home/airflow/.local/lib/python3.7/site-packages/airflow/example_dags/tutorial_taskflow_api_etl_virtualenv.py
[2022-07-05 10:27:59,976] {processor.py:652} INFO - DAG(s) dict_keys(['tutorial_taskflow_api_etl_virtualenv']) retrieved from /home/airflow/.local/lib/python3.7/site-packages/airflow/example_dags/tutorial_taskflow_api_etl_virtualenv.py
[2022-07-05 10:28:01,130] {logging_mixin.py:109} INFO - [2022-07-05 10:28:01,130] {dag.py:2398} INFO - Sync 1 DAGs
[2022-07-05 10:28:01,193] {logging_mixin.py:109} INFO - [2022-07-05 10:28:01,192] {dag.py:2937} INFO - Setting next_dagrun for tutorial_taskflow_api_etl_virtualenv to None
[2022-07-05 10:28:01,235] {processor.py:171} INFO - Processing /home/airflow/.local/lib/python3.7/site-packages/airflow/example_dags/tutorial_taskflow_api_etl_virtualenv.py took 1.388 seconds
[2022-07-05 10:28:31,459] {processor.py:163} INFO - Started process (PID=424) to work on /home/airflow/.local/lib/python3.7/site-packages/airflow/example_dags/tutorial_taskflow_api_etl_virtualenv.py
[2022-07-05 10:28:31,464] {processor.py:642} INFO - Processing file /home/airflow/.local/lib/python3.7/site-packages/airflow/example_dags/tutorial_taskflow_api_etl_virtualenv.py for tasks to queue
[2022-07-05 10:28:31,468] {logging_mixin.py:109} INFO - [2022-07-05 10:28:31,467] {dagbag.py:500} INFO - Filling up the DagBag from /home/airflow/.local/lib/python3.7/site-packages/airflow/example_dags/tutorial_taskflow_api_etl_virtualenv.py
[2022-07-05 10:28:31,685] {processor.py:652} INFO - DAG(s) dict_keys(['tutorial_taskflow_api_etl_virtualenv']) retrieved from /home/airflow/.local/lib/python3.7/site-packages/airflow/example_dags/tutorial_taskflow_api_etl_virtualenv.py
[2022-07-05 10:28:32,712] {logging_mixin.py:109} INFO - [2022-07-05 10:28:32,712] {dag.py:2398} INFO - Sync 1 DAGs
[2022-07-05 10:28:32,824] {logging_mixin.py:109} INFO - [2022-07-05 10:28:32,823] {dag.py:2937} INFO - Setting next_dagrun for tutorial_taskflow_api_etl_virtualenv to None
[2022-07-05 10:28:32,894] {processor.py:171} INFO - Processing /home/airflow/.local/lib/python3.7/site-packages/airflow/example_dags/tutorial_taskflow_api_etl_virtualenv.py took 1.448 seconds
[2022-07-05 10:29:03,703] {processor.py:163} INFO - Started process (PID=505) to work on /home/airflow/.local/lib/python3.7/site-packages/airflow/example_dags/tutorial_taskflow_api_etl_virtualenv.py
[2022-07-05 10:29:03,707] {processor.py:642} INFO - Processing file /home/airflow/.local/lib/python3.7/site-packages/airflow/example_dags/tutorial_taskflow_api_etl_virtualenv.py for tasks to queue
[2022-07-05 10:29:03,709] {logging_mixin.py:109} INFO - [2022-07-05 10:29:03,709] {dagbag.py:500} INFO - Filling up the DagBag from /home/airflow/.local/lib/python3.7/site-packages/airflow/example_dags/tutorial_taskflow_api_etl_virtualenv.py
[2022-07-05 10:29:03,773] {processor.py:652} INFO - DAG(s) dict_keys(['tutorial_taskflow_api_etl_virtualenv']) retrieved from /home/airflow/.local/lib/python3.7/site-packages/airflow/example_dags/tutorial_taskflow_api_etl_virtualenv.py
[2022-07-05 10:29:04,670] {logging_mixin.py:109} INFO - [2022-07-05 10:29:04,670] {dag.py:2398} INFO - Sync 1 DAGs
[2022-07-05 10:29:04,720] {logging_mixin.py:109} INFO - [2022-07-05 10:29:04,719] {dag.py:2937} INFO - Setting next_dagrun for tutorial_taskflow_api_etl_virtualenv to None
[2022-07-05 10:29:04,749] {processor.py:171} INFO - Processing /home/airflow/.local/lib/python3.7/site-packages/airflow/example_dags/tutorial_taskflow_api_etl_virtualenv.py took 1.054 seconds
[2022-07-05 10:29:35,143] {processor.py:163} INFO - Started process (PID=605) to work on /home/airflow/.local/lib/python3.7/site-packages/airflow/example_dags/tutorial_taskflow_api_etl_virtualenv.py
[2022-07-05 10:29:35,148] {processor.py:642} INFO - Processing file /home/airflow/.local/lib/python3.7/site-packages/airflow/example_dags/tutorial_taskflow_api_etl_virtualenv.py for tasks to queue
[2022-07-05 10:29:35,151] {logging_mixin.py:109} INFO - [2022-07-05 10:29:35,151] {dagbag.py:500} INFO - Filling up the DagBag from /home/airflow/.local/lib/python3.7/site-packages/airflow/example_dags/tutorial_taskflow_api_etl_virtualenv.py
[2022-07-05 10:29:35,243] {processor.py:652} INFO - DAG(s) dict_keys(['tutorial_taskflow_api_etl_virtualenv']) retrieved from /home/airflow/.local/lib/python3.7/site-packages/airflow/example_dags/tutorial_taskflow_api_etl_virtualenv.py
[2022-07-05 10:29:36,637] {logging_mixin.py:109} INFO - [2022-07-05 10:29:36,637] {dag.py:2398} INFO - Sync 1 DAGs
[2022-07-05 10:29:36,711] {logging_mixin.py:109} INFO - [2022-07-05 10:29:36,710] {dag.py:2937} INFO - Setting next_dagrun for tutorial_taskflow_api_etl_virtualenv to None
[2022-07-05 10:29:36,747] {processor.py:171} INFO - Processing /home/airflow/.local/lib/python3.7/site-packages/airflow/example_dags/tutorial_taskflow_api_etl_virtualenv.py took 1.612 seconds
[2022-07-05 10:30:07,054] {processor.py:163} INFO - Started process (PID=686) to work on /home/airflow/.local/lib/python3.7/site-packages/airflow/example_dags/tutorial_taskflow_api_etl_virtualenv.py
[2022-07-05 10:30:07,060] {processor.py:642} INFO - Processing file /home/airflow/.local/lib/python3.7/site-packages/airflow/example_dags/tutorial_taskflow_api_etl_virtualenv.py for tasks to queue
[2022-07-05 10:30:07,064] {logging_mixin.py:109} INFO - [2022-07-05 10:30:07,063] {dagbag.py:500} INFO - Filling up the DagBag from /home/airflow/.local/lib/python3.7/site-packages/airflow/example_dags/tutorial_taskflow_api_etl_virtualenv.py
[2022-07-05 10:30:07,139] {processor.py:652} INFO - DAG(s) dict_keys(['tutorial_taskflow_api_etl_virtualenv']) retrieved from /home/airflow/.local/lib/python3.7/site-packages/airflow/example_dags/tutorial_taskflow_api_etl_virtualenv.py
[2022-07-05 10:30:08,038] {logging_mixin.py:109} INFO - [2022-07-05 10:30:08,038] {dag.py:2398} INFO - Sync 1 DAGs
[2022-07-05 10:30:08,084] {logging_mixin.py:109} INFO - [2022-07-05 10:30:08,084] {dag.py:2937} INFO - Setting next_dagrun for tutorial_taskflow_api_etl_virtualenv to None
[2022-07-05 10:30:08,113] {processor.py:171} INFO - Processing /home/airflow/.local/lib/python3.7/site-packages/airflow/example_dags/tutorial_taskflow_api_etl_virtualenv.py took 1.067 seconds
[2022-07-05 10:30:38,506] {processor.py:163} INFO - Started process (PID=781) to work on /home/airflow/.local/lib/python3.7/site-packages/airflow/example_dags/tutorial_taskflow_api_etl_virtualenv.py
[2022-07-05 10:30:38,516] {processor.py:642} INFO - Processing file /home/airflow/.local/lib/python3.7/site-packages/airflow/example_dags/tutorial_taskflow_api_etl_virtualenv.py for tasks to queue
[2022-07-05 10:30:38,526] {logging_mixin.py:109} INFO - [2022-07-05 10:30:38,525] {dagbag.py:500} INFO - Filling up the DagBag from /home/airflow/.local/lib/python3.7/site-packages/airflow/example_dags/tutorial_taskflow_api_etl_virtualenv.py
[2022-07-05 10:30:38,623] {processor.py:652} INFO - DAG(s) dict_keys(['tutorial_taskflow_api_etl_virtualenv']) retrieved from /home/airflow/.local/lib/python3.7/site-packages/airflow/example_dags/tutorial_taskflow_api_etl_virtualenv.py
[2022-07-05 10:30:39,984] {logging_mixin.py:109} INFO - [2022-07-05 10:30:39,983] {dag.py:2398} INFO - Sync 1 DAGs
[2022-07-05 10:30:40,040] {logging_mixin.py:109} INFO - [2022-07-05 10:30:40,039] {dag.py:2937} INFO - Setting next_dagrun for tutorial_taskflow_api_etl_virtualenv to None
[2022-07-05 10:30:40,072] {processor.py:171} INFO - Processing /home/airflow/.local/lib/python3.7/site-packages/airflow/example_dags/tutorial_taskflow_api_etl_virtualenv.py took 1.577 seconds
[2022-07-05 10:31:10,318] {processor.py:163} INFO - Started process (PID=876) to work on /home/airflow/.local/lib/python3.7/site-packages/airflow/example_dags/tutorial_taskflow_api_etl_virtualenv.py
[2022-07-05 10:31:10,333] {processor.py:642} INFO - Processing file /home/airflow/.local/lib/python3.7/site-packages/airflow/example_dags/tutorial_taskflow_api_etl_virtualenv.py for tasks to queue
[2022-07-05 10:31:10,336] {logging_mixin.py:109} INFO - [2022-07-05 10:31:10,336] {dagbag.py:500} INFO - Filling up the DagBag from /home/airflow/.local/lib/python3.7/site-packages/airflow/example_dags/tutorial_taskflow_api_etl_virtualenv.py
[2022-07-05 10:31:10,417] {processor.py:652} INFO - DAG(s) dict_keys(['tutorial_taskflow_api_etl_virtualenv']) retrieved from /home/airflow/.local/lib/python3.7/site-packages/airflow/example_dags/tutorial_taskflow_api_etl_virtualenv.py
[2022-07-05 10:31:11,635] {logging_mixin.py:109} INFO - [2022-07-05 10:31:11,634] {dag.py:2398} INFO - Sync 1 DAGs
[2022-07-05 10:31:11,713] {logging_mixin.py:109} INFO - [2022-07-05 10:31:11,712] {dag.py:2937} INFO - Setting next_dagrun for tutorial_taskflow_api_etl_virtualenv to None
[2022-07-05 10:31:11,755] {processor.py:171} INFO - Processing /home/airflow/.local/lib/python3.7/site-packages/airflow/example_dags/tutorial_taskflow_api_etl_virtualenv.py took 1.443 seconds
