[2022-07-05 10:08:54,946] {processor.py:163} INFO - Started process (PID=300) to work on /home/airflow/.local/lib/python3.7/site-packages/airflow/example_dags/tutorial_etl_dag.py
[2022-07-05 10:08:54,950] {processor.py:642} INFO - Processing file /home/airflow/.local/lib/python3.7/site-packages/airflow/example_dags/tutorial_etl_dag.py for tasks to queue
[2022-07-05 10:08:54,953] {logging_mixin.py:109} INFO - [2022-07-05 10:08:54,953] {dagbag.py:500} INFO - Filling up the DagBag from /home/airflow/.local/lib/python3.7/site-packages/airflow/example_dags/tutorial_etl_dag.py
[2022-07-05 10:08:55,017] {processor.py:652} INFO - DAG(s) dict_keys(['tutorial_etl_dag']) retrieved from /home/airflow/.local/lib/python3.7/site-packages/airflow/example_dags/tutorial_etl_dag.py
[2022-07-05 10:09:04,298] {logging_mixin.py:109} INFO - [2022-07-05 10:09:04,298] {manager.py:496} INFO - Created Permission View: can edit on DAG:tutorial_etl_dag
[2022-07-05 10:09:04,337] {logging_mixin.py:109} INFO - [2022-07-05 10:09:04,336] {manager.py:496} INFO - Created Permission View: can read on DAG:tutorial_etl_dag
[2022-07-05 10:09:04,340] {logging_mixin.py:109} INFO - [2022-07-05 10:09:04,339] {dag.py:2398} INFO - Sync 1 DAGs
[2022-07-05 10:09:04,382] {logging_mixin.py:109} INFO - [2022-07-05 10:09:04,381] {dag.py:2417} INFO - Creating ORM DAG for tutorial_etl_dag
[2022-07-05 10:09:04,417] {logging_mixin.py:109} INFO - [2022-07-05 10:09:04,417] {dag.py:2937} INFO - Setting next_dagrun for tutorial_etl_dag to None
[2022-07-05 10:09:04,468] {processor.py:171} INFO - Processing /home/airflow/.local/lib/python3.7/site-packages/airflow/example_dags/tutorial_etl_dag.py took 9.530 seconds
[2022-07-05 10:26:47,179] {processor.py:163} INFO - Started process (PID=194) to work on /home/airflow/.local/lib/python3.7/site-packages/airflow/example_dags/tutorial_etl_dag.py
[2022-07-05 10:26:47,187] {processor.py:642} INFO - Processing file /home/airflow/.local/lib/python3.7/site-packages/airflow/example_dags/tutorial_etl_dag.py for tasks to queue
[2022-07-05 10:26:47,192] {logging_mixin.py:109} INFO - [2022-07-05 10:26:47,192] {dagbag.py:500} INFO - Filling up the DagBag from /home/airflow/.local/lib/python3.7/site-packages/airflow/example_dags/tutorial_etl_dag.py
[2022-07-05 10:26:47,379] {processor.py:652} INFO - DAG(s) dict_keys(['tutorial_etl_dag']) retrieved from /home/airflow/.local/lib/python3.7/site-packages/airflow/example_dags/tutorial_etl_dag.py
[2022-07-05 10:26:47,506] {logging_mixin.py:109} INFO - [2022-07-05 10:26:47,505] {dag.py:2398} INFO - Sync 1 DAGs
[2022-07-05 10:26:47,624] {logging_mixin.py:109} INFO - [2022-07-05 10:26:47,623] {dag.py:2937} INFO - Setting next_dagrun for tutorial_etl_dag to None
[2022-07-05 10:26:47,677] {processor.py:171} INFO - Processing /home/airflow/.local/lib/python3.7/site-packages/airflow/example_dags/tutorial_etl_dag.py took 0.521 seconds
[2022-07-05 10:28:01,909] {processor.py:163} INFO - Started process (PID=333) to work on /home/airflow/.local/lib/python3.7/site-packages/airflow/example_dags/tutorial_etl_dag.py
[2022-07-05 10:28:01,914] {processor.py:642} INFO - Processing file /home/airflow/.local/lib/python3.7/site-packages/airflow/example_dags/tutorial_etl_dag.py for tasks to queue
[2022-07-05 10:28:01,917] {logging_mixin.py:109} INFO - [2022-07-05 10:28:01,917] {dagbag.py:500} INFO - Filling up the DagBag from /home/airflow/.local/lib/python3.7/site-packages/airflow/example_dags/tutorial_etl_dag.py
[2022-07-05 10:28:01,988] {processor.py:652} INFO - DAG(s) dict_keys(['tutorial_etl_dag']) retrieved from /home/airflow/.local/lib/python3.7/site-packages/airflow/example_dags/tutorial_etl_dag.py
[2022-07-05 10:28:02,047] {logging_mixin.py:109} INFO - [2022-07-05 10:28:02,047] {dag.py:2398} INFO - Sync 1 DAGs
[2022-07-05 10:28:02,107] {logging_mixin.py:109} INFO - [2022-07-05 10:28:02,107] {dag.py:2937} INFO - Setting next_dagrun for tutorial_etl_dag to None
[2022-07-05 10:28:02,140] {processor.py:171} INFO - Processing /home/airflow/.local/lib/python3.7/site-packages/airflow/example_dags/tutorial_etl_dag.py took 0.242 seconds
[2022-07-05 10:28:33,921] {processor.py:163} INFO - Started process (PID=436) to work on /home/airflow/.local/lib/python3.7/site-packages/airflow/example_dags/tutorial_etl_dag.py
[2022-07-05 10:28:33,928] {processor.py:642} INFO - Processing file /home/airflow/.local/lib/python3.7/site-packages/airflow/example_dags/tutorial_etl_dag.py for tasks to queue
[2022-07-05 10:28:33,931] {logging_mixin.py:109} INFO - [2022-07-05 10:28:33,930] {dagbag.py:500} INFO - Filling up the DagBag from /home/airflow/.local/lib/python3.7/site-packages/airflow/example_dags/tutorial_etl_dag.py
[2022-07-05 10:28:33,993] {processor.py:652} INFO - DAG(s) dict_keys(['tutorial_etl_dag']) retrieved from /home/airflow/.local/lib/python3.7/site-packages/airflow/example_dags/tutorial_etl_dag.py
[2022-07-05 10:28:34,116] {logging_mixin.py:109} INFO - [2022-07-05 10:28:34,115] {dag.py:2398} INFO - Sync 1 DAGs
[2022-07-05 10:28:34,185] {logging_mixin.py:109} INFO - [2022-07-05 10:28:34,184] {dag.py:2937} INFO - Setting next_dagrun for tutorial_etl_dag to None
[2022-07-05 10:28:34,219] {processor.py:171} INFO - Processing /home/airflow/.local/lib/python3.7/site-packages/airflow/example_dags/tutorial_etl_dag.py took 0.307 seconds
[2022-07-05 10:29:05,457] {processor.py:163} INFO - Started process (PID=517) to work on /home/airflow/.local/lib/python3.7/site-packages/airflow/example_dags/tutorial_etl_dag.py
[2022-07-05 10:29:05,460] {processor.py:642} INFO - Processing file /home/airflow/.local/lib/python3.7/site-packages/airflow/example_dags/tutorial_etl_dag.py for tasks to queue
[2022-07-05 10:29:05,463] {logging_mixin.py:109} INFO - [2022-07-05 10:29:05,463] {dagbag.py:500} INFO - Filling up the DagBag from /home/airflow/.local/lib/python3.7/site-packages/airflow/example_dags/tutorial_etl_dag.py
[2022-07-05 10:29:05,524] {processor.py:652} INFO - DAG(s) dict_keys(['tutorial_etl_dag']) retrieved from /home/airflow/.local/lib/python3.7/site-packages/airflow/example_dags/tutorial_etl_dag.py
[2022-07-05 10:29:05,580] {logging_mixin.py:109} INFO - [2022-07-05 10:29:05,580] {dag.py:2398} INFO - Sync 1 DAGs
[2022-07-05 10:29:05,635] {logging_mixin.py:109} INFO - [2022-07-05 10:29:05,634] {dag.py:2937} INFO - Setting next_dagrun for tutorial_etl_dag to None
[2022-07-05 10:29:05,662] {processor.py:171} INFO - Processing /home/airflow/.local/lib/python3.7/site-packages/airflow/example_dags/tutorial_etl_dag.py took 0.212 seconds
[2022-07-05 10:29:37,652] {processor.py:163} INFO - Started process (PID=617) to work on /home/airflow/.local/lib/python3.7/site-packages/airflow/example_dags/tutorial_etl_dag.py
[2022-07-05 10:29:37,657] {processor.py:642} INFO - Processing file /home/airflow/.local/lib/python3.7/site-packages/airflow/example_dags/tutorial_etl_dag.py for tasks to queue
[2022-07-05 10:29:37,660] {logging_mixin.py:109} INFO - [2022-07-05 10:29:37,660] {dagbag.py:500} INFO - Filling up the DagBag from /home/airflow/.local/lib/python3.7/site-packages/airflow/example_dags/tutorial_etl_dag.py
[2022-07-05 10:29:37,730] {processor.py:652} INFO - DAG(s) dict_keys(['tutorial_etl_dag']) retrieved from /home/airflow/.local/lib/python3.7/site-packages/airflow/example_dags/tutorial_etl_dag.py
[2022-07-05 10:29:37,798] {logging_mixin.py:109} INFO - [2022-07-05 10:29:37,798] {dag.py:2398} INFO - Sync 1 DAGs
[2022-07-05 10:29:37,856] {logging_mixin.py:109} INFO - [2022-07-05 10:29:37,856] {dag.py:2937} INFO - Setting next_dagrun for tutorial_etl_dag to None
[2022-07-05 10:29:37,897] {processor.py:171} INFO - Processing /home/airflow/.local/lib/python3.7/site-packages/airflow/example_dags/tutorial_etl_dag.py took 0.254 seconds
[2022-07-05 10:30:08,977] {processor.py:163} INFO - Started process (PID=698) to work on /home/airflow/.local/lib/python3.7/site-packages/airflow/example_dags/tutorial_etl_dag.py
[2022-07-05 10:30:08,980] {processor.py:642} INFO - Processing file /home/airflow/.local/lib/python3.7/site-packages/airflow/example_dags/tutorial_etl_dag.py for tasks to queue
[2022-07-05 10:30:08,983] {logging_mixin.py:109} INFO - [2022-07-05 10:30:08,983] {dagbag.py:500} INFO - Filling up the DagBag from /home/airflow/.local/lib/python3.7/site-packages/airflow/example_dags/tutorial_etl_dag.py
[2022-07-05 10:30:09,040] {processor.py:652} INFO - DAG(s) dict_keys(['tutorial_etl_dag']) retrieved from /home/airflow/.local/lib/python3.7/site-packages/airflow/example_dags/tutorial_etl_dag.py
[2022-07-05 10:30:09,112] {logging_mixin.py:109} INFO - [2022-07-05 10:30:09,111] {dag.py:2398} INFO - Sync 1 DAGs
[2022-07-05 10:30:09,173] {logging_mixin.py:109} INFO - [2022-07-05 10:30:09,173] {dag.py:2937} INFO - Setting next_dagrun for tutorial_etl_dag to None
[2022-07-05 10:30:09,207] {processor.py:171} INFO - Processing /home/airflow/.local/lib/python3.7/site-packages/airflow/example_dags/tutorial_etl_dag.py took 0.237 seconds
[2022-07-05 10:30:40,722] {processor.py:163} INFO - Started process (PID=794) to work on /home/airflow/.local/lib/python3.7/site-packages/airflow/example_dags/tutorial_etl_dag.py
[2022-07-05 10:30:40,726] {processor.py:642} INFO - Processing file /home/airflow/.local/lib/python3.7/site-packages/airflow/example_dags/tutorial_etl_dag.py for tasks to queue
[2022-07-05 10:30:40,730] {logging_mixin.py:109} INFO - [2022-07-05 10:30:40,729] {dagbag.py:500} INFO - Filling up the DagBag from /home/airflow/.local/lib/python3.7/site-packages/airflow/example_dags/tutorial_etl_dag.py
[2022-07-05 10:30:40,786] {processor.py:652} INFO - DAG(s) dict_keys(['tutorial_etl_dag']) retrieved from /home/airflow/.local/lib/python3.7/site-packages/airflow/example_dags/tutorial_etl_dag.py
[2022-07-05 10:30:40,845] {logging_mixin.py:109} INFO - [2022-07-05 10:30:40,844] {dag.py:2398} INFO - Sync 1 DAGs
[2022-07-05 10:30:40,907] {logging_mixin.py:109} INFO - [2022-07-05 10:30:40,906] {dag.py:2937} INFO - Setting next_dagrun for tutorial_etl_dag to None
[2022-07-05 10:30:40,936] {processor.py:171} INFO - Processing /home/airflow/.local/lib/python3.7/site-packages/airflow/example_dags/tutorial_etl_dag.py took 0.221 seconds
[2022-07-05 10:31:12,604] {processor.py:163} INFO - Started process (PID=894) to work on /home/airflow/.local/lib/python3.7/site-packages/airflow/example_dags/tutorial_etl_dag.py
[2022-07-05 10:31:12,609] {processor.py:642} INFO - Processing file /home/airflow/.local/lib/python3.7/site-packages/airflow/example_dags/tutorial_etl_dag.py for tasks to queue
[2022-07-05 10:31:12,614] {logging_mixin.py:109} INFO - [2022-07-05 10:31:12,613] {dagbag.py:500} INFO - Filling up the DagBag from /home/airflow/.local/lib/python3.7/site-packages/airflow/example_dags/tutorial_etl_dag.py
[2022-07-05 10:31:12,675] {processor.py:652} INFO - DAG(s) dict_keys(['tutorial_etl_dag']) retrieved from /home/airflow/.local/lib/python3.7/site-packages/airflow/example_dags/tutorial_etl_dag.py
[2022-07-05 10:31:12,741] {logging_mixin.py:109} INFO - [2022-07-05 10:31:12,740] {dag.py:2398} INFO - Sync 1 DAGs
[2022-07-05 10:31:12,818] {logging_mixin.py:109} INFO - [2022-07-05 10:31:12,818] {dag.py:2937} INFO - Setting next_dagrun for tutorial_etl_dag to None
[2022-07-05 10:31:12,849] {processor.py:171} INFO - Processing /home/airflow/.local/lib/python3.7/site-packages/airflow/example_dags/tutorial_etl_dag.py took 0.252 seconds
