[2022-07-05 10:10:38,463] {processor.py:163} INFO - Started process (PID=519) to work on /home/airflow/.local/lib/python3.7/site-packages/airflow/example_dags/tutorial.py
[2022-07-05 10:10:38,467] {processor.py:642} INFO - Processing file /home/airflow/.local/lib/python3.7/site-packages/airflow/example_dags/tutorial.py for tasks to queue
[2022-07-05 10:10:38,470] {logging_mixin.py:109} INFO - [2022-07-05 10:10:38,470] {dagbag.py:500} INFO - Filling up the DagBag from /home/airflow/.local/lib/python3.7/site-packages/airflow/example_dags/tutorial.py
[2022-07-05 10:10:38,519] {processor.py:652} INFO - DAG(s) dict_keys(['tutorial']) retrieved from /home/airflow/.local/lib/python3.7/site-packages/airflow/example_dags/tutorial.py
[2022-07-05 10:27:05,630] {processor.py:163} INFO - Started process (PID=250) to work on /home/airflow/.local/lib/python3.7/site-packages/airflow/example_dags/tutorial.py
[2022-07-05 10:27:05,636] {processor.py:642} INFO - Processing file /home/airflow/.local/lib/python3.7/site-packages/airflow/example_dags/tutorial.py for tasks to queue
[2022-07-05 10:27:05,644] {logging_mixin.py:109} INFO - [2022-07-05 10:27:05,644] {dagbag.py:500} INFO - Filling up the DagBag from /home/airflow/.local/lib/python3.7/site-packages/airflow/example_dags/tutorial.py
[2022-07-05 10:27:05,785] {processor.py:652} INFO - DAG(s) dict_keys(['tutorial']) retrieved from /home/airflow/.local/lib/python3.7/site-packages/airflow/example_dags/tutorial.py
[2022-07-05 10:27:58,210] {logging_mixin.py:109} INFO - [2022-07-05 10:27:58,210] {manager.py:496} INFO - Created Permission View: can edit on DAG:tutorial
[2022-07-05 10:27:58,241] {logging_mixin.py:109} INFO - [2022-07-05 10:27:58,241] {manager.py:496} INFO - Created Permission View: can read on DAG:tutorial
[2022-07-05 10:27:58,245] {logging_mixin.py:109} INFO - [2022-07-05 10:27:58,243] {dag.py:2398} INFO - Sync 1 DAGs
[2022-07-05 10:27:58,283] {logging_mixin.py:109} INFO - [2022-07-05 10:27:58,281] {dag.py:2417} INFO - Creating ORM DAG for tutorial
[2022-07-05 10:27:58,325] {logging_mixin.py:109} INFO - [2022-07-05 10:27:58,324] {dag.py:2937} INFO - Setting next_dagrun for tutorial to 2022-07-04T10:27:58.323204+00:00
[2022-07-05 10:27:58,379] {processor.py:171} INFO - Processing /home/airflow/.local/lib/python3.7/site-packages/airflow/example_dags/tutorial.py took 52.768 seconds
[2022-07-05 10:28:07,229] {processor.py:163} INFO - Started process (PID=373) to work on /home/airflow/.local/lib/python3.7/site-packages/airflow/example_dags/tutorial.py
[2022-07-05 10:28:07,233] {processor.py:642} INFO - Processing file /home/airflow/.local/lib/python3.7/site-packages/airflow/example_dags/tutorial.py for tasks to queue
[2022-07-05 10:28:07,236] {logging_mixin.py:109} INFO - [2022-07-05 10:28:07,236] {dagbag.py:500} INFO - Filling up the DagBag from /home/airflow/.local/lib/python3.7/site-packages/airflow/example_dags/tutorial.py
[2022-07-05 10:28:07,288] {processor.py:652} INFO - DAG(s) dict_keys(['tutorial']) retrieved from /home/airflow/.local/lib/python3.7/site-packages/airflow/example_dags/tutorial.py
[2022-07-05 10:28:07,346] {logging_mixin.py:109} INFO - [2022-07-05 10:28:07,345] {dag.py:2398} INFO - Sync 1 DAGs
[2022-07-05 10:28:07,402] {logging_mixin.py:109} INFO - [2022-07-05 10:28:07,401] {dag.py:2937} INFO - Setting next_dagrun for tutorial to 2022-07-04T10:28:07.399988+00:00
[2022-07-05 10:28:07,429] {processor.py:171} INFO - Processing /home/airflow/.local/lib/python3.7/site-packages/airflow/example_dags/tutorial.py took 0.207 seconds
[2022-07-05 10:28:41,464] {processor.py:163} INFO - Started process (PID=474) to work on /home/airflow/.local/lib/python3.7/site-packages/airflow/example_dags/tutorial.py
[2022-07-05 10:28:41,472] {processor.py:642} INFO - Processing file /home/airflow/.local/lib/python3.7/site-packages/airflow/example_dags/tutorial.py for tasks to queue
[2022-07-05 10:28:41,478] {logging_mixin.py:109} INFO - [2022-07-05 10:28:41,478] {dagbag.py:500} INFO - Filling up the DagBag from /home/airflow/.local/lib/python3.7/site-packages/airflow/example_dags/tutorial.py
[2022-07-05 10:28:41,620] {processor.py:652} INFO - DAG(s) dict_keys(['tutorial']) retrieved from /home/airflow/.local/lib/python3.7/site-packages/airflow/example_dags/tutorial.py
[2022-07-05 10:28:41,742] {logging_mixin.py:109} INFO - [2022-07-05 10:28:41,741] {dag.py:2398} INFO - Sync 1 DAGs
[2022-07-05 10:28:41,872] {logging_mixin.py:109} INFO - [2022-07-05 10:28:41,871] {dag.py:2937} INFO - Setting next_dagrun for tutorial to 2022-07-04T10:28:41.864605+00:00
[2022-07-05 10:28:41,914] {processor.py:171} INFO - Processing /home/airflow/.local/lib/python3.7/site-packages/airflow/example_dags/tutorial.py took 0.464 seconds
[2022-07-05 10:29:12,449] {processor.py:163} INFO - Started process (PID=570) to work on /home/airflow/.local/lib/python3.7/site-packages/airflow/example_dags/tutorial.py
[2022-07-05 10:29:12,453] {processor.py:642} INFO - Processing file /home/airflow/.local/lib/python3.7/site-packages/airflow/example_dags/tutorial.py for tasks to queue
[2022-07-05 10:29:12,457] {logging_mixin.py:109} INFO - [2022-07-05 10:29:12,457] {dagbag.py:500} INFO - Filling up the DagBag from /home/airflow/.local/lib/python3.7/site-packages/airflow/example_dags/tutorial.py
[2022-07-05 10:29:12,517] {processor.py:652} INFO - DAG(s) dict_keys(['tutorial']) retrieved from /home/airflow/.local/lib/python3.7/site-packages/airflow/example_dags/tutorial.py
[2022-07-05 10:29:12,576] {logging_mixin.py:109} INFO - [2022-07-05 10:29:12,575] {dag.py:2398} INFO - Sync 1 DAGs
[2022-07-05 10:29:12,637] {logging_mixin.py:109} INFO - [2022-07-05 10:29:12,637] {dag.py:2937} INFO - Setting next_dagrun for tutorial to 2022-07-04T10:29:12.635579+00:00
[2022-07-05 10:29:12,676] {processor.py:171} INFO - Processing /home/airflow/.local/lib/python3.7/site-packages/airflow/example_dags/tutorial.py took 0.235 seconds
[2022-07-05 10:29:42,986] {processor.py:163} INFO - Started process (PID=653) to work on /home/airflow/.local/lib/python3.7/site-packages/airflow/example_dags/tutorial.py
[2022-07-05 10:29:42,991] {processor.py:642} INFO - Processing file /home/airflow/.local/lib/python3.7/site-packages/airflow/example_dags/tutorial.py for tasks to queue
[2022-07-05 10:29:42,994] {logging_mixin.py:109} INFO - [2022-07-05 10:29:42,993] {dagbag.py:500} INFO - Filling up the DagBag from /home/airflow/.local/lib/python3.7/site-packages/airflow/example_dags/tutorial.py
[2022-07-05 10:29:43,049] {processor.py:652} INFO - DAG(s) dict_keys(['tutorial']) retrieved from /home/airflow/.local/lib/python3.7/site-packages/airflow/example_dags/tutorial.py
[2022-07-05 10:29:43,107] {logging_mixin.py:109} INFO - [2022-07-05 10:29:43,107] {dag.py:2398} INFO - Sync 1 DAGs
[2022-07-05 10:29:43,165] {logging_mixin.py:109} INFO - [2022-07-05 10:29:43,164] {dag.py:2937} INFO - Setting next_dagrun for tutorial to 2022-07-04T10:29:43.162881+00:00
[2022-07-05 10:29:43,197] {processor.py:171} INFO - Processing /home/airflow/.local/lib/python3.7/site-packages/airflow/example_dags/tutorial.py took 0.218 seconds
[2022-07-05 10:30:13,410] {processor.py:163} INFO - Started process (PID=747) to work on /home/airflow/.local/lib/python3.7/site-packages/airflow/example_dags/tutorial.py
[2022-07-05 10:30:13,422] {processor.py:642} INFO - Processing file /home/airflow/.local/lib/python3.7/site-packages/airflow/example_dags/tutorial.py for tasks to queue
[2022-07-05 10:30:13,426] {logging_mixin.py:109} INFO - [2022-07-05 10:30:13,425] {dagbag.py:500} INFO - Filling up the DagBag from /home/airflow/.local/lib/python3.7/site-packages/airflow/example_dags/tutorial.py
[2022-07-05 10:30:13,543] {processor.py:652} INFO - DAG(s) dict_keys(['tutorial']) retrieved from /home/airflow/.local/lib/python3.7/site-packages/airflow/example_dags/tutorial.py
[2022-07-05 10:30:13,671] {logging_mixin.py:109} INFO - [2022-07-05 10:30:13,670] {dag.py:2398} INFO - Sync 1 DAGs
[2022-07-05 10:30:13,781] {logging_mixin.py:109} INFO - [2022-07-05 10:30:13,781] {dag.py:2937} INFO - Setting next_dagrun for tutorial to 2022-07-04T10:30:13.779589+00:00
[2022-07-05 10:30:13,814] {processor.py:171} INFO - Processing /home/airflow/.local/lib/python3.7/site-packages/airflow/example_dags/tutorial.py took 0.411 seconds
[2022-07-05 10:30:43,930] {processor.py:163} INFO - Started process (PID=826) to work on /home/airflow/.local/lib/python3.7/site-packages/airflow/example_dags/tutorial.py
[2022-07-05 10:30:43,935] {processor.py:642} INFO - Processing file /home/airflow/.local/lib/python3.7/site-packages/airflow/example_dags/tutorial.py for tasks to queue
[2022-07-05 10:30:43,937] {logging_mixin.py:109} INFO - [2022-07-05 10:30:43,937] {dagbag.py:500} INFO - Filling up the DagBag from /home/airflow/.local/lib/python3.7/site-packages/airflow/example_dags/tutorial.py
[2022-07-05 10:30:43,988] {processor.py:652} INFO - DAG(s) dict_keys(['tutorial']) retrieved from /home/airflow/.local/lib/python3.7/site-packages/airflow/example_dags/tutorial.py
[2022-07-05 10:30:44,042] {logging_mixin.py:109} INFO - [2022-07-05 10:30:44,041] {dag.py:2398} INFO - Sync 1 DAGs
[2022-07-05 10:30:44,095] {logging_mixin.py:109} INFO - [2022-07-05 10:30:44,094] {dag.py:2937} INFO - Setting next_dagrun for tutorial to 2022-07-04T10:30:44.093096+00:00
[2022-07-05 10:30:44,123] {processor.py:171} INFO - Processing /home/airflow/.local/lib/python3.7/site-packages/airflow/example_dags/tutorial.py took 0.199 seconds
[2022-07-05 10:31:16,211] {processor.py:163} INFO - Started process (PID=926) to work on /home/airflow/.local/lib/python3.7/site-packages/airflow/example_dags/tutorial.py
[2022-07-05 10:31:16,232] {processor.py:642} INFO - Processing file /home/airflow/.local/lib/python3.7/site-packages/airflow/example_dags/tutorial.py for tasks to queue
[2022-07-05 10:31:16,238] {logging_mixin.py:109} INFO - [2022-07-05 10:31:16,237] {dagbag.py:500} INFO - Filling up the DagBag from /home/airflow/.local/lib/python3.7/site-packages/airflow/example_dags/tutorial.py
[2022-07-05 10:31:16,334] {processor.py:652} INFO - DAG(s) dict_keys(['tutorial']) retrieved from /home/airflow/.local/lib/python3.7/site-packages/airflow/example_dags/tutorial.py
[2022-07-05 10:31:16,494] {logging_mixin.py:109} INFO - [2022-07-05 10:31:16,492] {dag.py:2398} INFO - Sync 1 DAGs
[2022-07-05 10:31:16,673] {logging_mixin.py:109} INFO - [2022-07-05 10:31:16,672] {dag.py:2937} INFO - Setting next_dagrun for tutorial to 2022-07-04T10:31:16.671161+00:00
[2022-07-05 10:31:16,749] {processor.py:171} INFO - Processing /home/airflow/.local/lib/python3.7/site-packages/airflow/example_dags/tutorial.py took 0.549 seconds
