[2022-07-05 10:09:58,071] {processor.py:163} INFO - Started process (PID=432) to work on /home/airflow/.local/lib/python3.7/site-packages/airflow/example_dags/tutorial_taskflow_api_etl.py
[2022-07-05 10:09:58,076] {processor.py:642} INFO - Processing file /home/airflow/.local/lib/python3.7/site-packages/airflow/example_dags/tutorial_taskflow_api_etl.py for tasks to queue
[2022-07-05 10:09:58,078] {logging_mixin.py:109} INFO - [2022-07-05 10:09:58,078] {dagbag.py:500} INFO - Filling up the DagBag from /home/airflow/.local/lib/python3.7/site-packages/airflow/example_dags/tutorial_taskflow_api_etl.py
[2022-07-05 10:09:58,144] {processor.py:652} INFO - DAG(s) dict_keys(['tutorial_taskflow_api_etl']) retrieved from /home/airflow/.local/lib/python3.7/site-packages/airflow/example_dags/tutorial_taskflow_api_etl.py
[2022-07-05 10:10:08,369] {logging_mixin.py:109} INFO - [2022-07-05 10:10:08,368] {manager.py:496} INFO - Created Permission View: can edit on DAG:tutorial_taskflow_api_etl
[2022-07-05 10:10:08,416] {logging_mixin.py:109} INFO - [2022-07-05 10:10:08,416] {manager.py:496} INFO - Created Permission View: can read on DAG:tutorial_taskflow_api_etl
[2022-07-05 10:10:08,420] {logging_mixin.py:109} INFO - [2022-07-05 10:10:08,418] {dag.py:2398} INFO - Sync 1 DAGs
[2022-07-05 10:10:08,463] {logging_mixin.py:109} INFO - [2022-07-05 10:10:08,462] {dag.py:2417} INFO - Creating ORM DAG for tutorial_taskflow_api_etl
[2022-07-05 10:10:08,493] {logging_mixin.py:109} INFO - [2022-07-05 10:10:08,493] {dag.py:2937} INFO - Setting next_dagrun for tutorial_taskflow_api_etl to None
[2022-07-05 10:10:08,549] {processor.py:171} INFO - Processing /home/airflow/.local/lib/python3.7/site-packages/airflow/example_dags/tutorial_taskflow_api_etl.py took 10.486 seconds
[2022-07-05 10:26:55,310] {processor.py:163} INFO - Started process (PID=228) to work on /home/airflow/.local/lib/python3.7/site-packages/airflow/example_dags/tutorial_taskflow_api_etl.py
[2022-07-05 10:26:55,325] {processor.py:642} INFO - Processing file /home/airflow/.local/lib/python3.7/site-packages/airflow/example_dags/tutorial_taskflow_api_etl.py for tasks to queue
[2022-07-05 10:26:55,333] {logging_mixin.py:109} INFO - [2022-07-05 10:26:55,333] {dagbag.py:500} INFO - Filling up the DagBag from /home/airflow/.local/lib/python3.7/site-packages/airflow/example_dags/tutorial_taskflow_api_etl.py
[2022-07-05 10:26:55,501] {processor.py:652} INFO - DAG(s) dict_keys(['tutorial_taskflow_api_etl']) retrieved from /home/airflow/.local/lib/python3.7/site-packages/airflow/example_dags/tutorial_taskflow_api_etl.py
[2022-07-05 10:27:00,376] {logging_mixin.py:109} INFO - [2022-07-05 10:27:00,375] {dag.py:2398} INFO - Sync 1 DAGs
[2022-07-05 10:27:00,598] {logging_mixin.py:109} INFO - [2022-07-05 10:27:00,597] {dag.py:2937} INFO - Setting next_dagrun for tutorial_taskflow_api_etl to None
[2022-07-05 10:27:00,706] {processor.py:171} INFO - Processing /home/airflow/.local/lib/python3.7/site-packages/airflow/example_dags/tutorial_taskflow_api_etl.py took 5.419 seconds
[2022-07-05 10:28:04,273] {processor.py:163} INFO - Started process (PID=357) to work on /home/airflow/.local/lib/python3.7/site-packages/airflow/example_dags/tutorial_taskflow_api_etl.py
[2022-07-05 10:28:04,280] {processor.py:642} INFO - Processing file /home/airflow/.local/lib/python3.7/site-packages/airflow/example_dags/tutorial_taskflow_api_etl.py for tasks to queue
[2022-07-05 10:28:04,286] {logging_mixin.py:109} INFO - [2022-07-05 10:28:04,285] {dagbag.py:500} INFO - Filling up the DagBag from /home/airflow/.local/lib/python3.7/site-packages/airflow/example_dags/tutorial_taskflow_api_etl.py
[2022-07-05 10:28:04,369] {processor.py:652} INFO - DAG(s) dict_keys(['tutorial_taskflow_api_etl']) retrieved from /home/airflow/.local/lib/python3.7/site-packages/airflow/example_dags/tutorial_taskflow_api_etl.py
[2022-07-05 10:28:05,501] {logging_mixin.py:109} INFO - [2022-07-05 10:28:05,500] {dag.py:2398} INFO - Sync 1 DAGs
[2022-07-05 10:28:05,569] {logging_mixin.py:109} INFO - [2022-07-05 10:28:05,568] {dag.py:2937} INFO - Setting next_dagrun for tutorial_taskflow_api_etl to None
[2022-07-05 10:28:05,616] {processor.py:171} INFO - Processing /home/airflow/.local/lib/python3.7/site-packages/airflow/example_dags/tutorial_taskflow_api_etl.py took 1.350 seconds
[2022-07-05 10:28:37,663] {processor.py:163} INFO - Started process (PID=462) to work on /home/airflow/.local/lib/python3.7/site-packages/airflow/example_dags/tutorial_taskflow_api_etl.py
[2022-07-05 10:28:37,669] {processor.py:642} INFO - Processing file /home/airflow/.local/lib/python3.7/site-packages/airflow/example_dags/tutorial_taskflow_api_etl.py for tasks to queue
[2022-07-05 10:28:37,674] {logging_mixin.py:109} INFO - [2022-07-05 10:28:37,673] {dagbag.py:500} INFO - Filling up the DagBag from /home/airflow/.local/lib/python3.7/site-packages/airflow/example_dags/tutorial_taskflow_api_etl.py
[2022-07-05 10:28:37,898] {processor.py:652} INFO - DAG(s) dict_keys(['tutorial_taskflow_api_etl']) retrieved from /home/airflow/.local/lib/python3.7/site-packages/airflow/example_dags/tutorial_taskflow_api_etl.py
[2022-07-05 10:28:39,814] {logging_mixin.py:109} INFO - [2022-07-05 10:28:39,814] {dag.py:2398} INFO - Sync 1 DAGs
[2022-07-05 10:28:39,927] {logging_mixin.py:109} INFO - [2022-07-05 10:28:39,926] {dag.py:2937} INFO - Setting next_dagrun for tutorial_taskflow_api_etl to None
[2022-07-05 10:28:39,977] {processor.py:171} INFO - Processing /home/airflow/.local/lib/python3.7/site-packages/airflow/example_dags/tutorial_taskflow_api_etl.py took 2.329 seconds
[2022-07-05 10:29:10,193] {processor.py:163} INFO - Started process (PID=556) to work on /home/airflow/.local/lib/python3.7/site-packages/airflow/example_dags/tutorial_taskflow_api_etl.py
[2022-07-05 10:29:10,198] {processor.py:642} INFO - Processing file /home/airflow/.local/lib/python3.7/site-packages/airflow/example_dags/tutorial_taskflow_api_etl.py for tasks to queue
[2022-07-05 10:29:10,201] {logging_mixin.py:109} INFO - [2022-07-05 10:29:10,200] {dagbag.py:500} INFO - Filling up the DagBag from /home/airflow/.local/lib/python3.7/site-packages/airflow/example_dags/tutorial_taskflow_api_etl.py
[2022-07-05 10:29:10,280] {processor.py:652} INFO - DAG(s) dict_keys(['tutorial_taskflow_api_etl']) retrieved from /home/airflow/.local/lib/python3.7/site-packages/airflow/example_dags/tutorial_taskflow_api_etl.py
[2022-07-05 10:29:11,523] {logging_mixin.py:109} INFO - [2022-07-05 10:29:11,522] {dag.py:2398} INFO - Sync 1 DAGs
[2022-07-05 10:29:11,679] {logging_mixin.py:109} INFO - [2022-07-05 10:29:11,679] {dag.py:2937} INFO - Setting next_dagrun for tutorial_taskflow_api_etl to None
[2022-07-05 10:29:11,731] {processor.py:171} INFO - Processing /home/airflow/.local/lib/python3.7/site-packages/airflow/example_dags/tutorial_taskflow_api_etl.py took 1.545 seconds
[2022-07-05 10:29:41,834] {processor.py:163} INFO - Started process (PID=645) to work on /home/airflow/.local/lib/python3.7/site-packages/airflow/example_dags/tutorial_taskflow_api_etl.py
[2022-07-05 10:29:41,839] {processor.py:642} INFO - Processing file /home/airflow/.local/lib/python3.7/site-packages/airflow/example_dags/tutorial_taskflow_api_etl.py for tasks to queue
[2022-07-05 10:29:41,842] {logging_mixin.py:109} INFO - [2022-07-05 10:29:41,841] {dagbag.py:500} INFO - Filling up the DagBag from /home/airflow/.local/lib/python3.7/site-packages/airflow/example_dags/tutorial_taskflow_api_etl.py
[2022-07-05 10:29:41,913] {processor.py:652} INFO - DAG(s) dict_keys(['tutorial_taskflow_api_etl']) retrieved from /home/airflow/.local/lib/python3.7/site-packages/airflow/example_dags/tutorial_taskflow_api_etl.py
[2022-07-05 10:29:42,854] {logging_mixin.py:109} INFO - [2022-07-05 10:29:42,853] {dag.py:2398} INFO - Sync 1 DAGs
[2022-07-05 10:29:42,909] {logging_mixin.py:109} INFO - [2022-07-05 10:29:42,909] {dag.py:2937} INFO - Setting next_dagrun for tutorial_taskflow_api_etl to None
[2022-07-05 10:29:42,944] {processor.py:171} INFO - Processing /home/airflow/.local/lib/python3.7/site-packages/airflow/example_dags/tutorial_taskflow_api_etl.py took 1.116 seconds
[2022-07-05 10:30:13,089] {processor.py:163} INFO - Started process (PID=743) to work on /home/airflow/.local/lib/python3.7/site-packages/airflow/example_dags/tutorial_taskflow_api_etl.py
[2022-07-05 10:30:13,095] {processor.py:642} INFO - Processing file /home/airflow/.local/lib/python3.7/site-packages/airflow/example_dags/tutorial_taskflow_api_etl.py for tasks to queue
[2022-07-05 10:30:13,098] {logging_mixin.py:109} INFO - [2022-07-05 10:30:13,098] {dagbag.py:500} INFO - Filling up the DagBag from /home/airflow/.local/lib/python3.7/site-packages/airflow/example_dags/tutorial_taskflow_api_etl.py
[2022-07-05 10:30:13,194] {processor.py:652} INFO - DAG(s) dict_keys(['tutorial_taskflow_api_etl']) retrieved from /home/airflow/.local/lib/python3.7/site-packages/airflow/example_dags/tutorial_taskflow_api_etl.py
[2022-07-05 10:30:14,375] {logging_mixin.py:109} INFO - [2022-07-05 10:30:14,374] {dag.py:2398} INFO - Sync 1 DAGs
[2022-07-05 10:30:14,434] {logging_mixin.py:109} INFO - [2022-07-05 10:30:14,434] {dag.py:2937} INFO - Setting next_dagrun for tutorial_taskflow_api_etl to None
[2022-07-05 10:30:14,472] {processor.py:171} INFO - Processing /home/airflow/.local/lib/python3.7/site-packages/airflow/example_dags/tutorial_taskflow_api_etl.py took 1.393 seconds
[2022-07-05 10:30:45,287] {processor.py:163} INFO - Started process (PID=832) to work on /home/airflow/.local/lib/python3.7/site-packages/airflow/example_dags/tutorial_taskflow_api_etl.py
[2022-07-05 10:30:45,292] {processor.py:642} INFO - Processing file /home/airflow/.local/lib/python3.7/site-packages/airflow/example_dags/tutorial_taskflow_api_etl.py for tasks to queue
[2022-07-05 10:30:45,295] {logging_mixin.py:109} INFO - [2022-07-05 10:30:45,294] {dagbag.py:500} INFO - Filling up the DagBag from /home/airflow/.local/lib/python3.7/site-packages/airflow/example_dags/tutorial_taskflow_api_etl.py
[2022-07-05 10:30:45,354] {processor.py:652} INFO - DAG(s) dict_keys(['tutorial_taskflow_api_etl']) retrieved from /home/airflow/.local/lib/python3.7/site-packages/airflow/example_dags/tutorial_taskflow_api_etl.py
[2022-07-05 10:30:46,183] {logging_mixin.py:109} INFO - [2022-07-05 10:30:46,183] {dag.py:2398} INFO - Sync 1 DAGs
[2022-07-05 10:30:46,230] {logging_mixin.py:109} INFO - [2022-07-05 10:30:46,229] {dag.py:2937} INFO - Setting next_dagrun for tutorial_taskflow_api_etl to None
[2022-07-05 10:30:46,257] {processor.py:171} INFO - Processing /home/airflow/.local/lib/python3.7/site-packages/airflow/example_dags/tutorial_taskflow_api_etl.py took 0.976 seconds
[2022-07-05 10:31:17,070] {processor.py:163} INFO - Started process (PID=932) to work on /home/airflow/.local/lib/python3.7/site-packages/airflow/example_dags/tutorial_taskflow_api_etl.py
[2022-07-05 10:31:17,082] {processor.py:642} INFO - Processing file /home/airflow/.local/lib/python3.7/site-packages/airflow/example_dags/tutorial_taskflow_api_etl.py for tasks to queue
[2022-07-05 10:31:17,092] {logging_mixin.py:109} INFO - [2022-07-05 10:31:17,090] {dagbag.py:500} INFO - Filling up the DagBag from /home/airflow/.local/lib/python3.7/site-packages/airflow/example_dags/tutorial_taskflow_api_etl.py
[2022-07-05 10:31:17,253] {processor.py:652} INFO - DAG(s) dict_keys(['tutorial_taskflow_api_etl']) retrieved from /home/airflow/.local/lib/python3.7/site-packages/airflow/example_dags/tutorial_taskflow_api_etl.py
[2022-07-05 10:31:18,848] {logging_mixin.py:109} INFO - [2022-07-05 10:31:18,848] {dag.py:2398} INFO - Sync 1 DAGs
[2022-07-05 10:31:18,930] {logging_mixin.py:109} INFO - [2022-07-05 10:31:18,930] {dag.py:2937} INFO - Setting next_dagrun for tutorial_taskflow_api_etl to None
[2022-07-05 10:31:18,980] {processor.py:171} INFO - Processing /home/airflow/.local/lib/python3.7/site-packages/airflow/example_dags/tutorial_taskflow_api_etl.py took 1.922 seconds
